<?xml version="1.0" encoding="utf-8"?>
<CoverageSession xmlns:xsd="http://www.w3.org/2001/XMLSchema" xmlns:xsi="http://www.w3.org/2001/XMLSchema-instance" Version="0.0.0.0">
  <Summary numSequencePoints="2400" visitedSequencePoints="0" numBranchPoints="0" visitedBranchPoints="0" sequenceCoverage="0.0" branchCoverage="0.0" maxCyclomaticComplexity="0" minCyclomaticComplexity="0" maxCrapScore="0" minCrapScore="0" visitedClasses="0" numClasses="66" visitedMethods="0" numMethods="247" />
  <Modules>
    <Module>
      <Summary numSequencePoints="2197" visitedSequencePoints="0" numBranchPoints="0" visitedBranchPoints="0" sequenceCoverage="0.0" branchCoverage="0.0" maxCyclomaticComplexity="0" minCyclomaticComplexity="0" maxCrapScore="0" minCrapScore="0" visitedClasses="0" numClasses="63" visitedMethods="0" numMethods="230" />
      <ModuleTime>0001-01-01T00:00:00</ModuleTime>
      <ModuleName>Scripts</ModuleName>
      <Files>
        <File uid="1" fullPath="D:/Unity/Serious-Game/Assets/Scripts/ChangeSceneController.cs" />
        <File uid="2" fullPath="D:/Unity/Serious-Game/Assets/Scripts/City.cs" />
        <File uid="3" fullPath="D:/Unity/Serious-Game/Assets/Scripts/CitySelectController.cs" />
        <File uid="4" fullPath="D:/Unity/Serious-Game/Assets/Scripts/DataManager.cs" />
        <File uid="5" fullPath="D:/Unity/Serious-Game/Assets/Scripts/DataPaneController.cs" />
        <File uid="6" fullPath="D:/Unity/Serious-Game/Assets/Scripts/DateContent.cs" />
        <File uid="7" fullPath="D:/Unity/Serious-Game/Assets/Scripts/GameEndController.cs" />
        <File uid="8" fullPath="D:/Unity/Serious-Game/Assets/Scripts/GameStartController.cs" />
        <File uid="9" fullPath="D:/Unity/Serious-Game/Assets/Scripts/InfoBlock.cs" />
        <File uid="10" fullPath="D:/Unity/Serious-Game/Assets/Scripts/LineChartController.cs" />
        <File uid="11" fullPath="D:/Unity/Serious-Game/Assets/Scripts/Model.cs" />
        <File uid="12" fullPath="D:/Unity/Serious-Game/Assets/Scripts/News.cs" />
        <File uid="13" fullPath="D:/Unity/Serious-Game/Assets/Scripts/Pace.cs" />
        <File uid="14" fullPath="D:/Unity/Serious-Game/Assets/Scripts/PlayController.cs" />
        <File uid="15" fullPath="D:/Unity/Serious-Game/Assets/Scripts/policyController.cs" />
        <File uid="16" fullPath="D:/Unity/Serious-Game/Assets/Scripts/policySelection.cs" />
        <File uid="17" fullPath="D:/Unity/Serious-Game/Assets/Scripts/PopupController.cs" />
        <File uid="18" fullPath="D:/Unity/Serious-Game/Assets/Scripts/Scripts/CircleSlider.cs" />
        <File uid="19" fullPath="D:/Unity/Serious-Game/Assets/Scripts/Scripts/CircleSliderA.cs" />
        <File uid="20" fullPath="D:/Unity/Serious-Game/Assets/Scripts/Scripts/FourCirclePercent.cs" />
        <File uid="21" fullPath="D:/Unity/Serious-Game/Assets/Scripts/Scripts/FourPercent.cs" />
        <File uid="22" fullPath="D:/Unity/Serious-Game/Assets/Scripts/Scripts/GetTime.cs" />
        <File uid="23" fullPath="D:/Unity/Serious-Game/Assets/Scripts/Scripts/HillPercent.cs" />
        <File uid="24" fullPath="D:/Unity/Serious-Game/Assets/Scripts/Scripts/ImageBoard.cs" />
        <File uid="25" fullPath="D:/Unity/Serious-Game/Assets/Scripts/Scripts/JustRotate.cs" />
        <File uid="26" fullPath="D:/Unity/Serious-Game/Assets/Scripts/Scripts/KeekOrit.cs" />
        <File uid="27" fullPath="D:/Unity/Serious-Game/Assets/Scripts/Scripts/KeepSize.cs" />
        <File uid="28" fullPath="D:/Unity/Serious-Game/Assets/Scripts/Scripts/LineChart.cs" />
        <File uid="29" fullPath="D:/Unity/Serious-Game/Assets/Scripts/Scripts/MyUIShape.cs" />
        <File uid="30" fullPath="D:/Unity/Serious-Game/Assets/Scripts/Scripts/OilGauge.cs" />
        <File uid="31" fullPath="D:/Unity/Serious-Game/Assets/Scripts/Scripts/OilGauge1.cs" />
        <File uid="32" fullPath="D:/Unity/Serious-Game/Assets/Scripts/Scripts/PressedBtn.cs" />
        <File uid="33" fullPath="D:/Unity/Serious-Game/Assets/Scripts/Scripts/RandomEnableAnimator.cs" />
        <File uid="34" fullPath="D:/Unity/Serious-Game/Assets/Scripts/Scripts/RandomNumber.cs" />
        <File uid="35" fullPath="D:/Unity/Serious-Game/Assets/Scripts/Scripts/RandomNumberPro.cs" />
        <File uid="36" fullPath="D:/Unity/Serious-Game/Assets/Scripts/Scripts/RunningNumber.cs" />
        <File uid="37" fullPath="D:/Unity/Serious-Game/Assets/Scripts/Scripts/SimpleProgress.cs" />
        <File uid="38" fullPath="D:/Unity/Serious-Game/Assets/Scripts/Scripts/SimpleProgress1.cs" />
        <File uid="39" fullPath="D:/Unity/Serious-Game/Assets/Scripts/Scripts/SliderRunTo1.cs" />
        <File uid="40" fullPath="D:/Unity/Serious-Game/Assets/Scripts/Scripts/SliderRunTo1A.cs" />
        <File uid="41" fullPath="D:/Unity/Serious-Game/Assets/Scripts/Scripts/SliderValuePass.cs" />
        <File uid="42" fullPath="D:/Unity/Serious-Game/Assets/Scripts/Scripts/Spider.cs" />
        <File uid="43" fullPath="D:/Unity/Serious-Game/Assets/Scripts/Scripts/TextChangeMyColor.cs" />
        <File uid="44" fullPath="D:/Unity/Serious-Game/Assets/Scripts/Scripts/TextColorControl.cs" />
        <File uid="45" fullPath="D:/Unity/Serious-Game/Assets/Scripts/Scripts/ThreePercent.cs" />
        <File uid="46" fullPath="D:/Unity/Serious-Game/Assets/Scripts/Scripts/UIPolygon.cs" />
        <File uid="47" fullPath="D:/Unity/Serious-Game/Assets/Scripts/Scripts/Wavecircle.cs" />
        <File uid="48" fullPath="D:/Unity/Serious-Game/Assets/Scripts/SocialMediaMessageController.cs" />
        <File uid="49" fullPath="D:/Unity/Serious-Game/Assets/Scripts/TutorialController.cs" />
        <File uid="50" fullPath="D:/Unity/Serious-Game/Assets/Scripts/UpdateInfection.cs" />
      </Files>
      <Classes>
        <Class>
          <Summary numSequencePoints="8" visitedSequencePoints="0" numBranchPoints="0" visitedBranchPoints="0" sequenceCoverage="0.0" branchCoverage="0.0" maxCyclomaticComplexity="0" minCyclomaticComplexity="0" maxCrapScore="0" minCrapScore="0" visitedClasses="0" numClasses="1" visitedMethods="0" numMethods="3" />
          <FullName>ChangeSceneController</FullName>
          <Methods>
            <Method visited="false" cyclomaticComplexity="0" nPathComplexity="0" sequenceCoverage="0.0" branchCoverage="0" crapScore="0" isConstructor="false" isStatic="false" isGetter="false" isSetter="false">
              <Summary numSequencePoints="2" visitedSequencePoints="0" numBranchPoints="0" visitedBranchPoints="0" sequenceCoverage="0.0" branchCoverage="0" maxCyclomaticComplexity="0" minCyclomaticComplexity="0" maxCrapScore="0" minCrapScore="0" visitedClasses="0" numClasses="0" visitedMethods="0" numMethods="1" />
              <MetadataToken>100663297</MetadataToken>
              <Name>System.Void ChangeSceneController::Start()</Name>
              <FileRef uid="1" />
              <SequencePoints>
                <SequencePoint vc="0" uspid="12001" ordinal="0" offset="0" sl="14" sc="0" el="14" ec="0" bec="0" bev="0" fileid="1" />
                <SequencePoint vc="0" uspid="12002" ordinal="0" offset="1" sl="16" sc="0" el="16" ec="0" bec="0" bev="0" fileid="1" />
              </SequencePoints>
              <BranchPoints />
            </Method>
            <Method visited="false" cyclomaticComplexity="0" nPathComplexity="0" sequenceCoverage="0.0" branchCoverage="0" crapScore="0" isConstructor="false" isStatic="false" isGetter="false" isSetter="false">
              <Summary numSequencePoints="2" visitedSequencePoints="0" numBranchPoints="0" visitedBranchPoints="0" sequenceCoverage="0.0" branchCoverage="0" maxCyclomaticComplexity="0" minCyclomaticComplexity="0" maxCrapScore="0" minCrapScore="0" visitedClasses="0" numClasses="0" visitedMethods="0" numMethods="1" />
              <MetadataToken>100663298</MetadataToken>
              <Name>System.Void ChangeSceneController::Update()</Name>
              <FileRef uid="1" />
              <SequencePoints>
                <SequencePoint vc="0" uspid="12003" ordinal="0" offset="0" sl="20" sc="0" el="20" ec="0" bec="0" bev="0" fileid="1" />
                <SequencePoint vc="0" uspid="12004" ordinal="0" offset="1" sl="22" sc="0" el="22" ec="0" bec="0" bev="0" fileid="1" />
              </SequencePoints>
              <BranchPoints />
            </Method>
            <Method visited="false" cyclomaticComplexity="0" nPathComplexity="0" sequenceCoverage="0.0" branchCoverage="0" crapScore="0" isConstructor="false" isStatic="false" isGetter="false" isSetter="false">
              <Summary numSequencePoints="4" visitedSequencePoints="0" numBranchPoints="0" visitedBranchPoints="0" sequenceCoverage="0.0" branchCoverage="0" maxCyclomaticComplexity="0" minCyclomaticComplexity="0" maxCrapScore="0" minCrapScore="0" visitedClasses="0" numClasses="0" visitedMethods="0" numMethods="1" />
              <MetadataToken>100663299</MetadataToken>
              <Name>System.Void ChangeSceneController::loadGame()</Name>
              <FileRef uid="1" />
              <SequencePoints>
                <SequencePoint vc="0" uspid="12005" ordinal="0" offset="0" sl="24" sc="0" el="24" ec="0" bec="0" bev="0" fileid="1" />
                <SequencePoint vc="0" uspid="12006" ordinal="0" offset="1" sl="25" sc="0" el="25" ec="0" bec="0" bev="0" fileid="1" />
                <SequencePoint vc="0" uspid="12007" ordinal="0" offset="8" sl="26" sc="0" el="26" ec="0" bec="0" bev="0" fileid="1" />
                <SequencePoint vc="0" uspid="12008" ordinal="0" offset="16" sl="27" sc="0" el="27" ec="0" bec="0" bev="0" fileid="1" />
              </SequencePoints>
              <BranchPoints />
            </Method>
          </Methods>
        </Class>
        <Class>
          <Summary numSequencePoints="11" visitedSequencePoints="0" numBranchPoints="0" visitedBranchPoints="0" sequenceCoverage="0.0" branchCoverage="0.0" maxCyclomaticComplexity="0" minCyclomaticComplexity="0" maxCrapScore="0" minCrapScore="0" visitedClasses="0" numClasses="1" visitedMethods="0" numMethods="2" />
          <FullName>City</FullName>
          <Methods>
            <Method visited="false" cyclomaticComplexity="0" nPathComplexity="0" sequenceCoverage="0.0" branchCoverage="0" crapScore="0" isConstructor="false" isStatic="false" isGetter="false" isSetter="false">
              <Summary numSequencePoints="6" visitedSequencePoints="0" numBranchPoints="0" visitedBranchPoints="0" sequenceCoverage="0.0" branchCoverage="0" maxCyclomaticComplexity="0" minCyclomaticComplexity="0" maxCrapScore="0" minCrapScore="0" visitedClasses="0" numClasses="0" visitedMethods="0" numMethods="1" />
              <MetadataToken>100663302</MetadataToken>
              <Name>System.Void City::Start()</Name>
              <FileRef uid="2" />
              <SequencePoints>
                <SequencePoint vc="0" uspid="12009" ordinal="0" offset="0" sl="27" sc="0" el="27" ec="0" bec="0" bev="0" fileid="2" />
                <SequencePoint vc="0" uspid="12010" ordinal="0" offset="1" sl="28" sc="0" el="28" ec="0" bec="0" bev="0" fileid="2" />
                <SequencePoint vc="0" uspid="12011" ordinal="0" offset="18" sl="29" sc="0" el="29" ec="0" bec="0" bev="0" fileid="2" />
                <SequencePoint vc="0" uspid="12012" ordinal="0" offset="50" sl="30" sc="0" el="30" ec="0" bec="0" bev="0" fileid="2" />
                <SequencePoint vc="0" uspid="12013" ordinal="0" offset="87" sl="31" sc="0" el="31" ec="0" bec="0" bev="0" fileid="2" />
                <SequencePoint vc="0" uspid="12014" ordinal="0" offset="125" sl="33" sc="0" el="33" ec="0" bec="0" bev="0" fileid="2" />
              </SequencePoints>
              <BranchPoints />
            </Method>
            <Method visited="false" cyclomaticComplexity="0" nPathComplexity="0" sequenceCoverage="0.0" branchCoverage="0" crapScore="0" isConstructor="false" isStatic="false" isGetter="false" isSetter="false">
              <Summary numSequencePoints="5" visitedSequencePoints="0" numBranchPoints="0" visitedBranchPoints="0" sequenceCoverage="0.0" branchCoverage="0" maxCyclomaticComplexity="0" minCyclomaticComplexity="0" maxCrapScore="0" minCrapScore="0" visitedClasses="0" numClasses="0" visitedMethods="0" numMethods="1" />
              <MetadataToken>100663303</MetadataToken>
              <Name>System.Void City::Update()</Name>
              <FileRef uid="2" />
              <SequencePoints>
                <SequencePoint vc="0" uspid="12015" ordinal="0" offset="0" sl="37" sc="0" el="37" ec="0" bec="0" bev="0" fileid="2" />
                <SequencePoint vc="0" uspid="12016" ordinal="0" offset="1" sl="41" sc="0" el="41" ec="0" bec="0" bev="0" fileid="2" />
                <SequencePoint vc="0" uspid="12017" ordinal="0" offset="24" sl="43" sc="0" el="43" ec="0" bec="0" bev="0" fileid="2" />
                <SequencePoint vc="0" uspid="12018" ordinal="0" offset="34" sl="44" sc="0" el="44" ec="0" bec="0" bev="0" fileid="2" />
                <SequencePoint vc="0" uspid="12019" ordinal="0" offset="65" sl="45" sc="0" el="45" ec="0" bec="0" bev="0" fileid="2" />
              </SequencePoints>
              <BranchPoints />
            </Method>
          </Methods>
        </Class>
        <Class>
          <Summary numSequencePoints="50" visitedSequencePoints="0" numBranchPoints="0" visitedBranchPoints="0" sequenceCoverage="0.0" branchCoverage="0.0" maxCyclomaticComplexity="0" minCyclomaticComplexity="0" maxCrapScore="0" minCrapScore="0" visitedClasses="0" numClasses="1" visitedMethods="0" numMethods="4" />
          <FullName>CitySelectController</FullName>
          <Methods>
            <Method visited="false" cyclomaticComplexity="0" nPathComplexity="0" sequenceCoverage="0.0" branchCoverage="0" crapScore="0" isConstructor="false" isStatic="false" isGetter="false" isSetter="false">
              <Summary numSequencePoints="36" visitedSequencePoints="0" numBranchPoints="0" visitedBranchPoints="0" sequenceCoverage="0.0" branchCoverage="0" maxCyclomaticComplexity="0" minCyclomaticComplexity="0" maxCrapScore="0" minCrapScore="0" visitedClasses="0" numClasses="0" visitedMethods="0" numMethods="1" />
              <MetadataToken>100663305</MetadataToken>
              <Name>System.Void CitySelectController::init()</Name>
              <FileRef uid="3" />
              <SequencePoints>
                <SequencePoint vc="0" uspid="12020" ordinal="0" offset="0" sl="16" sc="25" el="16" ec="25" bec="0" bev="0" fileid="3" />
                <SequencePoint vc="0" uspid="12021" ordinal="0" offset="1" sl="17" sc="9" el="17" ec="9" bec="0" bev="0" fileid="3" />
                <SequencePoint vc="0" uspid="12022" ordinal="0" offset="19" sl="18" sc="9" el="18" ec="9" bec="0" bev="0" fileid="3" />
                <SequencePoint vc="0" uspid="12023" ordinal="0" offset="37" sl="19" sc="9" el="19" ec="9" bec="0" bev="0" fileid="3" />
                <SequencePoint vc="0" uspid="12024" ordinal="0" offset="55" sl="20" sc="9" el="20" ec="9" bec="0" bev="0" fileid="3" />
                <SequencePoint vc="0" uspid="12025" ordinal="0" offset="73" sl="21" sc="9" el="21" ec="9" bec="0" bev="0" fileid="3" />
                <SequencePoint vc="0" uspid="12026" ordinal="0" offset="91" sl="22" sc="9" el="22" ec="9" bec="0" bev="0" fileid="3" />
                <SequencePoint vc="0" uspid="12027" ordinal="0" offset="109" sl="23" sc="9" el="23" ec="9" bec="0" bev="0" fileid="3" />
                <SequencePoint vc="0" uspid="12028" ordinal="0" offset="127" sl="24" sc="9" el="24" ec="9" bec="0" bev="0" fileid="3" />
                <SequencePoint vc="0" uspid="12029" ordinal="0" offset="145" sl="25" sc="9" el="25" ec="9" bec="0" bev="0" fileid="3" />
                <SequencePoint vc="0" uspid="12030" ordinal="0" offset="163" sl="26" sc="9" el="26" ec="9" bec="0" bev="0" fileid="3" />
                <SequencePoint vc="0" uspid="12031" ordinal="0" offset="182" sl="27" sc="9" el="27" ec="9" bec="0" bev="0" fileid="3" />
                <SequencePoint vc="0" uspid="12032" ordinal="0" offset="201" sl="28" sc="9" el="28" ec="9" bec="0" bev="0" fileid="3" />
                <SequencePoint vc="0" uspid="12033" ordinal="0" offset="220" sl="29" sc="9" el="29" ec="9" bec="0" bev="0" fileid="3" />
                <SequencePoint vc="0" uspid="12034" ordinal="0" offset="239" sl="30" sc="9" el="30" ec="9" bec="0" bev="0" fileid="3" />
                <SequencePoint vc="0" uspid="12035" ordinal="0" offset="258" sl="31" sc="9" el="31" ec="9" bec="0" bev="0" fileid="3" />
                <SequencePoint vc="0" uspid="12036" ordinal="0" offset="277" sl="32" sc="9" el="32" ec="9" bec="0" bev="0" fileid="3" />
                <SequencePoint vc="0" uspid="12037" ordinal="0" offset="296" sl="33" sc="9" el="33" ec="9" bec="0" bev="0" fileid="3" />
                <SequencePoint vc="0" uspid="12038" ordinal="0" offset="315" sl="34" sc="9" el="34" ec="9" bec="0" bev="0" fileid="3" />
                <SequencePoint vc="0" uspid="12039" ordinal="0" offset="334" sl="35" sc="9" el="35" ec="9" bec="0" bev="0" fileid="3" />
                <SequencePoint vc="0" uspid="12040" ordinal="0" offset="353" sl="36" sc="9" el="36" ec="9" bec="0" bev="0" fileid="3" />
                <SequencePoint vc="0" uspid="12041" ordinal="0" offset="372" sl="37" sc="9" el="37" ec="9" bec="0" bev="0" fileid="3" />
                <SequencePoint vc="0" uspid="12042" ordinal="0" offset="391" sl="38" sc="9" el="38" ec="9" bec="0" bev="0" fileid="3" />
                <SequencePoint vc="0" uspid="12043" ordinal="0" offset="410" sl="39" sc="9" el="39" ec="9" bec="0" bev="0" fileid="3" />
                <SequencePoint vc="0" uspid="12044" ordinal="0" offset="429" sl="40" sc="9" el="40" ec="9" bec="0" bev="0" fileid="3" />
                <SequencePoint vc="0" uspid="12045" ordinal="0" offset="448" sl="41" sc="9" el="41" ec="9" bec="0" bev="0" fileid="3" />
                <SequencePoint vc="0" uspid="12046" ordinal="0" offset="467" sl="42" sc="9" el="42" ec="9" bec="0" bev="0" fileid="3" />
                <SequencePoint vc="0" uspid="12047" ordinal="0" offset="486" sl="43" sc="9" el="43" ec="9" bec="0" bev="0" fileid="3" />
                <SequencePoint vc="0" uspid="12048" ordinal="0" offset="505" sl="44" sc="9" el="44" ec="9" bec="0" bev="0" fileid="3" />
                <SequencePoint vc="0" uspid="12049" ordinal="0" offset="524" sl="45" sc="9" el="45" ec="9" bec="0" bev="0" fileid="3" />
                <SequencePoint vc="0" uspid="12050" ordinal="0" offset="543" sl="46" sc="9" el="46" ec="9" bec="0" bev="0" fileid="3" />
                <SequencePoint vc="0" uspid="12051" ordinal="0" offset="562" sl="47" sc="9" el="47" ec="9" bec="0" bev="0" fileid="3" />
                <SequencePoint vc="0" uspid="12052" ordinal="0" offset="581" sl="48" sc="9" el="48" ec="9" bec="0" bev="0" fileid="3" />
                <SequencePoint vc="0" uspid="12053" ordinal="0" offset="600" sl="49" sc="9" el="49" ec="9" bec="0" bev="0" fileid="3" />
                <SequencePoint vc="0" uspid="12054" ordinal="0" offset="619" sl="50" sc="9" el="50" ec="9" bec="0" bev="0" fileid="3" />
                <SequencePoint vc="0" uspid="12055" ordinal="0" offset="637" sl="51" sc="5" el="51" ec="5" bec="0" bev="0" fileid="3" />
              </SequencePoints>
              <BranchPoints />
            </Method>
            <Method visited="false" cyclomaticComplexity="0" nPathComplexity="0" sequenceCoverage="0.0" branchCoverage="0" crapScore="0" isConstructor="false" isStatic="false" isGetter="false" isSetter="false">
              <Summary numSequencePoints="3" visitedSequencePoints="0" numBranchPoints="0" visitedBranchPoints="0" sequenceCoverage="0.0" branchCoverage="0" maxCyclomaticComplexity="0" minCyclomaticComplexity="0" maxCrapScore="0" minCrapScore="0" visitedClasses="0" numClasses="0" visitedMethods="0" numMethods="1" />
              <MetadataToken>100663307</MetadataToken>
              <Name>System.Void CitySelectController::Start()</Name>
              <FileRef uid="3" />
              <SequencePoints>
                <SequencePoint vc="0" uspid="12056" ordinal="0" offset="0" sl="57" sc="0" el="57" ec="0" bec="0" bev="0" fileid="3" />
                <SequencePoint vc="0" uspid="12057" ordinal="0" offset="1" sl="59" sc="0" el="59" ec="0" bec="0" bev="0" fileid="3" />
                <SequencePoint vc="0" uspid="12058" ordinal="0" offset="8" sl="60" sc="0" el="60" ec="0" bec="0" bev="0" fileid="3" />
              </SequencePoints>
              <BranchPoints />
            </Method>
            <Method visited="false" cyclomaticComplexity="0" nPathComplexity="0" sequenceCoverage="0.0" branchCoverage="0" crapScore="0" isConstructor="false" isStatic="false" isGetter="false" isSetter="false">
              <Summary numSequencePoints="6" visitedSequencePoints="0" numBranchPoints="0" visitedBranchPoints="0" sequenceCoverage="0.0" branchCoverage="0" maxCyclomaticComplexity="0" minCyclomaticComplexity="0" maxCrapScore="0" minCrapScore="0" visitedClasses="0" numClasses="0" visitedMethods="0" numMethods="1" />
              <MetadataToken>100663308</MetadataToken>
              <Name>System.Void CitySelectController::updateFigure(System.Int32)</Name>
              <FileRef uid="3" />
              <SequencePoints>
                <SequencePoint vc="0" uspid="12059" ordinal="0" offset="0" sl="62" sc="0" el="62" ec="0" bec="0" bev="0" fileid="3" />
                <SequencePoint vc="0" uspid="12060" ordinal="0" offset="1" sl="64" sc="0" el="64" ec="0" bec="0" bev="0" fileid="3" />
                <SequencePoint vc="0" uspid="12061" ordinal="0" offset="19" sl="66" sc="0" el="66" ec="0" bec="0" bev="0" fileid="3" />
                <SequencePoint vc="0" uspid="12062" ordinal="0" offset="48" sl="67" sc="0" el="67" ec="0" bec="0" bev="0" fileid="3" />
                <SequencePoint vc="0" uspid="12063" ordinal="0" offset="66" sl="68" sc="0" el="68" ec="0" bec="0" bev="0" fileid="3" />
                <SequencePoint vc="0" uspid="12064" ordinal="0" offset="84" sl="69" sc="0" el="69" ec="0" bec="0" bev="0" fileid="3" />
              </SequencePoints>
              <BranchPoints />
            </Method>
            <Method visited="false" cyclomaticComplexity="0" nPathComplexity="0" sequenceCoverage="0.0" branchCoverage="0" crapScore="0" isConstructor="true" isStatic="false" isGetter="false" isSetter="false">
              <Summary numSequencePoints="5" visitedSequencePoints="0" numBranchPoints="0" visitedBranchPoints="0" sequenceCoverage="0.0" branchCoverage="0" maxCyclomaticComplexity="0" minCyclomaticComplexity="0" maxCrapScore="0" minCrapScore="0" visitedClasses="0" numClasses="0" visitedMethods="0" numMethods="1" />
              <MetadataToken>100663306</MetadataToken>
              <Name>CitySelectController::CitySelectController()</Name>
              <FileRef uid="3" />
              <SequencePoints>
                <SequencePoint vc="0" uspid="12065" ordinal="0" offset="0" sl="8" sc="5" el="8" ec="5" bec="0" bev="0" fileid="3" />
                <SequencePoint vc="0" uspid="12066" ordinal="0" offset="11" sl="53" sc="5" el="53" ec="5" bec="0" bev="0" fileid="3" />
                <SequencePoint vc="0" uspid="12067" ordinal="0" offset="18" sl="53" sc="35" el="53" ec="35" bec="0" bev="0" fileid="3" />
                <SequencePoint vc="0" uspid="12068" ordinal="0" offset="19" sl="54" sc="9" el="54" ec="9" bec="0" bev="0" fileid="3" />
                <SequencePoint vc="0" uspid="12069" ordinal="0" offset="26" sl="55" sc="5" el="55" ec="5" bec="0" bev="0" fileid="3" />
              </SequencePoints>
              <BranchPoints />
            </Method>
          </Methods>
        </Class>
        <Class>
          <Summary numSequencePoints="266" visitedSequencePoints="0" numBranchPoints="0" visitedBranchPoints="0" sequenceCoverage="0.0" branchCoverage="0.0" maxCyclomaticComplexity="0" minCyclomaticComplexity="0" maxCrapScore="0" minCrapScore="0" visitedClasses="0" numClasses="1" visitedMethods="0" numMethods="29" />
          <FullName>DataManager</FullName>
          <Methods>
            <Method visited="false" cyclomaticComplexity="0" nPathComplexity="0" sequenceCoverage="0.0" branchCoverage="0" crapScore="0" isConstructor="false" isStatic="false" isGetter="false" isSetter="false">
              <Summary numSequencePoints="44" visitedSequencePoints="0" numBranchPoints="0" visitedBranchPoints="0" sequenceCoverage="0.0" branchCoverage="0" maxCyclomaticComplexity="0" minCyclomaticComplexity="0" maxCrapScore="0" minCrapScore="0" visitedClasses="0" numClasses="0" visitedMethods="0" numMethods="1" />
              <MetadataToken>100663309</MetadataToken>
              <Name>System.Void DataManager::init()</Name>
              <FileRef uid="4" />
              <SequencePoints>
                <SequencePoint vc="0" uspid="12070" ordinal="0" offset="0" sl="85" sc="25" el="85" ec="25" bec="0" bev="0" fileid="4" />
                <SequencePoint vc="0" uspid="12071" ordinal="0" offset="1" sl="86" sc="9" el="86" ec="9" bec="0" bev="0" fileid="4" />
                <SequencePoint vc="0" uspid="12072" ordinal="0" offset="19" sl="87" sc="9" el="87" ec="9" bec="0" bev="0" fileid="4" />
                <SequencePoint vc="0" uspid="12073" ordinal="0" offset="37" sl="88" sc="9" el="88" ec="9" bec="0" bev="0" fileid="4" />
                <SequencePoint vc="0" uspid="12074" ordinal="0" offset="55" sl="89" sc="9" el="89" ec="9" bec="0" bev="0" fileid="4" />
                <SequencePoint vc="0" uspid="12075" ordinal="0" offset="72" sl="90" sc="9" el="90" ec="9" bec="0" bev="0" fileid="4" />
                <SequencePoint vc="0" uspid="12076" ordinal="0" offset="89" sl="91" sc="9" el="91" ec="9" bec="0" bev="0" fileid="4" />
                <SequencePoint vc="0" uspid="12077" ordinal="0" offset="106" sl="92" sc="9" el="92" ec="9" bec="0" bev="0" fileid="4" />
                <SequencePoint vc="0" uspid="12078" ordinal="0" offset="123" sl="93" sc="9" el="93" ec="9" bec="0" bev="0" fileid="4" />
                <SequencePoint vc="0" uspid="12079" ordinal="0" offset="140" sl="94" sc="9" el="94" ec="9" bec="0" bev="0" fileid="4" />
                <SequencePoint vc="0" uspid="12080" ordinal="0" offset="163" sl="95" sc="9" el="95" ec="9" bec="0" bev="0" fileid="4" />
                <SequencePoint vc="0" uspid="12081" ordinal="0" offset="186" sl="96" sc="9" el="96" ec="9" bec="0" bev="0" fileid="4" />
                <SequencePoint vc="0" uspid="12082" ordinal="0" offset="209" sl="97" sc="9" el="97" ec="9" bec="0" bev="0" fileid="4" />
                <SequencePoint vc="0" uspid="12083" ordinal="0" offset="238" sl="98" sc="14" el="98" ec="14" bec="0" bev="0" fileid="4" />
                <SequencePoint vc="0" uspid="12084" ordinal="0" offset="245" sl="98" sc="45" el="98" ec="45" bec="0" bev="0" fileid="4" />
                <SequencePoint vc="0" uspid="12085" ordinal="0" offset="246" sl="99" sc="13" el="99" ec="13" bec="0" bev="0" fileid="4" />
                <SequencePoint vc="0" uspid="12086" ordinal="0" offset="255" sl="100" sc="13" el="100" ec="13" bec="0" bev="0" fileid="4" />
                <SequencePoint vc="0" uspid="12087" ordinal="0" offset="264" sl="101" sc="13" el="101" ec="13" bec="0" bev="0" fileid="4" />
                <SequencePoint vc="0" uspid="12088" ordinal="0" offset="273" sl="102" sc="13" el="102" ec="13" bec="0" bev="0" fileid="4" />
                <SequencePoint vc="0" uspid="12089" ordinal="0" offset="282" sl="103" sc="13" el="103" ec="13" bec="0" bev="0" fileid="4" />
                <SequencePoint vc="0" uspid="12090" ordinal="0" offset="292" sl="104" sc="18" el="104" ec="18" bec="0" bev="0" fileid="4" />
                <SequencePoint vc="0" uspid="12091" ordinal="0" offset="296" sl="104" sc="49" el="104" ec="49" bec="0" bev="0" fileid="4" />
                <SequencePoint vc="0" uspid="12092" ordinal="0" offset="297" sl="105" sc="17" el="105" ec="17" bec="0" bev="0" fileid="4" />
                <SequencePoint vc="0" uspid="12093" ordinal="0" offset="311" sl="106" sc="17" el="106" ec="17" bec="0" bev="0" fileid="4" />
                <SequencePoint vc="0" uspid="12094" ordinal="0" offset="325" sl="107" sc="13" el="107" ec="13" bec="0" bev="0" fileid="4" />
                <SequencePoint vc="0" uspid="12095" ordinal="0" offset="326" sl="104" sc="44" el="104" ec="44" bec="0" bev="0" fileid="4" />
                <SequencePoint vc="0" uspid="12096" ordinal="0" offset="330" sl="104" sc="29" el="104" ec="29" bec="0" bev="0" fileid="4" />
                <SequencePoint vc="0" uspid="12097" ordinal="0" offset="343" sl="108" sc="18" el="108" ec="18" bec="0" bev="0" fileid="4" />
                <SequencePoint vc="0" uspid="12098" ordinal="0" offset="347" sl="108" sc="51" el="108" ec="51" bec="0" bev="0" fileid="4" />
                <SequencePoint vc="0" uspid="12099" ordinal="0" offset="348" sl="109" sc="17" el="109" ec="17" bec="0" bev="0" fileid="4" />
                <SequencePoint vc="0" uspid="12100" ordinal="0" offset="366" sl="110" sc="22" el="110" ec="22" bec="0" bev="0" fileid="4" />
                <SequencePoint vc="0" uspid="12101" ordinal="0" offset="371" sl="110" sc="67" el="110" ec="67" bec="0" bev="0" fileid="4" />
                <SequencePoint vc="0" uspid="12102" ordinal="0" offset="372" sl="111" sc="21" el="111" ec="21" bec="0" bev="0" fileid="4" />
                <SequencePoint vc="0" uspid="12103" ordinal="0" offset="392" sl="112" sc="17" el="112" ec="17" bec="0" bev="0" fileid="4" />
                <SequencePoint vc="0" uspid="12104" ordinal="0" offset="393" sl="110" sc="62" el="110" ec="62" bec="0" bev="0" fileid="4" />
                <SequencePoint vc="0" uspid="12105" ordinal="0" offset="399" sl="110" sc="33" el="110" ec="33" bec="0" bev="0" fileid="4" />
                <SequencePoint vc="0" uspid="12106" ordinal="0" offset="415" sl="113" sc="13" el="113" ec="13" bec="0" bev="0" fileid="4" />
                <SequencePoint vc="0" uspid="12107" ordinal="0" offset="416" sl="108" sc="46" el="108" ec="46" bec="0" bev="0" fileid="4" />
                <SequencePoint vc="0" uspid="12108" ordinal="0" offset="420" sl="108" sc="29" el="108" ec="29" bec="0" bev="0" fileid="4" />
                <SequencePoint vc="0" uspid="12109" ordinal="0" offset="435" sl="114" sc="9" el="114" ec="9" bec="0" bev="0" fileid="4" />
                <SequencePoint vc="0" uspid="12110" ordinal="0" offset="436" sl="98" sc="40" el="98" ec="40" bec="0" bev="0" fileid="4" />
                <SequencePoint vc="0" uspid="12111" ordinal="0" offset="440" sl="98" sc="25" el="98" ec="25" bec="0" bev="0" fileid="4" />
                <SequencePoint vc="0" uspid="12112" ordinal="0" offset="458" sl="119" sc="9" el="119" ec="9" bec="0" bev="0" fileid="4" />
                <SequencePoint vc="0" uspid="12113" ordinal="0" offset="469" sl="120" sc="5" el="120" ec="5" bec="0" bev="0" fileid="4" />
              </SequencePoints>
              <BranchPoints />
            </Method>
            <Method visited="false" cyclomaticComplexity="0" nPathComplexity="0" sequenceCoverage="0.0" branchCoverage="0" crapScore="0" isConstructor="false" isStatic="false" isGetter="false" isSetter="false">
              <Summary numSequencePoints="10" visitedSequencePoints="0" numBranchPoints="0" visitedBranchPoints="0" sequenceCoverage="0.0" branchCoverage="0" maxCyclomaticComplexity="0" minCyclomaticComplexity="0" maxCrapScore="0" minCrapScore="0" visitedClasses="0" numClasses="0" visitedMethods="0" numMethods="1" />
              <MetadataToken>100663311</MetadataToken>
              <Name>System.Void DataManager::Start()</Name>
              <FileRef uid="4" />
              <SequencePoints>
                <SequencePoint vc="0" uspid="12114" ordinal="0" offset="0" sl="129" sc="0" el="129" ec="0" bec="0" bev="0" fileid="4" />
                <SequencePoint vc="0" uspid="12115" ordinal="0" offset="1" sl="131" sc="0" el="131" ec="0" bec="0" bev="0" fileid="4" />
                <SequencePoint vc="0" uspid="12116" ordinal="0" offset="18" sl="133" sc="0" el="133" ec="0" bec="0" bev="0" fileid="4" />
                <SequencePoint vc="0" uspid="12117" ordinal="0" offset="35" sl="135" sc="0" el="135" ec="0" bec="0" bev="0" fileid="4" />
                <SequencePoint vc="0" uspid="12118" ordinal="0" offset="52" sl="137" sc="0" el="137" ec="0" bec="0" bev="0" fileid="4" />
                <SequencePoint vc="0" uspid="12119" ordinal="0" offset="69" sl="139" sc="0" el="139" ec="0" bec="0" bev="0" fileid="4" />
                <SequencePoint vc="0" uspid="12120" ordinal="0" offset="86" sl="141" sc="0" el="141" ec="0" bec="0" bev="0" fileid="4" />
                <SequencePoint vc="0" uspid="12121" ordinal="0" offset="93" sl="142" sc="0" el="142" ec="0" bec="0" bev="0" fileid="4" />
                <SequencePoint vc="0" uspid="12122" ordinal="0" offset="105" sl="143" sc="0" el="143" ec="0" bec="0" bev="0" fileid="4" />
                <SequencePoint vc="0" uspid="12123" ordinal="0" offset="118" sl="144" sc="0" el="144" ec="0" bec="0" bev="0" fileid="4" />
              </SequencePoints>
              <BranchPoints />
            </Method>
            <Method visited="false" cyclomaticComplexity="0" nPathComplexity="0" sequenceCoverage="0.0" branchCoverage="0" crapScore="0" isConstructor="false" isStatic="false" isGetter="false" isSetter="false">
              <Summary numSequencePoints="3" visitedSequencePoints="0" numBranchPoints="0" visitedBranchPoints="0" sequenceCoverage="0.0" branchCoverage="0" maxCyclomaticComplexity="0" minCyclomaticComplexity="0" maxCrapScore="0" minCrapScore="0" visitedClasses="0" numClasses="0" visitedMethods="0" numMethods="1" />
              <MetadataToken>100663313</MetadataToken>
              <Name>System.Void DataManager::changeWaitTime(System.Single)</Name>
              <FileRef uid="4" />
              <SequencePoints>
                <SequencePoint vc="0" uspid="12124" ordinal="0" offset="0" sl="255" sc="45" el="255" ec="45" bec="0" bev="0" fileid="4" />
                <SequencePoint vc="0" uspid="12125" ordinal="0" offset="1" sl="256" sc="9" el="256" ec="9" bec="0" bev="0" fileid="4" />
                <SequencePoint vc="0" uspid="12126" ordinal="0" offset="8" sl="257" sc="5" el="257" ec="5" bec="0" bev="0" fileid="4" />
              </SequencePoints>
              <BranchPoints />
            </Method>
            <Method visited="false" cyclomaticComplexity="0" nPathComplexity="0" sequenceCoverage="0.0" branchCoverage="0" crapScore="0" isConstructor="false" isStatic="false" isGetter="false" isSetter="false">
              <Summary numSequencePoints="7" visitedSequencePoints="0" numBranchPoints="0" visitedBranchPoints="0" sequenceCoverage="0.0" branchCoverage="0" maxCyclomaticComplexity="0" minCyclomaticComplexity="0" maxCrapScore="0" minCrapScore="0" visitedClasses="0" numClasses="0" visitedMethods="0" numMethods="1" />
              <MetadataToken>100663314</MetadataToken>
              <Name>System.Void DataManager::updatePolicyIndex(System.Int32, System.Int32, System.Single)</Name>
              <FileRef uid="4" />
              <SequencePoints>
                <SequencePoint vc="0" uspid="12127" ordinal="0" offset="0" sl="259" sc="80" el="259" ec="80" bec="0" bev="0" fileid="4" />
                <SequencePoint vc="0" uspid="12128" ordinal="0" offset="1" sl="260" sc="9" el="260" ec="9" bec="0" bev="0" fileid="4" />
                <SequencePoint vc="0" uspid="12129" ordinal="0" offset="9" sl="260" sc="30" el="260" ec="30" bec="0" bev="0" fileid="4" />
                <SequencePoint vc="0" uspid="12130" ordinal="0" offset="10" sl="261" sc="13" el="261" ec="13" bec="0" bev="0" fileid="4" />
                <SequencePoint vc="0" uspid="12131" ordinal="0" offset="12" sl="263" sc="9" el="263" ec="9" bec="0" bev="0" fileid="4" />
                <SequencePoint vc="0" uspid="12132" ordinal="0" offset="26" sl="264" sc="9" el="264" ec="9" bec="0" bev="0" fileid="4" />
                <SequencePoint vc="0" uspid="12133" ordinal="0" offset="97" sl="265" sc="5" el="265" ec="5" bec="0" bev="0" fileid="4" />
              </SequencePoints>
              <BranchPoints />
            </Method>
            <Method visited="false" cyclomaticComplexity="0" nPathComplexity="0" sequenceCoverage="0.0" branchCoverage="0" crapScore="0" isConstructor="false" isStatic="false" isGetter="false" isSetter="false">
              <Summary numSequencePoints="3" visitedSequencePoints="0" numBranchPoints="0" visitedBranchPoints="0" sequenceCoverage="0.0" branchCoverage="0" maxCyclomaticComplexity="0" minCyclomaticComplexity="0" maxCrapScore="0" minCrapScore="0" visitedClasses="0" numClasses="0" visitedMethods="0" numMethods="1" />
              <MetadataToken>100663315</MetadataToken>
              <Name>System.Int32 DataManager::getDateDay()</Name>
              <FileRef uid="4" />
              <SequencePoints>
                <SequencePoint vc="0" uspid="12134" ordinal="0" offset="0" sl="267" sc="29" el="267" ec="29" bec="0" bev="0" fileid="4" />
                <SequencePoint vc="0" uspid="12135" ordinal="0" offset="1" sl="268" sc="9" el="268" ec="9" bec="0" bev="0" fileid="4" />
                <SequencePoint vc="0" uspid="12136" ordinal="0" offset="15" sl="269" sc="5" el="269" ec="5" bec="0" bev="0" fileid="4" />
              </SequencePoints>
              <BranchPoints />
            </Method>
            <Method visited="false" cyclomaticComplexity="0" nPathComplexity="0" sequenceCoverage="0.0" branchCoverage="0" crapScore="0" isConstructor="false" isStatic="false" isGetter="false" isSetter="false">
              <Summary numSequencePoints="3" visitedSequencePoints="0" numBranchPoints="0" visitedBranchPoints="0" sequenceCoverage="0.0" branchCoverage="0" maxCyclomaticComplexity="0" minCyclomaticComplexity="0" maxCrapScore="0" minCrapScore="0" visitedClasses="0" numClasses="0" visitedMethods="0" numMethods="1" />
              <MetadataToken>100663316</MetadataToken>
              <Name>System.Int32 DataManager::getDateMonth()</Name>
              <FileRef uid="4" />
              <SequencePoints>
                <SequencePoint vc="0" uspid="12137" ordinal="0" offset="0" sl="271" sc="31" el="271" ec="31" bec="0" bev="0" fileid="4" />
                <SequencePoint vc="0" uspid="12138" ordinal="0" offset="1" sl="272" sc="9" el="272" ec="9" bec="0" bev="0" fileid="4" />
                <SequencePoint vc="0" uspid="12139" ordinal="0" offset="15" sl="273" sc="5" el="273" ec="5" bec="0" bev="0" fileid="4" />
              </SequencePoints>
              <BranchPoints />
            </Method>
            <Method visited="false" cyclomaticComplexity="0" nPathComplexity="0" sequenceCoverage="0.0" branchCoverage="0" crapScore="0" isConstructor="false" isStatic="false" isGetter="false" isSetter="false">
              <Summary numSequencePoints="3" visitedSequencePoints="0" numBranchPoints="0" visitedBranchPoints="0" sequenceCoverage="0.0" branchCoverage="0" maxCyclomaticComplexity="0" minCyclomaticComplexity="0" maxCrapScore="0" minCrapScore="0" visitedClasses="0" numClasses="0" visitedMethods="0" numMethods="1" />
              <MetadataToken>100663317</MetadataToken>
              <Name>System.Int32 DataManager::getDateYear()</Name>
              <FileRef uid="4" />
              <SequencePoints>
                <SequencePoint vc="0" uspid="12140" ordinal="0" offset="0" sl="275" sc="30" el="275" ec="30" bec="0" bev="0" fileid="4" />
                <SequencePoint vc="0" uspid="12141" ordinal="0" offset="1" sl="276" sc="9" el="276" ec="9" bec="0" bev="0" fileid="4" />
                <SequencePoint vc="0" uspid="12142" ordinal="0" offset="15" sl="277" sc="5" el="277" ec="5" bec="0" bev="0" fileid="4" />
              </SequencePoints>
              <BranchPoints />
            </Method>
            <Method visited="false" cyclomaticComplexity="0" nPathComplexity="0" sequenceCoverage="0.0" branchCoverage="0" crapScore="0" isConstructor="false" isStatic="false" isGetter="false" isSetter="false">
              <Summary numSequencePoints="3" visitedSequencePoints="0" numBranchPoints="0" visitedBranchPoints="0" sequenceCoverage="0.0" branchCoverage="0" maxCyclomaticComplexity="0" minCyclomaticComplexity="0" maxCrapScore="0" minCrapScore="0" visitedClasses="0" numClasses="0" visitedMethods="0" numMethods="1" />
              <MetadataToken>100663318</MetadataToken>
              <Name>System.Int32 DataManager::getInfection(System.Int32)</Name>
              <FileRef uid="4" />
              <SequencePoints>
                <SequencePoint vc="0" uspid="12143" ordinal="0" offset="0" sl="279" sc="36" el="279" ec="36" bec="0" bev="0" fileid="4" />
                <SequencePoint vc="0" uspid="12144" ordinal="0" offset="1" sl="280" sc="9" el="280" ec="9" bec="0" bev="0" fileid="4" />
                <SequencePoint vc="0" uspid="12145" ordinal="0" offset="12" sl="281" sc="5" el="281" ec="5" bec="0" bev="0" fileid="4" />
              </SequencePoints>
              <BranchPoints />
            </Method>
            <Method visited="false" cyclomaticComplexity="0" nPathComplexity="0" sequenceCoverage="0.0" branchCoverage="0" crapScore="0" isConstructor="false" isStatic="false" isGetter="false" isSetter="false">
              <Summary numSequencePoints="3" visitedSequencePoints="0" numBranchPoints="0" visitedBranchPoints="0" sequenceCoverage="0.0" branchCoverage="0" maxCyclomaticComplexity="0" minCyclomaticComplexity="0" maxCrapScore="0" minCrapScore="0" visitedClasses="0" numClasses="0" visitedMethods="0" numMethods="1" />
              <MetadataToken>100663319</MetadataToken>
              <Name>System.Int32 DataManager::getIncrease(System.Int32)</Name>
              <FileRef uid="4" />
              <SequencePoints>
                <SequencePoint vc="0" uspid="12146" ordinal="0" offset="0" sl="283" sc="35" el="283" ec="35" bec="0" bev="0" fileid="4" />
                <SequencePoint vc="0" uspid="12147" ordinal="0" offset="1" sl="284" sc="9" el="284" ec="9" bec="0" bev="0" fileid="4" />
                <SequencePoint vc="0" uspid="12148" ordinal="0" offset="12" sl="285" sc="5" el="285" ec="5" bec="0" bev="0" fileid="4" />
              </SequencePoints>
              <BranchPoints />
            </Method>
            <Method visited="false" cyclomaticComplexity="0" nPathComplexity="0" sequenceCoverage="0.0" branchCoverage="0" crapScore="0" isConstructor="false" isStatic="false" isGetter="false" isSetter="false">
              <Summary numSequencePoints="3" visitedSequencePoints="0" numBranchPoints="0" visitedBranchPoints="0" sequenceCoverage="0.0" branchCoverage="0" maxCyclomaticComplexity="0" minCyclomaticComplexity="0" maxCrapScore="0" minCrapScore="0" visitedClasses="0" numClasses="0" visitedMethods="0" numMethods="1" />
              <MetadataToken>100663320</MetadataToken>
              <Name>System.Int32 DataManager::getDeath(System.Int32)</Name>
              <FileRef uid="4" />
              <SequencePoints>
                <SequencePoint vc="0" uspid="12149" ordinal="0" offset="0" sl="287" sc="32" el="287" ec="32" bec="0" bev="0" fileid="4" />
                <SequencePoint vc="0" uspid="12150" ordinal="0" offset="1" sl="288" sc="9" el="288" ec="9" bec="0" bev="0" fileid="4" />
                <SequencePoint vc="0" uspid="12151" ordinal="0" offset="12" sl="289" sc="5" el="289" ec="5" bec="0" bev="0" fileid="4" />
              </SequencePoints>
              <BranchPoints />
            </Method>
            <Method visited="false" cyclomaticComplexity="0" nPathComplexity="0" sequenceCoverage="0.0" branchCoverage="0" crapScore="0" isConstructor="false" isStatic="false" isGetter="false" isSetter="false">
              <Summary numSequencePoints="3" visitedSequencePoints="0" numBranchPoints="0" visitedBranchPoints="0" sequenceCoverage="0.0" branchCoverage="0" maxCyclomaticComplexity="0" minCyclomaticComplexity="0" maxCrapScore="0" minCrapScore="0" visitedClasses="0" numClasses="0" visitedMethods="0" numMethods="1" />
              <MetadataToken>100663321</MetadataToken>
              <Name>System.Int32 DataManager::getSatisfaction(System.Int32)</Name>
              <FileRef uid="4" />
              <SequencePoints>
                <SequencePoint vc="0" uspid="12152" ordinal="0" offset="0" sl="291" sc="39" el="291" ec="39" bec="0" bev="0" fileid="4" />
                <SequencePoint vc="0" uspid="12153" ordinal="0" offset="1" sl="292" sc="9" el="292" ec="9" bec="0" bev="0" fileid="4" />
                <SequencePoint vc="0" uspid="12154" ordinal="0" offset="12" sl="293" sc="5" el="293" ec="5" bec="0" bev="0" fileid="4" />
              </SequencePoints>
              <BranchPoints />
            </Method>
            <Method visited="false" cyclomaticComplexity="0" nPathComplexity="0" sequenceCoverage="0.0" branchCoverage="0" crapScore="0" isConstructor="false" isStatic="false" isGetter="false" isSetter="false">
              <Summary numSequencePoints="6" visitedSequencePoints="0" numBranchPoints="0" visitedBranchPoints="0" sequenceCoverage="0.0" branchCoverage="0" maxCyclomaticComplexity="0" minCyclomaticComplexity="0" maxCrapScore="0" minCrapScore="0" visitedClasses="0" numClasses="0" visitedMethods="0" numMethods="1" />
              <MetadataToken>100663322</MetadataToken>
              <Name>System.Int32 DataManager::getMaxInfectionCity(System.Int32)</Name>
              <FileRef uid="4" />
              <SequencePoints>
                <SequencePoint vc="0" uspid="12155" ordinal="0" offset="6" sl="295" sc="46" el="295" ec="46" bec="0" bev="0" fileid="4" />
                <SequencePoint vc="0" uspid="12156" ordinal="0" offset="7" sl="307" sc="9" el="307" ec="9" bec="0" bev="0" fileid="4" />
                <SequencePoint vc="0" uspid="12157" ordinal="0" offset="19" sl="308" sc="9" el="308" ec="9" bec="0" bev="0" fileid="4" />
                <SequencePoint vc="0" uspid="12158" ordinal="0" offset="76" sl="309" sc="9" el="309" ec="9" bec="0" bev="0" fileid="4" />
                <SequencePoint vc="0" uspid="12159" ordinal="0" offset="95" sl="310" sc="9" el="310" ec="9" bec="0" bev="0" fileid="4" />
                <SequencePoint vc="0" uspid="12160" ordinal="0" offset="99" sl="311" sc="5" el="311" ec="5" bec="0" bev="0" fileid="4" />
              </SequencePoints>
              <BranchPoints />
            </Method>
            <Method visited="false" cyclomaticComplexity="0" nPathComplexity="0" sequenceCoverage="0.0" branchCoverage="0" crapScore="0" isConstructor="false" isStatic="false" isGetter="false" isSetter="false">
              <Summary numSequencePoints="10" visitedSequencePoints="0" numBranchPoints="0" visitedBranchPoints="0" sequenceCoverage="0.0" branchCoverage="0" maxCyclomaticComplexity="0" minCyclomaticComplexity="0" maxCrapScore="0" minCrapScore="0" visitedClasses="0" numClasses="0" visitedMethods="0" numMethods="1" />
              <MetadataToken>100663323</MetadataToken>
              <Name>System.Int32 DataManager::getTotalInfection()</Name>
              <FileRef uid="4" />
              <SequencePoints>
                <SequencePoint vc="0" uspid="12161" ordinal="0" offset="0" sl="313" sc="36" el="313" ec="36" bec="0" bev="0" fileid="4" />
                <SequencePoint vc="0" uspid="12162" ordinal="0" offset="1" sl="314" sc="9" el="314" ec="9" bec="0" bev="0" fileid="4" />
                <SequencePoint vc="0" uspid="12163" ordinal="0" offset="3" sl="315" sc="14" el="315" ec="14" bec="0" bev="0" fileid="4" />
                <SequencePoint vc="0" uspid="12164" ordinal="0" offset="7" sl="315" sc="45" el="315" ec="45" bec="0" bev="0" fileid="4" />
                <SequencePoint vc="0" uspid="12165" ordinal="0" offset="8" sl="316" sc="13" el="316" ec="13" bec="0" bev="0" fileid="4" />
                <SequencePoint vc="0" uspid="12166" ordinal="0" offset="19" sl="317" sc="9" el="317" ec="9" bec="0" bev="0" fileid="4" />
                <SequencePoint vc="0" uspid="12167" ordinal="0" offset="20" sl="315" sc="40" el="315" ec="40" bec="0" bev="0" fileid="4" />
                <SequencePoint vc="0" uspid="12168" ordinal="0" offset="24" sl="315" sc="25" el="315" ec="25" bec="0" bev="0" fileid="4" />
                <SequencePoint vc="0" uspid="12169" ordinal="0" offset="37" sl="318" sc="9" el="318" ec="9" bec="0" bev="0" fileid="4" />
                <SequencePoint vc="0" uspid="12170" ordinal="0" offset="41" sl="319" sc="5" el="319" ec="5" bec="0" bev="0" fileid="4" />
              </SequencePoints>
              <BranchPoints />
            </Method>
            <Method visited="false" cyclomaticComplexity="0" nPathComplexity="0" sequenceCoverage="0.0" branchCoverage="0" crapScore="0" isConstructor="false" isStatic="false" isGetter="false" isSetter="false">
              <Summary numSequencePoints="10" visitedSequencePoints="0" numBranchPoints="0" visitedBranchPoints="0" sequenceCoverage="0.0" branchCoverage="0" maxCyclomaticComplexity="0" minCyclomaticComplexity="0" maxCrapScore="0" minCrapScore="0" visitedClasses="0" numClasses="0" visitedMethods="0" numMethods="1" />
              <MetadataToken>100663324</MetadataToken>
              <Name>System.Int32 DataManager::getTotalIncrease()</Name>
              <FileRef uid="4" />
              <SequencePoints>
                <SequencePoint vc="0" uspid="12171" ordinal="0" offset="0" sl="321" sc="35" el="321" ec="35" bec="0" bev="0" fileid="4" />
                <SequencePoint vc="0" uspid="12172" ordinal="0" offset="1" sl="322" sc="9" el="322" ec="9" bec="0" bev="0" fileid="4" />
                <SequencePoint vc="0" uspid="12173" ordinal="0" offset="3" sl="323" sc="14" el="323" ec="14" bec="0" bev="0" fileid="4" />
                <SequencePoint vc="0" uspid="12174" ordinal="0" offset="7" sl="323" sc="45" el="323" ec="45" bec="0" bev="0" fileid="4" />
                <SequencePoint vc="0" uspid="12175" ordinal="0" offset="8" sl="324" sc="13" el="324" ec="13" bec="0" bev="0" fileid="4" />
                <SequencePoint vc="0" uspid="12176" ordinal="0" offset="19" sl="325" sc="9" el="325" ec="9" bec="0" bev="0" fileid="4" />
                <SequencePoint vc="0" uspid="12177" ordinal="0" offset="20" sl="323" sc="40" el="323" ec="40" bec="0" bev="0" fileid="4" />
                <SequencePoint vc="0" uspid="12178" ordinal="0" offset="24" sl="323" sc="25" el="323" ec="25" bec="0" bev="0" fileid="4" />
                <SequencePoint vc="0" uspid="12179" ordinal="0" offset="37" sl="326" sc="9" el="326" ec="9" bec="0" bev="0" fileid="4" />
                <SequencePoint vc="0" uspid="12180" ordinal="0" offset="41" sl="327" sc="5" el="327" ec="5" bec="0" bev="0" fileid="4" />
              </SequencePoints>
              <BranchPoints />
            </Method>
            <Method visited="false" cyclomaticComplexity="0" nPathComplexity="0" sequenceCoverage="0.0" branchCoverage="0" crapScore="0" isConstructor="false" isStatic="false" isGetter="false" isSetter="false">
              <Summary numSequencePoints="10" visitedSequencePoints="0" numBranchPoints="0" visitedBranchPoints="0" sequenceCoverage="0.0" branchCoverage="0" maxCyclomaticComplexity="0" minCyclomaticComplexity="0" maxCrapScore="0" minCrapScore="0" visitedClasses="0" numClasses="0" visitedMethods="0" numMethods="1" />
              <MetadataToken>100663325</MetadataToken>
              <Name>System.Int32 DataManager::getTotalDeath()</Name>
              <FileRef uid="4" />
              <SequencePoints>
                <SequencePoint vc="0" uspid="12181" ordinal="0" offset="0" sl="329" sc="32" el="329" ec="32" bec="0" bev="0" fileid="4" />
                <SequencePoint vc="0" uspid="12182" ordinal="0" offset="1" sl="330" sc="9" el="330" ec="9" bec="0" bev="0" fileid="4" />
                <SequencePoint vc="0" uspid="12183" ordinal="0" offset="3" sl="331" sc="14" el="331" ec="14" bec="0" bev="0" fileid="4" />
                <SequencePoint vc="0" uspid="12184" ordinal="0" offset="7" sl="331" sc="45" el="331" ec="45" bec="0" bev="0" fileid="4" />
                <SequencePoint vc="0" uspid="12185" ordinal="0" offset="8" sl="332" sc="13" el="332" ec="13" bec="0" bev="0" fileid="4" />
                <SequencePoint vc="0" uspid="12186" ordinal="0" offset="19" sl="333" sc="9" el="333" ec="9" bec="0" bev="0" fileid="4" />
                <SequencePoint vc="0" uspid="12187" ordinal="0" offset="20" sl="331" sc="40" el="331" ec="40" bec="0" bev="0" fileid="4" />
                <SequencePoint vc="0" uspid="12188" ordinal="0" offset="24" sl="331" sc="25" el="331" ec="25" bec="0" bev="0" fileid="4" />
                <SequencePoint vc="0" uspid="12189" ordinal="0" offset="37" sl="334" sc="9" el="334" ec="9" bec="0" bev="0" fileid="4" />
                <SequencePoint vc="0" uspid="12190" ordinal="0" offset="41" sl="335" sc="5" el="335" ec="5" bec="0" bev="0" fileid="4" />
              </SequencePoints>
              <BranchPoints />
            </Method>
            <Method visited="false" cyclomaticComplexity="0" nPathComplexity="0" sequenceCoverage="0.0" branchCoverage="0" crapScore="0" isConstructor="false" isStatic="false" isGetter="false" isSetter="false">
              <Summary numSequencePoints="10" visitedSequencePoints="0" numBranchPoints="0" visitedBranchPoints="0" sequenceCoverage="0.0" branchCoverage="0" maxCyclomaticComplexity="0" minCyclomaticComplexity="0" maxCrapScore="0" minCrapScore="0" visitedClasses="0" numClasses="0" visitedMethods="0" numMethods="1" />
              <MetadataToken>100663326</MetadataToken>
              <Name>System.Single DataManager::getAverageSatisfaction()</Name>
              <FileRef uid="4" />
              <SequencePoints>
                <SequencePoint vc="0" uspid="12191" ordinal="0" offset="0" sl="337" sc="43" el="337" ec="43" bec="0" bev="0" fileid="4" />
                <SequencePoint vc="0" uspid="12192" ordinal="0" offset="1" sl="338" sc="9" el="338" ec="9" bec="0" bev="0" fileid="4" />
                <SequencePoint vc="0" uspid="12193" ordinal="0" offset="3" sl="339" sc="14" el="339" ec="14" bec="0" bev="0" fileid="4" />
                <SequencePoint vc="0" uspid="12194" ordinal="0" offset="7" sl="339" sc="45" el="339" ec="45" bec="0" bev="0" fileid="4" />
                <SequencePoint vc="0" uspid="12195" ordinal="0" offset="8" sl="340" sc="13" el="340" ec="13" bec="0" bev="0" fileid="4" />
                <SequencePoint vc="0" uspid="12196" ordinal="0" offset="19" sl="341" sc="9" el="341" ec="9" bec="0" bev="0" fileid="4" />
                <SequencePoint vc="0" uspid="12197" ordinal="0" offset="20" sl="339" sc="40" el="339" ec="40" bec="0" bev="0" fileid="4" />
                <SequencePoint vc="0" uspid="12198" ordinal="0" offset="24" sl="339" sc="25" el="339" ec="25" bec="0" bev="0" fileid="4" />
                <SequencePoint vc="0" uspid="12199" ordinal="0" offset="37" sl="342" sc="9" el="342" ec="9" bec="0" bev="0" fileid="4" />
                <SequencePoint vc="0" uspid="12200" ordinal="0" offset="49" sl="344" sc="5" el="344" ec="5" bec="0" bev="0" fileid="4" />
              </SequencePoints>
              <BranchPoints />
            </Method>
            <Method visited="false" cyclomaticComplexity="0" nPathComplexity="0" sequenceCoverage="0.0" branchCoverage="0" crapScore="0" isConstructor="false" isStatic="false" isGetter="false" isSetter="false">
              <Summary numSequencePoints="10" visitedSequencePoints="0" numBranchPoints="0" visitedBranchPoints="0" sequenceCoverage="0.0" branchCoverage="0" maxCyclomaticComplexity="0" minCyclomaticComplexity="0" maxCrapScore="0" minCrapScore="0" visitedClasses="0" numClasses="0" visitedMethods="0" numMethods="1" />
              <MetadataToken>100663327</MetadataToken>
              <Name>System.Int32[] DataManager::getIncreaseHistory(System.Int32)</Name>
              <FileRef uid="4" />
              <SequencePoints>
                <SequencePoint vc="0" uspid="12201" ordinal="0" offset="0" sl="346" sc="52" el="346" ec="52" bec="0" bev="0" fileid="4" />
                <SequencePoint vc="0" uspid="12202" ordinal="0" offset="1" sl="347" sc="9" el="347" ec="9" bec="0" bev="0" fileid="4" />
                <SequencePoint vc="0" uspid="12203" ordinal="0" offset="13" sl="348" sc="14" el="348" ec="14" bec="0" bev="0" fileid="4" />
                <SequencePoint vc="0" uspid="12204" ordinal="0" offset="17" sl="348" sc="45" el="348" ec="45" bec="0" bev="0" fileid="4" />
                <SequencePoint vc="0" uspid="12205" ordinal="0" offset="18" sl="349" sc="13" el="349" ec="13" bec="0" bev="0" fileid="4" />
                <SequencePoint vc="0" uspid="12206" ordinal="0" offset="34" sl="350" sc="9" el="350" ec="9" bec="0" bev="0" fileid="4" />
                <SequencePoint vc="0" uspid="12207" ordinal="0" offset="35" sl="348" sc="40" el="348" ec="40" bec="0" bev="0" fileid="4" />
                <SequencePoint vc="0" uspid="12208" ordinal="0" offset="39" sl="348" sc="25" el="348" ec="25" bec="0" bev="0" fileid="4" />
                <SequencePoint vc="0" uspid="12209" ordinal="0" offset="52" sl="351" sc="9" el="351" ec="9" bec="0" bev="0" fileid="4" />
                <SequencePoint vc="0" uspid="12210" ordinal="0" offset="56" sl="352" sc="5" el="352" ec="5" bec="0" bev="0" fileid="4" />
              </SequencePoints>
              <BranchPoints />
            </Method>
            <Method visited="false" cyclomaticComplexity="0" nPathComplexity="0" sequenceCoverage="0.0" branchCoverage="0" crapScore="0" isConstructor="false" isStatic="false" isGetter="false" isSetter="false">
              <Summary numSequencePoints="16" visitedSequencePoints="0" numBranchPoints="0" visitedBranchPoints="0" sequenceCoverage="0.0" branchCoverage="0" maxCyclomaticComplexity="0" minCyclomaticComplexity="0" maxCrapScore="0" minCrapScore="0" visitedClasses="0" numClasses="0" visitedMethods="0" numMethods="1" />
              <MetadataToken>100663328</MetadataToken>
              <Name>System.Int32[] DataManager::getTotalIncreaseHistory()</Name>
              <FileRef uid="4" />
              <SequencePoints>
                <SequencePoint vc="0" uspid="12211" ordinal="0" offset="0" sl="355" sc="44" el="355" ec="44" bec="0" bev="0" fileid="4" />
                <SequencePoint vc="0" uspid="12212" ordinal="0" offset="1" sl="356" sc="9" el="356" ec="9" bec="0" bev="0" fileid="4" />
                <SequencePoint vc="0" uspid="12213" ordinal="0" offset="13" sl="357" sc="14" el="357" ec="14" bec="0" bev="0" fileid="4" />
                <SequencePoint vc="0" uspid="12214" ordinal="0" offset="17" sl="357" sc="45" el="357" ec="45" bec="0" bev="0" fileid="4" />
                <SequencePoint vc="0" uspid="12215" ordinal="0" offset="18" sl="358" sc="13" el="358" ec="13" bec="0" bev="0" fileid="4" />
                <SequencePoint vc="0" uspid="12216" ordinal="0" offset="22" sl="359" sc="18" el="359" ec="18" bec="0" bev="0" fileid="4" />
                <SequencePoint vc="0" uspid="12217" ordinal="0" offset="26" sl="359" sc="49" el="359" ec="49" bec="0" bev="0" fileid="4" />
                <SequencePoint vc="0" uspid="12218" ordinal="0" offset="27" sl="360" sc="17" el="360" ec="17" bec="0" bev="0" fileid="4" />
                <SequencePoint vc="0" uspid="12219" ordinal="0" offset="51" sl="361" sc="13" el="361" ec="13" bec="0" bev="0" fileid="4" />
                <SequencePoint vc="0" uspid="12220" ordinal="0" offset="52" sl="359" sc="44" el="359" ec="44" bec="0" bev="0" fileid="4" />
                <SequencePoint vc="0" uspid="12221" ordinal="0" offset="56" sl="359" sc="29" el="359" ec="29" bec="0" bev="0" fileid="4" />
                <SequencePoint vc="0" uspid="12222" ordinal="0" offset="69" sl="362" sc="9" el="362" ec="9" bec="0" bev="0" fileid="4" />
                <SequencePoint vc="0" uspid="12223" ordinal="0" offset="70" sl="357" sc="40" el="357" ec="40" bec="0" bev="0" fileid="4" />
                <SequencePoint vc="0" uspid="12224" ordinal="0" offset="74" sl="357" sc="25" el="357" ec="25" bec="0" bev="0" fileid="4" />
                <SequencePoint vc="0" uspid="12225" ordinal="0" offset="89" sl="363" sc="9" el="363" ec="9" bec="0" bev="0" fileid="4" />
                <SequencePoint vc="0" uspid="12226" ordinal="0" offset="94" sl="364" sc="5" el="364" ec="5" bec="0" bev="0" fileid="4" />
              </SequencePoints>
              <BranchPoints />
            </Method>
            <Method visited="false" cyclomaticComplexity="0" nPathComplexity="0" sequenceCoverage="0.0" branchCoverage="0" crapScore="0" isConstructor="false" isStatic="false" isGetter="false" isSetter="false">
              <Summary numSequencePoints="10" visitedSequencePoints="0" numBranchPoints="0" visitedBranchPoints="0" sequenceCoverage="0.0" branchCoverage="0" maxCyclomaticComplexity="0" minCyclomaticComplexity="0" maxCrapScore="0" minCrapScore="0" visitedClasses="0" numClasses="0" visitedMethods="0" numMethods="1" />
              <MetadataToken>100663329</MetadataToken>
              <Name>System.Int32[] DataManager::getDeathHistory(System.Int32)</Name>
              <FileRef uid="4" />
              <SequencePoints>
                <SequencePoint vc="0" uspid="12227" ordinal="0" offset="0" sl="366" sc="49" el="366" ec="49" bec="0" bev="0" fileid="4" />
                <SequencePoint vc="0" uspid="12228" ordinal="0" offset="1" sl="367" sc="9" el="367" ec="9" bec="0" bev="0" fileid="4" />
                <SequencePoint vc="0" uspid="12229" ordinal="0" offset="13" sl="368" sc="14" el="368" ec="14" bec="0" bev="0" fileid="4" />
                <SequencePoint vc="0" uspid="12230" ordinal="0" offset="17" sl="368" sc="45" el="368" ec="45" bec="0" bev="0" fileid="4" />
                <SequencePoint vc="0" uspid="12231" ordinal="0" offset="18" sl="369" sc="13" el="369" ec="13" bec="0" bev="0" fileid="4" />
                <SequencePoint vc="0" uspid="12232" ordinal="0" offset="34" sl="371" sc="9" el="371" ec="9" bec="0" bev="0" fileid="4" />
                <SequencePoint vc="0" uspid="12233" ordinal="0" offset="35" sl="368" sc="40" el="368" ec="40" bec="0" bev="0" fileid="4" />
                <SequencePoint vc="0" uspid="12234" ordinal="0" offset="39" sl="368" sc="25" el="368" ec="25" bec="0" bev="0" fileid="4" />
                <SequencePoint vc="0" uspid="12235" ordinal="0" offset="52" sl="372" sc="9" el="372" ec="9" bec="0" bev="0" fileid="4" />
                <SequencePoint vc="0" uspid="12236" ordinal="0" offset="56" sl="373" sc="5" el="373" ec="5" bec="0" bev="0" fileid="4" />
              </SequencePoints>
              <BranchPoints />
            </Method>
            <Method visited="false" cyclomaticComplexity="0" nPathComplexity="0" sequenceCoverage="0.0" branchCoverage="0" crapScore="0" isConstructor="false" isStatic="false" isGetter="false" isSetter="false">
              <Summary numSequencePoints="16" visitedSequencePoints="0" numBranchPoints="0" visitedBranchPoints="0" sequenceCoverage="0.0" branchCoverage="0" maxCyclomaticComplexity="0" minCyclomaticComplexity="0" maxCrapScore="0" minCrapScore="0" visitedClasses="0" numClasses="0" visitedMethods="0" numMethods="1" />
              <MetadataToken>100663330</MetadataToken>
              <Name>System.Int32[] DataManager::getTotalDeathHistory()</Name>
              <FileRef uid="4" />
              <SequencePoints>
                <SequencePoint vc="0" uspid="12237" ordinal="0" offset="0" sl="375" sc="41" el="375" ec="41" bec="0" bev="0" fileid="4" />
                <SequencePoint vc="0" uspid="12238" ordinal="0" offset="1" sl="376" sc="9" el="376" ec="9" bec="0" bev="0" fileid="4" />
                <SequencePoint vc="0" uspid="12239" ordinal="0" offset="13" sl="377" sc="14" el="377" ec="14" bec="0" bev="0" fileid="4" />
                <SequencePoint vc="0" uspid="12240" ordinal="0" offset="17" sl="377" sc="45" el="377" ec="45" bec="0" bev="0" fileid="4" />
                <SequencePoint vc="0" uspid="12241" ordinal="0" offset="18" sl="378" sc="13" el="378" ec="13" bec="0" bev="0" fileid="4" />
                <SequencePoint vc="0" uspid="12242" ordinal="0" offset="22" sl="379" sc="18" el="379" ec="18" bec="0" bev="0" fileid="4" />
                <SequencePoint vc="0" uspid="12243" ordinal="0" offset="26" sl="379" sc="49" el="379" ec="49" bec="0" bev="0" fileid="4" />
                <SequencePoint vc="0" uspid="12244" ordinal="0" offset="27" sl="380" sc="17" el="380" ec="17" bec="0" bev="0" fileid="4" />
                <SequencePoint vc="0" uspid="12245" ordinal="0" offset="51" sl="381" sc="13" el="381" ec="13" bec="0" bev="0" fileid="4" />
                <SequencePoint vc="0" uspid="12246" ordinal="0" offset="52" sl="379" sc="44" el="379" ec="44" bec="0" bev="0" fileid="4" />
                <SequencePoint vc="0" uspid="12247" ordinal="0" offset="56" sl="379" sc="29" el="379" ec="29" bec="0" bev="0" fileid="4" />
                <SequencePoint vc="0" uspid="12248" ordinal="0" offset="69" sl="382" sc="9" el="382" ec="9" bec="0" bev="0" fileid="4" />
                <SequencePoint vc="0" uspid="12249" ordinal="0" offset="70" sl="377" sc="40" el="377" ec="40" bec="0" bev="0" fileid="4" />
                <SequencePoint vc="0" uspid="12250" ordinal="0" offset="74" sl="377" sc="25" el="377" ec="25" bec="0" bev="0" fileid="4" />
                <SequencePoint vc="0" uspid="12251" ordinal="0" offset="89" sl="383" sc="9" el="383" ec="9" bec="0" bev="0" fileid="4" />
                <SequencePoint vc="0" uspid="12252" ordinal="0" offset="94" sl="384" sc="5" el="384" ec="5" bec="0" bev="0" fileid="4" />
              </SequencePoints>
              <BranchPoints />
            </Method>
            <Method visited="false" cyclomaticComplexity="0" nPathComplexity="0" sequenceCoverage="0.0" branchCoverage="0" crapScore="0" isConstructor="false" isStatic="false" isGetter="false" isSetter="false">
              <Summary numSequencePoints="3" visitedSequencePoints="0" numBranchPoints="0" visitedBranchPoints="0" sequenceCoverage="0.0" branchCoverage="0" maxCyclomaticComplexity="0" minCyclomaticComplexity="0" maxCrapScore="0" minCrapScore="0" visitedClasses="0" numClasses="0" visitedMethods="0" numMethods="1" />
              <MetadataToken>100663331</MetadataToken>
              <Name>System.DateTime DataManager::getCurrentDate()</Name>
              <FileRef uid="4" />
              <SequencePoints>
                <SequencePoint vc="0" uspid="12253" ordinal="0" offset="0" sl="386" sc="0" el="386" ec="0" bec="0" bev="0" fileid="4" />
                <SequencePoint vc="0" uspid="12254" ordinal="0" offset="1" sl="387" sc="0" el="387" ec="0" bec="0" bev="0" fileid="4" />
                <SequencePoint vc="0" uspid="12255" ordinal="0" offset="10" sl="388" sc="0" el="388" ec="0" bec="0" bev="0" fileid="4" />
              </SequencePoints>
              <BranchPoints />
            </Method>
            <Method visited="false" cyclomaticComplexity="0" nPathComplexity="0" sequenceCoverage="0.0" branchCoverage="0" crapScore="0" isConstructor="false" isStatic="false" isGetter="false" isSetter="false">
              <Summary numSequencePoints="3" visitedSequencePoints="0" numBranchPoints="0" visitedBranchPoints="0" sequenceCoverage="0.0" branchCoverage="0" maxCyclomaticComplexity="0" minCyclomaticComplexity="0" maxCrapScore="0" minCrapScore="0" visitedClasses="0" numClasses="0" visitedMethods="0" numMethods="1" />
              <MetadataToken>100663332</MetadataToken>
              <Name>System.Int32 DataManager::getDaysPassed()</Name>
              <FileRef uid="4" />
              <SequencePoints>
                <SequencePoint vc="0" uspid="12256" ordinal="0" offset="0" sl="390" sc="32" el="390" ec="32" bec="0" bev="0" fileid="4" />
                <SequencePoint vc="0" uspid="12257" ordinal="0" offset="1" sl="391" sc="9" el="391" ec="9" bec="0" bev="0" fileid="4" />
                <SequencePoint vc="0" uspid="12258" ordinal="0" offset="30" sl="392" sc="5" el="392" ec="5" bec="0" bev="0" fileid="4" />
              </SequencePoints>
              <BranchPoints />
            </Method>
            <Method visited="false" cyclomaticComplexity="0" nPathComplexity="0" sequenceCoverage="0.0" branchCoverage="0" crapScore="0" isConstructor="false" isStatic="false" isGetter="false" isSetter="false">
              <Summary numSequencePoints="3" visitedSequencePoints="0" numBranchPoints="0" visitedBranchPoints="0" sequenceCoverage="0.0" branchCoverage="0" maxCyclomaticComplexity="0" minCyclomaticComplexity="0" maxCrapScore="0" minCrapScore="0" visitedClasses="0" numClasses="0" visitedMethods="0" numMethods="1" />
              <MetadataToken>100663333</MetadataToken>
              <Name>System.Single DataManager::getPolicyIndex(System.Int32, System.Int32)</Name>
              <FileRef uid="4" />
              <SequencePoints>
                <SequencePoint vc="0" uspid="12259" ordinal="0" offset="0" sl="394" sc="65" el="394" ec="65" bec="0" bev="0" fileid="4" />
                <SequencePoint vc="0" uspid="12260" ordinal="0" offset="1" sl="395" sc="9" el="395" ec="9" bec="0" bev="0" fileid="4" />
                <SequencePoint vc="0" uspid="12261" ordinal="0" offset="17" sl="396" sc="5" el="396" ec="5" bec="0" bev="0" fileid="4" />
              </SequencePoints>
              <BranchPoints />
            </Method>
            <Method visited="false" cyclomaticComplexity="0" nPathComplexity="0" sequenceCoverage="0.0" branchCoverage="0" crapScore="0" isConstructor="false" isStatic="false" isGetter="false" isSetter="false">
              <Summary numSequencePoints="11" visitedSequencePoints="0" numBranchPoints="0" visitedBranchPoints="0" sequenceCoverage="0.0" branchCoverage="0" maxCyclomaticComplexity="0" minCyclomaticComplexity="0" maxCrapScore="0" minCrapScore="0" visitedClasses="0" numClasses="0" visitedMethods="0" numMethods="1" />
              <MetadataToken>100663334</MetadataToken>
              <Name>System.Single DataManager::getAveragePolicyIndex(System.Int32)</Name>
              <FileRef uid="4" />
              <SequencePoints>
                <SequencePoint vc="0" uspid="12262" ordinal="0" offset="0" sl="398" sc="57" el="398" ec="57" bec="0" bev="0" fileid="4" />
                <SequencePoint vc="0" uspid="12263" ordinal="0" offset="1" sl="399" sc="9" el="399" ec="9" bec="0" bev="0" fileid="4" />
                <SequencePoint vc="0" uspid="12264" ordinal="0" offset="7" sl="400" sc="14" el="400" ec="14" bec="0" bev="0" fileid="4" />
                <SequencePoint vc="0" uspid="12265" ordinal="0" offset="11" sl="400" sc="45" el="400" ec="45" bec="0" bev="0" fileid="4" />
                <SequencePoint vc="0" uspid="12266" ordinal="0" offset="12" sl="401" sc="13" el="401" ec="13" bec="0" bev="0" fileid="4" />
                <SequencePoint vc="0" uspid="12267" ordinal="0" offset="28" sl="402" sc="9" el="402" ec="9" bec="0" bev="0" fileid="4" />
                <SequencePoint vc="0" uspid="12268" ordinal="0" offset="29" sl="400" sc="40" el="400" ec="40" bec="0" bev="0" fileid="4" />
                <SequencePoint vc="0" uspid="12269" ordinal="0" offset="33" sl="400" sc="25" el="400" ec="25" bec="0" bev="0" fileid="4" />
                <SequencePoint vc="0" uspid="12270" ordinal="0" offset="46" sl="403" sc="9" el="403" ec="9" bec="0" bev="0" fileid="4" />
                <SequencePoint vc="0" uspid="12271" ordinal="0" offset="56" sl="404" sc="9" el="404" ec="9" bec="0" bev="0" fileid="4" />
                <SequencePoint vc="0" uspid="12272" ordinal="0" offset="60" sl="405" sc="5" el="405" ec="5" bec="0" bev="0" fileid="4" />
              </SequencePoints>
              <BranchPoints />
            </Method>
            <Method visited="false" cyclomaticComplexity="0" nPathComplexity="0" sequenceCoverage="0.0" branchCoverage="0" crapScore="0" isConstructor="false" isStatic="false" isGetter="false" isSetter="false">
              <Summary numSequencePoints="3" visitedSequencePoints="0" numBranchPoints="0" visitedBranchPoints="0" sequenceCoverage="0.0" branchCoverage="0" maxCyclomaticComplexity="0" minCyclomaticComplexity="0" maxCrapScore="0" minCrapScore="0" visitedClasses="0" numClasses="0" visitedMethods="0" numMethods="1" />
              <MetadataToken>100663335</MetadataToken>
              <Name>System.Single DataManager::getWaitTime()</Name>
              <FileRef uid="4" />
              <SequencePoints>
                <SequencePoint vc="0" uspid="12273" ordinal="0" offset="0" sl="407" sc="32" el="407" ec="32" bec="0" bev="0" fileid="4" />
                <SequencePoint vc="0" uspid="12274" ordinal="0" offset="1" sl="408" sc="9" el="408" ec="9" bec="0" bev="0" fileid="4" />
                <SequencePoint vc="0" uspid="12275" ordinal="0" offset="10" sl="409" sc="5" el="409" ec="5" bec="0" bev="0" fileid="4" />
              </SequencePoints>
              <BranchPoints />
            </Method>
            <Method visited="false" cyclomaticComplexity="0" nPathComplexity="0" sequenceCoverage="0.0" branchCoverage="0" crapScore="0" isConstructor="false" isStatic="false" isGetter="false" isSetter="false">
              <Summary numSequencePoints="22" visitedSequencePoints="0" numBranchPoints="0" visitedBranchPoints="0" sequenceCoverage="0.0" branchCoverage="0" maxCyclomaticComplexity="0" minCyclomaticComplexity="0" maxCrapScore="0" minCrapScore="0" visitedClasses="0" numClasses="0" visitedMethods="0" numMethods="1" />
              <MetadataToken>100663336</MetadataToken>
              <Name>System.Void DataManager::updateDeath(System.Int32[])</Name>
              <FileRef uid="4" />
              <SequencePoints>
                <SequencePoint vc="0" uspid="12276" ordinal="0" offset="0" sl="413" sc="42" el="413" ec="42" bec="0" bev="0" fileid="4" />
                <SequencePoint vc="0" uspid="12277" ordinal="0" offset="1" sl="414" sc="9" el="414" ec="9" bec="0" bev="0" fileid="4" />
                <SequencePoint vc="0" uspid="12278" ordinal="0" offset="8" sl="415" sc="9" el="415" ec="9" bec="0" bev="0" fileid="4" />
                <SequencePoint vc="0" uspid="12279" ordinal="0" offset="15" sl="416" sc="14" el="416" ec="14" bec="0" bev="0" fileid="4" />
                <SequencePoint vc="0" uspid="12280" ordinal="0" offset="19" sl="416" sc="45" el="416" ec="45" bec="0" bev="0" fileid="4" />
                <SequencePoint vc="0" uspid="12281" ordinal="0" offset="20" sl="417" sc="13" el="417" ec="13" bec="0" bev="0" fileid="4" />
                <SequencePoint vc="0" uspid="12282" ordinal="0" offset="35" sl="418" sc="18" el="418" ec="18" bec="0" bev="0" fileid="4" />
                <SequencePoint vc="0" uspid="12283" ordinal="0" offset="39" sl="418" sc="49" el="418" ec="49" bec="0" bev="0" fileid="4" />
                <SequencePoint vc="0" uspid="12284" ordinal="0" offset="40" sl="419" sc="17" el="419" ec="17" bec="0" bev="0" fileid="4" />
                <SequencePoint vc="0" uspid="12285" ordinal="0" offset="55" sl="419" sc="43" el="419" ec="43" bec="0" bev="0" fileid="4" />
                <SequencePoint vc="0" uspid="12286" ordinal="0" offset="56" sl="421" sc="21" el="421" ec="21" bec="0" bev="0" fileid="4" />
                <SequencePoint vc="0" uspid="12287" ordinal="0" offset="77" sl="422" sc="17" el="422" ec="17" bec="0" bev="0" fileid="4" />
                <SequencePoint vc="0" uspid="12288" ordinal="0" offset="80" sl="422" sc="24" el="422" ec="24" bec="0" bev="0" fileid="4" />
                <SequencePoint vc="0" uspid="12289" ordinal="0" offset="81" sl="424" sc="21" el="424" ec="21" bec="0" bev="0" fileid="4" />
                <SequencePoint vc="0" uspid="12290" ordinal="0" offset="109" sl="425" sc="17" el="425" ec="17" bec="0" bev="0" fileid="4" />
                <SequencePoint vc="0" uspid="12291" ordinal="0" offset="110" sl="427" sc="13" el="427" ec="13" bec="0" bev="0" fileid="4" />
                <SequencePoint vc="0" uspid="12292" ordinal="0" offset="111" sl="418" sc="44" el="418" ec="44" bec="0" bev="0" fileid="4" />
                <SequencePoint vc="0" uspid="12293" ordinal="0" offset="115" sl="418" sc="29" el="418" ec="29" bec="0" bev="0" fileid="4" />
                <SequencePoint vc="0" uspid="12294" ordinal="0" offset="130" sl="428" sc="9" el="428" ec="9" bec="0" bev="0" fileid="4" />
                <SequencePoint vc="0" uspid="12295" ordinal="0" offset="131" sl="416" sc="40" el="416" ec="40" bec="0" bev="0" fileid="4" />
                <SequencePoint vc="0" uspid="12296" ordinal="0" offset="135" sl="416" sc="25" el="416" ec="25" bec="0" bev="0" fileid="4" />
                <SequencePoint vc="0" uspid="12297" ordinal="0" offset="153" sl="429" sc="5" el="429" ec="5" bec="0" bev="0" fileid="4" />
              </SequencePoints>
              <BranchPoints />
            </Method>
            <Method visited="false" cyclomaticComplexity="0" nPathComplexity="0" sequenceCoverage="0.0" branchCoverage="0" crapScore="0" isConstructor="false" isStatic="false" isGetter="false" isSetter="false">
              <Summary numSequencePoints="22" visitedSequencePoints="0" numBranchPoints="0" visitedBranchPoints="0" sequenceCoverage="0.0" branchCoverage="0" maxCyclomaticComplexity="0" minCyclomaticComplexity="0" maxCrapScore="0" minCrapScore="0" visitedClasses="0" numClasses="0" visitedMethods="0" numMethods="1" />
              <MetadataToken>100663337</MetadataToken>
              <Name>System.Void DataManager::updateInfection(System.Int32[])</Name>
              <FileRef uid="4" />
              <SequencePoints>
                <SequencePoint vc="0" uspid="12298" ordinal="0" offset="0" sl="431" sc="50" el="431" ec="50" bec="0" bev="0" fileid="4" />
                <SequencePoint vc="0" uspid="12299" ordinal="0" offset="1" sl="432" sc="9" el="432" ec="9" bec="0" bev="0" fileid="4" />
                <SequencePoint vc="0" uspid="12300" ordinal="0" offset="8" sl="433" sc="9" el="433" ec="9" bec="0" bev="0" fileid="4" />
                <SequencePoint vc="0" uspid="12301" ordinal="0" offset="15" sl="434" sc="14" el="434" ec="14" bec="0" bev="0" fileid="4" />
                <SequencePoint vc="0" uspid="12302" ordinal="0" offset="19" sl="434" sc="45" el="434" ec="45" bec="0" bev="0" fileid="4" />
                <SequencePoint vc="0" uspid="12303" ordinal="0" offset="20" sl="435" sc="13" el="435" ec="13" bec="0" bev="0" fileid="4" />
                <SequencePoint vc="0" uspid="12304" ordinal="0" offset="35" sl="436" sc="18" el="436" ec="18" bec="0" bev="0" fileid="4" />
                <SequencePoint vc="0" uspid="12305" ordinal="0" offset="39" sl="436" sc="49" el="436" ec="49" bec="0" bev="0" fileid="4" />
                <SequencePoint vc="0" uspid="12306" ordinal="0" offset="40" sl="437" sc="17" el="437" ec="17" bec="0" bev="0" fileid="4" />
                <SequencePoint vc="0" uspid="12307" ordinal="0" offset="55" sl="437" sc="43" el="437" ec="43" bec="0" bev="0" fileid="4" />
                <SequencePoint vc="0" uspid="12308" ordinal="0" offset="56" sl="438" sc="21" el="438" ec="21" bec="0" bev="0" fileid="4" />
                <SequencePoint vc="0" uspid="12309" ordinal="0" offset="77" sl="440" sc="17" el="440" ec="17" bec="0" bev="0" fileid="4" />
                <SequencePoint vc="0" uspid="12310" ordinal="0" offset="80" sl="440" sc="24" el="440" ec="24" bec="0" bev="0" fileid="4" />
                <SequencePoint vc="0" uspid="12311" ordinal="0" offset="81" sl="441" sc="21" el="441" ec="21" bec="0" bev="0" fileid="4" />
                <SequencePoint vc="0" uspid="12312" ordinal="0" offset="109" sl="443" sc="17" el="443" ec="17" bec="0" bev="0" fileid="4" />
                <SequencePoint vc="0" uspid="12313" ordinal="0" offset="110" sl="446" sc="13" el="446" ec="13" bec="0" bev="0" fileid="4" />
                <SequencePoint vc="0" uspid="12314" ordinal="0" offset="111" sl="436" sc="44" el="436" ec="44" bec="0" bev="0" fileid="4" />
[...]
                <SequencePoint vc="0" uspid="14303" ordinal="0" offset="26" sl="50" sc="9" el="50" ec="9" bec="0" bev="0" fileid="52" />
                <SequencePoint vc="0" uspid="14304" ordinal="0" offset="44" sl="51" sc="5" el="51" ec="5" bec="0" bev="0" fileid="52" />
              </SequencePoints>
              <BranchPoints />
            </Method>
            <Method visited="false" cyclomaticComplexity="0" nPathComplexity="0" sequenceCoverage="0.0" branchCoverage="0" crapScore="0" isConstructor="false" isStatic="false" isGetter="false" isSetter="false">
              <Summary numSequencePoints="6" visitedSequencePoints="0" numBranchPoints="0" visitedBranchPoints="0" sequenceCoverage="0.0" branchCoverage="0" maxCyclomaticComplexity="0" minCyclomaticComplexity="0" maxCrapScore="0" minCrapScore="0" visitedClasses="0" numClasses="0" visitedMethods="0" numMethods="1" />
              <MetadataToken>100663308</MetadataToken>
              <Name>System.Void TestInfoBlock::GetDensity_IsCorrect()</Name>
              <FileRef uid="52" />
              <SequencePoints>
                <SequencePoint vc="0" uspid="14305" ordinal="0" offset="0" sl="55" sc="5" el="55" ec="5" bec="0" bev="0" fileid="52" />
                <SequencePoint vc="0" uspid="14306" ordinal="0" offset="1" sl="57" sc="9" el="57" ec="9" bec="0" bev="0" fileid="52" />
                <SequencePoint vc="0" uspid="14307" ordinal="0" offset="12" sl="58" sc="9" el="58" ec="9" bec="0" bev="0" fileid="52" />
                <SequencePoint vc="0" uspid="14308" ordinal="0" offset="18" sl="61" sc="9" el="61" ec="9" bec="0" bev="0" fileid="52" />
                <SequencePoint vc="0" uspid="14309" ordinal="0" offset="26" sl="64" sc="9" el="64" ec="9" bec="0" bev="0" fileid="52" />
                <SequencePoint vc="0" uspid="14310" ordinal="0" offset="44" sl="65" sc="5" el="65" ec="5" bec="0" bev="0" fileid="52" />
              </SequencePoints>
              <BranchPoints />
            </Method>
          </Methods>
        </Class>
        <Class>
          <Summary numSequencePoints="90" visitedSequencePoints="0" numBranchPoints="0" visitedBranchPoints="0" sequenceCoverage="0.0" branchCoverage="0.0" maxCyclomaticComplexity="0" minCyclomaticComplexity="0" maxCrapScore="0" minCrapScore="0" visitedClasses="0" numClasses="1" visitedMethods="0" numMethods="6" />
          <FullName>TestModel</FullName>
          <Methods>
            <Method visited="false" cyclomaticComplexity="0" nPathComplexity="0" sequenceCoverage="0.0" branchCoverage="0" crapScore="0" isConstructor="false" isStatic="false" isGetter="false" isSetter="false">
              <Summary numSequencePoints="3" visitedSequencePoints="0" numBranchPoints="0" visitedBranchPoints="0" sequenceCoverage="0.0" branchCoverage="0" maxCyclomaticComplexity="0" minCyclomaticComplexity="0" maxCrapScore="0" minCrapScore="0" visitedClasses="0" numClasses="0" visitedMethods="0" numMethods="1" />
              <MetadataToken>100663310</MetadataToken>
              <Name>System.Void TestModel::Setup()</Name>
              <FileRef uid="53" />
              <SequencePoints>
                <SequencePoint vc="0" uspid="14311" ordinal="0" offset="0" sl="15" sc="5" el="15" ec="5" bec="0" bev="0" fileid="53" />
                <SequencePoint vc="0" uspid="14312" ordinal="0" offset="1" sl="16" sc="9" el="16" ec="9" bec="0" bev="0" fileid="53" />
                <SequencePoint vc="0" uspid="14313" ordinal="0" offset="22" sl="17" sc="5" el="17" ec="5" bec="0" bev="0" fileid="53" />
              </SequencePoints>
              <BranchPoints />
            </Method>
            <Method visited="false" cyclomaticComplexity="0" nPathComplexity="0" sequenceCoverage="0.0" branchCoverage="0" crapScore="0" isConstructor="false" isStatic="false" isGetter="false" isSetter="false">
              <Summary numSequencePoints="39" visitedSequencePoints="0" numBranchPoints="0" visitedBranchPoints="0" sequenceCoverage="0.0" branchCoverage="0" maxCyclomaticComplexity="0" minCyclomaticComplexity="0" maxCrapScore="0" minCrapScore="0" visitedClasses="0" numClasses="0" visitedMethods="0" numMethods="1" />
              <MetadataToken>100663311</MetadataToken>
              <Name>System.Void TestModel::CalculateNewSatisfaction_ReturnsCorrectSatisfaction()</Name>
              <FileRef uid="53" />
              <SequencePoints>
                <SequencePoint vc="0" uspid="14314" ordinal="0" offset="0" sl="21" sc="5" el="21" ec="5" bec="0" bev="0" fileid="53" />
                <SequencePoint vc="0" uspid="14315" ordinal="0" offset="1" sl="22" sc="9" el="22" ec="9" bec="0" bev="0" fileid="53" />
                <SequencePoint vc="0" uspid="14316" ordinal="0" offset="11" sl="23" sc="9" el="23" ec="9" bec="0" bev="0" fileid="53" />
                <SequencePoint vc="0" uspid="14317" ordinal="0" offset="14" sl="24" sc="9" el="24" ec="9" bec="0" bev="0" fileid="53" />
                <SequencePoint vc="0" uspid="14318" ordinal="0" offset="24" sl="25" sc="9" el="25" ec="9" bec="0" bev="0" fileid="53" />
                <SequencePoint vc="0" uspid="14319" ordinal="0" offset="27" sl="26" sc="9" el="26" ec="9" bec="0" bev="0" fileid="53" />
                <SequencePoint vc="0" uspid="14320" ordinal="0" offset="30" sl="27" sc="9" el="27" ec="9" bec="0" bev="0" fileid="53" />
                <SequencePoint vc="0" uspid="14321" ordinal="0" offset="34" sl="31" sc="9" el="31" ec="9" bec="0" bev="0" fileid="53" />
                <SequencePoint vc="0" uspid="14322" ordinal="0" offset="38" sl="33" sc="9" el="33" ec="9" bec="0" bev="0" fileid="53" />
                <SequencePoint vc="0" uspid="14323" ordinal="0" offset="59" sl="36" sc="9" el="36" ec="9" bec="0" bev="0" fileid="53" />
                <SequencePoint vc="0" uspid="14324" ordinal="0" offset="79" sl="39" sc="9" el="39" ec="9" bec="0" bev="0" fileid="53" />
                <SequencePoint vc="0" uspid="14325" ordinal="0" offset="89" sl="41" sc="9" el="41" ec="9" bec="0" bev="0" fileid="53" />
                <SequencePoint vc="0" uspid="14326" ordinal="0" offset="110" sl="44" sc="9" el="44" ec="9" bec="0" bev="0" fileid="53" />
                <SequencePoint vc="0" uspid="14327" ordinal="0" offset="114" sl="46" sc="9" el="46" ec="9" bec="0" bev="0" fileid="53" />
                <SequencePoint vc="0" uspid="14328" ordinal="0" offset="134" sl="49" sc="9" el="49" ec="9" bec="0" bev="0" fileid="53" />
                <SequencePoint vc="0" uspid="14329" ordinal="0" offset="136" sl="51" sc="9" el="51" ec="9" bec="0" bev="0" fileid="53" />
                <SequencePoint vc="0" uspid="14330" ordinal="0" offset="157" sl="54" sc="9" el="54" ec="9" bec="0" bev="0" fileid="53" />
                <SequencePoint vc="0" uspid="14331" ordinal="0" offset="161" sl="56" sc="9" el="56" ec="9" bec="0" bev="0" fileid="53" />
                <SequencePoint vc="0" uspid="14332" ordinal="0" offset="181" sl="59" sc="9" el="59" ec="9" bec="0" bev="0" fileid="53" />
                <SequencePoint vc="0" uspid="14333" ordinal="0" offset="187" sl="61" sc="9" el="61" ec="9" bec="0" bev="0" fileid="53" />
                <SequencePoint vc="0" uspid="14334" ordinal="0" offset="208" sl="64" sc="9" el="64" ec="9" bec="0" bev="0" fileid="53" />
                <SequencePoint vc="0" uspid="14335" ordinal="0" offset="212" sl="66" sc="9" el="66" ec="9" bec="0" bev="0" fileid="53" />
                <SequencePoint vc="0" uspid="14336" ordinal="0" offset="232" sl="70" sc="9" el="70" ec="9" bec="0" bev="0" fileid="53" />
                <SequencePoint vc="0" uspid="14337" ordinal="0" offset="234" sl="72" sc="9" el="72" ec="9" bec="0" bev="0" fileid="53" />
                <SequencePoint vc="0" uspid="14338" ordinal="0" offset="237" sl="74" sc="9" el="74" ec="9" bec="0" bev="0" fileid="53" />
                <SequencePoint vc="0" uspid="14339" ordinal="0" offset="258" sl="77" sc="9" el="77" ec="9" bec="0" bev="0" fileid="53" />
                <SequencePoint vc="0" uspid="14340" ordinal="0" offset="262" sl="79" sc="9" el="79" ec="9" bec="0" bev="0" fileid="53" />
                <SequencePoint vc="0" uspid="14341" ordinal="0" offset="282" sl="82" sc="9" el="82" ec="9" bec="0" bev="0" fileid="53" />
                <SequencePoint vc="0" uspid="14342" ordinal="0" offset="286" sl="84" sc="9" el="84" ec="9" bec="0" bev="0" fileid="53" />
                <SequencePoint vc="0" uspid="14343" ordinal="0" offset="307" sl="87" sc="9" el="87" ec="9" bec="0" bev="0" fileid="53" />
                <SequencePoint vc="0" uspid="14344" ordinal="0" offset="311" sl="89" sc="9" el="89" ec="9" bec="0" bev="0" fileid="53" />
                <SequencePoint vc="0" uspid="14345" ordinal="0" offset="331" sl="92" sc="9" el="92" ec="9" bec="0" bev="0" fileid="53" />
                <SequencePoint vc="0" uspid="14346" ordinal="0" offset="334" sl="94" sc="9" el="94" ec="9" bec="0" bev="0" fileid="53" />
                <SequencePoint vc="0" uspid="14347" ordinal="0" offset="344" sl="95" sc="9" el="95" ec="9" bec="0" bev="0" fileid="53" />
                <SequencePoint vc="0" uspid="14348" ordinal="0" offset="350" sl="96" sc="9" el="96" ec="9" bec="0" bev="0" fileid="53" />
                <SequencePoint vc="0" uspid="14349" ordinal="0" offset="353" sl="98" sc="9" el="98" ec="9" bec="0" bev="0" fileid="53" />
                <SequencePoint vc="0" uspid="14350" ordinal="0" offset="374" sl="101" sc="9" el="101" ec="9" bec="0" bev="0" fileid="53" />
                <SequencePoint vc="0" uspid="14351" ordinal="0" offset="377" sl="103" sc="9" el="103" ec="9" bec="0" bev="0" fileid="53" />
                <SequencePoint vc="0" uspid="14352" ordinal="0" offset="397" sl="105" sc="5" el="105" ec="5" bec="0" bev="0" fileid="53" />
              </SequencePoints>
              <BranchPoints />
            </Method>
            <Method visited="false" cyclomaticComplexity="0" nPathComplexity="0" sequenceCoverage="0.0" branchCoverage="0" crapScore="0" isConstructor="false" isStatic="false" isGetter="false" isSetter="false">
              <Summary numSequencePoints="26" visitedSequencePoints="0" numBranchPoints="0" visitedBranchPoints="0" sequenceCoverage="0.0" branchCoverage="0" maxCyclomaticComplexity="0" minCyclomaticComplexity="0" maxCrapScore="0" minCrapScore="0" visitedClasses="0" numClasses="0" visitedMethods="0" numMethods="1" />
              <MetadataToken>100663312</MetadataToken>
              <Name>System.Void TestModel::CalculateNewDailyDeath_ReturnsCorrectDeaths()</Name>
              <FileRef uid="53" />
              <SequencePoints>
                <SequencePoint vc="0" uspid="14353" ordinal="0" offset="0" sl="109" sc="5" el="109" ec="5" bec="0" bev="0" fileid="53" />
                <SequencePoint vc="0" uspid="14354" ordinal="0" offset="1" sl="110" sc="9" el="110" ec="9" bec="0" bev="0" fileid="53" />
                <SequencePoint vc="0" uspid="14355" ordinal="0" offset="7" sl="112" sc="9" el="112" ec="9" bec="0" bev="0" fileid="53" />
                <SequencePoint vc="0" uspid="14356" ordinal="0" offset="13" sl="113" sc="9" el="113" ec="9" bec="0" bev="0" fileid="53" />
                <SequencePoint vc="0" uspid="14357" ordinal="0" offset="19" sl="115" sc="9" el="115" ec="9" bec="0" bev="0" fileid="53" />
                <SequencePoint vc="0" uspid="14358" ordinal="0" offset="29" sl="118" sc="9" el="118" ec="9" bec="0" bev="0" fileid="53" />
                <SequencePoint vc="0" uspid="14359" ordinal="0" offset="46" sl="120" sc="9" el="120" ec="9" bec="0" bev="0" fileid="53" />
                <SequencePoint vc="0" uspid="14360" ordinal="0" offset="64" sl="123" sc="9" el="123" ec="9" bec="0" bev="0" fileid="53" />
                <SequencePoint vc="0" uspid="14361" ordinal="0" offset="70" sl="124" sc="9" el="124" ec="9" bec="0" bev="0" fileid="53" />
                <SequencePoint vc="0" uspid="14362" ordinal="0" offset="73" sl="126" sc="9" el="126" ec="9" bec="0" bev="0" fileid="53" />
                <SequencePoint vc="0" uspid="14363" ordinal="0" offset="83" sl="128" sc="9" el="128" ec="9" bec="0" bev="0" fileid="53" />
                <SequencePoint vc="0" uspid="14364" ordinal="0" offset="100" sl="130" sc="9" el="130" ec="9" bec="0" bev="0" fileid="53" />
                <SequencePoint vc="0" uspid="14365" ordinal="0" offset="118" sl="133" sc="9" el="133" ec="9" bec="0" bev="0" fileid="53" />
                <SequencePoint vc="0" uspid="14366" ordinal="0" offset="121" sl="134" sc="9" el="134" ec="9" bec="0" bev="0" fileid="53" />
                <SequencePoint vc="0" uspid="14367" ordinal="0" offset="124" sl="136" sc="9" el="136" ec="9" bec="0" bev="0" fileid="53" />
                <SequencePoint vc="0" uspid="14368" ordinal="0" offset="134" sl="138" sc="9" el="138" ec="9" bec="0" bev="0" fileid="53" />
                <SequencePoint vc="0" uspid="14369" ordinal="0" offset="151" sl="140" sc="9" el="140" ec="9" bec="0" bev="0" fileid="53" />
                <SequencePoint vc="0" uspid="14370" ordinal="0" offset="169" sl="143" sc="9" el="143" ec="9" bec="0" bev="0" fileid="53" />
                <SequencePoint vc="0" uspid="14371" ordinal="0" offset="171" sl="144" sc="9" el="144" ec="9" bec="0" bev="0" fileid="53" />
                <SequencePoint vc="0" uspid="14372" ordinal="0" offset="173" sl="146" sc="9" el="146" ec="9" bec="0" bev="0" fileid="53" />
                <SequencePoint vc="0" uspid="14373" ordinal="0" offset="183" sl="148" sc="9" el="148" ec="9" bec="0" bev="0" fileid="53" />
                <SequencePoint vc="0" uspid="14374" ordinal="0" offset="200" sl="150" sc="9" el="150" ec="9" bec="0" bev="0" fileid="53" />
                <SequencePoint vc="0" uspid="14375" ordinal="0" offset="218" sl="153" sc="9" el="153" ec="9" bec="0" bev="0" fileid="53" />
                <SequencePoint vc="0" uspid="14376" ordinal="0" offset="220" sl="154" sc="9" el="154" ec="9" bec="0" bev="0" fileid="53" />
                <SequencePoint vc="0" uspid="14377" ordinal="0" offset="236" sl="155" sc="9" el="155" ec="9" bec="0" bev="0" fileid="53" />
                <SequencePoint vc="0" uspid="14378" ordinal="0" offset="255" sl="157" sc="5" el="157" ec="5" bec="0" bev="0" fileid="53" />
              </SequencePoints>
              <BranchPoints />
            </Method>
            <Method visited="false" cyclomaticComplexity="0" nPathComplexity="0" sequenceCoverage="0.0" branchCoverage="0" crapScore="0" isConstructor="false" isStatic="false" isGetter="false" isSetter="false">
              <Summary numSequencePoints="10" visitedSequencePoints="0" numBranchPoints="0" visitedBranchPoints="0" sequenceCoverage="0.0" branchCoverage="0" maxCyclomaticComplexity="0" minCyclomaticComplexity="0" maxCrapScore="0" minCrapScore="0" visitedClasses="0" numClasses="0" visitedMethods="0" numMethods="1" />
              <MetadataToken>100663313</MetadataToken>
              <Name>System.Void TestModel::CalculateNewDailyInfection_ReturnsCorrectInfections()</Name>
              <FileRef uid="53" />
              <SequencePoints>
                <SequencePoint vc="0" uspid="14379" ordinal="0" offset="0" sl="161" sc="5" el="161" ec="5" bec="0" bev="0" fileid="53" />
                <SequencePoint vc="0" uspid="14380" ordinal="0" offset="1" sl="162" sc="9" el="162" ec="9" bec="0" bev="0" fileid="53" />
                <SequencePoint vc="0" uspid="14381" ordinal="0" offset="11" sl="163" sc="9" el="163" ec="9" bec="0" bev="0" fileid="53" />
                <SequencePoint vc="0" uspid="14382" ordinal="0" offset="14" sl="164" sc="9" el="164" ec="9" bec="0" bev="0" fileid="53" />
                <SequencePoint vc="0" uspid="14383" ordinal="0" offset="24" sl="165" sc="9" el="165" ec="9" bec="0" bev="0" fileid="53" />
                <SequencePoint vc="0" uspid="14384" ordinal="0" offset="30" sl="166" sc="9" el="166" ec="9" bec="0" bev="0" fileid="53" />
                <SequencePoint vc="0" uspid="14385" ordinal="0" offset="33" sl="168" sc="9" el="168" ec="9" bec="0" bev="0" fileid="53" />
                <SequencePoint vc="0" uspid="14386" ordinal="0" offset="36" sl="170" sc="9" el="170" ec="9" bec="0" bev="0" fileid="53" />
                <SequencePoint vc="0" uspid="14387" ordinal="0" offset="55" sl="172" sc="9" el="172" ec="9" bec="0" bev="0" fileid="53" />
                <SequencePoint vc="0" uspid="14388" ordinal="0" offset="75" sl="173" sc="5" el="173" ec="5" bec="0" bev="0" fileid="53" />
              </SequencePoints>
              <BranchPoints />
            </Method>
            <Method visited="false" cyclomaticComplexity="0" nPathComplexity="0" sequenceCoverage="0.0" branchCoverage="0" crapScore="0" isConstructor="false" isStatic="false" isGetter="false" isSetter="false">
              <Summary numSequencePoints="6" visitedSequencePoints="0" numBranchPoints="0" visitedBranchPoints="0" sequenceCoverage="0.0" branchCoverage="0" maxCyclomaticComplexity="0" minCyclomaticComplexity="0" maxCrapScore="0" minCrapScore="0" visitedClasses="0" numClasses="0" visitedMethods="0" numMethods="1" />
              <MetadataToken>100663314</MetadataToken>
              <Name>System.Void TestModel::StringencyIndex_ReturnsCorrectIndex()</Name>
              <FileRef uid="53" />
              <SequencePoints>
                <SequencePoint vc="0" uspid="14389" ordinal="0" offset="0" sl="177" sc="5" el="177" ec="5" bec="0" bev="0" fileid="53" />
                <SequencePoint vc="0" uspid="14390" ordinal="0" offset="1" sl="178" sc="9" el="178" ec="9" bec="0" bev="0" fileid="53" />
                <SequencePoint vc="0" uspid="14391" ordinal="0" offset="19" sl="180" sc="9" el="180" ec="9" bec="0" bev="0" fileid="53" />
                <SequencePoint vc="0" uspid="14392" ordinal="0" offset="29" sl="182" sc="9" el="182" ec="9" bec="0" bev="0" fileid="53" />
                <SequencePoint vc="0" uspid="14393" ordinal="0" offset="42" sl="184" sc="9" el="184" ec="9" bec="0" bev="0" fileid="53" />
                <SequencePoint vc="0" uspid="14394" ordinal="0" offset="59" sl="185" sc="5" el="185" ec="5" bec="0" bev="0" fileid="53" />
              </SequencePoints>
              <BranchPoints />
            </Method>
            <Method visited="false" cyclomaticComplexity="0" nPathComplexity="0" sequenceCoverage="0.0" branchCoverage="0" crapScore="0" isConstructor="false" isStatic="false" isGetter="false" isSetter="false">
              <Summary numSequencePoints="6" visitedSequencePoints="0" numBranchPoints="0" visitedBranchPoints="0" sequenceCoverage="0.0" branchCoverage="0" maxCyclomaticComplexity="0" minCyclomaticComplexity="0" maxCrapScore="0" minCrapScore="0" visitedClasses="0" numClasses="0" visitedMethods="0" numMethods="1" />
              <MetadataToken>100663315</MetadataToken>
              <Name>System.Void TestModel::PolicyChangingFrequency_ReturnsCorrectFrequency()</Name>
              <FileRef uid="53" />
              <SequencePoints>
                <SequencePoint vc="0" uspid="14395" ordinal="0" offset="0" sl="189" sc="5" el="189" ec="5" bec="0" bev="0" fileid="53" />
                <SequencePoint vc="0" uspid="14396" ordinal="0" offset="1" sl="190" sc="9" el="190" ec="9" bec="0" bev="0" fileid="53" />
                <SequencePoint vc="0" uspid="14397" ordinal="0" offset="20" sl="192" sc="9" el="192" ec="9" bec="0" bev="0" fileid="53" />
                <SequencePoint vc="0" uspid="14398" ordinal="0" offset="22" sl="194" sc="9" el="194" ec="9" bec="0" bev="0" fileid="53" />
                <SequencePoint vc="0" uspid="14399" ordinal="0" offset="35" sl="196" sc="9" el="196" ec="9" bec="0" bev="0" fileid="53" />
                <SequencePoint vc="0" uspid="14400" ordinal="0" offset="53" sl="197" sc="5" el="197" ec="5" bec="0" bev="0" fileid="53" />
              </SequencePoints>
              <BranchPoints />
            </Method>
          </Methods>
        </Class>
      </Classes>
    </Module>
  </Modules>
</CoverageSession>