<?xml version="1.0" encoding="utf-8"?>
<CoverageSession xmlns:xsd="http://www.w3.org/2001/XMLSchema" xmlns:xsi="http://www.w3.org/2001/XMLSchema-instance" Version="0.0.0.0">
  <Summary numSequencePoints="843" visitedSequencePoints="821" numBranchPoints="0" visitedBranchPoints="0" sequenceCoverage="97.39" branchCoverage="0.0" maxCyclomaticComplexity="0" minCyclomaticComplexity="0" maxCrapScore="0" minCrapScore="0" visitedClasses="17" numClasses="17" visitedMethods="74" numMethods="74" />
  <Modules>
    <Module>
      <Summary numSequencePoints="640" visitedSequencePoints="618" numBranchPoints="0" visitedBranchPoints="0" sequenceCoverage="96.56" branchCoverage="0.0" maxCyclomaticComplexity="0" minCyclomaticComplexity="0" maxCrapScore="0" minCrapScore="0" visitedClasses="14" numClasses="14" visitedMethods="57" numMethods="57" />
      <ModuleTime>0001-01-01T00:00:00</ModuleTime>
      <ModuleName>Scripts</ModuleName>
      <Files>
        <File uid="1" fullPath="D:/Unity/Serious-Game/Assets/Scripts/ChangeSceneController.cs" />
        <File uid="2" fullPath="D:/Unity/Serious-Game/Assets/Scripts/City.cs" />
        <File uid="3" fullPath="D:/Unity/Serious-Game/Assets/Scripts/CitySelectController.cs" />
        <File uid="4" fullPath="D:/Unity/Serious-Game/Assets/Scripts/DataManager.cs" />
        <File uid="5" fullPath="D:/Unity/Serious-Game/Assets/Scripts/DataPaneController.cs" />
        <File uid="6" fullPath="D:/Unity/Serious-Game/Assets/Scripts/DateContent.cs" />
        <File uid="7" fullPath="D:/Unity/Serious-Game/Assets/Scripts/GameEndController.cs" />
        <File uid="8" fullPath="D:/Unity/Serious-Game/Assets/Scripts/GameStartController.cs" />
        <File uid="9" fullPath="D:/Unity/Serious-Game/Assets/Scripts/InfoBlock.cs" />
        <File uid="10" fullPath="D:/Unity/Serious-Game/Assets/Scripts/LineChartController.cs" />
        <File uid="11" fullPath="D:/Unity/Serious-Game/Assets/Scripts/Model.cs" />
        <File uid="12" fullPath="D:/Unity/Serious-Game/Assets/Scripts/News.cs" />
        <File uid="13" fullPath="D:/Unity/Serious-Game/Assets/Scripts/Pace.cs" />
        <File uid="14" fullPath="D:/Unity/Serious-Game/Assets/Scripts/PlayController.cs" />
        <File uid="15" fullPath="D:/Unity/Serious-Game/Assets/Scripts/policyController.cs" />
        <File uid="16" fullPath="D:/Unity/Serious-Game/Assets/Scripts/policySelection.cs" />
        <File uid="17" fullPath="D:/Unity/Serious-Game/Assets/Scripts/PopupController.cs" />
        <File uid="18" fullPath="D:/Unity/Serious-Game/Assets/Scripts/Scripts/CircleSlider.cs" />
        <File uid="19" fullPath="D:/Unity/Serious-Game/Assets/Scripts/Scripts/CircleSliderA.cs" />
        <File uid="20" fullPath="D:/Unity/Serious-Game/Assets/Scripts/Scripts/FourCirclePercent.cs" />
        <File uid="21" fullPath="D:/Unity/Serious-Game/Assets/Scripts/Scripts/FourPercent.cs" />
        <File uid="22" fullPath="D:/Unity/Serious-Game/Assets/Scripts/Scripts/GetTime.cs" />
        <File uid="23" fullPath="D:/Unity/Serious-Game/Assets/Scripts/Scripts/HillPercent.cs" />
        <File uid="24" fullPath="D:/Unity/Serious-Game/Assets/Scripts/Scripts/ImageBoard.cs" />
        <File uid="25" fullPath="D:/Unity/Serious-Game/Assets/Scripts/Scripts/JustRotate.cs" />
        <File uid="26" fullPath="D:/Unity/Serious-Game/Assets/Scripts/Scripts/KeekOrit.cs" />
        <File uid="27" fullPath="D:/Unity/Serious-Game/Assets/Scripts/Scripts/KeepSize.cs" />
        <File uid="28" fullPath="D:/Unity/Serious-Game/Assets/Scripts/Scripts/LineChart.cs" />
        <File uid="29" fullPath="D:/Unity/Serious-Game/Assets/Scripts/Scripts/MyUIShape.cs" />
        <File uid="30" fullPath="D:/Unity/Serious-Game/Assets/Scripts/Scripts/OilGauge.cs" />
        <File uid="31" fullPath="D:/Unity/Serious-Game/Assets/Scripts/Scripts/OilGauge1.cs" />
        <File uid="32" fullPath="D:/Unity/Serious-Game/Assets/Scripts/Scripts/PressedBtn.cs" />
        <File uid="33" fullPath="D:/Unity/Serious-Game/Assets/Scripts/Scripts/RandomEnableAnimator.cs" />
        <File uid="34" fullPath="D:/Unity/Serious-Game/Assets/Scripts/Scripts/RandomNumber.cs" />
        <File uid="35" fullPath="D:/Unity/Serious-Game/Assets/Scripts/Scripts/RandomNumberPro.cs" />
        <File uid="36" fullPath="D:/Unity/Serious-Game/Assets/Scripts/Scripts/RunningNumber.cs" />
        <File uid="37" fullPath="D:/Unity/Serious-Game/Assets/Scripts/Scripts/SimpleProgress.cs" />
        <File uid="38" fullPath="D:/Unity/Serious-Game/Assets/Scripts/Scripts/SimpleProgress1.cs" />
        <File uid="39" fullPath="D:/Unity/Serious-Game/Assets/Scripts/Scripts/SliderRunTo1.cs" />
        <File uid="40" fullPath="D:/Unity/Serious-Game/Assets/Scripts/Scripts/SliderRunTo1A.cs" />
        <File uid="41" fullPath="D:/Unity/Serious-Game/Assets/Scripts/Scripts/SliderValuePass.cs" />
        <File uid="42" fullPath="D:/Unity/Serious-Game/Assets/Scripts/Scripts/Spider.cs" />
        <File uid="43" fullPath="D:/Unity/Serious-Game/Assets/Scripts/Scripts/TextChangeMyColor.cs" />
        <File uid="44" fullPath="D:/Unity/Serious-Game/Assets/Scripts/Scripts/TextColorControl.cs" />
        <File uid="45" fullPath="D:/Unity/Serious-Game/Assets/Scripts/Scripts/ThreePercent.cs" />
        <File uid="46" fullPath="D:/Unity/Serious-Game/Assets/Scripts/Scripts/UIPolygon.cs" />
        <File uid="47" fullPath="D:/Unity/Serious-Game/Assets/Scripts/Scripts/Wavecircle.cs" />
        <File uid="48" fullPath="D:/Unity/Serious-Game/Assets/Scripts/SocialMediaMessageController.cs" />
        <File uid="49" fullPath="D:/Unity/Serious-Game/Assets/Scripts/TutorialController.cs" />
        <File uid="50" fullPath="D:/Unity/Serious-Game/Assets/Scripts/UpdateInfection.cs" />
      </Files>
      <Classes>
        <Class>
          <Summary numSequencePoints="41" visitedSequencePoints="41" numBranchPoints="0" visitedBranchPoints="0" sequenceCoverage="100.0" branchCoverage="0.0" maxCyclomaticComplexity="0" minCyclomaticComplexity="0" maxCrapScore="0" minCrapScore="0" visitedClasses="1" numClasses="1" visitedMethods="2" numMethods="2" />
          <FullName>CitySelectController</FullName>
          <Methods>
            <Method visited="true" cyclomaticComplexity="0" nPathComplexity="0" sequenceCoverage="100.0" branchCoverage="0" crapScore="0" isConstructor="false" isStatic="false" isGetter="false" isSetter="false">
              <Summary numSequencePoints="36" visitedSequencePoints="36" numBranchPoints="0" visitedBranchPoints="0" sequenceCoverage="100.0" branchCoverage="0" maxCyclomaticComplexity="0" minCyclomaticComplexity="0" maxCrapScore="0" minCrapScore="0" visitedClasses="0" numClasses="0" visitedMethods="1" numMethods="1" />
              <MetadataToken>100663305</MetadataToken>
              <Name>System.Void CitySelectController::init()</Name>
              <FileRef uid="3" />
              <SequencePoints>
                <SequencePoint vc="2" uspid="14420" ordinal="0" offset="0" sl="16" sc="25" el="16" ec="25" bec="0" bev="0" fileid="3" />
                <SequencePoint vc="2" uspid="14421" ordinal="0" offset="1" sl="17" sc="9" el="17" ec="9" bec="0" bev="0" fileid="3" />
                <SequencePoint vc="2" uspid="14422" ordinal="0" offset="19" sl="18" sc="9" el="18" ec="9" bec="0" bev="0" fileid="3" />
                <SequencePoint vc="2" uspid="14423" ordinal="0" offset="37" sl="19" sc="9" el="19" ec="9" bec="0" bev="0" fileid="3" />
                <SequencePoint vc="2" uspid="14424" ordinal="0" offset="55" sl="20" sc="9" el="20" ec="9" bec="0" bev="0" fileid="3" />
                <SequencePoint vc="2" uspid="14425" ordinal="0" offset="73" sl="21" sc="9" el="21" ec="9" bec="0" bev="0" fileid="3" />
                <SequencePoint vc="2" uspid="14426" ordinal="0" offset="91" sl="22" sc="9" el="22" ec="9" bec="0" bev="0" fileid="3" />
                <SequencePoint vc="2" uspid="14427" ordinal="0" offset="109" sl="23" sc="9" el="23" ec="9" bec="0" bev="0" fileid="3" />
                <SequencePoint vc="2" uspid="14428" ordinal="0" offset="127" sl="24" sc="9" el="24" ec="9" bec="0" bev="0" fileid="3" />
                <SequencePoint vc="2" uspid="14429" ordinal="0" offset="145" sl="25" sc="9" el="25" ec="9" bec="0" bev="0" fileid="3" />
                <SequencePoint vc="2" uspid="14430" ordinal="0" offset="163" sl="26" sc="9" el="26" ec="9" bec="0" bev="0" fileid="3" />
                <SequencePoint vc="2" uspid="14431" ordinal="0" offset="182" sl="27" sc="9" el="27" ec="9" bec="0" bev="0" fileid="3" />
                <SequencePoint vc="2" uspid="14432" ordinal="0" offset="201" sl="28" sc="9" el="28" ec="9" bec="0" bev="0" fileid="3" />
                <SequencePoint vc="2" uspid="14433" ordinal="0" offset="220" sl="29" sc="9" el="29" ec="9" bec="0" bev="0" fileid="3" />
                <SequencePoint vc="2" uspid="14434" ordinal="0" offset="239" sl="30" sc="9" el="30" ec="9" bec="0" bev="0" fileid="3" />
                <SequencePoint vc="2" uspid="14435" ordinal="0" offset="258" sl="31" sc="9" el="31" ec="9" bec="0" bev="0" fileid="3" />
                <SequencePoint vc="2" uspid="14436" ordinal="0" offset="277" sl="32" sc="9" el="32" ec="9" bec="0" bev="0" fileid="3" />
                <SequencePoint vc="2" uspid="14437" ordinal="0" offset="296" sl="33" sc="9" el="33" ec="9" bec="0" bev="0" fileid="3" />
                <SequencePoint vc="2" uspid="14438" ordinal="0" offset="315" sl="34" sc="9" el="34" ec="9" bec="0" bev="0" fileid="3" />
                <SequencePoint vc="2" uspid="14439" ordinal="0" offset="334" sl="35" sc="9" el="35" ec="9" bec="0" bev="0" fileid="3" />
                <SequencePoint vc="2" uspid="14440" ordinal="0" offset="353" sl="36" sc="9" el="36" ec="9" bec="0" bev="0" fileid="3" />
                <SequencePoint vc="2" uspid="14441" ordinal="0" offset="372" sl="37" sc="9" el="37" ec="9" bec="0" bev="0" fileid="3" />
                <SequencePoint vc="2" uspid="14442" ordinal="0" offset="391" sl="38" sc="9" el="38" ec="9" bec="0" bev="0" fileid="3" />
                <SequencePoint vc="2" uspid="14443" ordinal="0" offset="410" sl="39" sc="9" el="39" ec="9" bec="0" bev="0" fileid="3" />
                <SequencePoint vc="2" uspid="14444" ordinal="0" offset="429" sl="40" sc="9" el="40" ec="9" bec="0" bev="0" fileid="3" />
                <SequencePoint vc="2" uspid="14445" ordinal="0" offset="448" sl="41" sc="9" el="41" ec="9" bec="0" bev="0" fileid="3" />
                <SequencePoint vc="2" uspid="14446" ordinal="0" offset="467" sl="42" sc="9" el="42" ec="9" bec="0" bev="0" fileid="3" />
                <SequencePoint vc="2" uspid="14447" ordinal="0" offset="486" sl="43" sc="9" el="43" ec="9" bec="0" bev="0" fileid="3" />
                <SequencePoint vc="2" uspid="14448" ordinal="0" offset="505" sl="44" sc="9" el="44" ec="9" bec="0" bev="0" fileid="3" />
                <SequencePoint vc="2" uspid="14449" ordinal="0" offset="524" sl="45" sc="9" el="45" ec="9" bec="0" bev="0" fileid="3" />
                <SequencePoint vc="2" uspid="14450" ordinal="0" offset="543" sl="46" sc="9" el="46" ec="9" bec="0" bev="0" fileid="3" />
                <SequencePoint vc="2" uspid="14451" ordinal="0" offset="562" sl="47" sc="9" el="47" ec="9" bec="0" bev="0" fileid="3" />
                <SequencePoint vc="2" uspid="14452" ordinal="0" offset="581" sl="48" sc="9" el="48" ec="9" bec="0" bev="0" fileid="3" />
                <SequencePoint vc="2" uspid="14453" ordinal="0" offset="600" sl="49" sc="9" el="49" ec="9" bec="0" bev="0" fileid="3" />
                <SequencePoint vc="2" uspid="14454" ordinal="0" offset="619" sl="50" sc="9" el="50" ec="9" bec="0" bev="0" fileid="3" />
                <SequencePoint vc="2" uspid="14455" ordinal="0" offset="637" sl="51" sc="5" el="51" ec="5" bec="0" bev="0" fileid="3" />
              </SequencePoints>
              <BranchPoints />
            </Method>
            <Method visited="true" cyclomaticComplexity="0" nPathComplexity="0" sequenceCoverage="100.0" branchCoverage="0" crapScore="0" isConstructor="true" isStatic="false" isGetter="false" isSetter="false">
              <Summary numSequencePoints="5" visitedSequencePoints="5" numBranchPoints="0" visitedBranchPoints="0" sequenceCoverage="100.0" branchCoverage="0" maxCyclomaticComplexity="0" minCyclomaticComplexity="0" maxCrapScore="0" minCrapScore="0" visitedClasses="0" numClasses="0" visitedMethods="1" numMethods="1" />
              <MetadataToken>100663306</MetadataToken>
              <Name>CitySelectController::CitySelectController()</Name>
              <FileRef uid="3" />
              <SequencePoints>
                <SequencePoint vc="2" uspid="14465" ordinal="0" offset="0" sl="8" sc="5" el="8" ec="5" bec="0" bev="0" fileid="3" />
                <SequencePoint vc="2" uspid="14466" ordinal="0" offset="11" sl="53" sc="5" el="53" ec="5" bec="0" bev="0" fileid="3" />
                <SequencePoint vc="2" uspid="14467" ordinal="0" offset="18" sl="53" sc="35" el="53" ec="35" bec="0" bev="0" fileid="3" />
                <SequencePoint vc="2" uspid="14468" ordinal="0" offset="19" sl="54" sc="9" el="54" ec="9" bec="0" bev="0" fileid="3" />
                <SequencePoint vc="2" uspid="14469" ordinal="0" offset="26" sl="55" sc="5" el="55" ec="5" bec="0" bev="0" fileid="3" />
              </SequencePoints>
              <BranchPoints />
            </Method>
          </Methods>
        </Class>
        <Class>
          <Summary numSequencePoints="253" visitedSequencePoints="251" numBranchPoints="0" visitedBranchPoints="0" sequenceCoverage="99.21" branchCoverage="0.0" maxCyclomaticComplexity="0" minCyclomaticComplexity="0" maxCrapScore="0" minCrapScore="0" visitedClasses="1" numClasses="1" visitedMethods="27" numMethods="27" />
          <FullName>DataManager</FullName>
          <Methods>
            <Method visited="true" cyclomaticComplexity="0" nPathComplexity="0" sequenceCoverage="100.0" branchCoverage="0" crapScore="0" isConstructor="false" isStatic="false" isGetter="false" isSetter="false">
              <Summary numSequencePoints="44" visitedSequencePoints="44" numBranchPoints="0" visitedBranchPoints="0" sequenceCoverage="100.0" branchCoverage="0" maxCyclomaticComplexity="0" minCyclomaticComplexity="0" maxCrapScore="0" minCrapScore="0" visitedClasses="0" numClasses="0" visitedMethods="1" numMethods="1" />
              <MetadataToken>100663309</MetadataToken>
              <Name>System.Void DataManager::init()</Name>
              <FileRef uid="4" />
              <SequencePoints>
                <SequencePoint vc="1" uspid="14470" ordinal="0" offset="0" sl="85" sc="25" el="85" ec="25" bec="0" bev="0" fileid="4" />
                <SequencePoint vc="1" uspid="14471" ordinal="0" offset="1" sl="86" sc="9" el="86" ec="9" bec="0" bev="0" fileid="4" />
                <SequencePoint vc="1" uspid="14472" ordinal="0" offset="19" sl="87" sc="9" el="87" ec="9" bec="0" bev="0" fileid="4" />
                <SequencePoint vc="1" uspid="14473" ordinal="0" offset="37" sl="88" sc="9" el="88" ec="9" bec="0" bev="0" fileid="4" />
                <SequencePoint vc="1" uspid="14474" ordinal="0" offset="55" sl="89" sc="9" el="89" ec="9" bec="0" bev="0" fileid="4" />
                <SequencePoint vc="1" uspid="14475" ordinal="0" offset="72" sl="90" sc="9" el="90" ec="9" bec="0" bev="0" fileid="4" />
                <SequencePoint vc="1" uspid="14476" ordinal="0" offset="89" sl="91" sc="9" el="91" ec="9" bec="0" bev="0" fileid="4" />
                <SequencePoint vc="1" uspid="14477" ordinal="0" offset="106" sl="92" sc="9" el="92" ec="9" bec="0" bev="0" fileid="4" />
                <SequencePoint vc="1" uspid="14478" ordinal="0" offset="123" sl="93" sc="9" el="93" ec="9" bec="0" bev="0" fileid="4" />
                <SequencePoint vc="1" uspid="14479" ordinal="0" offset="140" sl="94" sc="9" el="94" ec="9" bec="0" bev="0" fileid="4" />
                <SequencePoint vc="1" uspid="14480" ordinal="0" offset="163" sl="95" sc="9" el="95" ec="9" bec="0" bev="0" fileid="4" />
                <SequencePoint vc="1" uspid="14481" ordinal="0" offset="186" sl="96" sc="9" el="96" ec="9" bec="0" bev="0" fileid="4" />
                <SequencePoint vc="1" uspid="14482" ordinal="0" offset="209" sl="97" sc="9" el="97" ec="9" bec="0" bev="0" fileid="4" />
                <SequencePoint vc="1" uspid="14483" ordinal="0" offset="238" sl="98" sc="14" el="98" ec="14" bec="0" bev="0" fileid="4" />
                <SequencePoint vc="33" uspid="14484" ordinal="0" offset="245" sl="98" sc="45" el="98" ec="45" bec="0" bev="0" fileid="4" />
                <SequencePoint vc="33" uspid="14485" ordinal="0" offset="246" sl="99" sc="13" el="99" ec="13" bec="0" bev="0" fileid="4" />
                <SequencePoint vc="33" uspid="14486" ordinal="0" offset="255" sl="100" sc="13" el="100" ec="13" bec="0" bev="0" fileid="4" />
                <SequencePoint vc="33" uspid="14487" ordinal="0" offset="264" sl="101" sc="13" el="101" ec="13" bec="0" bev="0" fileid="4" />
                <SequencePoint vc="33" uspid="14488" ordinal="0" offset="273" sl="102" sc="13" el="102" ec="13" bec="0" bev="0" fileid="4" />
                <SequencePoint vc="33" uspid="14489" ordinal="0" offset="282" sl="103" sc="13" el="103" ec="13" bec="0" bev="0" fileid="4" />
                <SequencePoint vc="33" uspid="14490" ordinal="0" offset="292" sl="104" sc="18" el="104" ec="18" bec="0" bev="0" fileid="4" />
                <SequencePoint vc="231" uspid="14491" ordinal="0" offset="296" sl="104" sc="49" el="104" ec="49" bec="0" bev="0" fileid="4" />
                <SequencePoint vc="231" uspid="14492" ordinal="0" offset="297" sl="105" sc="17" el="105" ec="17" bec="0" bev="0" fileid="4" />
                <SequencePoint vc="231" uspid="14493" ordinal="0" offset="311" sl="106" sc="17" el="106" ec="17" bec="0" bev="0" fileid="4" />
                <SequencePoint vc="231" uspid="14494" ordinal="0" offset="325" sl="107" sc="13" el="107" ec="13" bec="0" bev="0" fileid="4" />
                <SequencePoint vc="231" uspid="14495" ordinal="0" offset="326" sl="104" sc="44" el="104" ec="44" bec="0" bev="0" fileid="4" />
                <SequencePoint vc="264" uspid="14496" ordinal="0" offset="330" sl="104" sc="29" el="104" ec="29" bec="0" bev="0" fileid="4" />
                <SequencePoint vc="33" uspid="14497" ordinal="0" offset="343" sl="108" sc="18" el="108" ec="18" bec="0" bev="0" fileid="4" />
                <SequencePoint vc="231" uspid="14498" ordinal="0" offset="347" sl="108" sc="51" el="108" ec="51" bec="0" bev="0" fileid="4" />
                <SequencePoint vc="231" uspid="14499" ordinal="0" offset="348" sl="109" sc="17" el="109" ec="17" bec="0" bev="0" fileid="4" />
                <SequencePoint vc="231" uspid="14500" ordinal="0" offset="366" sl="110" sc="22" el="110" ec="22" bec="0" bev="0" fileid="4" />
                <SequencePoint vc="2310" uspid="14501" ordinal="0" offset="371" sl="110" sc="67" el="110" ec="67" bec="0" bev="0" fileid="4" />
                <SequencePoint vc="2310" uspid="14502" ordinal="0" offset="372" sl="111" sc="21" el="111" ec="21" bec="0" bev="0" fileid="4" />
                <SequencePoint vc="2310" uspid="14503" ordinal="0" offset="392" sl="112" sc="17" el="112" ec="17" bec="0" bev="0" fileid="4" />
                <SequencePoint vc="2310" uspid="14504" ordinal="0" offset="393" sl="110" sc="62" el="110" ec="62" bec="0" bev="0" fileid="4" />
                <SequencePoint vc="2541" uspid="14505" ordinal="0" offset="399" sl="110" sc="33" el="110" ec="33" bec="0" bev="0" fileid="4" />
                <SequencePoint vc="231" uspid="14506" ordinal="0" offset="415" sl="113" sc="13" el="113" ec="13" bec="0" bev="0" fileid="4" />
                <SequencePoint vc="231" uspid="14507" ordinal="0" offset="416" sl="108" sc="46" el="108" ec="46" bec="0" bev="0" fileid="4" />
                <SequencePoint vc="264" uspid="14508" ordinal="0" offset="420" sl="108" sc="29" el="108" ec="29" bec="0" bev="0" fileid="4" />
                <SequencePoint vc="33" uspid="14509" ordinal="0" offset="435" sl="114" sc="9" el="114" ec="9" bec="0" bev="0" fileid="4" />
                <SequencePoint vc="33" uspid="14510" ordinal="0" offset="436" sl="98" sc="40" el="98" ec="40" bec="0" bev="0" fileid="4" />
                <SequencePoint vc="34" uspid="14511" ordinal="0" offset="440" sl="98" sc="25" el="98" ec="25" bec="0" bev="0" fileid="4" />
                <SequencePoint vc="1" uspid="14512" ordinal="0" offset="458" sl="119" sc="9" el="119" ec="9" bec="0" bev="0" fileid="4" />
                <SequencePoint vc="1" uspid="14513" ordinal="0" offset="469" sl="120" sc="5" el="120" ec="5" bec="0" bev="0" fileid="4" />
              </SequencePoints>
              <BranchPoints />
            </Method>
            <Method visited="true" cyclomaticComplexity="0" nPathComplexity="0" sequenceCoverage="100.0" branchCoverage="0" crapScore="0" isConstructor="false" isStatic="false" isGetter="false" isSetter="false">
              <Summary numSequencePoints="3" visitedSequencePoints="3" numBranchPoints="0" visitedBranchPoints="0" sequenceCoverage="100.0" branchCoverage="0" maxCyclomaticComplexity="0" minCyclomaticComplexity="0" maxCrapScore="0" minCrapScore="0" visitedClasses="0" numClasses="0" visitedMethods="1" numMethods="1" />
              <MetadataToken>100663313</MetadataToken>
              <Name>System.Void DataManager::changeWaitTime(System.Single)</Name>
              <FileRef uid="4" />
              <SequencePoints>
                <SequencePoint vc="1" uspid="14524" ordinal="0" offset="0" sl="255" sc="45" el="255" ec="45" bec="0" bev="0" fileid="4" />
                <SequencePoint vc="1" uspid="14525" ordinal="0" offset="1" sl="256" sc="9" el="256" ec="9" bec="0" bev="0" fileid="4" />
                <SequencePoint vc="1" uspid="14526" ordinal="0" offset="8" sl="257" sc="5" el="257" ec="5" bec="0" bev="0" fileid="4" />
              </SequencePoints>
              <BranchPoints />
            </Method>
            <Method visited="true" cyclomaticComplexity="0" nPathComplexity="0" sequenceCoverage="71.43" branchCoverage="0" crapScore="0" isConstructor="false" isStatic="false" isGetter="false" isSetter="false">
              <Summary numSequencePoints="7" visitedSequencePoints="5" numBranchPoints="0" visitedBranchPoints="0" sequenceCoverage="71.43" branchCoverage="0" maxCyclomaticComplexity="0" minCyclomaticComplexity="0" maxCrapScore="0" minCrapScore="0" visitedClasses="0" numClasses="0" visitedMethods="1" numMethods="1" />
              <MetadataToken>100663314</MetadataToken>
              <Name>System.Void DataManager::updatePolicyIndex(System.Int32, System.Int32, System.Single)</Name>
              <FileRef uid="4" />
              <SequencePoints>
                <SequencePoint vc="1" uspid="14527" ordinal="0" offset="0" sl="259" sc="80" el="259" ec="80" bec="0" bev="0" fileid="4" />
                <SequencePoint vc="1" uspid="14528" ordinal="0" offset="1" sl="260" sc="9" el="260" ec="9" bec="0" bev="0" fileid="4" />
                <SequencePoint vc="0" uspid="14529" ordinal="0" offset="9" sl="260" sc="30" el="260" ec="30" bec="0" bev="0" fileid="4" />
                <SequencePoint vc="0" uspid="14530" ordinal="0" offset="10" sl="261" sc="13" el="261" ec="13" bec="0" bev="0" fileid="4" />
                <SequencePoint vc="1" uspid="14531" ordinal="0" offset="12" sl="263" sc="9" el="263" ec="9" bec="0" bev="0" fileid="4" />
                <SequencePoint vc="1" uspid="14532" ordinal="0" offset="26" sl="264" sc="9" el="264" ec="9" bec="0" bev="0" fileid="4" />
                <SequencePoint vc="1" uspid="14533" ordinal="0" offset="97" sl="265" sc="5" el="265" ec="5" bec="0" bev="0" fileid="4" />
              </SequencePoints>
              <BranchPoints />
            </Method>
            <Method visited="true" cyclomaticComplexity="0" nPathComplexity="0" sequenceCoverage="100.0" branchCoverage="0" crapScore="0" isConstructor="false" isStatic="false" isGetter="false" isSetter="false">
              <Summary numSequencePoints="3" visitedSequencePoints="3" numBranchPoints="0" visitedBranchPoints="0" sequenceCoverage="100.0" branchCoverage="0" maxCyclomaticComplexity="0" minCyclomaticComplexity="0" maxCrapScore="0" minCrapScore="0" visitedClasses="0" numClasses="0" visitedMethods="1" numMethods="1" />
              <MetadataToken>100663315</MetadataToken>
              <Name>System.Int32 DataManager::getDateDay()</Name>
              <FileRef uid="4" />
              <SequencePoints>
                <SequencePoint vc="1" uspid="14534" ordinal="0" offset="0" sl="267" sc="29" el="267" ec="29" bec="0" bev="0" fileid="4" />
                <SequencePoint vc="1" uspid="14535" ordinal="0" offset="1" sl="268" sc="9" el="268" ec="9" bec="0" bev="0" fileid="4" />
                <SequencePoint vc="1" uspid="14536" ordinal="0" offset="15" sl="269" sc="5" el="269" ec="5" bec="0" bev="0" fileid="4" />
              </SequencePoints>
              <BranchPoints />
            </Method>
            <Method visited="true" cyclomaticComplexity="0" nPathComplexity="0" sequenceCoverage="100.0" branchCoverage="0" crapScore="0" isConstructor="false" isStatic="false" isGetter="false" isSetter="false">
              <Summary numSequencePoints="3" visitedSequencePoints="3" numBranchPoints="0" visitedBranchPoints="0" sequenceCoverage="100.0" branchCoverage="0" maxCyclomaticComplexity="0" minCyclomaticComplexity="0" maxCrapScore="0" minCrapScore="0" visitedClasses="0" numClasses="0" visitedMethods="1" numMethods="1" />
              <MetadataToken>100663316</MetadataToken>
              <Name>System.Int32 DataManager::getDateMonth()</Name>
              <FileRef uid="4" />
              <SequencePoints>
                <SequencePoint vc="1" uspid="14537" ordinal="0" offset="0" sl="271" sc="31" el="271" ec="31" bec="0" bev="0" fileid="4" />
                <SequencePoint vc="1" uspid="14538" ordinal="0" offset="1" sl="272" sc="9" el="272" ec="9" bec="0" bev="0" fileid="4" />
                <SequencePoint vc="1" uspid="14539" ordinal="0" offset="15" sl="273" sc="5" el="273" ec="5" bec="0" bev="0" fileid="4" />
              </SequencePoints>
              <BranchPoints />
            </Method>
            <Method visited="true" cyclomaticComplexity="0" nPathComplexity="0" sequenceCoverage="100.0" branchCoverage="0" crapScore="0" isConstructor="false" isStatic="false" isGetter="false" isSetter="false">
              <Summary numSequencePoints="3" visitedSequencePoints="3" numBranchPoints="0" visitedBranchPoints="0" sequenceCoverage="100.0" branchCoverage="0" maxCyclomaticComplexity="0" minCyclomaticComplexity="0" maxCrapScore="0" minCrapScore="0" visitedClasses="0" numClasses="0" visitedMethods="1" numMethods="1" />
              <MetadataToken>100663317</MetadataToken>
              <Name>System.Int32 DataManager::getDateYear()</Name>
              <FileRef uid="4" />
              <SequencePoints>
                <SequencePoint vc="1" uspid="14540" ordinal="0" offset="0" sl="275" sc="30" el="275" ec="30" bec="0" bev="0" fileid="4" />
                <SequencePoint vc="1" uspid="14541" ordinal="0" offset="1" sl="276" sc="9" el="276" ec="9" bec="0" bev="0" fileid="4" />
                <SequencePoint vc="1" uspid="14542" ordinal="0" offset="15" sl="277" sc="5" el="277" ec="5" bec="0" bev="0" fileid="4" />
              </SequencePoints>
              <BranchPoints />
            </Method>
            <Method visited="true" cyclomaticComplexity="0" nPathComplexity="0" sequenceCoverage="100.0" branchCoverage="0" crapScore="0" isConstructor="false" isStatic="false" isGetter="false" isSetter="false">
              <Summary numSequencePoints="3" visitedSequencePoints="3" numBranchPoints="0" visitedBranchPoints="0" sequenceCoverage="100.0" branchCoverage="0" maxCyclomaticComplexity="0" minCyclomaticComplexity="0" maxCrapScore="0" minCrapScore="0" visitedClasses="0" numClasses="0" visitedMethods="1" numMethods="1" />
              <MetadataToken>100663318</MetadataToken>
              <Name>System.Int32 DataManager::getInfection(System.Int32)</Name>
              <FileRef uid="4" />
              <SequencePoints>
                <SequencePoint vc="1" uspid="14543" ordinal="0" offset="0" sl="279" sc="36" el="279" ec="36" bec="0" bev="0" fileid="4" />
                <SequencePoint vc="1" uspid="14544" ordinal="0" offset="1" sl="280" sc="9" el="280" ec="9" bec="0" bev="0" fileid="4" />
                <SequencePoint vc="1" uspid="14545" ordinal="0" offset="12" sl="281" sc="5" el="281" ec="5" bec="0" bev="0" fileid="4" />
              </SequencePoints>
              <BranchPoints />
            </Method>
            <Method visited="true" cyclomaticComplexity="0" nPathComplexity="0" sequenceCoverage="100.0" branchCoverage="0" crapScore="0" isConstructor="false" isStatic="false" isGetter="false" isSetter="false">
              <Summary numSequencePoints="3" visitedSequencePoints="3" numBranchPoints="0" visitedBranchPoints="0" sequenceCoverage="100.0" branchCoverage="0" maxCyclomaticComplexity="0" minCyclomaticComplexity="0" maxCrapScore="0" minCrapScore="0" visitedClasses="0" numClasses="0" visitedMethods="1" numMethods="1" />
              <MetadataToken>100663319</MetadataToken>
              <Name>System.Int32 DataManager::getIncrease(System.Int32)</Name>
              <FileRef uid="4" />
              <SequencePoints>
                <SequencePoint vc="1" uspid="14546" ordinal="0" offset="0" sl="283" sc="35" el="283" ec="35" bec="0" bev="0" fileid="4" />
                <SequencePoint vc="1" uspid="14547" ordinal="0" offset="1" sl="284" sc="9" el="284" ec="9" bec="0" bev="0" fileid="4" />
                <SequencePoint vc="1" uspid="14548" ordinal="0" offset="12" sl="285" sc="5" el="285" ec="5" bec="0" bev="0" fileid="4" />
              </SequencePoints>
              <BranchPoints />
            </Method>
            <Method visited="true" cyclomaticComplexity="0" nPathComplexity="0" sequenceCoverage="100.0" branchCoverage="0" crapScore="0" isConstructor="false" isStatic="false" isGetter="false" isSetter="false">
              <Summary numSequencePoints="3" visitedSequencePoints="3" numBranchPoints="0" visitedBranchPoints="0" sequenceCoverage="100.0" branchCoverage="0" maxCyclomaticComplexity="0" minCyclomaticComplexity="0" maxCrapScore="0" minCrapScore="0" visitedClasses="0" numClasses="0" visitedMethods="1" numMethods="1" />
              <MetadataToken>100663320</MetadataToken>
              <Name>System.Int32 DataManager::getDeath(System.Int32)</Name>
              <FileRef uid="4" />
              <SequencePoints>
                <SequencePoint vc="1" uspid="14549" ordinal="0" offset="0" sl="287" sc="32" el="287" ec="32" bec="0" bev="0" fileid="4" />
                <SequencePoint vc="1" uspid="14550" ordinal="0" offset="1" sl="288" sc="9" el="288" ec="9" bec="0" bev="0" fileid="4" />
                <SequencePoint vc="1" uspid="14551" ordinal="0" offset="12" sl="289" sc="5" el="289" ec="5" bec="0" bev="0" fileid="4" />
              </SequencePoints>
              <BranchPoints />
            </Method>
            <Method visited="true" cyclomaticComplexity="0" nPathComplexity="0" sequenceCoverage="100.0" branchCoverage="0" crapScore="0" isConstructor="false" isStatic="false" isGetter="false" isSetter="false">
              <Summary numSequencePoints="3" visitedSequencePoints="3" numBranchPoints="0" visitedBranchPoints="0" sequenceCoverage="100.0" branchCoverage="0" maxCyclomaticComplexity="0" minCyclomaticComplexity="0" maxCrapScore="0" minCrapScore="0" visitedClasses="0" numClasses="0" visitedMethods="1" numMethods="1" />
              <MetadataToken>100663321</MetadataToken>
              <Name>System.Int32 DataManager::getSatisfaction(System.Int32)</Name>
              <FileRef uid="4" />
              <SequencePoints>
                <SequencePoint vc="1" uspid="14552" ordinal="0" offset="0" sl="291" sc="39" el="291" ec="39" bec="0" bev="0" fileid="4" />
                <SequencePoint vc="1" uspid="14553" ordinal="0" offset="1" sl="292" sc="9" el="292" ec="9" bec="0" bev="0" fileid="4" />
                <SequencePoint vc="1" uspid="14554" ordinal="0" offset="12" sl="293" sc="5" el="293" ec="5" bec="0" bev="0" fileid="4" />
              </SequencePoints>
              <BranchPoints />
            </Method>
            <Method visited="true" cyclomaticComplexity="0" nPathComplexity="0" sequenceCoverage="100.0" branchCoverage="0" crapScore="0" isConstructor="false" isStatic="false" isGetter="false" isSetter="false">
              <Summary numSequencePoints="6" visitedSequencePoints="6" numBranchPoints="0" visitedBranchPoints="0" sequenceCoverage="100.0" branchCoverage="0" maxCyclomaticComplexity="0" minCyclomaticComplexity="0" maxCrapScore="0" minCrapScore="0" visitedClasses="0" numClasses="0" visitedMethods="1" numMethods="1" />
              <MetadataToken>100663322</MetadataToken>
              <Name>System.Int32 DataManager::getMaxInfectionCity(System.Int32)</Name>
              <FileRef uid="4" />
              <SequencePoints>
                <SequencePoint vc="1" uspid="14555" ordinal="0" offset="6" sl="295" sc="46" el="295" ec="46" bec="0" bev="0" fileid="4" />
                <SequencePoint vc="1" uspid="14556" ordinal="0" offset="7" sl="307" sc="9" el="307" ec="9" bec="0" bev="0" fileid="4" />
                <SequencePoint vc="1" uspid="14557" ordinal="0" offset="19" sl="308" sc="9" el="308" ec="9" bec="0" bev="0" fileid="4" />
                <SequencePoint vc="1" uspid="14558" ordinal="0" offset="76" sl="309" sc="9" el="309" ec="9" bec="0" bev="0" fileid="4" />
                <SequencePoint vc="1" uspid="14559" ordinal="0" offset="95" sl="310" sc="9" el="310" ec="9" bec="0" bev="0" fileid="4" />
                <SequencePoint vc="1" uspid="14560" ordinal="0" offset="99" sl="311" sc="5" el="311" ec="5" bec="0" bev="0" fileid="4" />
              </SequencePoints>
              <BranchPoints />
            </Method>
            <Method visited="true" cyclomaticComplexity="0" nPathComplexity="0" sequenceCoverage="100.0" branchCoverage="0" crapScore="0" isConstructor="false" isStatic="false" isGetter="false" isSetter="false">
              <Summary numSequencePoints="10" visitedSequencePoints="10" numBranchPoints="0" visitedBranchPoints="0" sequenceCoverage="100.0" branchCoverage="0" maxCyclomaticComplexity="0" minCyclomaticComplexity="0" maxCrapScore="0" minCrapScore="0" visitedClasses="0" numClasses="0" visitedMethods="1" numMethods="1" />
              <MetadataToken>100663323</MetadataToken>
              <Name>System.Int32 DataManager::getTotalInfection()</Name>
              <FileRef uid="4" />
              <SequencePoints>
                <SequencePoint vc="1" uspid="14561" ordinal="0" offset="0" sl="313" sc="36" el="313" ec="36" bec="0" bev="0" fileid="4" />
                <SequencePoint vc="1" uspid="14562" ordinal="0" offset="1" sl="314" sc="9" el="314" ec="9" bec="0" bev="0" fileid="4" />
                <SequencePoint vc="1" uspid="14563" ordinal="0" offset="3" sl="315" sc="14" el="315" ec="14" bec="0" bev="0" fileid="4" />
                <SequencePoint vc="33" uspid="14564" ordinal="0" offset="7" sl="315" sc="45" el="315" ec="45" bec="0" bev="0" fileid="4" />
                <SequencePoint vc="33" uspid="14565" ordinal="0" offset="8" sl="316" sc="13" el="316" ec="13" bec="0" bev="0" fileid="4" />
                <SequencePoint vc="33" uspid="14566" ordinal="0" offset="19" sl="317" sc="9" el="317" ec="9" bec="0" bev="0" fileid="4" />
                <SequencePoint vc="33" uspid="14567" ordinal="0" offset="20" sl="315" sc="40" el="315" ec="40" bec="0" bev="0" fileid="4" />
                <SequencePoint vc="34" uspid="14568" ordinal="0" offset="24" sl="315" sc="25" el="315" ec="25" bec="0" bev="0" fileid="4" />
                <SequencePoint vc="1" uspid="14569" ordinal="0" offset="37" sl="318" sc="9" el="318" ec="9" bec="0" bev="0" fileid="4" />
                <SequencePoint vc="1" uspid="14570" ordinal="0" offset="41" sl="319" sc="5" el="319" ec="5" bec="0" bev="0" fileid="4" />
              </SequencePoints>
              <BranchPoints />
            </Method>
            <Method visited="true" cyclomaticComplexity="0" nPathComplexity="0" sequenceCoverage="100.0" branchCoverage="0" crapScore="0" isConstructor="false" isStatic="false" isGetter="false" isSetter="false">
              <Summary numSequencePoints="10" visitedSequencePoints="10" numBranchPoints="0" visitedBranchPoints="0" sequenceCoverage="100.0" branchCoverage="0" maxCyclomaticComplexity="0" minCyclomaticComplexity="0" maxCrapScore="0" minCrapScore="0" visitedClasses="0" numClasses="0" visitedMethods="1" numMethods="1" />
              <MetadataToken>100663324</MetadataToken>
              <Name>System.Int32 DataManager::getTotalIncrease()</Name>
              <FileRef uid="4" />
              <SequencePoints>
                <SequencePoint vc="1" uspid="14571" ordinal="0" offset="0" sl="321" sc="35" el="321" ec="35" bec="0" bev="0" fileid="4" />
                <SequencePoint vc="1" uspid="14572" ordinal="0" offset="1" sl="322" sc="9" el="322" ec="9" bec="0" bev="0" fileid="4" />
                <SequencePoint vc="1" uspid="14573" ordinal="0" offset="3" sl="323" sc="14" el="323" ec="14" bec="0" bev="0" fileid="4" />
                <SequencePoint vc="33" uspid="14574" ordinal="0" offset="7" sl="323" sc="45" el="323" ec="45" bec="0" bev="0" fileid="4" />
                <SequencePoint vc="33" uspid="14575" ordinal="0" offset="8" sl="324" sc="13" el="324" ec="13" bec="0" bev="0" fileid="4" />
                <SequencePoint vc="33" uspid="14576" ordinal="0" offset="19" sl="325" sc="9" el="325" ec="9" bec="0" bev="0" fileid="4" />
                <SequencePoint vc="33" uspid="14577" ordinal="0" offset="20" sl="323" sc="40" el="323" ec="40" bec="0" bev="0" fileid="4" />
                <SequencePoint vc="34" uspid="14578" ordinal="0" offset="24" sl="323" sc="25" el="323" ec="25" bec="0" bev="0" fileid="4" />
                <SequencePoint vc="1" uspid="14579" ordinal="0" offset="37" sl="326" sc="9" el="326" ec="9" bec="0" bev="0" fileid="4" />
                <SequencePoint vc="1" uspid="14580" ordinal="0" offset="41" sl="327" sc="5" el="327" ec="5" bec="0" bev="0" fileid="4" />
              </SequencePoints>
              <BranchPoints />
            </Method>
            <Method visited="true" cyclomaticComplexity="0" nPathComplexity="0" sequenceCoverage="100.0" branchCoverage="0" crapScore="0" isConstructor="false" isStatic="false" isGetter="false" isSetter="false">
              <Summary numSequencePoints="10" visitedSequencePoints="10" numBranchPoints="0" visitedBranchPoints="0" sequenceCoverage="100.0" branchCoverage="0" maxCyclomaticComplexity="0" minCyclomaticComplexity="0" maxCrapScore="0" minCrapScore="0" visitedClasses="0" numClasses="0" visitedMethods="1" numMethods="1" />
              <MetadataToken>100663325</MetadataToken>
              <Name>System.Int32 DataManager::getTotalDeath()</Name>
              <FileRef uid="4" />
              <SequencePoints>
                <SequencePoint vc="1" uspid="14581" ordinal="0" offset="0" sl="329" sc="32" el="329" ec="32" bec="0" bev="0" fileid="4" />
                <SequencePoint vc="1" uspid="14582" ordinal="0" offset="1" sl="330" sc="9" el="330" ec="9" bec="0" bev="0" fileid="4" />
                <SequencePoint vc="1" uspid="14583" ordinal="0" offset="3" sl="331" sc="14" el="331" ec="14" bec="0" bev="0" fileid="4" />
                <SequencePoint vc="33" uspid="14584" ordinal="0" offset="7" sl="331" sc="45" el="331" ec="45" bec="0" bev="0" fileid="4" />
                <SequencePoint vc="33" uspid="14585" ordinal="0" offset="8" sl="332" sc="13" el="332" ec="13" bec="0" bev="0" fileid="4" />
                <SequencePoint vc="33" uspid="14586" ordinal="0" offset="19" sl="333" sc="9" el="333" ec="9" bec="0" bev="0" fileid="4" />
                <SequencePoint vc="33" uspid="14587" ordinal="0" offset="20" sl="331" sc="40" el="331" ec="40" bec="0" bev="0" fileid="4" />
                <SequencePoint vc="34" uspid="14588" ordinal="0" offset="24" sl="331" sc="25" el="331" ec="25" bec="0" bev="0" fileid="4" />
                <SequencePoint vc="1" uspid="14589" ordinal="0" offset="37" sl="334" sc="9" el="334" ec="9" bec="0" bev="0" fileid="4" />
                <SequencePoint vc="1" uspid="14590" ordinal="0" offset="41" sl="335" sc="5" el="335" ec="5" bec="0" bev="0" fileid="4" />
              </SequencePoints>
              <BranchPoints />
            </Method>
            <Method visited="true" cyclomaticComplexity="0" nPathComplexity="0" sequenceCoverage="100.0" branchCoverage="0" crapScore="0" isConstructor="false" isStatic="false" isGetter="false" isSetter="false">
              <Summary numSequencePoints="10" visitedSequencePoints="10" numBranchPoints="0" visitedBranchPoints="0" sequenceCoverage="100.0" branchCoverage="0" maxCyclomaticComplexity="0" minCyclomaticComplexity="0" maxCrapScore="0" minCrapScore="0" visitedClasses="0" numClasses="0" visitedMethods="1" numMethods="1" />
              <MetadataToken>100663326</MetadataToken>
              <Name>System.Single DataManager::getAverageSatisfaction()</Name>
              <FileRef uid="4" />
              <SequencePoints>
                <SequencePoint vc="1" uspid="14591" ordinal="0" offset="0" sl="337" sc="43" el="337" ec="43" bec="0" bev="0" fileid="4" />
                <SequencePoint vc="1" uspid="14592" ordinal="0" offset="1" sl="338" sc="9" el="338" ec="9" bec="0" bev="0" fileid="4" />
                <SequencePoint vc="1" uspid="14593" ordinal="0" offset="3" sl="339" sc="14" el="339" ec="14" bec="0" bev="0" fileid="4" />
                <SequencePoint vc="33" uspid="14594" ordinal="0" offset="7" sl="339" sc="45" el="339" ec="45" bec="0" bev="0" fileid="4" />
                <SequencePoint vc="33" uspid="14595" ordinal="0" offset="8" sl="340" sc="13" el="340" ec="13" bec="0" bev="0" fileid="4" />
                <SequencePoint vc="33" uspid="14596" ordinal="0" offset="19" sl="341" sc="9" el="341" ec="9" bec="0" bev="0" fileid="4" />
                <SequencePoint vc="33" uspid="14597" ordinal="0" offset="20" sl="339" sc="40" el="339" ec="40" bec="0" bev="0" fileid="4" />
                <SequencePoint vc="34" uspid="14598" ordinal="0" offset="24" sl="339" sc="25" el="339" ec="25" bec="0" bev="0" fileid="4" />
                <SequencePoint vc="1" uspid="14599" ordinal="0" offset="37" sl="342" sc="9" el="342" ec="9" bec="0" bev="0" fileid="4" />
                <SequencePoint vc="1" uspid="14600" ordinal="0" offset="49" sl="344" sc="5" el="344" ec="5" bec="0" bev="0" fileid="4" />
              </SequencePoints>
              <BranchPoints />
            </Method>
            <Method visited="true" cyclomaticComplexity="0" nPathComplexity="0" sequenceCoverage="100.0" branchCoverage="0" crapScore="0" isConstructor="false" isStatic="false" isGetter="false" isSetter="false">
              <Summary numSequencePoints="10" visitedSequencePoints="10" numBranchPoints="0" visitedBranchPoints="0" sequenceCoverage="100.0" branchCoverage="0" maxCyclomaticComplexity="0" minCyclomaticComplexity="0" maxCrapScore="0" minCrapScore="0" visitedClasses="0" numClasses="0" visitedMethods="1" numMethods="1" />
              <MetadataToken>100663327</MetadataToken>
              <Name>System.Int32[] DataManager::getIncreaseHistory(System.Int32)</Name>
              <FileRef uid="4" />
              <SequencePoints>
                <SequencePoint vc="1" uspid="14601" ordinal="0" offset="0" sl="346" sc="52" el="346" ec="52" bec="0" bev="0" fileid="4" />
                <SequencePoint vc="1" uspid="14602" ordinal="0" offset="1" sl="347" sc="9" el="347" ec="9" bec="0" bev="0" fileid="4" />
                <SequencePoint vc="1" uspid="14603" ordinal="0" offset="13" sl="348" sc="14" el="348" ec="14" bec="0" bev="0" fileid="4" />
                <SequencePoint vc="7" uspid="14604" ordinal="0" offset="17" sl="348" sc="45" el="348" ec="45" bec="0" bev="0" fileid="4" />
                <SequencePoint vc="7" uspid="14605" ordinal="0" offset="18" sl="349" sc="13" el="349" ec="13" bec="0" bev="0" fileid="4" />
                <SequencePoint vc="7" uspid="14606" ordinal="0" offset="34" sl="350" sc="9" el="350" ec="9" bec="0" bev="0" fileid="4" />
                <SequencePoint vc="7" uspid="14607" ordinal="0" offset="35" sl="348" sc="40" el="348" ec="40" bec="0" bev="0" fileid="4" />
                <SequencePoint vc="8" uspid="14608" ordinal="0" offset="39" sl="348" sc="25" el="348" ec="25" bec="0" bev="0" fileid="4" />
                <SequencePoint vc="1" uspid="14609" ordinal="0" offset="52" sl="351" sc="9" el="351" ec="9" bec="0" bev="0" fileid="4" />
                <SequencePoint vc="1" uspid="14610" ordinal="0" offset="56" sl="352" sc="5" el="352" ec="5" bec="0" bev="0" fileid="4" />
              </SequencePoints>
              <BranchPoints />
            </Method>
            <Method visited="true" cyclomaticComplexity="0" nPathComplexity="0" sequenceCoverage="100.0" branchCoverage="0" crapScore="0" isConstructor="false" isStatic="false" isGetter="false" isSetter="false">
              <Summary numSequencePoints="16" visitedSequencePoints="16" numBranchPoints="0" visitedBranchPoints="0" sequenceCoverage="100.0" branchCoverage="0" maxCyclomaticComplexity="0" minCyclomaticComplexity="0" maxCrapScore="0" minCrapScore="0" visitedClasses="0" numClasses="0" visitedMethods="1" numMethods="1" />
              <MetadataToken>100663328</MetadataToken>
              <Name>System.Int32[] DataManager::getTotalIncreaseHistory()</Name>
              <FileRef uid="4" />
              <SequencePoints>
                <SequencePoint vc="1" uspid="14611" ordinal="0" offset="0" sl="355" sc="44" el="355" ec="44" bec="0" bev="0" fileid="4" />
                <SequencePoint vc="1" uspid="14612" ordinal="0" offset="1" sl="356" sc="9" el="356" ec="9" bec="0" bev="0" fileid="4" />
                <SequencePoint vc="1" uspid="14613" ordinal="0" offset="13" sl="357" sc="14" el="357" ec="14" bec="0" bev="0" fileid="4" />
                <SequencePoint vc="7" uspid="14614" ordinal="0" offset="17" sl="357" sc="45" el="357" ec="45" bec="0" bev="0" fileid="4" />
                <SequencePoint vc="7" uspid="14615" ordinal="0" offset="18" sl="358" sc="13" el="358" ec="13" bec="0" bev="0" fileid="4" />
                <SequencePoint vc="7" uspid="14616" ordinal="0" offset="22" sl="359" sc="18" el="359" ec="18" bec="0" bev="0" fileid="4" />
                <SequencePoint vc="231" uspid="14617" ordinal="0" offset="26" sl="359" sc="49" el="359" ec="49" bec="0" bev="0" fileid="4" />
                <SequencePoint vc="231" uspid="14618" ordinal="0" offset="27" sl="360" sc="17" el="360" ec="17" bec="0" bev="0" fileid="4" />
                <SequencePoint vc="231" uspid="14619" ordinal="0" offset="51" sl="361" sc="13" el="361" ec="13" bec="0" bev="0" fileid="4" />
                <SequencePoint vc="231" uspid="14620" ordinal="0" offset="52" sl="359" sc="44" el="359" ec="44" bec="0" bev="0" fileid="4" />
                <SequencePoint vc="238" uspid="14621" ordinal="0" offset="56" sl="359" sc="29" el="359" ec="29" bec="0" bev="0" fileid="4" />
                <SequencePoint vc="7" uspid="14622" ordinal="0" offset="69" sl="362" sc="9" el="362" ec="9" bec="0" bev="0" fileid="4" />
                <SequencePoint vc="7" uspid="14623" ordinal="0" offset="70" sl="357" sc="40" el="357" ec="40" bec="0" bev="0" fileid="4" />
                <SequencePoint vc="8" uspid="14624" ordinal="0" offset="74" sl="357" sc="25" el="357" ec="25" bec="0" bev="0" fileid="4" />
                <SequencePoint vc="1" uspid="14625" ordinal="0" offset="89" sl="363" sc="9" el="363" ec="9" bec="0" bev="0" fileid="4" />
                <SequencePoint vc="1" uspid="14626" ordinal="0" offset="94" sl="364" sc="5" el="364" ec="5" bec="0" bev="0" fileid="4" />
              </SequencePoints>
              <BranchPoints />
            </Method>
            <Method visited="true" cyclomaticComplexity="0" nPathComplexity="0" sequenceCoverage="100.0" branchCoverage="0" crapScore="0" isConstructor="false" isStatic="false" isGetter="false" isSetter="false">
              <Summary numSequencePoints="10" visitedSequencePoints="10" numBranchPoints="0" visitedBranchPoints="0" sequenceCoverage="100.0" branchCoverage="0" maxCyclomaticComplexity="0" minCyclomaticComplexity="0" maxCrapScore="0" minCrapScore="0" visitedClasses="0" numClasses="0" visitedMethods="1" numMethods="1" />
              <MetadataToken>100663329</MetadataToken>
              <Name>System.Int32[] DataManager::getDeathHistory(System.Int32)</Name>
              <FileRef uid="4" />
              <SequencePoints>
                <SequencePoint vc="1" uspid="14627" ordinal="0" offset="0" sl="366" sc="49" el="366" ec="49" bec="0" bev="0" fileid="4" />
                <SequencePoint vc="1" uspid="14628" ordinal="0" offset="1" sl="367" sc="9" el="367" ec="9" bec="0" bev="0" fileid="4" />
                <SequencePoint vc="1" uspid="14629" ordinal="0" offset="13" sl="368" sc="14" el="368" ec="14" bec="0" bev="0" fileid="4" />
                <SequencePoint vc="7" uspid="14630" ordinal="0" offset="17" sl="368" sc="45" el="368" ec="45" bec="0" bev="0" fileid="4" />
                <SequencePoint vc="7" uspid="14631" ordinal="0" offset="18" sl="369" sc="13" el="369" ec="13" bec="0" bev="0" fileid="4" />
                <SequencePoint vc="7" uspid="14632" ordinal="0" offset="34" sl="371" sc="9" el="371" ec="9" bec="0" bev="0" fileid="4" />
                <SequencePoint vc="7" uspid="14633" ordinal="0" offset="35" sl="368" sc="40" el="368" ec="40" bec="0" bev="0" fileid="4" />
                <SequencePoint vc="8" uspid="14634" ordinal="0" offset="39" sl="368" sc="25" el="368" ec="25" bec="0" bev="0" fileid="4" />
                <SequencePoint vc="1" uspid="14635" ordinal="0" offset="52" sl="372" sc="9" el="372" ec="9" bec="0" bev="0" fileid="4" />
                <SequencePoint vc="1" uspid="14636" ordinal="0" offset="56" sl="373" sc="5" el="373" ec="5" bec="0" bev="0" fileid="4" />
              </SequencePoints>
              <BranchPoints />
            </Method>
            <Method visited="true" cyclomaticComplexity="0" nPathComplexity="0" sequenceCoverage="100.0" branchCoverage="0" crapScore="0" isConstructor="false" isStatic="false" isGetter="false" isSetter="false">
              <Summary numSequencePoints="16" visitedSequencePoints="16" numBranchPoints="0" visitedBranchPoints="0" sequenceCoverage="100.0" branchCoverage="0" maxCyclomaticComplexity="0" minCyclomaticComplexity="0" maxCrapScore="0" minCrapScore="0" visitedClasses="0" numClasses="0" visitedMethods="1" numMethods="1" />
              <MetadataToken>100663330</MetadataToken>
              <Name>System.Int32[] DataManager::getTotalDeathHistory()</Name>
              <FileRef uid="4" />
              <SequencePoints>
                <SequencePoint vc="1" uspid="14637" ordinal="0" offset="0" sl="375" sc="41" el="375" ec="41" bec="0" bev="0" fileid="4" />
                <SequencePoint vc="1" uspid="14638" ordinal="0" offset="1" sl="376" sc="9" el="376" ec="9" bec="0" bev="0" fileid="4" />
                <SequencePoint vc="1" uspid="14639" ordinal="0" offset="13" sl="377" sc="14" el="377" ec="14" bec="0" bev="0" fileid="4" />
                <SequencePoint vc="7" uspid="14640" ordinal="0" offset="17" sl="377" sc="45" el="377" ec="45" bec="0" bev="0" fileid="4" />
                <SequencePoint vc="7" uspid="14641" ordinal="0" offset="18" sl="378" sc="13" el="378" ec="13" bec="0" bev="0" fileid="4" />
                <SequencePoint vc="7" uspid="14642" ordinal="0" offset="22" sl="379" sc="18" el="379" ec="18" bec="0" bev="0" fileid="4" />
                <SequencePoint vc="231" uspid="14643" ordinal="0" offset="26" sl="379" sc="49" el="379" ec="49" bec="0" bev="0" fileid="4" />
                <SequencePoint vc="231" uspid="14644" ordinal="0" offset="27" sl="380" sc="17" el="380" ec="17" bec="0" bev="0" fileid="4" />
                <SequencePoint vc="231" uspid="14645" ordinal="0" offset="51" sl="381" sc="13" el="381" ec="13" bec="0" bev="0" fileid="4" />
                <SequencePoint vc="231" uspid="14646" ordinal="0" offset="52" sl="379" sc="44" el="379" ec="44" bec="0" bev="0" fileid="4" />
                <SequencePoint vc="238" uspid="14647" ordinal="0" offset="56" sl="379" sc="29" el="379" ec="29" bec="0" bev="0" fileid="4" />
                <SequencePoint vc="7" uspid="14648" ordinal="0" offset="69" sl="382" sc="9" el="382" ec="9" bec="0" bev="0" fileid="4" />
                <SequencePoint vc="7" uspid="14649" ordinal="0" offset="70" sl="377" sc="40" el="377" ec="40" bec="0" bev="0" fileid="4" />
                <SequencePoint vc="8" uspid="14650" ordinal="0" offset="74" sl="377" sc="25" el="377" ec="25" bec="0" bev="0" fileid="4" />
                <SequencePoint vc="1" uspid="14651" ordinal="0" offset="89" sl="383" sc="9" el="383" ec="9" bec="0" bev="0" fileid="4" />
                <SequencePoint vc="1" uspid="14652" ordinal="0" offset="94" sl="384" sc="5" el="384" ec="5" bec="0" bev="0" fileid="4" />
              </SequencePoints>
              <BranchPoints />
            </Method>
            <Method visited="true" cyclomaticComplexity="0" nPathComplexity="0" sequenceCoverage="100.0" branchCoverage="0" crapScore="0" isConstructor="false" isStatic="false" isGetter="false" isSetter="false">
              <Summary numSequencePoints="3" visitedSequencePoints="3" numBranchPoints="0" visitedBranchPoints="0" sequenceCoverage="100.0" branchCoverage="0" maxCyclomaticComplexity="0" minCyclomaticComplexity="0" maxCrapScore="0" minCrapScore="0" visitedClasses="0" numClasses="0" visitedMethods="1" numMethods="1" />
              <MetadataToken>100663332</MetadataToken>
              <Name>System.Int32 DataManager::getDaysPassed()</Name>
              <FileRef uid="4" />
              <SequencePoints>
                <SequencePoint vc="1" uspid="14656" ordinal="0" offset="0" sl="390" sc="32" el="390" ec="32" bec="0" bev="0" fileid="4" />
                <SequencePoint vc="1" uspid="14657" ordinal="0" offset="1" sl="391" sc="9" el="391" ec="9" bec="0" bev="0" fileid="4" />
                <SequencePoint vc="1" uspid="14658" ordinal="0" offset="30" sl="392" sc="5" el="392" ec="5" bec="0" bev="0" fileid="4" />
              </SequencePoints>
              <BranchPoints />
            </Method>
            <Method visited="true" cyclomaticComplexity="0" nPathComplexity="0" sequenceCoverage="100.0" branchCoverage="0" crapScore="0" isConstructor="false" isStatic="false" isGetter="false" isSetter="false">
              <Summary numSequencePoints="3" visitedSequencePoints="3" numBranchPoints="0" visitedBranchPoints="0" sequenceCoverage="100.0" branchCoverage="0" maxCyclomaticComplexity="0" minCyclomaticComplexity="0" maxCrapScore="0" minCrapScore="0" visitedClasses="0" numClasses="0" visitedMethods="1" numMethods="1" />
              <MetadataToken>100663333</MetadataToken>
              <Name>System.Single DataManager::getPolicyIndex(System.Int32, System.Int32)</Name>
              <FileRef uid="4" />
              <SequencePoints>
                <SequencePoint vc="1" uspid="14659" ordinal="0" offset="0" sl="394" sc="65" el="394" ec="65" bec="0" bev="0" fileid="4" />
                <SequencePoint vc="1" uspid="14660" ordinal="0" offset="1" sl="395" sc="9" el="395" ec="9" bec="0" bev="0" fileid="4" />
                <SequencePoint vc="1" uspid="14661" ordinal="0" offset="17" sl="396" sc="5" el="396" ec="5" bec="0" bev="0" fileid="4" />
              </SequencePoints>
              <BranchPoints />
            </Method>
            <Method visited="true" cyclomaticComplexity="0" nPathComplexity="0" sequenceCoverage="100.0" branchCoverage="0" crapScore="0" isConstructor="false" isStatic="false" isGetter="false" isSetter="false">
              <Summary numSequencePoints="11" visitedSequencePoints="11" numBranchPoints="0" visitedBranchPoints="0" sequenceCoverage="100.0" branchCoverage="0" maxCyclomaticComplexity="0" minCyclomaticComplexity="0" maxCrapScore="0" minCrapScore="0" visitedClasses="0" numClasses="0" visitedMethods="1" numMethods="1" />
              <MetadataToken>100663334</MetadataToken>
              <Name>System.Single DataManager::getAveragePolicyIndex(System.Int32)</Name>
              <FileRef uid="4" />
              <SequencePoints>
                <SequencePoint vc="1" uspid="14662" ordinal="0" offset="0" sl="398" sc="57" el="398" ec="57" bec="0" bev="0" fileid="4" />
                <SequencePoint vc="1" uspid="14663" ordinal="0" offset="1" sl="399" sc="9" el="399" ec="9" bec="0" bev="0" fileid="4" />
                <SequencePoint vc="1" uspid="14664" ordinal="0" offset="7" sl="400" sc="14" el="400" ec="14" bec="0" bev="0" fileid="4" />
                <SequencePoint vc="33" uspid="14665" ordinal="0" offset="11" sl="400" sc="45" el="400" ec="45" bec="0" bev="0" fileid="4" />
                <SequencePoint vc="33" uspid="14666" ordinal="0" offset="12" sl="401" sc="13" el="401" ec="13" bec="0" bev="0" fileid="4" />
                <SequencePoint vc="33" uspid="14667" ordinal="0" offset="28" sl="402" sc="9" el="402" ec="9" bec="0" bev="0" fileid="4" />
                <SequencePoint vc="33" uspid="14668" ordinal="0" offset="29" sl="400" sc="40" el="400" ec="40" bec="0" bev="0" fileid="4" />
                <SequencePoint vc="34" uspid="14669" ordinal="0" offset="33" sl="400" sc="25" el="400" ec="25" bec="0" bev="0" fileid="4" />
                <SequencePoint vc="1" uspid="14670" ordinal="0" offset="46" sl="403" sc="9" el="403" ec="9" bec="0" bev="0" fileid="4" />
                <SequencePoint vc="1" uspid="14671" ordinal="0" offset="56" sl="404" sc="9" el="404" ec="9" bec="0" bev="0" fileid="4" />
                <SequencePoint vc="1" uspid="14672" ordinal="0" offset="60" sl="405" sc="5" el="405" ec="5" bec="0" bev="0" fileid="4" />
              </SequencePoints>
              <BranchPoints />
            </Method>
            <Method visited="true" cyclomaticComplexity="0" nPathComplexity="0" sequenceCoverage="100.0" branchCoverage="0" crapScore="0" isConstructor="false" isStatic="false" isGetter="false" isSetter="false">
              <Summary numSequencePoints="3" visitedSequencePoints="3" numBranchPoints="0" visitedBranchPoints="0" sequenceCoverage="100.0" branchCoverage="0" maxCyclomaticComplexity="0" minCyclomaticComplexity="0" maxCrapScore="0" minCrapScore="0" visitedClasses="0" numClasses="0" visitedMethods="1" numMethods="1" />
              <MetadataToken>100663335</MetadataToken>
              <Name>System.Single DataManager::getWaitTime()</Name>
              <FileRef uid="4" />
              <SequencePoints>
                <SequencePoint vc="1" uspid="14673" ordinal="0" offset="0" sl="407" sc="32" el="407" ec="32" bec="0" bev="0" fileid="4" />
                <SequencePoint vc="1" uspid="14674" ordinal="0" offset="1" sl="408" sc="9" el="408" ec="9" bec="0" bev="0" fileid="4" />
                <SequencePoint vc="1" uspid="14675" ordinal="0" offset="10" sl="409" sc="5" el="409" ec="5" bec="0" bev="0" fileid="4" />
              </SequencePoints>
              <BranchPoints />
            </Method>
            <Method visited="true" cyclomaticComplexity="0" nPathComplexity="0" sequenceCoverage="100.0" branchCoverage="0" crapScore="0" isConstructor="false" isStatic="false" isGetter="false" isSetter="false">
              <Summary numSequencePoints="22" visitedSequencePoints="22" numBranchPoints="0" visitedBranchPoints="0" sequenceCoverage="100.0" branchCoverage="0" maxCyclomaticComplexity="0" minCyclomaticComplexity="0" maxCrapScore="0" minCrapScore="0" visitedClasses="0" numClasses="0" visitedMethods="1" numMethods="1" />
              <MetadataToken>100663336</MetadataToken>
              <Name>System.Void DataManager::updateDeath(System.Int32[])</Name>
              <FileRef uid="4" />
              <SequencePoints>
                <SequencePoint vc="1" uspid="14676" ordinal="0" offset="0" sl="413" sc="42" el="413" ec="42" bec="0" bev="0" fileid="4" />
                <SequencePoint vc="1" uspid="14677" ordinal="0" offset="1" sl="414" sc="9" el="414" ec="9" bec="0" bev="0" fileid="4" />
                <SequencePoint vc="1" uspid="14678" ordinal="0" offset="8" sl="415" sc="9" el="415" ec="9" bec="0" bev="0" fileid="4" />
                <SequencePoint vc="1" uspid="14679" ordinal="0" offset="15" sl="416" sc="14" el="416" ec="14" bec="0" bev="0" fileid="4" />
                <SequencePoint vc="33" uspid="14680" ordinal="0" offset="19" sl="416" sc="45" el="416" ec="45" bec="0" bev="0" fileid="4" />
                <SequencePoint vc="33" uspid="14681" ordinal="0" offset="20" sl="417" sc="13" el="417" ec="13" bec="0" bev="0" fileid="4" />
                <SequencePoint vc="33" uspid="14682" ordinal="0" offset="35" sl="418" sc="18" el="418" ec="18" bec="0" bev="0" fileid="4" />
                <SequencePoint vc="231" uspid="14683" ordinal="0" offset="39" sl="418" sc="49" el="418" ec="49" bec="0" bev="0" fileid="4" />
                <SequencePoint vc="231" uspid="14684" ordinal="0" offset="40" sl="419" sc="17" el="419" ec="17" bec="0" bev="0" fileid="4" />
                <SequencePoint vc="33" uspid="14685" ordinal="0" offset="55" sl="419" sc="43" el="419" ec="43" bec="0" bev="0" fileid="4" />
                <SequencePoint vc="33" uspid="14686" ordinal="0" offset="56" sl="421" sc="21" el="421" ec="21" bec="0" bev="0" fileid="4" />
                <SequencePoint vc="33" uspid="14687" ordinal="0" offset="77" sl="422" sc="17" el="422" ec="17" bec="0" bev="0" fileid="4" />
                <SequencePoint vc="198" uspid="14688" ordinal="0" offset="80" sl="422" sc="24" el="422" ec="24" bec="0" bev="0" fileid="4" />
                <SequencePoint vc="198" uspid="14689" ordinal="0" offset="81" sl="424" sc="21" el="424" ec="21" bec="0" bev="0" fileid="4" />
                <SequencePoint vc="198" uspid="14690" ordinal="0" offset="109" sl="425" sc="17" el="425" ec="17" bec="0" bev="0" fileid="4" />
                <SequencePoint vc="231" uspid="14691" ordinal="0" offset="110" sl="427" sc="13" el="427" ec="13" bec="0" bev="0" fileid="4" />
                <SequencePoint vc="231" uspid="14692" ordinal="0" offset="111" sl="418" sc="44" el="418" ec="44" bec="0" bev="0" fileid="4" />
                <SequencePoint vc="264" uspid="14693" ordinal="0" offset="115" sl="418" sc="29" el="418" ec="29" bec="0" bev="0" fileid="4" />
                <SequencePoint vc="33" uspid="14694" ordinal="0" offset="130" sl="428" sc="9" el="428" ec="9" bec="0" bev="0" fileid="4" />
                <SequencePoint vc="33" uspid="14695" ordinal="0" offset="131" sl="416" sc="40" el="416" ec="40" bec="0" bev="0" fileid="4" />
                <SequencePoint vc="34" uspid="14696" ordinal="0" offset="135" sl="416" sc="25" el="416" ec="25" bec="0" bev="0" fileid="4" />
                <SequencePoint vc="1" uspid="14697" ordinal="0" offset="153" sl="429" sc="5" el="429" ec="5" bec="0" bev="0" fileid="4" />
              </SequencePoints>
              <BranchPoints />
            </Method>
            <Method visited="true" cyclomaticComplexity="0" nPathComplexity="0" sequenceCoverage="100.0" branchCoverage="0" crapScore="0" isConstructor="false" isStatic="false" isGetter="false" isSetter="false">
              <Summary numSequencePoints="22" visitedSequencePoints="22" numBranchPoints="0" visitedBranchPoints="0" sequenceCoverage="100.0" branchCoverage="0" maxCyclomaticComplexity="0" minCyclomaticComplexity="0" maxCrapScore="0" minCrapScore="0" visitedClasses="0" numClasses="0" visitedMethods="1" numMethods="1" />
              <MetadataToken>100663337</MetadataToken>
              <Name>System.Void DataManager::updateInfection(System.Int32[])</Name>
              <FileRef uid="4" />
              <SequencePoints>
                <SequencePoint vc="2" uspid="14698" ordinal="0" offset="0" sl="431" sc="50" el="431" ec="50" bec="0" bev="0" fileid="4" />
                <SequencePoint vc="2" uspid="14699" ordinal="0" offset="1" sl="432" sc="9" el="432" ec="9" bec="0" bev="0" fileid="4" />
                <SequencePoint vc="2" uspid="14700" ordinal="0" offset="8" sl="433" sc="9" el="433" ec="9" bec="0" bev="0" fileid="4" />
                <SequencePoint vc="2" uspid="14701" ordinal="0" offset="15" sl="434" sc="14" el="434" ec="14" bec="0" bev="0" fileid="4" />
                <SequencePoint vc="66" uspid="14702" ordinal="0" offset="19" sl="434" sc="45" el="434" ec="45" bec="0" bev="0" fileid="4" />
                <SequencePoint vc="66" uspid="14703" ordinal="0" offset="20" sl="435" sc="13" el="435" ec="13" bec="0" bev="0" fileid="4" />
                <SequencePoint vc="66" uspid="14704" ordinal="0" offset="35" sl="436" sc="18" el="436" ec="18" bec="0" bev="0" fileid="4" />
                <SequencePoint vc="462" uspid="14705" ordinal="0" offset="39" sl="436" sc="49" el="436" ec="49" bec="0" bev="0" fileid="4" />
                <SequencePoint vc="462" uspid="14706" ordinal="0" offset="40" sl="437" sc="17" el="437" ec="17" bec="0" bev="0" fileid="4" />
                <SequencePoint vc="66" uspid="14707" ordinal="0" offset="55" sl="437" sc="43" el="437" ec="43" bec="0" bev="0" fileid="4" />
                <SequencePoint vc="66" uspid="14708" ordinal="0" offset="56" sl="438" sc="21" el="438" ec="21" bec="0" bev="0" fileid="4" />
                <SequencePoint vc="66" uspid="14709" ordinal="0" offset="77" sl="440" sc="17" el="440" ec="17" bec="0" bev="0" fileid="4" />
                <SequencePoint vc="396" uspid="14710" ordinal="0" offset="80" sl="440" sc="24" el="440" ec="24" bec="0" bev="0" fileid="4" />
                <SequencePoint vc="396" uspid="14711" ordinal="0" offset="81" sl="441" sc="21" el="441" ec="21" bec="0" bev="0" fileid="4" />
                <SequencePoint vc="396" uspid="14712" ordinal="0" offset="109" sl="443" sc="17" el="443" ec="17" bec="0" bev="0" fileid="4" />
                <SequencePoint vc="462" uspid="14713" ordinal="0" offset="110" sl="446" sc="13" el="446" ec="13" bec="0" bev="0" fileid="4" />
                <SequencePoint vc="462" uspid="14714" ordinal="0" offset="111" sl="436" sc="44" el="436" ec="44" bec="0" bev="0" fileid="4" />
                <SequencePoint vc="528" uspid="14715" ordinal="0" offset="115" sl="436" sc="29" el="436" ec="29" bec="0" bev="0" fileid="4" />
                <SequencePoint vc="66" uspid="14716" ordinal="0" offset="130" sl="448" sc="9" el="448" ec="9" bec="0" bev="0" fileid="4" />
                <SequencePoint vc="66" uspid="14717" ordinal="0" offset="131" sl="434" sc="40" el="434" ec="40" bec="0" bev="0" fileid="4" />
                <SequencePoint vc="68" uspid="14718" ordinal="0" offset="135" sl="434" sc="25" el="434" ec="25" bec="0" bev="0" fileid="4" />
                <SequencePoint vc="2" uspid="14719" ordinal="0" offset="153" sl="450" sc="5" el="450" ec="5" bec="0" bev="0" fileid="4" />
              </SequencePoints>
              <BranchPoints />
            </Method>
            <Method visited="true" cyclomaticComplexity="0" nPathComplexity="0" sequenceCoverage="100.0" branchCoverage="0" crapScore="0" isConstructor="false" isStatic="false" isGetter="false" isSetter="false">
              <Summary numSequencePoints="3" visitedSequencePoints="3" numBranchPoints="0" visitedBranchPoints="0" sequenceCoverage="100.0" branchCoverage="0" maxCyclomaticComplexity="0" minCyclomaticComplexity="0" maxCrapScore="0" minCrapScore="0" visitedClasses="0" numClasses="0" visitedMethods="1" numMethods="1" />
              <MetadataToken>100663338</MetadataToken>
              <Name>System.Void DataManager::updateSatisfaction(System.Int32[])</Name>
              <FileRef uid="4" />
              <SequencePoints>
                <SequencePoint vc="1" uspid="14720" ordinal="0" offset="0" sl="452" sc="56" el="452" ec="56" bec="0" bev="0" fileid="4" />
                <SequencePoint vc="1" uspid="14721" ordinal="0" offset="1" sl="453" sc="9" el="453" ec="9" bec="0" bev="0" fileid="4" />
                <SequencePoint vc="1" uspid="14722" ordinal="0" offset="8" sl="454" sc="5" el="454" ec="5" bec="0" bev="0" fileid="4" />
              </SequencePoints>
              <BranchPoints />
            </Method>
            <Method visited="true" cyclomaticComplexity="0" nPathComplexity="0" sequenceCoverage="100.0" branchCoverage="0" crapScore="0" isConstructor="true" isStatic="false" isGetter="false" isSetter="false">
              <Summary numSequencePoints="13" visitedSequencePoints="13" numBranchPoints="0" visitedBranchPoints="0" sequenceCoverage="100.0" branchCoverage="0" maxCyclomaticComplexity="0" minCyclomaticComplexity="0" maxCrapScore="0" minCrapScore="0" visitedClasses="0" numClasses="0" visitedMethods="1" numMethods="1" />
              <MetadataToken>100663310</MetadataToken>
              <Name>DataManager::DataManager()</Name>
              <FileRef uid="4" />
              <SequencePoints>
                <SequencePoint vc="1" uspid="14723" ordinal="0" offset="0" sl="37" sc="5" el="37" ec="5" bec="0" bev="0" fileid="4" />
                <SequencePoint vc="1" uspid="14724" ordinal="0" offset="8" sl="39" sc="5" el="39" ec="5" bec="0" bev="0" fileid="4" />
                <SequencePoint vc="1" uspid="14725" ordinal="0" offset="15" sl="41" sc="5" el="41" ec="5" bec="0" bev="0" fileid="4" />
                <SequencePoint vc="1" uspid="14726" ordinal="0" offset="23" sl="43" sc="5" el="43" ec="5" bec="0" bev="0" fileid="4" />
                <SequencePoint vc="1" uspid="14727" ordinal="0" offset="30" sl="45" sc="5" el="45" ec="5" bec="0" bev="0" fileid="4" />
                <SequencePoint vc="1" uspid="14728" ordinal="0" offset="37" sl="47" sc="5" el="47" ec="5" bec="0" bev="0" fileid="4" />
                <SequencePoint vc="1" uspid="14729" ordinal="0" offset="45" sl="49" sc="5" el="49" ec="5" bec="0" bev="0" fileid="4" />
                <SequencePoint vc="1" uspid="14730" ordinal="0" offset="53" sl="51" sc="5" el="51" ec="5" bec="0" bev="0" fileid="4" />
                <SequencePoint vc="1" uspid="14731" ordinal="0" offset="61" sl="53" sc="5" el="53" ec="5" bec="0" bev="0" fileid="4" />
                <SequencePoint vc="1" uspid="14732" ordinal="0" offset="69" sl="122" sc="5" el="122" ec="5" bec="0" bev="0" fileid="4" />
                <SequencePoint vc="1" uspid="14733" ordinal="0" offset="76" sl="122" sc="26" el="122" ec="26" bec="0" bev="0" fileid="4" />
                <SequencePoint vc="1" uspid="14734" ordinal="0" offset="77" sl="123" sc="9" el="123" ec="9" bec="0" bev="0" fileid="4" />
                <SequencePoint vc="1" uspid="14735" ordinal="0" offset="84" sl="124" sc="5" el="124" ec="5" bec="0" bev="0" fileid="4" />
              </SequencePoints>
              <BranchPoints />
            </Method>
          </Methods>
        </Class>
        <Class>
          <Summary numSequencePoints="15" visitedSequencePoints="7" numBranchPoints="0" visitedBranchPoints="0" sequenceCoverage="46.67" branchCoverage="0.0" maxCyclomaticComplexity="0" minCyclomaticComplexity="0" maxCrapScore="0" minCrapScore="0" visitedClasses="1" numClasses="1" visitedMethods="2" numMethods="2" />
          <FullName>DataPaneController</FullName>
          <Methods>
            <Method visited="true" cyclomaticComplexity="0" nPathComplexity="0" sequenceCoverage="30.00" branchCoverage="0" crapScore="0" isConstructor="false" isStatic="false" isGetter="false" isSetter="false">
              <Summary numSequencePoints="10" visitedSequencePoints="3" numBranchPoints="0" visitedBranchPoints="0" sequenceCoverage="30.00" branchCoverage="0" maxCyclomaticComplexity="0" minCyclomaticComplexity="0" maxCrapScore="0" minCrapScore="0" visitedClasses="0" numClasses="0" visitedMethods="1" numMethods="1" />
              <MetadataToken>100663339</MetadataToken>
              <Name>System.Void DataPaneController::init()</Name>
              <FileRef uid="5" />
              <SequencePoints>
                <SequencePoint vc="1" uspid="14736" ordinal="0" offset="0" sl="44" sc="25" el="44" ec="25" bec="0" bev="0" fileid="5" />
                <SequencePoint vc="1" uspid="14737" ordinal="0" offset="1" sl="45" sc="9" el="45" ec="9" bec="0" bev="0" fileid="5" />
                <SequencePoint vc="1" uspid="14738" ordinal="0" offset="8" sl="46" sc="9" el="46" ec="9" bec="0" bev="0" fileid="5" />
                <SequencePoint vc="0" uspid="14739" ordinal="0" offset="25" sl="47" sc="9" el="47" ec="9" bec="0" bev="0" fileid="5" />
                <SequencePoint vc="0" uspid="14740" ordinal="0" offset="42" sl="48" sc="9" el="48" ec="9" bec="0" bev="0" fileid="5" />
                <SequencePoint vc="0" uspid="14741" ordinal="0" offset="59" sl="49" sc="9" el="49" ec="9" bec="0" bev="0" fileid="5" />
                <SequencePoint vc="0" uspid="14742" ordinal="0" offset="76" sl="50" sc="9" el="50" ec="9" bec="0" bev="0" fileid="5" />
                <SequencePoint vc="0" uspid="14743" ordinal="0" offset="93" sl="51" sc="9" el="51" ec="9" bec="0" bev="0" fileid="5" />
                <SequencePoint vc="0" uspid="14744" ordinal="0" offset="110" sl="52" sc="9" el="52" ec="9" bec="0" bev="0" fileid="5" />
                <SequencePoint vc="0" uspid="14745" ordinal="0" offset="127" sl="53" sc="5" el="53" ec="5" bec="0" bev="0" fileid="5" />
              </SequencePoints>
              <BranchPoints />
            </Method>
            <Method visited="true" cyclomaticComplexity="0" nPathComplexity="0" sequenceCoverage="80.00" branchCoverage="0" crapScore="0" isConstructor="true" isStatic="false" isGetter="false" isSetter="false">
              <Summary numSequencePoints="5" visitedSequencePoints="4" numBranchPoints="0" visitedBranchPoints="0" sequenceCoverage="80.00" branchCoverage="0" maxCyclomaticComplexity="0" minCyclomaticComplexity="0" maxCrapScore="0" minCrapScore="0" visitedClasses="0" numClasses="0" visitedMethods="1" numMethods="1" />
              <MetadataToken>100663340</MetadataToken>
              <Name>DataPaneController::DataPaneController()</Name>
              <FileRef uid="5" />
              <SequencePoints>
                <SequencePoint vc="1" uspid="14785" ordinal="0" offset="0" sl="42" sc="5" el="42" ec="5" bec="0" bev="0" fileid="5" />
                <SequencePoint vc="1" uspid="14786" ordinal="0" offset="7" sl="55" sc="5" el="55" ec="5" bec="0" bev="0" fileid="5" />
                <SequencePoint vc="1" uspid="14787" ordinal="0" offset="14" sl="55" sc="33" el="55" ec="33" bec="0" bev="0" fileid="5" />
                <SequencePoint vc="1" uspid="14788" ordinal="0" offset="15" sl="56" sc="9" el="56" ec="9" bec="0" bev="0" fileid="5" />
                <SequencePoint vc="0" uspid="14789" ordinal="0" offset="22" sl="57" sc="5" el="57" ec="5" bec="0" bev="0" fileid="5" />
              </SequencePoints>
              <BranchPoints />
            </Method>
          </Methods>
        </Class>
        <Class>
          <Summary numSequencePoints="3" visitedSequencePoints="3" numBranchPoints="0" visitedBranchPoints="0" sequenceCoverage="100.0" branchCoverage="0.0" maxCyclomaticComplexity="0" minCyclomaticComplexity="0" maxCrapScore="0" minCrapScore="0" visitedClasses="1" numClasses="1" visitedMethods="1" numMethods="1" />
          <FullName>GameEndController</FullName>
          <Methods>
            <Method visited="true" cyclomaticComplexity="0" nPathComplexity="0" sequenceCoverage="100.0" branchCoverage="0" crapScore="0" isConstructor="true" isStatic="false" isGetter="false" isSetter="false">
              <Summary numSequencePoints="3" visitedSequencePoints="3" numBranchPoints="0" visitedBranchPoints="0" sequenceCoverage="100.0" branchCoverage="0" maxCyclomaticComplexity="0" minCyclomaticComplexity="0" maxCrapScore="0" minCrapScore="0" visitedClasses="0" numClasses="0" visitedMethods="1" numMethods="1" />
              <MetadataToken>100663353</MetadataToken>
              <Name>GameEndController::GameEndController()</Name>
              <FileRef uid="7" />
              <SequencePoints>
                <SequencePoint vc="1" uspid="14870" ordinal="0" offset="0" sl="13" sc="5" el="13" ec="5" bec="0" bev="0" fileid="7" />
                <SequencePoint vc="1" uspid="14871" ordinal="0" offset="11" sl="15" sc="5" el="15" ec="5" bec="0" bev="0" fileid="7" />
                <SequencePoint vc="1" uspid="14872" ordinal="0" offset="22" sl="23" sc="5" el="23" ec="5" bec="0" bev="0" fileid="7" />
              </SequencePoints>
              <BranchPoints />
            </Method>
          </Methods>
        </Class>
        <Class>
          <Summary numSequencePoints="203" visitedSequencePoints="203" numBranchPoints="0" visitedBranchPoints="0" sequenceCoverage="100.0" branchCoverage="0.0" maxCyclomaticComplexity="0" minCyclomaticComplexity="0" maxCrapScore="0" minCrapScore="0" visitedClasses="1" numClasses="1" visitedMethods="11" numMethods="11" />
          <FullName>InfoBlock</FullName>
          <Methods>
            <Method visited="true" cyclomaticComplexity="0" nPathComplexity="0" sequenceCoverage="100.0" branchCoverage="0" crapScore="0" isConstructor="false" isStatic="false" isGetter="false" isSetter="false">
              <Summary numSequencePoints="7" visitedSequencePoints="7" numBranchPoints="0" visitedBranchPoints="0" sequenceCoverage="100.0" branchCoverage="0" maxCyclomaticComplexity="0" minCyclomaticComplexity="0" maxCrapScore="0" minCrapScore="0" visitedClasses="0" numClasses="0" visitedMethods="1" numMethods="1" />
              <MetadataToken>100663364</MetadataToken>
              <Name>System.Void InfoBlock::init()</Name>
              <FileRef uid="9" />
              <SequencePoints>
                <SequencePoint vc="8" uspid="14893" ordinal="0" offset="0" sl="25" sc="25" el="25" ec="25" bec="0" bev="0" fileid="9" />
                <SequencePoint vc="8" uspid="14894" ordinal="0" offset="1" sl="26" sc="9" el="26" ec="9" bec="0" bev="0" fileid="9" />
                <SequencePoint vc="8" uspid="14895" ordinal="0" offset="8" sl="27" sc="9" el="27" ec="9" bec="0" bev="0" fileid="9" />
                <SequencePoint vc="8" uspid="14896" ordinal="0" offset="15" sl="28" sc="9" el="28" ec="9" bec="0" bev="0" fileid="9" />
                <SequencePoint vc="8" uspid="14897" ordinal="0" offset="22" sl="29" sc="9" el="29" ec="9" bec="0" bev="0" fileid="9" />
                <SequencePoint vc="8" uspid="14898" ordinal="0" offset="29" sl="30" sc="9" el="30" ec="9" bec="0" bev="0" fileid="9" />
                <SequencePoint vc="8" uspid="14899" ordinal="0" offset="36" sl="31" sc="5" el="31" ec="5" bec="0" bev="0" fileid="9" />
              </SequencePoints>
              <BranchPoints />
            </Method>
            <Method visited="true" cyclomaticComplexity="0" nPathComplexity="0" sequenceCoverage="100.0" branchCoverage="0" crapScore="0" isConstructor="false" isStatic="false" isGetter="false" isSetter="false">
              <Summary numSequencePoints="3" visitedSequencePoints="3" numBranchPoints="0" visitedBranchPoints="0" sequenceCoverage="100.0" branchCoverage="0" maxCyclomaticComplexity="0" minCyclomaticComplexity="0" maxCrapScore="0" minCrapScore="0" visitedClasses="0" numClasses="0" visitedMethods="1" numMethods="1" />
              <MetadataToken>100663369</MetadataToken>
              <Name>System.String InfoBlock::returnCityName(System.Int32)</Name>
              <FileRef uid="9" />
              <SequencePoints>
                <SequencePoint vc="1" uspid="14912" ordinal="0" offset="0" sl="57" sc="5" el="57" ec="5" bec="0" bev="0" fileid="9" />
[...]
                <SequencePoint vc="1" uspid="16703" ordinal="0" offset="26" sl="50" sc="9" el="50" ec="9" bec="0" bev="0" fileid="52" />
                <SequencePoint vc="1" uspid="16704" ordinal="0" offset="44" sl="51" sc="5" el="51" ec="5" bec="0" bev="0" fileid="52" />
              </SequencePoints>
              <BranchPoints />
            </Method>
            <Method visited="true" cyclomaticComplexity="0" nPathComplexity="0" sequenceCoverage="100.0" branchCoverage="0" crapScore="0" isConstructor="false" isStatic="false" isGetter="false" isSetter="false">
              <Summary numSequencePoints="6" visitedSequencePoints="6" numBranchPoints="0" visitedBranchPoints="0" sequenceCoverage="100.0" branchCoverage="0" maxCyclomaticComplexity="0" minCyclomaticComplexity="0" maxCrapScore="0" minCrapScore="0" visitedClasses="0" numClasses="0" visitedMethods="1" numMethods="1" />
              <MetadataToken>100663308</MetadataToken>
              <Name>System.Void TestInfoBlock::GetDensity_IsCorrect()</Name>
              <FileRef uid="52" />
              <SequencePoints>
                <SequencePoint vc="1" uspid="16705" ordinal="0" offset="0" sl="55" sc="5" el="55" ec="5" bec="0" bev="0" fileid="52" />
                <SequencePoint vc="1" uspid="16706" ordinal="0" offset="1" sl="57" sc="9" el="57" ec="9" bec="0" bev="0" fileid="52" />
                <SequencePoint vc="1" uspid="16707" ordinal="0" offset="12" sl="58" sc="9" el="58" ec="9" bec="0" bev="0" fileid="52" />
                <SequencePoint vc="1" uspid="16708" ordinal="0" offset="18" sl="61" sc="9" el="61" ec="9" bec="0" bev="0" fileid="52" />
                <SequencePoint vc="1" uspid="16709" ordinal="0" offset="26" sl="64" sc="9" el="64" ec="9" bec="0" bev="0" fileid="52" />
                <SequencePoint vc="1" uspid="16710" ordinal="0" offset="44" sl="65" sc="5" el="65" ec="5" bec="0" bev="0" fileid="52" />
              </SequencePoints>
              <BranchPoints />
            </Method>
          </Methods>
        </Class>
        <Class>
          <Summary numSequencePoints="90" visitedSequencePoints="90" numBranchPoints="0" visitedBranchPoints="0" sequenceCoverage="100.0" branchCoverage="0.0" maxCyclomaticComplexity="0" minCyclomaticComplexity="0" maxCrapScore="0" minCrapScore="0" visitedClasses="1" numClasses="1" visitedMethods="6" numMethods="6" />
          <FullName>TestModel</FullName>
          <Methods>
            <Method visited="true" cyclomaticComplexity="0" nPathComplexity="0" sequenceCoverage="100.0" branchCoverage="0" crapScore="0" isConstructor="false" isStatic="false" isGetter="false" isSetter="false">
              <Summary numSequencePoints="3" visitedSequencePoints="3" numBranchPoints="0" visitedBranchPoints="0" sequenceCoverage="100.0" branchCoverage="0" maxCyclomaticComplexity="0" minCyclomaticComplexity="0" maxCrapScore="0" minCrapScore="0" visitedClasses="0" numClasses="0" visitedMethods="1" numMethods="1" />
              <MetadataToken>100663310</MetadataToken>
              <Name>System.Void TestModel::Setup()</Name>
              <FileRef uid="53" />
              <SequencePoints>
                <SequencePoint vc="5" uspid="16711" ordinal="0" offset="0" sl="15" sc="5" el="15" ec="5" bec="0" bev="0" fileid="53" />
                <SequencePoint vc="5" uspid="16712" ordinal="0" offset="1" sl="16" sc="9" el="16" ec="9" bec="0" bev="0" fileid="53" />
                <SequencePoint vc="5" uspid="16713" ordinal="0" offset="22" sl="17" sc="5" el="17" ec="5" bec="0" bev="0" fileid="53" />
              </SequencePoints>
              <BranchPoints />
            </Method>
            <Method visited="true" cyclomaticComplexity="0" nPathComplexity="0" sequenceCoverage="100.0" branchCoverage="0" crapScore="0" isConstructor="false" isStatic="false" isGetter="false" isSetter="false">
              <Summary numSequencePoints="39" visitedSequencePoints="39" numBranchPoints="0" visitedBranchPoints="0" sequenceCoverage="100.0" branchCoverage="0" maxCyclomaticComplexity="0" minCyclomaticComplexity="0" maxCrapScore="0" minCrapScore="0" visitedClasses="0" numClasses="0" visitedMethods="1" numMethods="1" />
              <MetadataToken>100663311</MetadataToken>
              <Name>System.Void TestModel::CalculateNewSatisfaction_ReturnsCorrectSatisfaction()</Name>
              <FileRef uid="53" />
              <SequencePoints>
                <SequencePoint vc="1" uspid="16714" ordinal="0" offset="0" sl="21" sc="5" el="21" ec="5" bec="0" bev="0" fileid="53" />
                <SequencePoint vc="1" uspid="16715" ordinal="0" offset="1" sl="22" sc="9" el="22" ec="9" bec="0" bev="0" fileid="53" />
                <SequencePoint vc="1" uspid="16716" ordinal="0" offset="11" sl="23" sc="9" el="23" ec="9" bec="0" bev="0" fileid="53" />
                <SequencePoint vc="1" uspid="16717" ordinal="0" offset="14" sl="24" sc="9" el="24" ec="9" bec="0" bev="0" fileid="53" />
                <SequencePoint vc="1" uspid="16718" ordinal="0" offset="24" sl="25" sc="9" el="25" ec="9" bec="0" bev="0" fileid="53" />
                <SequencePoint vc="1" uspid="16719" ordinal="0" offset="27" sl="26" sc="9" el="26" ec="9" bec="0" bev="0" fileid="53" />
                <SequencePoint vc="1" uspid="16720" ordinal="0" offset="30" sl="27" sc="9" el="27" ec="9" bec="0" bev="0" fileid="53" />
                <SequencePoint vc="1" uspid="16721" ordinal="0" offset="34" sl="31" sc="9" el="31" ec="9" bec="0" bev="0" fileid="53" />
                <SequencePoint vc="1" uspid="16722" ordinal="0" offset="38" sl="33" sc="9" el="33" ec="9" bec="0" bev="0" fileid="53" />
                <SequencePoint vc="1" uspid="16723" ordinal="0" offset="59" sl="36" sc="9" el="36" ec="9" bec="0" bev="0" fileid="53" />
                <SequencePoint vc="1" uspid="16724" ordinal="0" offset="79" sl="39" sc="9" el="39" ec="9" bec="0" bev="0" fileid="53" />
                <SequencePoint vc="1" uspid="16725" ordinal="0" offset="89" sl="41" sc="9" el="41" ec="9" bec="0" bev="0" fileid="53" />
                <SequencePoint vc="1" uspid="16726" ordinal="0" offset="110" sl="44" sc="9" el="44" ec="9" bec="0" bev="0" fileid="53" />
                <SequencePoint vc="1" uspid="16727" ordinal="0" offset="114" sl="46" sc="9" el="46" ec="9" bec="0" bev="0" fileid="53" />
                <SequencePoint vc="1" uspid="16728" ordinal="0" offset="134" sl="49" sc="9" el="49" ec="9" bec="0" bev="0" fileid="53" />
                <SequencePoint vc="1" uspid="16729" ordinal="0" offset="136" sl="51" sc="9" el="51" ec="9" bec="0" bev="0" fileid="53" />
                <SequencePoint vc="1" uspid="16730" ordinal="0" offset="157" sl="54" sc="9" el="54" ec="9" bec="0" bev="0" fileid="53" />
                <SequencePoint vc="1" uspid="16731" ordinal="0" offset="161" sl="56" sc="9" el="56" ec="9" bec="0" bev="0" fileid="53" />
                <SequencePoint vc="1" uspid="16732" ordinal="0" offset="181" sl="59" sc="9" el="59" ec="9" bec="0" bev="0" fileid="53" />
                <SequencePoint vc="1" uspid="16733" ordinal="0" offset="187" sl="61" sc="9" el="61" ec="9" bec="0" bev="0" fileid="53" />
                <SequencePoint vc="1" uspid="16734" ordinal="0" offset="208" sl="64" sc="9" el="64" ec="9" bec="0" bev="0" fileid="53" />
                <SequencePoint vc="1" uspid="16735" ordinal="0" offset="212" sl="66" sc="9" el="66" ec="9" bec="0" bev="0" fileid="53" />
                <SequencePoint vc="1" uspid="16736" ordinal="0" offset="232" sl="70" sc="9" el="70" ec="9" bec="0" bev="0" fileid="53" />
                <SequencePoint vc="1" uspid="16737" ordinal="0" offset="234" sl="72" sc="9" el="72" ec="9" bec="0" bev="0" fileid="53" />
                <SequencePoint vc="1" uspid="16738" ordinal="0" offset="237" sl="74" sc="9" el="74" ec="9" bec="0" bev="0" fileid="53" />
                <SequencePoint vc="1" uspid="16739" ordinal="0" offset="258" sl="77" sc="9" el="77" ec="9" bec="0" bev="0" fileid="53" />
                <SequencePoint vc="1" uspid="16740" ordinal="0" offset="262" sl="79" sc="9" el="79" ec="9" bec="0" bev="0" fileid="53" />
                <SequencePoint vc="1" uspid="16741" ordinal="0" offset="282" sl="82" sc="9" el="82" ec="9" bec="0" bev="0" fileid="53" />
                <SequencePoint vc="1" uspid="16742" ordinal="0" offset="286" sl="84" sc="9" el="84" ec="9" bec="0" bev="0" fileid="53" />
                <SequencePoint vc="1" uspid="16743" ordinal="0" offset="307" sl="87" sc="9" el="87" ec="9" bec="0" bev="0" fileid="53" />
                <SequencePoint vc="1" uspid="16744" ordinal="0" offset="311" sl="89" sc="9" el="89" ec="9" bec="0" bev="0" fileid="53" />
                <SequencePoint vc="1" uspid="16745" ordinal="0" offset="331" sl="92" sc="9" el="92" ec="9" bec="0" bev="0" fileid="53" />
                <SequencePoint vc="1" uspid="16746" ordinal="0" offset="334" sl="94" sc="9" el="94" ec="9" bec="0" bev="0" fileid="53" />
                <SequencePoint vc="1" uspid="16747" ordinal="0" offset="344" sl="95" sc="9" el="95" ec="9" bec="0" bev="0" fileid="53" />
                <SequencePoint vc="1" uspid="16748" ordinal="0" offset="350" sl="96" sc="9" el="96" ec="9" bec="0" bev="0" fileid="53" />
                <SequencePoint vc="1" uspid="16749" ordinal="0" offset="353" sl="98" sc="9" el="98" ec="9" bec="0" bev="0" fileid="53" />
                <SequencePoint vc="1" uspid="16750" ordinal="0" offset="374" sl="101" sc="9" el="101" ec="9" bec="0" bev="0" fileid="53" />
                <SequencePoint vc="1" uspid="16751" ordinal="0" offset="377" sl="103" sc="9" el="103" ec="9" bec="0" bev="0" fileid="53" />
                <SequencePoint vc="1" uspid="16752" ordinal="0" offset="397" sl="105" sc="5" el="105" ec="5" bec="0" bev="0" fileid="53" />
              </SequencePoints>
              <BranchPoints />
            </Method>
            <Method visited="true" cyclomaticComplexity="0" nPathComplexity="0" sequenceCoverage="100.0" branchCoverage="0" crapScore="0" isConstructor="false" isStatic="false" isGetter="false" isSetter="false">
              <Summary numSequencePoints="26" visitedSequencePoints="26" numBranchPoints="0" visitedBranchPoints="0" sequenceCoverage="100.0" branchCoverage="0" maxCyclomaticComplexity="0" minCyclomaticComplexity="0" maxCrapScore="0" minCrapScore="0" visitedClasses="0" numClasses="0" visitedMethods="1" numMethods="1" />
              <MetadataToken>100663312</MetadataToken>
              <Name>System.Void TestModel::CalculateNewDailyDeath_ReturnsCorrectDeaths()</Name>
              <FileRef uid="53" />
              <SequencePoints>
                <SequencePoint vc="1" uspid="16753" ordinal="0" offset="0" sl="109" sc="5" el="109" ec="5" bec="0" bev="0" fileid="53" />
                <SequencePoint vc="1" uspid="16754" ordinal="0" offset="1" sl="110" sc="9" el="110" ec="9" bec="0" bev="0" fileid="53" />
                <SequencePoint vc="1" uspid="16755" ordinal="0" offset="7" sl="112" sc="9" el="112" ec="9" bec="0" bev="0" fileid="53" />
                <SequencePoint vc="1" uspid="16756" ordinal="0" offset="13" sl="113" sc="9" el="113" ec="9" bec="0" bev="0" fileid="53" />
                <SequencePoint vc="1" uspid="16757" ordinal="0" offset="19" sl="115" sc="9" el="115" ec="9" bec="0" bev="0" fileid="53" />
                <SequencePoint vc="1" uspid="16758" ordinal="0" offset="29" sl="118" sc="9" el="118" ec="9" bec="0" bev="0" fileid="53" />
                <SequencePoint vc="1" uspid="16759" ordinal="0" offset="46" sl="120" sc="9" el="120" ec="9" bec="0" bev="0" fileid="53" />
                <SequencePoint vc="1" uspid="16760" ordinal="0" offset="64" sl="123" sc="9" el="123" ec="9" bec="0" bev="0" fileid="53" />
                <SequencePoint vc="1" uspid="16761" ordinal="0" offset="70" sl="124" sc="9" el="124" ec="9" bec="0" bev="0" fileid="53" />
                <SequencePoint vc="1" uspid="16762" ordinal="0" offset="73" sl="126" sc="9" el="126" ec="9" bec="0" bev="0" fileid="53" />
                <SequencePoint vc="1" uspid="16763" ordinal="0" offset="83" sl="128" sc="9" el="128" ec="9" bec="0" bev="0" fileid="53" />
                <SequencePoint vc="1" uspid="16764" ordinal="0" offset="100" sl="130" sc="9" el="130" ec="9" bec="0" bev="0" fileid="53" />
                <SequencePoint vc="1" uspid="16765" ordinal="0" offset="118" sl="133" sc="9" el="133" ec="9" bec="0" bev="0" fileid="53" />
                <SequencePoint vc="1" uspid="16766" ordinal="0" offset="121" sl="134" sc="9" el="134" ec="9" bec="0" bev="0" fileid="53" />
                <SequencePoint vc="1" uspid="16767" ordinal="0" offset="124" sl="136" sc="9" el="136" ec="9" bec="0" bev="0" fileid="53" />
                <SequencePoint vc="1" uspid="16768" ordinal="0" offset="134" sl="138" sc="9" el="138" ec="9" bec="0" bev="0" fileid="53" />
                <SequencePoint vc="1" uspid="16769" ordinal="0" offset="151" sl="140" sc="9" el="140" ec="9" bec="0" bev="0" fileid="53" />
                <SequencePoint vc="1" uspid="16770" ordinal="0" offset="169" sl="143" sc="9" el="143" ec="9" bec="0" bev="0" fileid="53" />
                <SequencePoint vc="1" uspid="16771" ordinal="0" offset="171" sl="144" sc="9" el="144" ec="9" bec="0" bev="0" fileid="53" />
                <SequencePoint vc="1" uspid="16772" ordinal="0" offset="173" sl="146" sc="9" el="146" ec="9" bec="0" bev="0" fileid="53" />
                <SequencePoint vc="1" uspid="16773" ordinal="0" offset="183" sl="148" sc="9" el="148" ec="9" bec="0" bev="0" fileid="53" />
                <SequencePoint vc="1" uspid="16774" ordinal="0" offset="200" sl="150" sc="9" el="150" ec="9" bec="0" bev="0" fileid="53" />
                <SequencePoint vc="1" uspid="16775" ordinal="0" offset="218" sl="153" sc="9" el="153" ec="9" bec="0" bev="0" fileid="53" />
                <SequencePoint vc="1" uspid="16776" ordinal="0" offset="220" sl="154" sc="9" el="154" ec="9" bec="0" bev="0" fileid="53" />
                <SequencePoint vc="1" uspid="16777" ordinal="0" offset="236" sl="155" sc="9" el="155" ec="9" bec="0" bev="0" fileid="53" />
                <SequencePoint vc="1" uspid="16778" ordinal="0" offset="255" sl="157" sc="5" el="157" ec="5" bec="0" bev="0" fileid="53" />
              </SequencePoints>
              <BranchPoints />
            </Method>
            <Method visited="true" cyclomaticComplexity="0" nPathComplexity="0" sequenceCoverage="100.0" branchCoverage="0" crapScore="0" isConstructor="false" isStatic="false" isGetter="false" isSetter="false">
              <Summary numSequencePoints="10" visitedSequencePoints="10" numBranchPoints="0" visitedBranchPoints="0" sequenceCoverage="100.0" branchCoverage="0" maxCyclomaticComplexity="0" minCyclomaticComplexity="0" maxCrapScore="0" minCrapScore="0" visitedClasses="0" numClasses="0" visitedMethods="1" numMethods="1" />
              <MetadataToken>100663313</MetadataToken>
              <Name>System.Void TestModel::CalculateNewDailyInfection_ReturnsCorrectInfections()</Name>
              <FileRef uid="53" />
              <SequencePoints>
                <SequencePoint vc="1" uspid="16779" ordinal="0" offset="0" sl="161" sc="5" el="161" ec="5" bec="0" bev="0" fileid="53" />
                <SequencePoint vc="1" uspid="16780" ordinal="0" offset="1" sl="162" sc="9" el="162" ec="9" bec="0" bev="0" fileid="53" />
                <SequencePoint vc="1" uspid="16781" ordinal="0" offset="11" sl="163" sc="9" el="163" ec="9" bec="0" bev="0" fileid="53" />
                <SequencePoint vc="1" uspid="16782" ordinal="0" offset="14" sl="164" sc="9" el="164" ec="9" bec="0" bev="0" fileid="53" />
                <SequencePoint vc="1" uspid="16783" ordinal="0" offset="24" sl="165" sc="9" el="165" ec="9" bec="0" bev="0" fileid="53" />
                <SequencePoint vc="1" uspid="16784" ordinal="0" offset="30" sl="166" sc="9" el="166" ec="9" bec="0" bev="0" fileid="53" />
                <SequencePoint vc="1" uspid="16785" ordinal="0" offset="33" sl="168" sc="9" el="168" ec="9" bec="0" bev="0" fileid="53" />
                <SequencePoint vc="1" uspid="16786" ordinal="0" offset="36" sl="170" sc="9" el="170" ec="9" bec="0" bev="0" fileid="53" />
                <SequencePoint vc="1" uspid="16787" ordinal="0" offset="55" sl="172" sc="9" el="172" ec="9" bec="0" bev="0" fileid="53" />
                <SequencePoint vc="1" uspid="16788" ordinal="0" offset="75" sl="173" sc="5" el="173" ec="5" bec="0" bev="0" fileid="53" />
              </SequencePoints>
              <BranchPoints />
            </Method>
            <Method visited="true" cyclomaticComplexity="0" nPathComplexity="0" sequenceCoverage="100.0" branchCoverage="0" crapScore="0" isConstructor="false" isStatic="false" isGetter="false" isSetter="false">
              <Summary numSequencePoints="6" visitedSequencePoints="6" numBranchPoints="0" visitedBranchPoints="0" sequenceCoverage="100.0" branchCoverage="0" maxCyclomaticComplexity="0" minCyclomaticComplexity="0" maxCrapScore="0" minCrapScore="0" visitedClasses="0" numClasses="0" visitedMethods="1" numMethods="1" />
              <MetadataToken>100663314</MetadataToken>
              <Name>System.Void TestModel::StringencyIndex_ReturnsCorrectIndex()</Name>
              <FileRef uid="53" />
              <SequencePoints>
                <SequencePoint vc="1" uspid="16789" ordinal="0" offset="0" sl="177" sc="5" el="177" ec="5" bec="0" bev="0" fileid="53" />
                <SequencePoint vc="1" uspid="16790" ordinal="0" offset="1" sl="178" sc="9" el="178" ec="9" bec="0" bev="0" fileid="53" />
                <SequencePoint vc="1" uspid="16791" ordinal="0" offset="19" sl="180" sc="9" el="180" ec="9" bec="0" bev="0" fileid="53" />
                <SequencePoint vc="1" uspid="16792" ordinal="0" offset="29" sl="182" sc="9" el="182" ec="9" bec="0" bev="0" fileid="53" />
                <SequencePoint vc="1" uspid="16793" ordinal="0" offset="42" sl="184" sc="9" el="184" ec="9" bec="0" bev="0" fileid="53" />
                <SequencePoint vc="1" uspid="16794" ordinal="0" offset="59" sl="185" sc="5" el="185" ec="5" bec="0" bev="0" fileid="53" />
              </SequencePoints>
              <BranchPoints />
            </Method>
            <Method visited="true" cyclomaticComplexity="0" nPathComplexity="0" sequenceCoverage="100.0" branchCoverage="0" crapScore="0" isConstructor="false" isStatic="false" isGetter="false" isSetter="false">
              <Summary numSequencePoints="6" visitedSequencePoints="6" numBranchPoints="0" visitedBranchPoints="0" sequenceCoverage="100.0" branchCoverage="0" maxCyclomaticComplexity="0" minCyclomaticComplexity="0" maxCrapScore="0" minCrapScore="0" visitedClasses="0" numClasses="0" visitedMethods="1" numMethods="1" />
              <MetadataToken>100663315</MetadataToken>
              <Name>System.Void TestModel::PolicyChangingFrequency_ReturnsCorrectFrequency()</Name>
              <FileRef uid="53" />
              <SequencePoints>
                <SequencePoint vc="1" uspid="16795" ordinal="0" offset="0" sl="189" sc="5" el="189" ec="5" bec="0" bev="0" fileid="53" />
                <SequencePoint vc="1" uspid="16796" ordinal="0" offset="1" sl="190" sc="9" el="190" ec="9" bec="0" bev="0" fileid="53" />
                <SequencePoint vc="1" uspid="16797" ordinal="0" offset="20" sl="192" sc="9" el="192" ec="9" bec="0" bev="0" fileid="53" />
                <SequencePoint vc="1" uspid="16798" ordinal="0" offset="22" sl="194" sc="9" el="194" ec="9" bec="0" bev="0" fileid="53" />
                <SequencePoint vc="1" uspid="16799" ordinal="0" offset="35" sl="196" sc="9" el="196" ec="9" bec="0" bev="0" fileid="53" />
                <SequencePoint vc="1" uspid="16800" ordinal="0" offset="53" sl="197" sc="5" el="197" ec="5" bec="0" bev="0" fileid="53" />
              </SequencePoints>
              <BranchPoints />
            </Method>
          </Methods>
        </Class>
      </Classes>
    </Module>
  </Modules>
</CoverageSession>