<?xml version="1.0" encoding="utf-8"?>
<CoverageSession xmlns:xsd="http://www.w3.org/2001/XMLSchema" xmlns:xsi="http://www.w3.org/2001/XMLSchema-instance" Version="0.0.0.0">
  <Summary numSequencePoints="298" visitedSequencePoints="298" numBranchPoints="0" visitedBranchPoints="0" sequenceCoverage="100.0" branchCoverage="0.0" maxCyclomaticComplexity="0" minCyclomaticComplexity="0" maxCrapScore="0" minCrapScore="0" visitedClasses="10" numClasses="10" visitedMethods="17" numMethods="17" />
  <Modules>
    <Module>
      <Summary numSequencePoints="298" visitedSequencePoints="298" numBranchPoints="0" visitedBranchPoints="0" sequenceCoverage="100.0" branchCoverage="0.0" maxCyclomaticComplexity="0" minCyclomaticComplexity="0" maxCrapScore="0" minCrapScore="0" visitedClasses="10" numClasses="10" visitedMethods="17" numMethods="17" />
      <ModuleTime>0001-01-01T00:00:00</ModuleTime>
      <ModuleName>Scripts</ModuleName>
      <Files>
        <File uid="1" fullPath="D:/Unity/Serious-Game/Assets/Scripts/ChangeSceneController.cs" />
        <File uid="2" fullPath="D:/Unity/Serious-Game/Assets/Scripts/City.cs" />
        <File uid="3" fullPath="D:/Unity/Serious-Game/Assets/Scripts/CitySelectController.cs" />
        <File uid="4" fullPath="D:/Unity/Serious-Game/Assets/Scripts/DataManager.cs" />
        <File uid="5" fullPath="D:/Unity/Serious-Game/Assets/Scripts/DataPaneController.cs" />
        <File uid="6" fullPath="D:/Unity/Serious-Game/Assets/Scripts/DateContent.cs" />
        <File uid="7" fullPath="D:/Unity/Serious-Game/Assets/Scripts/GameEndController.cs" />
        <File uid="8" fullPath="D:/Unity/Serious-Game/Assets/Scripts/GameStartController.cs" />
        <File uid="9" fullPath="D:/Unity/Serious-Game/Assets/Scripts/InfoBlock.cs" />
        <File uid="10" fullPath="D:/Unity/Serious-Game/Assets/Scripts/LineChartController.cs" />
        <File uid="11" fullPath="D:/Unity/Serious-Game/Assets/Scripts/Model.cs" />
        <File uid="12" fullPath="D:/Unity/Serious-Game/Assets/Scripts/News.cs" />
        <File uid="13" fullPath="D:/Unity/Serious-Game/Assets/Scripts/Pace.cs" />
        <File uid="14" fullPath="D:/Unity/Serious-Game/Assets/Scripts/PlayController.cs" />
        <File uid="15" fullPath="D:/Unity/Serious-Game/Assets/Scripts/policyController.cs" />
        <File uid="16" fullPath="D:/Unity/Serious-Game/Assets/Scripts/policySelection.cs" />
        <File uid="17" fullPath="D:/Unity/Serious-Game/Assets/Scripts/PopupController.cs" />
        <File uid="18" fullPath="D:/Unity/Serious-Game/Assets/Scripts/Scripts/CircleSlider.cs" />
        <File uid="19" fullPath="D:/Unity/Serious-Game/Assets/Scripts/Scripts/CircleSliderA.cs" />
        <File uid="20" fullPath="D:/Unity/Serious-Game/Assets/Scripts/Scripts/FourCirclePercent.cs" />
        <File uid="21" fullPath="D:/Unity/Serious-Game/Assets/Scripts/Scripts/FourPercent.cs" />
        <File uid="22" fullPath="D:/Unity/Serious-Game/Assets/Scripts/Scripts/GetTime.cs" />
        <File uid="23" fullPath="D:/Unity/Serious-Game/Assets/Scripts/Scripts/HillPercent.cs" />
        <File uid="24" fullPath="D:/Unity/Serious-Game/Assets/Scripts/Scripts/ImageBoard.cs" />
        <File uid="25" fullPath="D:/Unity/Serious-Game/Assets/Scripts/Scripts/JustRotate.cs" />
        <File uid="26" fullPath="D:/Unity/Serious-Game/Assets/Scripts/Scripts/KeekOrit.cs" />
        <File uid="27" fullPath="D:/Unity/Serious-Game/Assets/Scripts/Scripts/KeepSize.cs" />
        <File uid="28" fullPath="D:/Unity/Serious-Game/Assets/Scripts/Scripts/LineChart.cs" />
        <File uid="29" fullPath="D:/Unity/Serious-Game/Assets/Scripts/Scripts/MyUIShape.cs" />
        <File uid="30" fullPath="D:/Unity/Serious-Game/Assets/Scripts/Scripts/OilGauge.cs" />
        <File uid="31" fullPath="D:/Unity/Serious-Game/Assets/Scripts/Scripts/OilGauge1.cs" />
        <File uid="32" fullPath="D:/Unity/Serious-Game/Assets/Scripts/Scripts/PressedBtn.cs" />
        <File uid="33" fullPath="D:/Unity/Serious-Game/Assets/Scripts/Scripts/RandomEnableAnimator.cs" />
        <File uid="34" fullPath="D:/Unity/Serious-Game/Assets/Scripts/Scripts/RandomNumber.cs" />
        <File uid="35" fullPath="D:/Unity/Serious-Game/Assets/Scripts/Scripts/RandomNumberPro.cs" />
        <File uid="36" fullPath="D:/Unity/Serious-Game/Assets/Scripts/Scripts/RunningNumber.cs" />
        <File uid="37" fullPath="D:/Unity/Serious-Game/Assets/Scripts/Scripts/SimpleProgress.cs" />
        <File uid="38" fullPath="D:/Unity/Serious-Game/Assets/Scripts/Scripts/SimpleProgress1.cs" />
        <File uid="39" fullPath="D:/Unity/Serious-Game/Assets/Scripts/Scripts/SliderRunTo1.cs" />
        <File uid="40" fullPath="D:/Unity/Serious-Game/Assets/Scripts/Scripts/SliderRunTo1A.cs" />
        <File uid="41" fullPath="D:/Unity/Serious-Game/Assets/Scripts/Scripts/SliderValuePass.cs" />
        <File uid="42" fullPath="D:/Unity/Serious-Game/Assets/Scripts/Scripts/Spider.cs" />
        <File uid="43" fullPath="D:/Unity/Serious-Game/Assets/Scripts/Scripts/TextChangeMyColor.cs" />
        <File uid="44" fullPath="D:/Unity/Serious-Game/Assets/Scripts/Scripts/TextColorControl.cs" />
        <File uid="45" fullPath="D:/Unity/Serious-Game/Assets/Scripts/Scripts/ThreePercent.cs" />
        <File uid="46" fullPath="D:/Unity/Serious-Game/Assets/Scripts/Scripts/UIPolygon.cs" />
        <File uid="47" fullPath="D:/Unity/Serious-Game/Assets/Scripts/Scripts/Wavecircle.cs" />
        <File uid="48" fullPath="D:/Unity/Serious-Game/Assets/Scripts/SocialMediaMessageController.cs" />
        <File uid="49" fullPath="D:/Unity/Serious-Game/Assets/Scripts/TutorialController.cs" />
        <File uid="50" fullPath="D:/Unity/Serious-Game/Assets/Scripts/UpdateInfection.cs" />
      </Files>
      <Classes>
        <Class>
          <Summary numSequencePoints="38" visitedSequencePoints="38" numBranchPoints="0" visitedBranchPoints="0" sequenceCoverage="100.0" branchCoverage="0.0" maxCyclomaticComplexity="0" minCyclomaticComplexity="0" maxCrapScore="0" minCrapScore="0" visitedClasses="1" numClasses="1" visitedMethods="1" numMethods="1" />
          <FullName>CitySelectController</FullName>
          <Methods>
            <Method visited="true" cyclomaticComplexity="0" nPathComplexity="0" sequenceCoverage="100.0" branchCoverage="0" crapScore="0" isConstructor="true" isStatic="false" isGetter="false" isSetter="false">
              <Summary numSequencePoints="38" visitedSequencePoints="38" numBranchPoints="0" visitedBranchPoints="0" sequenceCoverage="100.0" branchCoverage="0" maxCyclomaticComplexity="0" minCyclomaticComplexity="0" maxCrapScore="0" minCrapScore="0" visitedClasses="0" numClasses="0" visitedMethods="1" numMethods="1" />
              <MetadataToken>100663305</MetadataToken>
              <Name>CitySelectController::CitySelectController()</Name>
              <FileRef uid="3" />
              <SequencePoints>
                <SequencePoint vc="2" uspid="26" ordinal="0" offset="0" sl="8" sc="5" el="8" ec="5" bec="0" bev="0" fileid="3" />
                <SequencePoint vc="2" uspid="27" ordinal="0" offset="11" sl="16" sc="5" el="16" ec="5" bec="0" bev="0" fileid="3" />
                <SequencePoint vc="2" uspid="28" ordinal="0" offset="18" sl="16" sc="35" el="16" ec="35" bec="0" bev="0" fileid="3" />
                <SequencePoint vc="2" uspid="29" ordinal="0" offset="19" sl="17" sc="9" el="17" ec="9" bec="0" bev="0" fileid="3" />
                <SequencePoint vc="2" uspid="30" ordinal="0" offset="37" sl="18" sc="9" el="18" ec="9" bec="0" bev="0" fileid="3" />
                <SequencePoint vc="2" uspid="31" ordinal="0" offset="55" sl="19" sc="9" el="19" ec="9" bec="0" bev="0" fileid="3" />
                <SequencePoint vc="2" uspid="32" ordinal="0" offset="73" sl="20" sc="9" el="20" ec="9" bec="0" bev="0" fileid="3" />
                <SequencePoint vc="2" uspid="33" ordinal="0" offset="91" sl="21" sc="9" el="21" ec="9" bec="0" bev="0" fileid="3" />
                <SequencePoint vc="2" uspid="34" ordinal="0" offset="109" sl="22" sc="9" el="22" ec="9" bec="0" bev="0" fileid="3" />
                <SequencePoint vc="2" uspid="35" ordinal="0" offset="127" sl="23" sc="9" el="23" ec="9" bec="0" bev="0" fileid="3" />
                <SequencePoint vc="2" uspid="36" ordinal="0" offset="145" sl="24" sc="9" el="24" ec="9" bec="0" bev="0" fileid="3" />
                <SequencePoint vc="2" uspid="37" ordinal="0" offset="163" sl="25" sc="9" el="25" ec="9" bec="0" bev="0" fileid="3" />
                <SequencePoint vc="2" uspid="38" ordinal="0" offset="181" sl="26" sc="9" el="26" ec="9" bec="0" bev="0" fileid="3" />
                <SequencePoint vc="2" uspid="39" ordinal="0" offset="200" sl="27" sc="9" el="27" ec="9" bec="0" bev="0" fileid="3" />
                <SequencePoint vc="2" uspid="40" ordinal="0" offset="219" sl="28" sc="9" el="28" ec="9" bec="0" bev="0" fileid="3" />
                <SequencePoint vc="2" uspid="41" ordinal="0" offset="238" sl="29" sc="9" el="29" ec="9" bec="0" bev="0" fileid="3" />
                <SequencePoint vc="2" uspid="42" ordinal="0" offset="257" sl="30" sc="9" el="30" ec="9" bec="0" bev="0" fileid="3" />
                <SequencePoint vc="2" uspid="43" ordinal="0" offset="276" sl="31" sc="9" el="31" ec="9" bec="0" bev="0" fileid="3" />
                <SequencePoint vc="2" uspid="44" ordinal="0" offset="295" sl="32" sc="9" el="32" ec="9" bec="0" bev="0" fileid="3" />
                <SequencePoint vc="2" uspid="45" ordinal="0" offset="314" sl="33" sc="9" el="33" ec="9" bec="0" bev="0" fileid="3" />
                <SequencePoint vc="2" uspid="46" ordinal="0" offset="333" sl="34" sc="9" el="34" ec="9" bec="0" bev="0" fileid="3" />
                <SequencePoint vc="2" uspid="47" ordinal="0" offset="352" sl="35" sc="9" el="35" ec="9" bec="0" bev="0" fileid="3" />
                <SequencePoint vc="2" uspid="48" ordinal="0" offset="371" sl="36" sc="9" el="36" ec="9" bec="0" bev="0" fileid="3" />
                <SequencePoint vc="2" uspid="49" ordinal="0" offset="390" sl="37" sc="9" el="37" ec="9" bec="0" bev="0" fileid="3" />
                <SequencePoint vc="2" uspid="50" ordinal="0" offset="409" sl="38" sc="9" el="38" ec="9" bec="0" bev="0" fileid="3" />
                <SequencePoint vc="2" uspid="51" ordinal="0" offset="428" sl="39" sc="9" el="39" ec="9" bec="0" bev="0" fileid="3" />
                <SequencePoint vc="2" uspid="52" ordinal="0" offset="447" sl="40" sc="9" el="40" ec="9" bec="0" bev="0" fileid="3" />
                <SequencePoint vc="2" uspid="53" ordinal="0" offset="466" sl="41" sc="9" el="41" ec="9" bec="0" bev="0" fileid="3" />
                <SequencePoint vc="2" uspid="54" ordinal="0" offset="485" sl="42" sc="9" el="42" ec="9" bec="0" bev="0" fileid="3" />
                <SequencePoint vc="2" uspid="55" ordinal="0" offset="504" sl="43" sc="9" el="43" ec="9" bec="0" bev="0" fileid="3" />
                <SequencePoint vc="2" uspid="56" ordinal="0" offset="523" sl="44" sc="9" el="44" ec="9" bec="0" bev="0" fileid="3" />
                <SequencePoint vc="2" uspid="57" ordinal="0" offset="542" sl="45" sc="9" el="45" ec="9" bec="0" bev="0" fileid="3" />
                <SequencePoint vc="2" uspid="58" ordinal="0" offset="561" sl="46" sc="9" el="46" ec="9" bec="0" bev="0" fileid="3" />
                <SequencePoint vc="2" uspid="59" ordinal="0" offset="580" sl="47" sc="9" el="47" ec="9" bec="0" bev="0" fileid="3" />
                <SequencePoint vc="2" uspid="60" ordinal="0" offset="599" sl="48" sc="9" el="48" ec="9" bec="0" bev="0" fileid="3" />
                <SequencePoint vc="2" uspid="61" ordinal="0" offset="618" sl="49" sc="9" el="49" ec="9" bec="0" bev="0" fileid="3" />
                <SequencePoint vc="2" uspid="62" ordinal="0" offset="637" sl="50" sc="9" el="50" ec="9" bec="0" bev="0" fileid="3" />
                <SequencePoint vc="2" uspid="63" ordinal="0" offset="655" sl="51" sc="5" el="51" ec="5" bec="0" bev="0" fileid="3" />
              </SequencePoints>
              <BranchPoints />
            </Method>
          </Methods>
        </Class>
        <Class>
          <Summary numSequencePoints="57" visitedSequencePoints="57" numBranchPoints="0" visitedBranchPoints="0" sequenceCoverage="100.0" branchCoverage="0.0" maxCyclomaticComplexity="0" minCyclomaticComplexity="0" maxCrapScore="0" minCrapScore="0" visitedClasses="1" numClasses="1" visitedMethods="2" numMethods="2" />
          <FullName>DataManager</FullName>
          <Methods>
            <Method visited="true" cyclomaticComplexity="0" nPathComplexity="0" sequenceCoverage="100.0" branchCoverage="0" crapScore="0" isConstructor="false" isStatic="false" isGetter="false" isSetter="false">
              <Summary numSequencePoints="44" visitedSequencePoints="44" numBranchPoints="0" visitedBranchPoints="0" sequenceCoverage="100.0" branchCoverage="0" maxCyclomaticComplexity="0" minCyclomaticComplexity="0" maxCrapScore="0" minCrapScore="0" visitedClasses="0" numClasses="0" visitedMethods="1" numMethods="1" />
              <MetadataToken>100663307</MetadataToken>
              <Name>System.Void DataManager::init()</Name>
              <FileRef uid="4" />
              <SequencePoints>
                <SequencePoint vc="1" uspid="64" ordinal="0" offset="0" sl="90" sc="25" el="90" ec="25" bec="0" bev="0" fileid="4" />
                <SequencePoint vc="1" uspid="65" ordinal="0" offset="1" sl="91" sc="9" el="91" ec="9" bec="0" bev="0" fileid="4" />
                <SequencePoint vc="1" uspid="66" ordinal="0" offset="19" sl="92" sc="9" el="92" ec="9" bec="0" bev="0" fileid="4" />
                <SequencePoint vc="1" uspid="67" ordinal="0" offset="37" sl="93" sc="9" el="93" ec="9" bec="0" bev="0" fileid="4" />
                <SequencePoint vc="1" uspid="68" ordinal="0" offset="55" sl="94" sc="9" el="94" ec="9" bec="0" bev="0" fileid="4" />
                <SequencePoint vc="1" uspid="69" ordinal="0" offset="72" sl="95" sc="9" el="95" ec="9" bec="0" bev="0" fileid="4" />
                <SequencePoint vc="1" uspid="70" ordinal="0" offset="89" sl="96" sc="9" el="96" ec="9" bec="0" bev="0" fileid="4" />
                <SequencePoint vc="1" uspid="71" ordinal="0" offset="106" sl="97" sc="9" el="97" ec="9" bec="0" bev="0" fileid="4" />
                <SequencePoint vc="1" uspid="72" ordinal="0" offset="123" sl="98" sc="9" el="98" ec="9" bec="0" bev="0" fileid="4" />
                <SequencePoint vc="1" uspid="73" ordinal="0" offset="140" sl="99" sc="9" el="99" ec="9" bec="0" bev="0" fileid="4" />
                <SequencePoint vc="1" uspid="74" ordinal="0" offset="163" sl="100" sc="9" el="100" ec="9" bec="0" bev="0" fileid="4" />
                <SequencePoint vc="1" uspid="75" ordinal="0" offset="186" sl="101" sc="9" el="101" ec="9" bec="0" bev="0" fileid="4" />
                <SequencePoint vc="1" uspid="76" ordinal="0" offset="209" sl="102" sc="9" el="102" ec="9" bec="0" bev="0" fileid="4" />
                <SequencePoint vc="1" uspid="77" ordinal="0" offset="238" sl="103" sc="14" el="103" ec="14" bec="0" bev="0" fileid="4" />
                <SequencePoint vc="33" uspid="78" ordinal="0" offset="245" sl="103" sc="45" el="103" ec="45" bec="0" bev="0" fileid="4" />
                <SequencePoint vc="33" uspid="79" ordinal="0" offset="246" sl="104" sc="13" el="104" ec="13" bec="0" bev="0" fileid="4" />
                <SequencePoint vc="33" uspid="80" ordinal="0" offset="255" sl="105" sc="13" el="105" ec="13" bec="0" bev="0" fileid="4" />
                <SequencePoint vc="33" uspid="81" ordinal="0" offset="264" sl="106" sc="13" el="106" ec="13" bec="0" bev="0" fileid="4" />
                <SequencePoint vc="33" uspid="82" ordinal="0" offset="273" sl="107" sc="13" el="107" ec="13" bec="0" bev="0" fileid="4" />
                <SequencePoint vc="33" uspid="83" ordinal="0" offset="282" sl="108" sc="13" el="108" ec="13" bec="0" bev="0" fileid="4" />
                <SequencePoint vc="33" uspid="84" ordinal="0" offset="292" sl="109" sc="18" el="109" ec="18" bec="0" bev="0" fileid="4" />
                <SequencePoint vc="231" uspid="85" ordinal="0" offset="296" sl="109" sc="49" el="109" ec="49" bec="0" bev="0" fileid="4" />
                <SequencePoint vc="231" uspid="86" ordinal="0" offset="297" sl="110" sc="17" el="110" ec="17" bec="0" bev="0" fileid="4" />
                <SequencePoint vc="231" uspid="87" ordinal="0" offset="311" sl="111" sc="17" el="111" ec="17" bec="0" bev="0" fileid="4" />
                <SequencePoint vc="231" uspid="88" ordinal="0" offset="325" sl="112" sc="13" el="112" ec="13" bec="0" bev="0" fileid="4" />
                <SequencePoint vc="231" uspid="89" ordinal="0" offset="326" sl="109" sc="44" el="109" ec="44" bec="0" bev="0" fileid="4" />
                <SequencePoint vc="264" uspid="90" ordinal="0" offset="330" sl="109" sc="29" el="109" ec="29" bec="0" bev="0" fileid="4" />
                <SequencePoint vc="33" uspid="91" ordinal="0" offset="343" sl="113" sc="18" el="113" ec="18" bec="0" bev="0" fileid="4" />
                <SequencePoint vc="231" uspid="92" ordinal="0" offset="347" sl="113" sc="51" el="113" ec="51" bec="0" bev="0" fileid="4" />
                <SequencePoint vc="231" uspid="93" ordinal="0" offset="348" sl="114" sc="17" el="114" ec="17" bec="0" bev="0" fileid="4" />
                <SequencePoint vc="231" uspid="94" ordinal="0" offset="366" sl="115" sc="22" el="115" ec="22" bec="0" bev="0" fileid="4" />
                <SequencePoint vc="2310" uspid="95" ordinal="0" offset="371" sl="115" sc="67" el="115" ec="67" bec="0" bev="0" fileid="4" />
                <SequencePoint vc="2310" uspid="96" ordinal="0" offset="372" sl="116" sc="21" el="116" ec="21" bec="0" bev="0" fileid="4" />
                <SequencePoint vc="2310" uspid="97" ordinal="0" offset="392" sl="117" sc="17" el="117" ec="17" bec="0" bev="0" fileid="4" />
                <SequencePoint vc="2310" uspid="98" ordinal="0" offset="393" sl="115" sc="62" el="115" ec="62" bec="0" bev="0" fileid="4" />
                <SequencePoint vc="2541" uspid="99" ordinal="0" offset="399" sl="115" sc="33" el="115" ec="33" bec="0" bev="0" fileid="4" />
                <SequencePoint vc="231" uspid="100" ordinal="0" offset="415" sl="118" sc="13" el="118" ec="13" bec="0" bev="0" fileid="4" />
                <SequencePoint vc="231" uspid="101" ordinal="0" offset="416" sl="113" sc="46" el="113" ec="46" bec="0" bev="0" fileid="4" />
                <SequencePoint vc="264" uspid="102" ordinal="0" offset="420" sl="113" sc="29" el="113" ec="29" bec="0" bev="0" fileid="4" />
                <SequencePoint vc="33" uspid="103" ordinal="0" offset="435" sl="119" sc="9" el="119" ec="9" bec="0" bev="0" fileid="4" />
                <SequencePoint vc="33" uspid="104" ordinal="0" offset="436" sl="103" sc="40" el="103" ec="40" bec="0" bev="0" fileid="4" />
                <SequencePoint vc="34" uspid="105" ordinal="0" offset="440" sl="103" sc="25" el="103" ec="25" bec="0" bev="0" fileid="4" />
                <SequencePoint vc="1" uspid="106" ordinal="0" offset="458" sl="124" sc="9" el="124" ec="9" bec="0" bev="0" fileid="4" />
                <SequencePoint vc="1" uspid="107" ordinal="0" offset="469" sl="125" sc="5" el="125" ec="5" bec="0" bev="0" fileid="4" />
              </SequencePoints>
              <BranchPoints />
            </Method>
            <Method visited="true" cyclomaticComplexity="0" nPathComplexity="0" sequenceCoverage="100.0" branchCoverage="0" crapScore="0" isConstructor="true" isStatic="false" isGetter="false" isSetter="false">
              <Summary numSequencePoints="13" visitedSequencePoints="13" numBranchPoints="0" visitedBranchPoints="0" sequenceCoverage="100.0" branchCoverage="0" maxCyclomaticComplexity="0" minCyclomaticComplexity="0" maxCrapScore="0" minCrapScore="0" visitedClasses="0" numClasses="0" visitedMethods="1" numMethods="1" />
              <MetadataToken>100663308</MetadataToken>
              <Name>DataManager::DataManager()</Name>
              <FileRef uid="4" />
              <SequencePoints>
                <SequencePoint vc="1" uspid="317" ordinal="0" offset="0" sl="37" sc="5" el="37" ec="5" bec="0" bev="0" fileid="4" />
                <SequencePoint vc="1" uspid="318" ordinal="0" offset="8" sl="40" sc="5" el="40" ec="5" bec="0" bev="0" fileid="4" />
                <SequencePoint vc="1" uspid="319" ordinal="0" offset="15" sl="43" sc="5" el="43" ec="5" bec="0" bev="0" fileid="4" />
                <SequencePoint vc="1" uspid="320" ordinal="0" offset="23" sl="45" sc="5" el="45" ec="5" bec="0" bev="0" fileid="4" />
                <SequencePoint vc="1" uspid="321" ordinal="0" offset="30" sl="47" sc="5" el="47" ec="5" bec="0" bev="0" fileid="4" />
                <SequencePoint vc="1" uspid="322" ordinal="0" offset="37" sl="49" sc="5" el="49" ec="5" bec="0" bev="0" fileid="4" />
                <SequencePoint vc="1" uspid="323" ordinal="0" offset="45" sl="52" sc="5" el="52" ec="5" bec="0" bev="0" fileid="4" />
                <SequencePoint vc="1" uspid="324" ordinal="0" offset="53" sl="55" sc="5" el="55" ec="5" bec="0" bev="0" fileid="4" />
                <SequencePoint vc="1" uspid="325" ordinal="0" offset="61" sl="58" sc="5" el="58" ec="5" bec="0" bev="0" fileid="4" />
                <SequencePoint vc="1" uspid="326" ordinal="0" offset="69" sl="127" sc="5" el="127" ec="5" bec="0" bev="0" fileid="4" />
                <SequencePoint vc="1" uspid="327" ordinal="0" offset="76" sl="127" sc="26" el="127" ec="26" bec="0" bev="0" fileid="4" />
                <SequencePoint vc="1" uspid="328" ordinal="0" offset="77" sl="128" sc="9" el="128" ec="9" bec="0" bev="0" fileid="4" />
                <SequencePoint vc="1" uspid="329" ordinal="0" offset="84" sl="129" sc="5" el="129" ec="5" bec="0" bev="0" fileid="4" />
              </SequencePoints>
              <BranchPoints />
            </Method>
          </Methods>
        </Class>
        <Class>
          <Summary numSequencePoints="1" visitedSequencePoints="1" numBranchPoints="0" visitedBranchPoints="0" sequenceCoverage="100.0" branchCoverage="0.0" maxCyclomaticComplexity="0" minCyclomaticComplexity="0" maxCrapScore="0" minCrapScore="0" visitedClasses="1" numClasses="1" visitedMethods="1" numMethods="1" />
          <FullName>DataPaneController</FullName>
          <Methods>
            <Method visited="true" cyclomaticComplexity="0" nPathComplexity="0" sequenceCoverage="100.0" branchCoverage="0" crapScore="0" isConstructor="true" isStatic="false" isGetter="false" isSetter="false">
              <Summary numSequencePoints="1" visitedSequencePoints="1" numBranchPoints="0" visitedBranchPoints="0" sequenceCoverage="100.0" branchCoverage="0" maxCyclomaticComplexity="0" minCyclomaticComplexity="0" maxCrapScore="0" minCrapScore="0" visitedClasses="0" numClasses="0" visitedMethods="1" numMethods="1" />
              <MetadataToken>100663341</MetadataToken>
              <Name>DataPaneController::DataPaneController()</Name>
              <FileRef uid="5" />
              <SequencePoints>
                <SequencePoint vc="1" uspid="376" ordinal="0" offset="0" sl="42" sc="5" el="42" ec="5" bec="0" bev="0" fileid="5" />
              </SequencePoints>
              <BranchPoints />
            </Method>
          </Methods>
        </Class>
        <Class>
          <Summary numSequencePoints="3" visitedSequencePoints="3" numBranchPoints="0" visitedBranchPoints="0" sequenceCoverage="100.0" branchCoverage="0.0" maxCyclomaticComplexity="0" minCyclomaticComplexity="0" maxCrapScore="0" minCrapScore="0" visitedClasses="1" numClasses="1" visitedMethods="1" numMethods="1" />
          <FullName>GameEndController</FullName>
          <Methods>
            <Method visited="true" cyclomaticComplexity="0" nPathComplexity="0" sequenceCoverage="100.0" branchCoverage="0" crapScore="0" isConstructor="true" isStatic="false" isGetter="false" isSetter="false">
              <Summary numSequencePoints="3" visitedSequencePoints="3" numBranchPoints="0" visitedBranchPoints="0" sequenceCoverage="100.0" branchCoverage="0" maxCyclomaticComplexity="0" minCyclomaticComplexity="0" maxCrapScore="0" minCrapScore="0" visitedClasses="0" numClasses="0" visitedMethods="1" numMethods="1" />
              <MetadataToken>100663350</MetadataToken>
              <Name>GameEndController::GameEndController()</Name>
              <FileRef uid="7" />
              <SequencePoints>
                <SequencePoint vc="1" uspid="457" ordinal="0" offset="0" sl="13" sc="5" el="13" ec="5" bec="0" bev="0" fileid="7" />
                <SequencePoint vc="1" uspid="458" ordinal="0" offset="11" sl="15" sc="5" el="15" ec="5" bec="0" bev="0" fileid="7" />
                <SequencePoint vc="1" uspid="459" ordinal="0" offset="22" sl="23" sc="5" el="23" ec="5" bec="0" bev="0" fileid="7" />
              </SequencePoints>
              <BranchPoints />
            </Method>
          </Methods>
        </Class>
        <Class>
          <Summary numSequencePoints="191" visitedSequencePoints="191" numBranchPoints="0" visitedBranchPoints="0" sequenceCoverage="100.0" branchCoverage="0.0" maxCyclomaticComplexity="0" minCyclomaticComplexity="0" maxCrapScore="0" minCrapScore="0" visitedClasses="1" numClasses="1" visitedMethods="7" numMethods="7" />
          <FullName>InfoBlock</FullName>
          <Methods>
            <Method visited="true" cyclomaticComplexity="0" nPathComplexity="0" sequenceCoverage="100.0" branchCoverage="0" crapScore="0" isConstructor="false" isStatic="false" isGetter="false" isSetter="false">
              <Summary numSequencePoints="7" visitedSequencePoints="7" numBranchPoints="0" visitedBranchPoints="0" sequenceCoverage="100.0" branchCoverage="0" maxCyclomaticComplexity="0" minCyclomaticComplexity="0" maxCrapScore="0" minCrapScore="0" visitedClasses="0" numClasses="0" visitedMethods="1" numMethods="1" />
              <MetadataToken>100663361</MetadataToken>
              <Name>System.Void InfoBlock::init()</Name>
              <FileRef uid="9" />
              <SequencePoints>
                <SequencePoint vc="4" uspid="480" ordinal="0" offset="0" sl="25" sc="25" el="25" ec="25" bec="0" bev="0" fileid="9" />
                <SequencePoint vc="4" uspid="481" ordinal="0" offset="1" sl="26" sc="9" el="26" ec="9" bec="0" bev="0" fileid="9" />
                <SequencePoint vc="4" uspid="482" ordinal="0" offset="8" sl="27" sc="9" el="27" ec="9" bec="0" bev="0" fileid="9" />
                <SequencePoint vc="4" uspid="483" ordinal="0" offset="15" sl="28" sc="9" el="28" ec="9" bec="0" bev="0" fileid="9" />
                <SequencePoint vc="4" uspid="484" ordinal="0" offset="22" sl="29" sc="9" el="29" ec="9" bec="0" bev="0" fileid="9" />
                <SequencePoint vc="4" uspid="485" ordinal="0" offset="29" sl="30" sc="9" el="30" ec="9" bec="0" bev="0" fileid="9" />
                <SequencePoint vc="4" uspid="486" ordinal="0" offset="36" sl="31" sc="5" el="31" ec="5" bec="0" bev="0" fileid="9" />
              </SequencePoints>
              <BranchPoints />
            </Method>
            <Method visited="true" cyclomaticComplexity="0" nPathComplexity="0" sequenceCoverage="100.0" branchCoverage="0" crapScore="0" isConstructor="false" isStatic="false" isGetter="false" isSetter="false">
              <Summary numSequencePoints="35" visitedSequencePoints="35" numBranchPoints="0" visitedBranchPoints="0" sequenceCoverage="100.0" branchCoverage="0" maxCyclomaticComplexity="0" minCyclomaticComplexity="0" maxCrapScore="0" minCrapScore="0" visitedClasses="0" numClasses="0" visitedMethods="1" numMethods="1" />
              <MetadataToken>100663368</MetadataToken>
              <Name>System.Void InfoBlock::makeMapping()</Name>
              <FileRef uid="9" />
              <SequencePoints>
                <SequencePoint vc="4" uspid="507" ordinal="0" offset="0" sl="68" sc="32" el="68" ec="32" bec="0" bev="0" fileid="9" />
                <SequencePoint vc="4" uspid="508" ordinal="0" offset="1" sl="69" sc="9" el="69" ec="9" bec="0" bev="0" fileid="9" />
                <SequencePoint vc="4" uspid="509" ordinal="0" offset="19" sl="70" sc="9" el="70" ec="9" bec="0" bev="0" fileid="9" />
                <SequencePoint vc="4" uspid="510" ordinal="0" offset="37" sl="71" sc="9" el="71" ec="9" bec="0" bev="0" fileid="9" />
                <SequencePoint vc="4" uspid="511" ordinal="0" offset="55" sl="72" sc="9" el="72" ec="9" bec="0" bev="0" fileid="9" />
                <SequencePoint vc="4" uspid="512" ordinal="0" offset="73" sl="73" sc="9" el="73" ec="9" bec="0" bev="0" fileid="9" />
                <SequencePoint vc="4" uspid="513" ordinal="0" offset="91" sl="74" sc="9" el="74" ec="9" bec="0" bev="0" fileid="9" />
                <SequencePoint vc="4" uspid="514" ordinal="0" offset="109" sl="75" sc="9" el="75" ec="9" bec="0" bev="0" fileid="9" />
                <SequencePoint vc="4" uspid="515" ordinal="0" offset="127" sl="76" sc="9" el="76" ec="9" bec="0" bev="0" fileid="9" />
                <SequencePoint vc="4" uspid="516" ordinal="0" offset="145" sl="77" sc="9" el="77" ec="9" bec="0" bev="0" fileid="9" />
                <SequencePoint vc="4" uspid="517" ordinal="0" offset="163" sl="78" sc="9" el="78" ec="9" bec="0" bev="0" fileid="9" />
                <SequencePoint vc="4" uspid="518" ordinal="0" offset="182" sl="79" sc="9" el="79" ec="9" bec="0" bev="0" fileid="9" />
                <SequencePoint vc="4" uspid="519" ordinal="0" offset="201" sl="80" sc="9" el="80" ec="9" bec="0" bev="0" fileid="9" />
                <SequencePoint vc="4" uspid="520" ordinal="0" offset="220" sl="81" sc="9" el="81" ec="9" bec="0" bev="0" fileid="9" />
                <SequencePoint vc="4" uspid="521" ordinal="0" offset="239" sl="82" sc="9" el="82" ec="9" bec="0" bev="0" fileid="9" />
                <SequencePoint vc="4" uspid="522" ordinal="0" offset="258" sl="83" sc="9" el="83" ec="9" bec="0" bev="0" fileid="9" />
                <SequencePoint vc="4" uspid="523" ordinal="0" offset="277" sl="84" sc="9" el="84" ec="9" bec="0" bev="0" fileid="9" />
                <SequencePoint vc="4" uspid="524" ordinal="0" offset="296" sl="85" sc="9" el="85" ec="9" bec="0" bev="0" fileid="9" />
                <SequencePoint vc="4" uspid="525" ordinal="0" offset="315" sl="86" sc="9" el="86" ec="9" bec="0" bev="0" fileid="9" />
                <SequencePoint vc="4" uspid="526" ordinal="0" offset="334" sl="87" sc="9" el="87" ec="9" bec="0" bev="0" fileid="9" />
                <SequencePoint vc="4" uspid="527" ordinal="0" offset="353" sl="88" sc="9" el="88" ec="9" bec="0" bev="0" fileid="9" />
                <SequencePoint vc="4" uspid="528" ordinal="0" offset="372" sl="89" sc="9" el="89" ec="9" bec="0" bev="0" fileid="9" />
                <SequencePoint vc="4" uspid="529" ordinal="0" offset="391" sl="90" sc="9" el="90" ec="9" bec="0" bev="0" fileid="9" />
                <SequencePoint vc="4" uspid="530" ordinal="0" offset="410" sl="91" sc="9" el="91" ec="9" bec="0" bev="0" fileid="9" />
                <SequencePoint vc="4" uspid="531" ordinal="0" offset="429" sl="92" sc="9" el="92" ec="9" bec="0" bev="0" fileid="9" />
                <SequencePoint vc="4" uspid="532" ordinal="0" offset="448" sl="93" sc="9" el="93" ec="9" bec="0" bev="0" fileid="9" />
                <SequencePoint vc="4" uspid="533" ordinal="0" offset="467" sl="94" sc="9" el="94" ec="9" bec="0" bev="0" fileid="9" />
                <SequencePoint vc="4" uspid="534" ordinal="0" offset="486" sl="95" sc="9" el="95" ec="9" bec="0" bev="0" fileid="9" />
                <SequencePoint vc="4" uspid="535" ordinal="0" offset="505" sl="96" sc="9" el="96" ec="9" bec="0" bev="0" fileid="9" />
                <SequencePoint vc="4" uspid="536" ordinal="0" offset="524" sl="97" sc="9" el="97" ec="9" bec="0" bev="0" fileid="9" />
                <SequencePoint vc="4" uspid="537" ordinal="0" offset="543" sl="98" sc="9" el="98" ec="9" bec="0" bev="0" fileid="9" />
                <SequencePoint vc="4" uspid="538" ordinal="0" offset="562" sl="99" sc="9" el="99" ec="9" bec="0" bev="0" fileid="9" />
                <SequencePoint vc="4" uspid="539" ordinal="0" offset="581" sl="100" sc="9" el="100" ec="9" bec="0" bev="0" fileid="9" />
                <SequencePoint vc="4" uspid="540" ordinal="0" offset="600" sl="101" sc="9" el="101" ec="9" bec="0" bev="0" fileid="9" />
                <SequencePoint vc="4" uspid="541" ordinal="0" offset="619" sl="102" sc="5" el="102" ec="5" bec="0" bev="0" fileid="9" />
              </SequencePoints>
              <BranchPoints />
            </Method>
            <Method visited="true" cyclomaticComplexity="0" nPathComplexity="0" sequenceCoverage="100.0" branchCoverage="0" crapScore="0" isConstructor="false" isStatic="false" isGetter="false" isSetter="false">
              <Summary numSequencePoints="35" visitedSequencePoints="35" numBranchPoints="0" visitedBranchPoints="0" sequenceCoverage="100.0" branchCoverage="0" maxCyclomaticComplexity="0" minCyclomaticComplexity="0" maxCrapScore="0" minCrapScore="0" visitedClasses="0" numClasses="0" visitedMethods="1" numMethods="1" />
              <MetadataToken>100663369</MetadataToken>
              <Name>System.Void InfoBlock::addPopulationDensity()</Name>
              <FileRef uid="9" />
              <SequencePoints>
                <SequencePoint vc="4" uspid="542" ordinal="0" offset="0" sl="104" sc="41" el="104" ec="41" bec="0" bev="0" fileid="9" />
                <SequencePoint vc="4" uspid="543" ordinal="0" offset="1" sl="105" sc="9" el="105" ec="9" bec="0" bev="0" fileid="9" />
                <SequencePoint vc="4" uspid="544" ordinal="0" offset="23" sl="106" sc="9" el="106" ec="9" bec="0" bev="0" fileid="9" />
                <SequencePoint vc="4" uspid="545" ordinal="0" offset="45" sl="107" sc="9" el="107" ec="9" bec="0" bev="0" fileid="9" />
                <SequencePoint vc="4" uspid="546" ordinal="0" offset="67" sl="108" sc="9" el="108" ec="9" bec="0" bev="0" fileid="9" />
                <SequencePoint vc="4" uspid="547" ordinal="0" offset="89" sl="109" sc="9" el="109" ec="9" bec="0" bev="0" fileid="9" />
                <SequencePoint vc="4" uspid="548" ordinal="0" offset="111" sl="110" sc="9" el="110" ec="9" bec="0" bev="0" fileid="9" />
                <SequencePoint vc="4" uspid="549" ordinal="0" offset="133" sl="111" sc="9" el="111" ec="9" bec="0" bev="0" fileid="9" />
                <SequencePoint vc="4" uspid="550" ordinal="0" offset="155" sl="112" sc="9" el="112" ec="9" bec="0" bev="0" fileid="9" />
                <SequencePoint vc="4" uspid="551" ordinal="0" offset="177" sl="113" sc="9" el="113" ec="9" bec="0" bev="0" fileid="9" />
                <SequencePoint vc="4" uspid="552" ordinal="0" offset="199" sl="114" sc="9" el="114" ec="9" bec="0" bev="0" fileid="9" />
                <SequencePoint vc="4" uspid="553" ordinal="0" offset="222" sl="115" sc="9" el="115" ec="9" bec="0" bev="0" fileid="9" />
                <SequencePoint vc="4" uspid="554" ordinal="0" offset="245" sl="116" sc="9" el="116" ec="9" bec="0" bev="0" fileid="9" />
                <SequencePoint vc="4" uspid="555" ordinal="0" offset="268" sl="117" sc="9" el="117" ec="9" bec="0" bev="0" fileid="9" />
                <SequencePoint vc="4" uspid="556" ordinal="0" offset="291" sl="118" sc="9" el="118" ec="9" bec="0" bev="0" fileid="9" />
                <SequencePoint vc="4" uspid="557" ordinal="0" offset="314" sl="119" sc="9" el="119" ec="9" bec="0" bev="0" fileid="9" />
                <SequencePoint vc="4" uspid="558" ordinal="0" offset="337" sl="120" sc="9" el="120" ec="9" bec="0" bev="0" fileid="9" />
                <SequencePoint vc="4" uspid="559" ordinal="0" offset="360" sl="121" sc="9" el="121" ec="9" bec="0" bev="0" fileid="9" />
                <SequencePoint vc="4" uspid="560" ordinal="0" offset="383" sl="122" sc="9" el="122" ec="9" bec="0" bev="0" fileid="9" />
                <SequencePoint vc="4" uspid="561" ordinal="0" offset="406" sl="123" sc="9" el="123" ec="9" bec="0" bev="0" fileid="9" />
                <SequencePoint vc="4" uspid="562" ordinal="0" offset="429" sl="124" sc="9" el="124" ec="9" bec="0" bev="0" fileid="9" />
                <SequencePoint vc="4" uspid="563" ordinal="0" offset="452" sl="125" sc="9" el="125" ec="9" bec="0" bev="0" fileid="9" />
                <SequencePoint vc="4" uspid="564" ordinal="0" offset="475" sl="126" sc="9" el="126" ec="9" bec="0" bev="0" fileid="9" />
                <SequencePoint vc="4" uspid="565" ordinal="0" offset="498" sl="127" sc="9" el="127" ec="9" bec="0" bev="0" fileid="9" />
                <SequencePoint vc="4" uspid="566" ordinal="0" offset="521" sl="128" sc="9" el="128" ec="9" bec="0" bev="0" fileid="9" />
                <SequencePoint vc="4" uspid="567" ordinal="0" offset="544" sl="129" sc="9" el="129" ec="9" bec="0" bev="0" fileid="9" />
                <SequencePoint vc="4" uspid="568" ordinal="0" offset="567" sl="130" sc="9" el="130" ec="9" bec="0" bev="0" fileid="9" />
                <SequencePoint vc="4" uspid="569" ordinal="0" offset="590" sl="131" sc="9" el="131" ec="9" bec="0" bev="0" fileid="9" />
                <SequencePoint vc="4" uspid="570" ordinal="0" offset="613" sl="132" sc="9" el="132" ec="9" bec="0" bev="0" fileid="9" />
                <SequencePoint vc="4" uspid="571" ordinal="0" offset="636" sl="133" sc="9" el="133" ec="9" bec="0" bev="0" fileid="9" />
                <SequencePoint vc="4" uspid="572" ordinal="0" offset="659" sl="134" sc="9" el="134" ec="9" bec="0" bev="0" fileid="9" />
                <SequencePoint vc="4" uspid="573" ordinal="0" offset="682" sl="135" sc="9" el="135" ec="9" bec="0" bev="0" fileid="9" />
                <SequencePoint vc="4" uspid="574" ordinal="0" offset="705" sl="136" sc="9" el="136" ec="9" bec="0" bev="0" fileid="9" />
                <SequencePoint vc="4" uspid="575" ordinal="0" offset="728" sl="137" sc="9" el="137" ec="9" bec="0" bev="0" fileid="9" />
                <SequencePoint vc="4" uspid="576" ordinal="0" offset="751" sl="138" sc="5" el="138" ec="5" bec="0" bev="0" fileid="9" />
              </SequencePoints>
              <BranchPoints />
            </Method>
            <Method visited="true" cyclomaticComplexity="0" nPathComplexity="0" sequenceCoverage="100.0" branchCoverage="0" crapScore="0" isConstructor="false" isStatic="false" isGetter="false" isSetter="false">
              <Summary numSequencePoints="35" visitedSequencePoints="35" numBranchPoints="0" visitedBranchPoints="0" sequenceCoverage="100.0" branchCoverage="0" maxCyclomaticComplexity="0" minCyclomaticComplexity="0" maxCrapScore="0" minCrapScore="0" visitedClasses="0" numClasses="0" visitedMethods="1" numMethods="1" />
              <MetadataToken>100663370</MetadataToken>
              <Name>System.Void InfoBlock::addGDP()</Name>
              <FileRef uid="9" />
              <SequencePoints>
                <SequencePoint vc="4" uspid="577" ordinal="0" offset="0" sl="140" sc="27" el="140" ec="27" bec="0" bev="0" fileid="9" />
                <SequencePoint vc="4" uspid="578" ordinal="0" offset="1" sl="141" sc="9" el="141" ec="9" bec="0" bev="0" fileid="9" />
                <SequencePoint vc="4" uspid="579" ordinal="0" offset="23" sl="142" sc="9" el="142" ec="9" bec="0" bev="0" fileid="9" />
                <SequencePoint vc="4" uspid="580" ordinal="0" offset="45" sl="143" sc="9" el="143" ec="9" bec="0" bev="0" fileid="9" />
                <SequencePoint vc="4" uspid="581" ordinal="0" offset="67" sl="144" sc="9" el="144" ec="9" bec="0" bev="0" fileid="9" />
                <SequencePoint vc="4" uspid="582" ordinal="0" offset="89" sl="145" sc="9" el="145" ec="9" bec="0" bev="0" fileid="9" />
                <SequencePoint vc="4" uspid="583" ordinal="0" offset="111" sl="146" sc="9" el="146" ec="9" bec="0" bev="0" fileid="9" />
                <SequencePoint vc="4" uspid="584" ordinal="0" offset="133" sl="147" sc="9" el="147" ec="9" bec="0" bev="0" fileid="9" />
                <SequencePoint vc="4" uspid="585" ordinal="0" offset="155" sl="148" sc="9" el="148" ec="9" bec="0" bev="0" fileid="9" />
                <SequencePoint vc="4" uspid="586" ordinal="0" offset="177" sl="149" sc="9" el="149" ec="9" bec="0" bev="0" fileid="9" />
                <SequencePoint vc="4" uspid="587" ordinal="0" offset="199" sl="150" sc="9" el="150" ec="9" bec="0" bev="0" fileid="9" />
                <SequencePoint vc="4" uspid="588" ordinal="0" offset="222" sl="151" sc="9" el="151" ec="9" bec="0" bev="0" fileid="9" />
                <SequencePoint vc="4" uspid="589" ordinal="0" offset="245" sl="152" sc="9" el="152" ec="9" bec="0" bev="0" fileid="9" />
                <SequencePoint vc="4" uspid="590" ordinal="0" offset="268" sl="153" sc="9" el="153" ec="9" bec="0" bev="0" fileid="9" />
                <SequencePoint vc="4" uspid="591" ordinal="0" offset="291" sl="154" sc="9" el="154" ec="9" bec="0" bev="0" fileid="9" />
                <SequencePoint vc="4" uspid="592" ordinal="0" offset="314" sl="155" sc="9" el="155" ec="9" bec="0" bev="0" fileid="9" />
                <SequencePoint vc="4" uspid="593" ordinal="0" offset="337" sl="156" sc="9" el="156" ec="9" bec="0" bev="0" fileid="9" />
                <SequencePoint vc="4" uspid="594" ordinal="0" offset="360" sl="157" sc="9" el="157" ec="9" bec="0" bev="0" fileid="9" />
                <SequencePoint vc="4" uspid="595" ordinal="0" offset="383" sl="158" sc="9" el="158" ec="9" bec="0" bev="0" fileid="9" />
                <SequencePoint vc="4" uspid="596" ordinal="0" offset="406" sl="159" sc="9" el="159" ec="9" bec="0" bev="0" fileid="9" />
                <SequencePoint vc="4" uspid="597" ordinal="0" offset="429" sl="160" sc="9" el="160" ec="9" bec="0" bev="0" fileid="9" />
                <SequencePoint vc="4" uspid="598" ordinal="0" offset="452" sl="161" sc="9" el="161" ec="9" bec="0" bev="0" fileid="9" />
                <SequencePoint vc="4" uspid="599" ordinal="0" offset="475" sl="162" sc="9" el="162" ec="9" bec="0" bev="0" fileid="9" />
                <SequencePoint vc="4" uspid="600" ordinal="0" offset="498" sl="163" sc="9" el="163" ec="9" bec="0" bev="0" fileid="9" />
                <SequencePoint vc="4" uspid="601" ordinal="0" offset="521" sl="164" sc="9" el="164" ec="9" bec="0" bev="0" fileid="9" />
                <SequencePoint vc="4" uspid="602" ordinal="0" offset="544" sl="165" sc="9" el="165" ec="9" bec="0" bev="0" fileid="9" />
                <SequencePoint vc="4" uspid="603" ordinal="0" offset="567" sl="166" sc="9" el="166" ec="9" bec="0" bev="0" fileid="9" />
                <SequencePoint vc="4" uspid="604" ordinal="0" offset="590" sl="167" sc="9" el="167" ec="9" bec="0" bev="0" fileid="9" />
                <SequencePoint vc="4" uspid="605" ordinal="0" offset="613" sl="168" sc="9" el="168" ec="9" bec="0" bev="0" fileid="9" />
                <SequencePoint vc="4" uspid="606" ordinal="0" offset="636" sl="169" sc="9" el="169" ec="9" bec="0" bev="0" fileid="9" />
                <SequencePoint vc="4" uspid="607" ordinal="0" offset="659" sl="170" sc="9" el="170" ec="9" bec="0" bev="0" fileid="9" />
                <SequencePoint vc="4" uspid="608" ordinal="0" offset="682" sl="171" sc="9" el="171" ec="9" bec="0" bev="0" fileid="9" />
                <SequencePoint vc="4" uspid="609" ordinal="0" offset="705" sl="172" sc="9" el="172" ec="9" bec="0" bev="0" fileid="9" />
                <SequencePoint vc="4" uspid="610" ordinal="0" offset="728" sl="173" sc="9" el="173" ec="9" bec="0" bev="0" fileid="9" />
                <SequencePoint vc="4" uspid="611" ordinal="0" offset="751" sl="174" sc="5" el="174" ec="5" bec="0" bev="0" fileid="9" />
              </SequencePoints>
              <BranchPoints />
            </Method>
            <Method visited="true" cyclomaticComplexity="0" nPathComplexity="0" sequenceCoverage="100.0" branchCoverage="0" crapScore="0" isConstructor="false" isStatic="false" isGetter="false" isSetter="false">
              <Summary numSequencePoints="35" visitedSequencePoints="35" numBranchPoints="0" visitedBranchPoints="0" sequenceCoverage="100.0" branchCoverage="0" maxCyclomaticComplexity="0" minCyclomaticComplexity="0" maxCrapScore="0" minCrapScore="0" visitedClasses="0" numClasses="0" visitedMethods="1" numMethods="1" />
              <MetadataToken>100663371</MetadataToken>
              <Name>System.Void InfoBlock::addDescription()</Name>
              <FileRef uid="9" />
              <SequencePoints>
                <SequencePoint vc="4" uspid="612" ordinal="0" offset="0" sl="176" sc="35" el="176" ec="35" bec="0" bev="0" fileid="9" />
                <SequencePoint vc="4" uspid="613" ordinal="0" offset="1" sl="177" sc="9" el="177" ec="9" bec="0" bev="0" fileid="9" />
                <SequencePoint vc="4" uspid="614" ordinal="0" offset="19" sl="178" sc="9" el="178" ec="9" bec="0" bev="0" fileid="9" />
                <SequencePoint vc="4" uspid="615" ordinal="0" offset="37" sl="179" sc="9" el="179" ec="9" bec="0" bev="0" fileid="9" />
                <SequencePoint vc="4" uspid="616" ordinal="0" offset="55" sl="180" sc="9" el="180" ec="9" bec="0" bev="0" fileid="9" />
                <SequencePoint vc="4" uspid="617" ordinal="0" offset="73" sl="181" sc="9" el="181" ec="9" bec="0" bev="0" fileid="9" />
                <SequencePoint vc="4" uspid="618" ordinal="0" offset="91" sl="182" sc="9" el="182" ec="9" bec="0" bev="0" fileid="9" />
                <SequencePoint vc="4" uspid="619" ordinal="0" offset="109" sl="183" sc="9" el="183" ec="9" bec="0" bev="0" fileid="9" />
                <SequencePoint vc="4" uspid="620" ordinal="0" offset="127" sl="184" sc="9" el="184" ec="9" bec="0" bev="0" fileid="9" />
                <SequencePoint vc="4" uspid="621" ordinal="0" offset="145" sl="185" sc="9" el="185" ec="9" bec="0" bev="0" fileid="9" />
                <SequencePoint vc="4" uspid="622" ordinal="0" offset="163" sl="186" sc="9" el="186" ec="9" bec="0" bev="0" fileid="9" />
                <SequencePoint vc="4" uspid="623" ordinal="0" offset="182" sl="187" sc="9" el="187" ec="9" bec="0" bev="0" fileid="9" />
                <SequencePoint vc="4" uspid="624" ordinal="0" offset="201" sl="188" sc="9" el="188" ec="9" bec="0" bev="0" fileid="9" />
                <SequencePoint vc="4" uspid="625" ordinal="0" offset="220" sl="189" sc="9" el="189" ec="9" bec="0" bev="0" fileid="9" />
                <SequencePoint vc="4" uspid="626" ordinal="0" offset="239" sl="190" sc="9" el="190" ec="9" bec="0" bev="0" fileid="9" />
                <SequencePoint vc="4" uspid="627" ordinal="0" offset="258" sl="191" sc="9" el="191" ec="9" bec="0" bev="0" fileid="9" />
                <SequencePoint vc="4" uspid="628" ordinal="0" offset="277" sl="192" sc="9" el="192" ec="9" bec="0" bev="0" fileid="9" />
                <SequencePoint vc="4" uspid="629" ordinal="0" offset="296" sl="193" sc="9" el="193" ec="9" bec="0" bev="0" fileid="9" />
                <SequencePoint vc="4" uspid="630" ordinal="0" offset="315" sl="194" sc="9" el="194" ec="9" bec="0" bev="0" fileid="9" />
                <SequencePoint vc="4" uspid="631" ordinal="0" offset="334" sl="195" sc="9" el="195" ec="9" bec="0" bev="0" fileid="9" />
                <SequencePoint vc="4" uspid="632" ordinal="0" offset="353" sl="196" sc="9" el="196" ec="9" bec="0" bev="0" fileid="9" />
                <SequencePoint vc="4" uspid="633" ordinal="0" offset="372" sl="197" sc="9" el="197" ec="9" bec="0" bev="0" fileid="9" />
                <SequencePoint vc="4" uspid="634" ordinal="0" offset="391" sl="198" sc="9" el="198" ec="9" bec="0" bev="0" fileid="9" />
                <SequencePoint vc="4" uspid="635" ordinal="0" offset="410" sl="199" sc="9" el="199" ec="9" bec="0" bev="0" fileid="9" />
                <SequencePoint vc="4" uspid="636" ordinal="0" offset="429" sl="200" sc="9" el="200" ec="9" bec="0" bev="0" fileid="9" />
                <SequencePoint vc="4" uspid="637" ordinal="0" offset="448" sl="201" sc="9" el="201" ec="9" bec="0" bev="0" fileid="9" />
                <SequencePoint vc="4" uspid="638" ordinal="0" offset="467" sl="202" sc="9" el="202" ec="9" bec="0" bev="0" fileid="9" />
                <SequencePoint vc="4" uspid="639" ordinal="0" offset="486" sl="203" sc="9" el="203" ec="9" bec="0" bev="0" fileid="9" />
                <SequencePoint vc="4" uspid="640" ordinal="0" offset="505" sl="204" sc="9" el="204" ec="9" bec="0" bev="0" fileid="9" />
                <SequencePoint vc="4" uspid="641" ordinal="0" offset="524" sl="205" sc="9" el="205" ec="9" bec="0" bev="0" fileid="9" />
                <SequencePoint vc="4" uspid="642" ordinal="0" offset="543" sl="206" sc="9" el="206" ec="9" bec="0" bev="0" fileid="9" />
                <SequencePoint vc="4" uspid="643" ordinal="0" offset="562" sl="207" sc="9" el="207" ec="9" bec="0" bev="0" fileid="9" />
                <SequencePoint vc="4" uspid="644" ordinal="0" offset="581" sl="208" sc="9" el="208" ec="9" bec="0" bev="0" fileid="9" />
                <SequencePoint vc="4" uspid="645" ordinal="0" offset="600" sl="209" sc="9" el="209" ec="9" bec="0" bev="0" fileid="9" />
                <SequencePoint vc="4" uspid="646" ordinal="0" offset="619" sl="210" sc="5" el="210" ec="5" bec="0" bev="0" fileid="9" />
              </SequencePoints>
              <BranchPoints />
            </Method>
            <Method visited="true" cyclomaticComplexity="0" nPathComplexity="0" sequenceCoverage="100.0" branchCoverage="0" crapScore="0" isConstructor="false" isStatic="false" isGetter="false" isSetter="false">
              <Summary numSequencePoints="35" visitedSequencePoints="35" numBranchPoints="0" visitedBranchPoints="0" sequenceCoverage="100.0" branchCoverage="0" maxCyclomaticComplexity="0" minCyclomaticComplexity="0" maxCrapScore="0" minCrapScore="0" visitedClasses="0" numClasses="0" visitedMethods="1" numMethods="1" />
              <MetadataToken>100663372</MetadataToken>
              <Name>System.Void InfoBlock::addPopulation()</Name>
              <FileRef uid="9" />
              <SequencePoints>
                <SequencePoint vc="4" uspid="647" ordinal="0" offset="0" sl="213" sc="5" el="213" ec="5" bec="0" bev="0" fileid="9" />
                <SequencePoint vc="4" uspid="648" ordinal="0" offset="1" sl="214" sc="9" el="214" ec="9" bec="0" bev="0" fileid="9" />
                <SequencePoint vc="4" uspid="649" ordinal="0" offset="19" sl="215" sc="9" el="215" ec="9" bec="0" bev="0" fileid="9" />
                <SequencePoint vc="4" uspid="650" ordinal="0" offset="37" sl="216" sc="9" el="216" ec="9" bec="0" bev="0" fileid="9" />
                <SequencePoint vc="4" uspid="651" ordinal="0" offset="55" sl="217" sc="9" el="217" ec="9" bec="0" bev="0" fileid="9" />
                <SequencePoint vc="4" uspid="652" ordinal="0" offset="73" sl="218" sc="9" el="218" ec="9" bec="0" bev="0" fileid="9" />
                <SequencePoint vc="4" uspid="653" ordinal="0" offset="91" sl="219" sc="9" el="219" ec="9" bec="0" bev="0" fileid="9" />
                <SequencePoint vc="4" uspid="654" ordinal="0" offset="109" sl="220" sc="9" el="220" ec="9" bec="0" bev="0" fileid="9" />
                <SequencePoint vc="4" uspid="655" ordinal="0" offset="127" sl="221" sc="9" el="221" ec="9" bec="0" bev="0" fileid="9" />
                <SequencePoint vc="4" uspid="656" ordinal="0" offset="145" sl="222" sc="9" el="222" ec="9" bec="0" bev="0" fileid="9" />
                <SequencePoint vc="4" uspid="657" ordinal="0" offset="163" sl="223" sc="9" el="223" ec="9" bec="0" bev="0" fileid="9" />
                <SequencePoint vc="4" uspid="658" ordinal="0" offset="182" sl="224" sc="9" el="224" ec="9" bec="0" bev="0" fileid="9" />
                <SequencePoint vc="4" uspid="659" ordinal="0" offset="201" sl="225" sc="9" el="225" ec="9" bec="0" bev="0" fileid="9" />
                <SequencePoint vc="4" uspid="660" ordinal="0" offset="220" sl="226" sc="9" el="226" ec="9" bec="0" bev="0" fileid="9" />
                <SequencePoint vc="4" uspid="661" ordinal="0" offset="239" sl="227" sc="9" el="227" ec="9" bec="0" bev="0" fileid="9" />
                <SequencePoint vc="4" uspid="662" ordinal="0" offset="258" sl="228" sc="9" el="228" ec="9" bec="0" bev="0" fileid="9" />
                <SequencePoint vc="4" uspid="663" ordinal="0" offset="277" sl="229" sc="9" el="229" ec="9" bec="0" bev="0" fileid="9" />
                <SequencePoint vc="4" uspid="664" ordinal="0" offset="296" sl="230" sc="9" el="230" ec="9" bec="0" bev="0" fileid="9" />
                <SequencePoint vc="4" uspid="665" ordinal="0" offset="315" sl="231" sc="9" el="231" ec="9" bec="0" bev="0" fileid="9" />
                <SequencePoint vc="4" uspid="666" ordinal="0" offset="334" sl="232" sc="9" el="232" ec="9" bec="0" bev="0" fileid="9" />
                <SequencePoint vc="4" uspid="667" ordinal="0" offset="353" sl="233" sc="9" el="233" ec="9" bec="0" bev="0" fileid="9" />
                <SequencePoint vc="4" uspid="668" ordinal="0" offset="372" sl="234" sc="9" el="234" ec="9" bec="0" bev="0" fileid="9" />
                <SequencePoint vc="4" uspid="669" ordinal="0" offset="391" sl="235" sc="9" el="235" ec="9" bec="0" bev="0" fileid="9" />
                <SequencePoint vc="4" uspid="670" ordinal="0" offset="410" sl="236" sc="9" el="236" ec="9" bec="0" bev="0" fileid="9" />
                <SequencePoint vc="4" uspid="671" ordinal="0" offset="429" sl="237" sc="9" el="237" ec="9" bec="0" bev="0" fileid="9" />
                <SequencePoint vc="4" uspid="672" ordinal="0" offset="448" sl="238" sc="9" el="238" ec="9" bec="0" bev="0" fileid="9" />
                <SequencePoint vc="4" uspid="673" ordinal="0" offset="467" sl="239" sc="9" el="239" ec="9" bec="0" bev="0" fileid="9" />
                <SequencePoint vc="4" uspid="674" ordinal="0" offset="486" sl="240" sc="9" el="240" ec="9" bec="0" bev="0" fileid="9" />
                <SequencePoint vc="4" uspid="675" ordinal="0" offset="505" sl="241" sc="9" el="241" ec="9" bec="0" bev="0" fileid="9" />
                <SequencePoint vc="4" uspid="676" ordinal="0" offset="524" sl="242" sc="9" el="242" ec="9" bec="0" bev="0" fileid="9" />
                <SequencePoint vc="4" uspid="677" ordinal="0" offset="543" sl="243" sc="9" el="243" ec="9" bec="0" bev="0" fileid="9" />
                <SequencePoint vc="4" uspid="678" ordinal="0" offset="562" sl="244" sc="9" el="244" ec="9" bec="0" bev="0" fileid="9" />
                <SequencePoint vc="4" uspid="679" ordinal="0" offset="581" sl="245" sc="9" el="245" ec="9" bec="0" bev="0" fileid="9" />
                <SequencePoint vc="4" uspid="680" ordinal="0" offset="600" sl="246" sc="9" el="246" ec="9" bec="0" bev="0" fileid="9" />
                <SequencePoint vc="4" uspid="681" ordinal="0" offset="619" sl="247" sc="5" el="247" ec="5" bec="0" bev="0" fileid="9" />
              </SequencePoints>
              <BranchPoints />
            </Method>
            <Method visited="true" cyclomaticComplexity="0" nPathComplexity="0" sequenceCoverage="100.0" branchCoverage="0" crapScore="0" isConstructor="true" isStatic="false" isGetter="false" isSetter="false">
              <Summary numSequencePoints="9" visitedSequencePoints="9" numBranchPoints="0" visitedBranchPoints="0" sequenceCoverage="100.0" branchCoverage="0" maxCyclomaticComplexity="0" minCyclomaticComplexity="0" maxCrapScore="0" minCrapScore="0" visitedClasses="0" numClasses="0" visitedMethods="1" numMethods="1" />
              <MetadataToken>100663362</MetadataToken>
              <Name>InfoBlock::InfoBlock()</Name>
              <FileRef uid="9" />
              <SequencePoints>
                <SequencePoint vc="4" uspid="691" ordinal="0" offset="0" sl="8" sc="5" el="8" ec="5" bec="0" bev="0" fileid="9" />
                <SequencePoint vc="4" uspid="692" ordinal="0" offset="11" sl="9" sc="5" el="9" ec="5" bec="0" bev="0" fileid="9" />
                <SequencePoint vc="4" uspid="693" ordinal="0" offset="22" sl="10" sc="5" el="10" ec="5" bec="0" bev="0" fileid="9" />
                <SequencePoint vc="4" uspid="694" ordinal="0" offset="33" sl="11" sc="5" el="11" ec="5" bec="0" bev="0" fileid="9" />
                <SequencePoint vc="4" uspid="695" ordinal="0" offset="44" sl="13" sc="5" el="13" ec="5" bec="0" bev="0" fileid="9" />
                <SequencePoint vc="4" uspid="696" ordinal="0" offset="55" sl="33" sc="5" el="33" ec="5" bec="0" bev="0" fileid="9" />
                <SequencePoint vc="4" uspid="697" ordinal="0" offset="62" sl="33" sc="24" el="33" ec="24" bec="0" bev="0" fileid="9" />
                <SequencePoint vc="4" uspid="698" ordinal="0" offset="63" sl="34" sc="9" el="34" ec="9" bec="0" bev="0" fileid="9" />
                <SequencePoint vc="4" uspid="699" ordinal="0" offset="70" sl="35" sc="5" el="35" ec="5" bec="0" bev="0" fileid="9" />
              </SequencePoints>
              <BranchPoints />
            </Method>
          </Methods>
        </Class>
        <Class>
          <Summary numSequencePoints="1" visitedSequencePoints="1" numBranchPoints="0" visitedBranchPoints="0" sequenceCoverage="100.0" branchCoverage="0.0" maxCyclomaticComplexity="0" minCyclomaticComplexity="0" maxCrapScore="0" minCrapScore="0" visitedClasses="1" numClasses="1" visitedMethods="1" numMethods="1" />
          <FullName>News</FullName>
          <Methods>
            <Method visited="true" cyclomaticComplexity="0" nPathComplexity="0" sequenceCoverage="100.0" branchCoverage="0" crapScore="0" isConstructor="true" isStatic="false" isGetter="false" isSetter="false">
              <Summary numSequencePoints="1" visitedSequencePoints="1" numBranchPoints="0" visitedBranchPoints="0" sequenceCoverage="100.0" branchCoverage="0" maxCyclomaticComplexity="0" minCyclomaticComplexity="0" maxCrapScore="0" minCrapScore="0" visitedClasses="0" numClasses="0" visitedMethods="1" numMethods="1" />
              <MetadataToken>100663392</MetadataToken>
              <Name>News::News()</Name>
              <FileRef uid="12" />
              <SequencePoints>
                <SequencePoint vc="1" uspid="954" ordinal="0" offset="0" sl="18" sc="5" el="18" ec="5" bec="0" bev="0" fileid="12" />
              </SequencePoints>
              <BranchPoints />
            </Method>
          </Methods>
        </Class>
        <Class>
          <Summary numSequencePoints="1" visitedSequencePoints="1" numBranchPoints="0" visitedBranchPoints="0" sequenceCoverage="100.0" branchCoverage="0.0" maxCyclomaticComplexity="0" minCyclomaticComplexity="0" maxCrapScore="0" minCrapScore="0" visitedClasses="1" numClasses="1" visitedMethods="1" numMethods="1" />
          <FullName>PopupController</FullName>
          <Methods>
            <Method visited="true" cyclomaticComplexity="0" nPathComplexity="0" sequenceCoverage="100.0" branchCoverage="0" crapScore="0" isConstructor="true" isStatic="false" isGetter="false" isSetter="false">
              <Summary numSequencePoints="1" visitedSequencePoints="1" numBranchPoints="0" visitedBranchPoints="0" sequenceCoverage="100.0" branchCoverage="0" maxCyclomaticComplexity="0" minCyclomaticComplexity="0" maxCrapScore="0" minCrapScore="0" visitedClasses="0" numClasses="0" visitedMethods="1" numMethods="1" />
              <MetadataToken>100663415</MetadataToken>
              <Name>PopupController::PopupController()</Name>
              <FileRef uid="17" />
              <SequencePoints>
                <SequencePoint vc="1" uspid="1094" ordinal="0" offset="0" sl="21" sc="5" el="21" ec="5" bec="0" bev="0" fileid="17" />
              </SequencePoints>
              <BranchPoints />
            </Method>
          </Methods>
        </Class>
        <Class>
          <Summary numSequencePoints="1" visitedSequencePoints="1" numBranchPoints="0" visitedBranchPoints="0" sequenceCoverage="100.0" branchCoverage="0.0" maxCyclomaticComplexity="0" minCyclomaticComplexity="0" maxCrapScore="0" minCrapScore="0" visitedClasses="1" numClasses="1" visitedMethods="1" numMethods="1" />
          <FullName>LineChart</FullName>
          <Methods>
            <Method visited="true" cyclomaticComplexity="0" nPathComplexity="0" sequenceCoverage="100.0" branchCoverage="0" crapScore="0" isConstructor="true" isStatic="false" isGetter="false" isSetter="false">
              <Summary numSequencePoints="1" visitedSequencePoints="1" numBranchPoints="0" visitedBranchPoints="0" sequenceCoverage="100.0" branchCoverage="0" maxCyclomaticComplexity="0" minCyclomaticComplexity="0" maxCrapScore="0" minCrapScore="0" visitedClasses="0" numClasses="0" visitedMethods="1" numMethods="1" />
              <MetadataToken>100663450</MetadataToken>
              <Name>LineChart::LineChart()</Name>
              <FileRef uid="28" />
              <SequencePoints>
                <SequencePoint vc="3" uspid="1282" ordinal="0" offset="0" sl="8" sc="5" el="8" ec="5" bec="0" bev="0" fileid="28" />
              </SequencePoints>
              <BranchPoints />
            </Method>
          </Methods>
        </Class>
        <Class>
          <Summary numSequencePoints="4" visitedSequencePoints="4" numBranchPoints="0" visitedBranchPoints="0" sequenceCoverage="100.0" branchCoverage="0.0" maxCyclomaticComplexity="0" minCyclomaticComplexity="0" maxCrapScore="0" minCrapScore="0" visitedClasses="1" numClasses="1" visitedMethods="1" numMethods="1" />
          <FullName>SocialMediaMessageController</FullName>
          <Methods>
            <Method visited="true" cyclomaticComplexity="0" nPathComplexity="0" sequenceCoverage="100.0" branchCoverage="0" crapScore="0" isConstructor="true" isStatic="false" isGetter="false" isSetter="false">
              <Summary numSequencePoints="4" visitedSequencePoints="4" numBranchPoints="0" visitedBranchPoints="0" sequenceCoverage="100.0" branchCoverage="0" maxCyclomaticComplexity="0" minCyclomaticComplexity="0" maxCrapScore="0" minCrapScore="0" visitedClasses="0" numClasses="0" visitedMethods="1" numMethods="1" />
              <MetadataToken>100663536</MetadataToken>
              <Name>SocialMediaMessageController::SocialMediaMessageController()</Name>
              <FileRef uid="48" />
              <SequencePoints>
                <SequencePoint vc="1" uspid="1850" ordinal="0" offset="0" sl="25" sc="5" el="25" ec="5" bec="0" bev="0" fileid="48" />
                <SequencePoint vc="1" uspid="1851" ordinal="0" offset="11" sl="29" sc="5" el="29" ec="5" bec="0" bev="0" fileid="48" />
                <SequencePoint vc="1" uspid="1852" ordinal="0" offset="308" sl="55" sc="5" el="55" ec="5" bec="0" bev="0" fileid="48" />
                <SequencePoint vc="1" uspid="1853" ordinal="0" offset="514" sl="74" sc="5" el="74" ec="5" bec="0" bev="0" fileid="48" />
              </SequencePoints>
              <BranchPoints />
            </Method>
          </Methods>
        </Class>
        <Class>
          <Summary numSequencePoints="1" visitedSequencePoints="1" numBranchPoints="0" visitedBranchPoints="0" sequenceCoverage="100.0" branchCoverage="0.0" maxCyclomaticComplexity="0" minCyclomaticComplexity="0" maxCrapScore="0" minCrapScore="0" visitedClasses="1" numClasses="1" visitedMethods="1" numMethods="1" />
          <FullName>TutorialController</FullName>
          <Methods>
            <Method visited="true" cyclomaticComplexity="0" nPathComplexity="0" sequenceCoverage="100.0" branchCoverage="0" crapScore="0" isConstructor="true" isStatic="false" isGetter="false" isSetter="false">
              <Summary numSequencePoints="1" visitedSequencePoints="1" numBranchPoints="0" visitedBranchPoints="0" sequenceCoverage="100.0" branchCoverage="0" maxCyclomaticComplexity="0" minCyclomaticComplexity="0" maxCrapScore="0" minCrapScore="0" visitedClasses="0" numClasses="0" visitedMethods="1" numMethods="1" />
              <MetadataToken>100663543</MetadataToken>
              <Name>TutorialController::TutorialController()</Name>
              <FileRef uid="49" />
              <SequencePoints>
                <SequencePoint vc="1" uspid="1877" ordinal="0" offset="0" sl="22" sc="5" el="22" ec="5" bec="0" bev="0" fileid="49" />
              </SequencePoints>
              <BranchPoints />
            </Method>
          </Methods>
        </Class>
      </Classes>
    </Module>
  </Modules>
</CoverageSession>