<?xml version="1.0" encoding="utf-8"?>
<CoverageSession xmlns:xsd="http://www.w3.org/2001/XMLSchema" xmlns:xsi="http://www.w3.org/2001/XMLSchema-instance" Version="0.0.0.0">
  <Summary numSequencePoints="1165" visitedSequencePoints="1065" numBranchPoints="0" visitedBranchPoints="0" sequenceCoverage="91.42" branchCoverage="0.0" maxCyclomaticComplexity="0" minCyclomaticComplexity="0" maxCrapScore="0" minCrapScore="0" visitedClasses="26" numClasses="26" visitedMethods="84" numMethods="84" />
  <Modules>
    <Module>
      <Summary numSequencePoints="1165" visitedSequencePoints="1065" numBranchPoints="0" visitedBranchPoints="0" sequenceCoverage="91.42" branchCoverage="0.0" maxCyclomaticComplexity="0" minCyclomaticComplexity="0" maxCrapScore="0" minCrapScore="0" visitedClasses="26" numClasses="26" visitedMethods="84" numMethods="84" />
      <ModuleTime>0001-01-01T00:00:00</ModuleTime>
      <ModuleName>Scripts</ModuleName>
      <Files>
        <File uid="1" fullPath="D:/Unity/Serious-Game/Assets/Scripts/ChangeSceneController.cs" />
        <File uid="2" fullPath="D:/Unity/Serious-Game/Assets/Scripts/City.cs" />
        <File uid="3" fullPath="D:/Unity/Serious-Game/Assets/Scripts/CitySelectController.cs" />
        <File uid="4" fullPath="D:/Unity/Serious-Game/Assets/Scripts/DataManager.cs" />
        <File uid="5" fullPath="D:/Unity/Serious-Game/Assets/Scripts/DataPaneController.cs" />
        <File uid="6" fullPath="D:/Unity/Serious-Game/Assets/Scripts/DateContent.cs" />
        <File uid="7" fullPath="D:/Unity/Serious-Game/Assets/Scripts/GameEndController.cs" />
        <File uid="8" fullPath="D:/Unity/Serious-Game/Assets/Scripts/GameStartController.cs" />
        <File uid="9" fullPath="D:/Unity/Serious-Game/Assets/Scripts/InfoBlock.cs" />
        <File uid="10" fullPath="D:/Unity/Serious-Game/Assets/Scripts/LineChartController.cs" />
        <File uid="11" fullPath="D:/Unity/Serious-Game/Assets/Scripts/Model.cs" />
        <File uid="12" fullPath="D:/Unity/Serious-Game/Assets/Scripts/News.cs" />
        <File uid="13" fullPath="D:/Unity/Serious-Game/Assets/Scripts/Pace.cs" />
        <File uid="14" fullPath="D:/Unity/Serious-Game/Assets/Scripts/PlayController.cs" />
        <File uid="15" fullPath="D:/Unity/Serious-Game/Assets/Scripts/policyController.cs" />
        <File uid="16" fullPath="D:/Unity/Serious-Game/Assets/Scripts/policySelection.cs" />
        <File uid="17" fullPath="D:/Unity/Serious-Game/Assets/Scripts/PopupController.cs" />
        <File uid="18" fullPath="D:/Unity/Serious-Game/Assets/Scripts/Scripts/CircleSlider.cs" />
        <File uid="19" fullPath="D:/Unity/Serious-Game/Assets/Scripts/Scripts/CircleSliderA.cs" />
        <File uid="20" fullPath="D:/Unity/Serious-Game/Assets/Scripts/Scripts/FourCirclePercent.cs" />
        <File uid="21" fullPath="D:/Unity/Serious-Game/Assets/Scripts/Scripts/FourPercent.cs" />
        <File uid="22" fullPath="D:/Unity/Serious-Game/Assets/Scripts/Scripts/GetTime.cs" />
        <File uid="23" fullPath="D:/Unity/Serious-Game/Assets/Scripts/Scripts/HillPercent.cs" />
        <File uid="24" fullPath="D:/Unity/Serious-Game/Assets/Scripts/Scripts/ImageBoard.cs" />
        <File uid="25" fullPath="D:/Unity/Serious-Game/Assets/Scripts/Scripts/JustRotate.cs" />
        <File uid="26" fullPath="D:/Unity/Serious-Game/Assets/Scripts/Scripts/KeekOrit.cs" />
        <File uid="27" fullPath="D:/Unity/Serious-Game/Assets/Scripts/Scripts/KeepSize.cs" />
        <File uid="28" fullPath="D:/Unity/Serious-Game/Assets/Scripts/Scripts/LineChart.cs" />
        <File uid="29" fullPath="D:/Unity/Serious-Game/Assets/Scripts/Scripts/MyUIShape.cs" />
        <File uid="30" fullPath="D:/Unity/Serious-Game/Assets/Scripts/Scripts/OilGauge.cs" />
        <File uid="31" fullPath="D:/Unity/Serious-Game/Assets/Scripts/Scripts/OilGauge1.cs" />
        <File uid="32" fullPath="D:/Unity/Serious-Game/Assets/Scripts/Scripts/PressedBtn.cs" />
        <File uid="33" fullPath="D:/Unity/Serious-Game/Assets/Scripts/Scripts/RandomEnableAnimator.cs" />
        <File uid="34" fullPath="D:/Unity/Serious-Game/Assets/Scripts/Scripts/RandomNumber.cs" />
        <File uid="35" fullPath="D:/Unity/Serious-Game/Assets/Scripts/Scripts/RandomNumberPro.cs" />
        <File uid="36" fullPath="D:/Unity/Serious-Game/Assets/Scripts/Scripts/RunningNumber.cs" />
        <File uid="37" fullPath="D:/Unity/Serious-Game/Assets/Scripts/Scripts/SimpleProgress.cs" />
        <File uid="38" fullPath="D:/Unity/Serious-Game/Assets/Scripts/Scripts/SimpleProgress1.cs" />
        <File uid="39" fullPath="D:/Unity/Serious-Game/Assets/Scripts/Scripts/SliderRunTo1.cs" />
        <File uid="40" fullPath="D:/Unity/Serious-Game/Assets/Scripts/Scripts/SliderRunTo1A.cs" />
        <File uid="41" fullPath="D:/Unity/Serious-Game/Assets/Scripts/Scripts/SliderValuePass.cs" />
        <File uid="42" fullPath="D:/Unity/Serious-Game/Assets/Scripts/Scripts/Spider.cs" />
        <File uid="43" fullPath="D:/Unity/Serious-Game/Assets/Scripts/Scripts/TextChangeMyColor.cs" />
        <File uid="44" fullPath="D:/Unity/Serious-Game/Assets/Scripts/Scripts/TextColorControl.cs" />
        <File uid="45" fullPath="D:/Unity/Serious-Game/Assets/Scripts/Scripts/ThreePercent.cs" />
        <File uid="46" fullPath="D:/Unity/Serious-Game/Assets/Scripts/Scripts/UIPolygon.cs" />
        <File uid="47" fullPath="D:/Unity/Serious-Game/Assets/Scripts/Scripts/Wavecircle.cs" />
        <File uid="48" fullPath="D:/Unity/Serious-Game/Assets/Scripts/SocialMediaMessageController.cs" />
        <File uid="49" fullPath="D:/Unity/Serious-Game/Assets/Scripts/TutorialController.cs" />
        <File uid="50" fullPath="D:/Unity/Serious-Game/Assets/Scripts/UpdateInfection.cs" />
      </Files>
      <Classes>
        <Class>
          <Summary numSequencePoints="11" visitedSequencePoints="11" numBranchPoints="0" visitedBranchPoints="0" sequenceCoverage="100.0" branchCoverage="0.0" maxCyclomaticComplexity="0" minCyclomaticComplexity="0" maxCrapScore="0" minCrapScore="0" visitedClasses="1" numClasses="1" visitedMethods="2" numMethods="2" />
          <FullName>City</FullName>
          <Methods>
            <Method visited="true" cyclomaticComplexity="0" nPathComplexity="0" sequenceCoverage="100.0" branchCoverage="0" crapScore="0" isConstructor="false" isStatic="false" isGetter="false" isSetter="false">
              <Summary numSequencePoints="6" visitedSequencePoints="6" numBranchPoints="0" visitedBranchPoints="0" sequenceCoverage="100.0" branchCoverage="0" maxCyclomaticComplexity="0" minCyclomaticComplexity="0" maxCrapScore="0" minCrapScore="0" visitedClasses="0" numClasses="0" visitedMethods="1" numMethods="1" />
              <MetadataToken>100663302</MetadataToken>
              <Name>System.Void City::Start()</Name>
              <FileRef uid="2" />
              <SequencePoints>
                <SequencePoint vc="33" uspid="9" ordinal="0" offset="0" sl="27" sc="5" el="27" ec="5" bec="0" bev="0" fileid="2" />
                <SequencePoint vc="33" uspid="10" ordinal="0" offset="1" sl="28" sc="9" el="28" ec="9" bec="0" bev="0" fileid="2" />
                <SequencePoint vc="33" uspid="11" ordinal="0" offset="18" sl="29" sc="9" el="29" ec="9" bec="0" bev="0" fileid="2" />
                <SequencePoint vc="33" uspid="12" ordinal="0" offset="50" sl="30" sc="9" el="30" ec="9" bec="0" bev="0" fileid="2" />
                <SequencePoint vc="33" uspid="13" ordinal="0" offset="87" sl="31" sc="9" el="31" ec="9" bec="0" bev="0" fileid="2" />
                <SequencePoint vc="33" uspid="14" ordinal="0" offset="125" sl="33" sc="5" el="33" ec="5" bec="0" bev="0" fileid="2" />
              </SequencePoints>
              <BranchPoints />
            </Method>
            <Method visited="true" cyclomaticComplexity="0" nPathComplexity="0" sequenceCoverage="100.0" branchCoverage="0" crapScore="0" isConstructor="false" isStatic="false" isGetter="false" isSetter="false">
              <Summary numSequencePoints="5" visitedSequencePoints="5" numBranchPoints="0" visitedBranchPoints="0" sequenceCoverage="100.0" branchCoverage="0" maxCyclomaticComplexity="0" minCyclomaticComplexity="0" maxCrapScore="0" minCrapScore="0" visitedClasses="0" numClasses="0" visitedMethods="1" numMethods="1" />
              <MetadataToken>100663303</MetadataToken>
              <Name>System.Void City::Update()</Name>
              <FileRef uid="2" />
              <SequencePoints>
                <SequencePoint vc="155100" uspid="15" ordinal="0" offset="0" sl="37" sc="5" el="37" ec="5" bec="0" bev="0" fileid="2" />
                <SequencePoint vc="155100" uspid="16" ordinal="0" offset="1" sl="41" sc="9" el="41" ec="9" bec="0" bev="0" fileid="2" />
                <SequencePoint vc="155100" uspid="17" ordinal="0" offset="24" sl="43" sc="9" el="43" ec="9" bec="0" bev="0" fileid="2" />
                <SequencePoint vc="155100" uspid="18" ordinal="0" offset="34" sl="44" sc="9" el="44" ec="9" bec="0" bev="0" fileid="2" />
                <SequencePoint vc="155100" uspid="19" ordinal="0" offset="65" sl="45" sc="5" el="45" ec="5" bec="0" bev="0" fileid="2" />
              </SequencePoints>
              <BranchPoints />
            </Method>
          </Methods>
        </Class>
        <Class>
          <Summary numSequencePoints="38" visitedSequencePoints="38" numBranchPoints="0" visitedBranchPoints="0" sequenceCoverage="100.0" branchCoverage="0.0" maxCyclomaticComplexity="0" minCyclomaticComplexity="0" maxCrapScore="0" minCrapScore="0" visitedClasses="1" numClasses="1" visitedMethods="1" numMethods="1" />
          <FullName>CitySelectController</FullName>
          <Methods>
            <Method visited="true" cyclomaticComplexity="0" nPathComplexity="0" sequenceCoverage="100.0" branchCoverage="0" crapScore="0" isConstructor="true" isStatic="false" isGetter="false" isSetter="false">
              <Summary numSequencePoints="38" visitedSequencePoints="38" numBranchPoints="0" visitedBranchPoints="0" sequenceCoverage="100.0" branchCoverage="0" maxCyclomaticComplexity="0" minCyclomaticComplexity="0" maxCrapScore="0" minCrapScore="0" visitedClasses="0" numClasses="0" visitedMethods="1" numMethods="1" />
              <MetadataToken>100663305</MetadataToken>
              <Name>CitySelectController::CitySelectController()</Name>
              <FileRef uid="3" />
              <SequencePoints>
                <SequencePoint vc="4" uspid="26" ordinal="0" offset="0" sl="8" sc="5" el="8" ec="5" bec="0" bev="0" fileid="3" />
                <SequencePoint vc="4" uspid="27" ordinal="0" offset="11" sl="16" sc="5" el="16" ec="5" bec="0" bev="0" fileid="3" />
                <SequencePoint vc="4" uspid="28" ordinal="0" offset="18" sl="16" sc="35" el="16" ec="35" bec="0" bev="0" fileid="3" />
                <SequencePoint vc="4" uspid="29" ordinal="0" offset="19" sl="17" sc="9" el="17" ec="9" bec="0" bev="0" fileid="3" />
                <SequencePoint vc="4" uspid="30" ordinal="0" offset="37" sl="18" sc="9" el="18" ec="9" bec="0" bev="0" fileid="3" />
                <SequencePoint vc="4" uspid="31" ordinal="0" offset="55" sl="19" sc="9" el="19" ec="9" bec="0" bev="0" fileid="3" />
                <SequencePoint vc="4" uspid="32" ordinal="0" offset="73" sl="20" sc="9" el="20" ec="9" bec="0" bev="0" fileid="3" />
                <SequencePoint vc="4" uspid="33" ordinal="0" offset="91" sl="21" sc="9" el="21" ec="9" bec="0" bev="0" fileid="3" />
                <SequencePoint vc="4" uspid="34" ordinal="0" offset="109" sl="22" sc="9" el="22" ec="9" bec="0" bev="0" fileid="3" />
                <SequencePoint vc="4" uspid="35" ordinal="0" offset="127" sl="23" sc="9" el="23" ec="9" bec="0" bev="0" fileid="3" />
                <SequencePoint vc="4" uspid="36" ordinal="0" offset="145" sl="24" sc="9" el="24" ec="9" bec="0" bev="0" fileid="3" />
                <SequencePoint vc="4" uspid="37" ordinal="0" offset="163" sl="25" sc="9" el="25" ec="9" bec="0" bev="0" fileid="3" />
                <SequencePoint vc="4" uspid="38" ordinal="0" offset="181" sl="26" sc="9" el="26" ec="9" bec="0" bev="0" fileid="3" />
                <SequencePoint vc="4" uspid="39" ordinal="0" offset="200" sl="27" sc="9" el="27" ec="9" bec="0" bev="0" fileid="3" />
                <SequencePoint vc="4" uspid="40" ordinal="0" offset="219" sl="28" sc="9" el="28" ec="9" bec="0" bev="0" fileid="3" />
                <SequencePoint vc="4" uspid="41" ordinal="0" offset="238" sl="29" sc="9" el="29" ec="9" bec="0" bev="0" fileid="3" />
                <SequencePoint vc="4" uspid="42" ordinal="0" offset="257" sl="30" sc="9" el="30" ec="9" bec="0" bev="0" fileid="3" />
                <SequencePoint vc="4" uspid="43" ordinal="0" offset="276" sl="31" sc="9" el="31" ec="9" bec="0" bev="0" fileid="3" />
                <SequencePoint vc="4" uspid="44" ordinal="0" offset="295" sl="32" sc="9" el="32" ec="9" bec="0" bev="0" fileid="3" />
                <SequencePoint vc="4" uspid="45" ordinal="0" offset="314" sl="33" sc="9" el="33" ec="9" bec="0" bev="0" fileid="3" />
                <SequencePoint vc="4" uspid="46" ordinal="0" offset="333" sl="34" sc="9" el="34" ec="9" bec="0" bev="0" fileid="3" />
                <SequencePoint vc="4" uspid="47" ordinal="0" offset="352" sl="35" sc="9" el="35" ec="9" bec="0" bev="0" fileid="3" />
                <SequencePoint vc="4" uspid="48" ordinal="0" offset="371" sl="36" sc="9" el="36" ec="9" bec="0" bev="0" fileid="3" />
                <SequencePoint vc="4" uspid="49" ordinal="0" offset="390" sl="37" sc="9" el="37" ec="9" bec="0" bev="0" fileid="3" />
                <SequencePoint vc="4" uspid="50" ordinal="0" offset="409" sl="38" sc="9" el="38" ec="9" bec="0" bev="0" fileid="3" />
                <SequencePoint vc="4" uspid="51" ordinal="0" offset="428" sl="39" sc="9" el="39" ec="9" bec="0" bev="0" fileid="3" />
                <SequencePoint vc="4" uspid="52" ordinal="0" offset="447" sl="40" sc="9" el="40" ec="9" bec="0" bev="0" fileid="3" />
                <SequencePoint vc="4" uspid="53" ordinal="0" offset="466" sl="41" sc="9" el="41" ec="9" bec="0" bev="0" fileid="3" />
                <SequencePoint vc="4" uspid="54" ordinal="0" offset="485" sl="42" sc="9" el="42" ec="9" bec="0" bev="0" fileid="3" />
                <SequencePoint vc="4" uspid="55" ordinal="0" offset="504" sl="43" sc="9" el="43" ec="9" bec="0" bev="0" fileid="3" />
                <SequencePoint vc="4" uspid="56" ordinal="0" offset="523" sl="44" sc="9" el="44" ec="9" bec="0" bev="0" fileid="3" />
                <SequencePoint vc="4" uspid="57" ordinal="0" offset="542" sl="45" sc="9" el="45" ec="9" bec="0" bev="0" fileid="3" />
                <SequencePoint vc="4" uspid="58" ordinal="0" offset="561" sl="46" sc="9" el="46" ec="9" bec="0" bev="0" fileid="3" />
                <SequencePoint vc="4" uspid="59" ordinal="0" offset="580" sl="47" sc="9" el="47" ec="9" bec="0" bev="0" fileid="3" />
                <SequencePoint vc="4" uspid="60" ordinal="0" offset="599" sl="48" sc="9" el="48" ec="9" bec="0" bev="0" fileid="3" />
                <SequencePoint vc="4" uspid="61" ordinal="0" offset="618" sl="49" sc="9" el="49" ec="9" bec="0" bev="0" fileid="3" />
                <SequencePoint vc="4" uspid="62" ordinal="0" offset="637" sl="50" sc="9" el="50" ec="9" bec="0" bev="0" fileid="3" />
                <SequencePoint vc="4" uspid="63" ordinal="0" offset="655" sl="51" sc="5" el="51" ec="5" bec="0" bev="0" fileid="3" />
              </SequencePoints>
              <BranchPoints />
            </Method>
          </Methods>
        </Class>
        <Class>
          <Summary numSequencePoints="156" visitedSequencePoints="156" numBranchPoints="0" visitedBranchPoints="0" sequenceCoverage="100.0" branchCoverage="0.0" maxCyclomaticComplexity="0" minCyclomaticComplexity="0" maxCrapScore="0" minCrapScore="0" visitedClasses="1" numClasses="1" visitedMethods="16" numMethods="16" />
          <FullName>DataManager</FullName>
          <Methods>
            <Method visited="true" cyclomaticComplexity="0" nPathComplexity="0" sequenceCoverage="100.0" branchCoverage="0" crapScore="0" isConstructor="false" isStatic="false" isGetter="false" isSetter="false">
              <Summary numSequencePoints="44" visitedSequencePoints="44" numBranchPoints="0" visitedBranchPoints="0" sequenceCoverage="100.0" branchCoverage="0" maxCyclomaticComplexity="0" minCyclomaticComplexity="0" maxCrapScore="0" minCrapScore="0" visitedClasses="0" numClasses="0" visitedMethods="1" numMethods="1" />
              <MetadataToken>100663307</MetadataToken>
              <Name>System.Void DataManager::init()</Name>
              <FileRef uid="4" />
              <SequencePoints>
                <SequencePoint vc="3" uspid="64" ordinal="0" offset="0" sl="90" sc="25" el="90" ec="25" bec="0" bev="0" fileid="4" />
                <SequencePoint vc="3" uspid="65" ordinal="0" offset="1" sl="91" sc="9" el="91" ec="9" bec="0" bev="0" fileid="4" />
                <SequencePoint vc="3" uspid="66" ordinal="0" offset="19" sl="92" sc="9" el="92" ec="9" bec="0" bev="0" fileid="4" />
                <SequencePoint vc="3" uspid="67" ordinal="0" offset="37" sl="93" sc="9" el="93" ec="9" bec="0" bev="0" fileid="4" />
                <SequencePoint vc="3" uspid="68" ordinal="0" offset="55" sl="94" sc="9" el="94" ec="9" bec="0" bev="0" fileid="4" />
                <SequencePoint vc="3" uspid="69" ordinal="0" offset="72" sl="95" sc="9" el="95" ec="9" bec="0" bev="0" fileid="4" />
                <SequencePoint vc="3" uspid="70" ordinal="0" offset="89" sl="96" sc="9" el="96" ec="9" bec="0" bev="0" fileid="4" />
                <SequencePoint vc="3" uspid="71" ordinal="0" offset="106" sl="97" sc="9" el="97" ec="9" bec="0" bev="0" fileid="4" />
                <SequencePoint vc="3" uspid="72" ordinal="0" offset="123" sl="98" sc="9" el="98" ec="9" bec="0" bev="0" fileid="4" />
                <SequencePoint vc="3" uspid="73" ordinal="0" offset="140" sl="99" sc="9" el="99" ec="9" bec="0" bev="0" fileid="4" />
                <SequencePoint vc="3" uspid="74" ordinal="0" offset="163" sl="100" sc="9" el="100" ec="9" bec="0" bev="0" fileid="4" />
                <SequencePoint vc="3" uspid="75" ordinal="0" offset="186" sl="101" sc="9" el="101" ec="9" bec="0" bev="0" fileid="4" />
                <SequencePoint vc="3" uspid="76" ordinal="0" offset="209" sl="102" sc="9" el="102" ec="9" bec="0" bev="0" fileid="4" />
                <SequencePoint vc="3" uspid="77" ordinal="0" offset="238" sl="103" sc="14" el="103" ec="14" bec="0" bev="0" fileid="4" />
                <SequencePoint vc="99" uspid="78" ordinal="0" offset="245" sl="103" sc="45" el="103" ec="45" bec="0" bev="0" fileid="4" />
                <SequencePoint vc="99" uspid="79" ordinal="0" offset="246" sl="104" sc="13" el="104" ec="13" bec="0" bev="0" fileid="4" />
                <SequencePoint vc="99" uspid="80" ordinal="0" offset="255" sl="105" sc="13" el="105" ec="13" bec="0" bev="0" fileid="4" />
                <SequencePoint vc="99" uspid="81" ordinal="0" offset="264" sl="106" sc="13" el="106" ec="13" bec="0" bev="0" fileid="4" />
                <SequencePoint vc="99" uspid="82" ordinal="0" offset="273" sl="107" sc="13" el="107" ec="13" bec="0" bev="0" fileid="4" />
                <SequencePoint vc="99" uspid="83" ordinal="0" offset="282" sl="108" sc="13" el="108" ec="13" bec="0" bev="0" fileid="4" />
                <SequencePoint vc="99" uspid="84" ordinal="0" offset="292" sl="109" sc="18" el="109" ec="18" bec="0" bev="0" fileid="4" />
                <SequencePoint vc="693" uspid="85" ordinal="0" offset="296" sl="109" sc="49" el="109" ec="49" bec="0" bev="0" fileid="4" />
                <SequencePoint vc="693" uspid="86" ordinal="0" offset="297" sl="110" sc="17" el="110" ec="17" bec="0" bev="0" fileid="4" />
                <SequencePoint vc="693" uspid="87" ordinal="0" offset="311" sl="111" sc="17" el="111" ec="17" bec="0" bev="0" fileid="4" />
                <SequencePoint vc="693" uspid="88" ordinal="0" offset="325" sl="112" sc="13" el="112" ec="13" bec="0" bev="0" fileid="4" />
                <SequencePoint vc="693" uspid="89" ordinal="0" offset="326" sl="109" sc="44" el="109" ec="44" bec="0" bev="0" fileid="4" />
                <SequencePoint vc="792" uspid="90" ordinal="0" offset="330" sl="109" sc="29" el="109" ec="29" bec="0" bev="0" fileid="4" />
                <SequencePoint vc="99" uspid="91" ordinal="0" offset="343" sl="113" sc="18" el="113" ec="18" bec="0" bev="0" fileid="4" />
                <SequencePoint vc="693" uspid="92" ordinal="0" offset="347" sl="113" sc="51" el="113" ec="51" bec="0" bev="0" fileid="4" />
                <SequencePoint vc="693" uspid="93" ordinal="0" offset="348" sl="114" sc="17" el="114" ec="17" bec="0" bev="0" fileid="4" />
                <SequencePoint vc="693" uspid="94" ordinal="0" offset="366" sl="115" sc="22" el="115" ec="22" bec="0" bev="0" fileid="4" />
                <SequencePoint vc="6930" uspid="95" ordinal="0" offset="371" sl="115" sc="67" el="115" ec="67" bec="0" bev="0" fileid="4" />
                <SequencePoint vc="6930" uspid="96" ordinal="0" offset="372" sl="116" sc="21" el="116" ec="21" bec="0" bev="0" fileid="4" />
                <SequencePoint vc="6930" uspid="97" ordinal="0" offset="392" sl="117" sc="17" el="117" ec="17" bec="0" bev="0" fileid="4" />
                <SequencePoint vc="6930" uspid="98" ordinal="0" offset="393" sl="115" sc="62" el="115" ec="62" bec="0" bev="0" fileid="4" />
                <SequencePoint vc="7623" uspid="99" ordinal="0" offset="399" sl="115" sc="33" el="115" ec="33" bec="0" bev="0" fileid="4" />
                <SequencePoint vc="693" uspid="100" ordinal="0" offset="415" sl="118" sc="13" el="118" ec="13" bec="0" bev="0" fileid="4" />
                <SequencePoint vc="693" uspid="101" ordinal="0" offset="416" sl="113" sc="46" el="113" ec="46" bec="0" bev="0" fileid="4" />
                <SequencePoint vc="792" uspid="102" ordinal="0" offset="420" sl="113" sc="29" el="113" ec="29" bec="0" bev="0" fileid="4" />
                <SequencePoint vc="99" uspid="103" ordinal="0" offset="435" sl="119" sc="9" el="119" ec="9" bec="0" bev="0" fileid="4" />
                <SequencePoint vc="99" uspid="104" ordinal="0" offset="436" sl="103" sc="40" el="103" ec="40" bec="0" bev="0" fileid="4" />
                <SequencePoint vc="102" uspid="105" ordinal="0" offset="440" sl="103" sc="25" el="103" ec="25" bec="0" bev="0" fileid="4" />
                <SequencePoint vc="3" uspid="106" ordinal="0" offset="458" sl="124" sc="9" el="124" ec="9" bec="0" bev="0" fileid="4" />
                <SequencePoint vc="3" uspid="107" ordinal="0" offset="469" sl="125" sc="5" el="125" ec="5" bec="0" bev="0" fileid="4" />
              </SequencePoints>
              <BranchPoints />
            </Method>
            <Method visited="true" cyclomaticComplexity="0" nPathComplexity="0" sequenceCoverage="100.0" branchCoverage="0" crapScore="0" isConstructor="false" isStatic="false" isGetter="false" isSetter="false">
              <Summary numSequencePoints="10" visitedSequencePoints="10" numBranchPoints="0" visitedBranchPoints="0" sequenceCoverage="100.0" branchCoverage="0" maxCyclomaticComplexity="0" minCyclomaticComplexity="0" maxCrapScore="0" minCrapScore="0" visitedClasses="0" numClasses="0" visitedMethods="1" numMethods="1" />
              <MetadataToken>100663309</MetadataToken>
              <Name>System.Void DataManager::Start()</Name>
              <FileRef uid="4" />
              <SequencePoints>
                <SequencePoint vc="1" uspid="108" ordinal="0" offset="0" sl="134" sc="5" el="134" ec="5" bec="0" bev="0" fileid="4" />
                <SequencePoint vc="1" uspid="109" ordinal="0" offset="1" sl="136" sc="9" el="136" ec="9" bec="0" bev="0" fileid="4" />
                <SequencePoint vc="1" uspid="110" ordinal="0" offset="18" sl="138" sc="9" el="138" ec="9" bec="0" bev="0" fileid="4" />
                <SequencePoint vc="1" uspid="111" ordinal="0" offset="35" sl="140" sc="9" el="140" ec="9" bec="0" bev="0" fileid="4" />
                <SequencePoint vc="1" uspid="112" ordinal="0" offset="52" sl="142" sc="9" el="142" ec="9" bec="0" bev="0" fileid="4" />
                <SequencePoint vc="1" uspid="113" ordinal="0" offset="69" sl="144" sc="9" el="144" ec="9" bec="0" bev="0" fileid="4" />
                <SequencePoint vc="1" uspid="114" ordinal="0" offset="86" sl="146" sc="9" el="146" ec="9" bec="0" bev="0" fileid="4" />
                <SequencePoint vc="1" uspid="115" ordinal="0" offset="93" sl="147" sc="9" el="147" ec="9" bec="0" bev="0" fileid="4" />
                <SequencePoint vc="1" uspid="116" ordinal="0" offset="105" sl="148" sc="9" el="148" ec="9" bec="0" bev="0" fileid="4" />
                <SequencePoint vc="1" uspid="117" ordinal="0" offset="118" sl="149" sc="5" el="149" ec="5" bec="0" bev="0" fileid="4" />
              </SequencePoints>
              <BranchPoints />
            </Method>
            <Method visited="true" cyclomaticComplexity="0" nPathComplexity="0" sequenceCoverage="100.0" branchCoverage="0" crapScore="0" isConstructor="false" isStatic="false" isGetter="false" isSetter="false">
              <Summary numSequencePoints="3" visitedSequencePoints="3" numBranchPoints="0" visitedBranchPoints="0" sequenceCoverage="100.0" branchCoverage="0" maxCyclomaticComplexity="0" minCyclomaticComplexity="0" maxCrapScore="0" minCrapScore="0" visitedClasses="0" numClasses="0" visitedMethods="1" numMethods="1" />
              <MetadataToken>100663313</MetadataToken>
              <Name>System.Int32 DataManager::getDateDay()</Name>
              <FileRef uid="4" />
              <SequencePoints>
                <SequencePoint vc="4700" uspid="128" ordinal="0" offset="0" sl="271" sc="29" el="271" ec="29" bec="0" bev="0" fileid="4" />
                <SequencePoint vc="4700" uspid="129" ordinal="0" offset="1" sl="272" sc="9" el="272" ec="9" bec="0" bev="0" fileid="4" />
                <SequencePoint vc="4700" uspid="130" ordinal="0" offset="15" sl="273" sc="5" el="273" ec="5" bec="0" bev="0" fileid="4" />
              </SequencePoints>
              <BranchPoints />
            </Method>
            <Method visited="true" cyclomaticComplexity="0" nPathComplexity="0" sequenceCoverage="100.0" branchCoverage="0" crapScore="0" isConstructor="false" isStatic="false" isGetter="false" isSetter="false">
              <Summary numSequencePoints="3" visitedSequencePoints="3" numBranchPoints="0" visitedBranchPoints="0" sequenceCoverage="100.0" branchCoverage="0" maxCyclomaticComplexity="0" minCyclomaticComplexity="0" maxCrapScore="0" minCrapScore="0" visitedClasses="0" numClasses="0" visitedMethods="1" numMethods="1" />
              <MetadataToken>100663314</MetadataToken>
              <Name>System.Int32 DataManager::getDateMonth()</Name>
              <FileRef uid="4" />
              <SequencePoints>
                <SequencePoint vc="4700" uspid="131" ordinal="0" offset="0" sl="275" sc="31" el="275" ec="31" bec="0" bev="0" fileid="4" />
                <SequencePoint vc="4700" uspid="132" ordinal="0" offset="1" sl="276" sc="9" el="276" ec="9" bec="0" bev="0" fileid="4" />
                <SequencePoint vc="4700" uspid="133" ordinal="0" offset="15" sl="277" sc="5" el="277" ec="5" bec="0" bev="0" fileid="4" />
              </SequencePoints>
              <BranchPoints />
            </Method>
            <Method visited="true" cyclomaticComplexity="0" nPathComplexity="0" sequenceCoverage="100.0" branchCoverage="0" crapScore="0" isConstructor="false" isStatic="false" isGetter="false" isSetter="false">
              <Summary numSequencePoints="3" visitedSequencePoints="3" numBranchPoints="0" visitedBranchPoints="0" sequenceCoverage="100.0" branchCoverage="0" maxCyclomaticComplexity="0" minCyclomaticComplexity="0" maxCrapScore="0" minCrapScore="0" visitedClasses="0" numClasses="0" visitedMethods="1" numMethods="1" />
              <MetadataToken>100663315</MetadataToken>
              <Name>System.Int32 DataManager::getDateYear()</Name>
              <FileRef uid="4" />
              <SequencePoints>
                <SequencePoint vc="4700" uspid="134" ordinal="0" offset="0" sl="279" sc="30" el="279" ec="30" bec="0" bev="0" fileid="4" />
                <SequencePoint vc="4700" uspid="135" ordinal="0" offset="1" sl="280" sc="9" el="280" ec="9" bec="0" bev="0" fileid="4" />
                <SequencePoint vc="4700" uspid="136" ordinal="0" offset="15" sl="281" sc="5" el="281" ec="5" bec="0" bev="0" fileid="4" />
              </SequencePoints>
              <BranchPoints />
            </Method>
            <Method visited="true" cyclomaticComplexity="0" nPathComplexity="0" sequenceCoverage="100.0" branchCoverage="0" crapScore="0" isConstructor="false" isStatic="false" isGetter="false" isSetter="false">
              <Summary numSequencePoints="3" visitedSequencePoints="3" numBranchPoints="0" visitedBranchPoints="0" sequenceCoverage="100.0" branchCoverage="0" maxCyclomaticComplexity="0" minCyclomaticComplexity="0" maxCrapScore="0" minCrapScore="0" visitedClasses="0" numClasses="0" visitedMethods="1" numMethods="1" />
              <MetadataToken>100663316</MetadataToken>
              <Name>System.Int32 DataManager::getInfection(System.Int32)</Name>
              <FileRef uid="4" />
              <SequencePoints>
                <SequencePoint vc="155100" uspid="137" ordinal="0" offset="0" sl="283" sc="36" el="283" ec="36" bec="0" bev="0" fileid="4" />
                <SequencePoint vc="155100" uspid="138" ordinal="0" offset="1" sl="284" sc="9" el="284" ec="9" bec="0" bev="0" fileid="4" />
                <SequencePoint vc="155100" uspid="139" ordinal="0" offset="12" sl="285" sc="5" el="285" ec="5" bec="0" bev="0" fileid="4" />
              </SequencePoints>
              <BranchPoints />
            </Method>
            <Method visited="true" cyclomaticComplexity="0" nPathComplexity="0" sequenceCoverage="100.0" branchCoverage="0" crapScore="0" isConstructor="false" isStatic="false" isGetter="false" isSetter="false">
              <Summary numSequencePoints="3" visitedSequencePoints="3" numBranchPoints="0" visitedBranchPoints="0" sequenceCoverage="100.0" branchCoverage="0" maxCyclomaticComplexity="0" minCyclomaticComplexity="0" maxCrapScore="0" minCrapScore="0" visitedClasses="0" numClasses="0" visitedMethods="1" numMethods="1" />
              <MetadataToken>100663317</MetadataToken>
              <Name>System.Int32 DataManager::getIncrease(System.Int32)</Name>
              <FileRef uid="4" />
              <SequencePoints>
                <SequencePoint vc="4700" uspid="140" ordinal="0" offset="0" sl="287" sc="35" el="287" ec="35" bec="0" bev="0" fileid="4" />
                <SequencePoint vc="4700" uspid="141" ordinal="0" offset="1" sl="288" sc="9" el="288" ec="9" bec="0" bev="0" fileid="4" />
                <SequencePoint vc="4700" uspid="142" ordinal="0" offset="12" sl="289" sc="5" el="289" ec="5" bec="0" bev="0" fileid="4" />
              </SequencePoints>
              <BranchPoints />
            </Method>
            <Method visited="true" cyclomaticComplexity="0" nPathComplexity="0" sequenceCoverage="100.0" branchCoverage="0" crapScore="0" isConstructor="false" isStatic="false" isGetter="false" isSetter="false">
              <Summary numSequencePoints="6" visitedSequencePoints="6" numBranchPoints="0" visitedBranchPoints="0" sequenceCoverage="100.0" branchCoverage="0" maxCyclomaticComplexity="0" minCyclomaticComplexity="0" maxCrapScore="0" minCrapScore="0" visitedClasses="0" numClasses="0" visitedMethods="1" numMethods="1" />
              <MetadataToken>100663320</MetadataToken>
              <Name>System.Int32 DataManager::getMaxInfectionCity(System.Int32)</Name>
              <FileRef uid="4" />
              <SequencePoints>
                <SequencePoint vc="4703" uspid="149" ordinal="0" offset="6" sl="299" sc="46" el="299" ec="46" bec="0" bev="0" fileid="4" />
                <SequencePoint vc="4703" uspid="150" ordinal="0" offset="7" sl="311" sc="9" el="311" ec="9" bec="0" bev="0" fileid="4" />
                <SequencePoint vc="4703" uspid="151" ordinal="0" offset="19" sl="312" sc="9" el="312" ec="9" bec="0" bev="0" fileid="4" />
                <SequencePoint vc="4703" uspid="152" ordinal="0" offset="76" sl="313" sc="9" el="313" ec="9" bec="0" bev="0" fileid="4" />
                <SequencePoint vc="4703" uspid="153" ordinal="0" offset="95" sl="314" sc="9" el="314" ec="9" bec="0" bev="0" fileid="4" />
                <SequencePoint vc="4703" uspid="154" ordinal="0" offset="99" sl="315" sc="5" el="315" ec="5" bec="0" bev="0" fileid="4" />
              </SequencePoints>
              <BranchPoints />
            </Method>
            <Method visited="true" cyclomaticComplexity="0" nPathComplexity="0" sequenceCoverage="100.0" branchCoverage="0" crapScore="0" isConstructor="false" isStatic="false" isGetter="false" isSetter="false">
              <Summary numSequencePoints="10" visitedSequencePoints="10" numBranchPoints="0" visitedBranchPoints="0" sequenceCoverage="100.0" branchCoverage="0" maxCyclomaticComplexity="0" minCyclomaticComplexity="0" maxCrapScore="0" minCrapScore="0" visitedClasses="0" numClasses="0" visitedMethods="1" numMethods="1" />
              <MetadataToken>100663322</MetadataToken>
              <Name>System.Int32 DataManager::getTotalIncrease()</Name>
              <FileRef uid="4" />
              <SequencePoints>
                <SequencePoint vc="4700" uspid="165" ordinal="0" offset="0" sl="325" sc="35" el="325" ec="35" bec="0" bev="0" fileid="4" />
                <SequencePoint vc="4700" uspid="166" ordinal="0" offset="1" sl="326" sc="9" el="326" ec="9" bec="0" bev="0" fileid="4" />
                <SequencePoint vc="4700" uspid="167" ordinal="0" offset="3" sl="327" sc="14" el="327" ec="14" bec="0" bev="0" fileid="4" />
                <SequencePoint vc="155100" uspid="168" ordinal="0" offset="7" sl="327" sc="45" el="327" ec="45" bec="0" bev="0" fileid="4" />
                <SequencePoint vc="155100" uspid="169" ordinal="0" offset="8" sl="328" sc="13" el="328" ec="13" bec="0" bev="0" fileid="4" />
                <SequencePoint vc="155100" uspid="170" ordinal="0" offset="19" sl="329" sc="9" el="329" ec="9" bec="0" bev="0" fileid="4" />
                <SequencePoint vc="155100" uspid="171" ordinal="0" offset="20" sl="327" sc="40" el="327" ec="40" bec="0" bev="0" fileid="4" />
                <SequencePoint vc="159800" uspid="172" ordinal="0" offset="24" sl="327" sc="25" el="327" ec="25" bec="0" bev="0" fileid="4" />
                <SequencePoint vc="4700" uspid="173" ordinal="0" offset="37" sl="330" sc="9" el="330" ec="9" bec="0" bev="0" fileid="4" />
                <SequencePoint vc="4700" uspid="174" ordinal="0" offset="41" sl="331" sc="5" el="331" ec="5" bec="0" bev="0" fileid="4" />
              </SequencePoints>
              <BranchPoints />
            </Method>
            <Method visited="true" cyclomaticComplexity="0" nPathComplexity="0" sequenceCoverage="100.0" branchCoverage="0" crapScore="0" isConstructor="false" isStatic="false" isGetter="false" isSetter="false">
              <Summary numSequencePoints="10" visitedSequencePoints="10" numBranchPoints="0" visitedBranchPoints="0" sequenceCoverage="100.0" branchCoverage="0" maxCyclomaticComplexity="0" minCyclomaticComplexity="0" maxCrapScore="0" minCrapScore="0" visitedClasses="0" numClasses="0" visitedMethods="1" numMethods="1" />
              <MetadataToken>100663323</MetadataToken>
              <Name>System.Int32 DataManager::getTotalDeath()</Name>
              <FileRef uid="4" />
              <SequencePoints>
                <SequencePoint vc="9399" uspid="175" ordinal="0" offset="0" sl="333" sc="32" el="333" ec="32" bec="0" bev="0" fileid="4" />
                <SequencePoint vc="9399" uspid="176" ordinal="0" offset="1" sl="334" sc="9" el="334" ec="9" bec="0" bev="0" fileid="4" />
                <SequencePoint vc="9399" uspid="177" ordinal="0" offset="3" sl="335" sc="14" el="335" ec="14" bec="0" bev="0" fileid="4" />
                <SequencePoint vc="310167" uspid="178" ordinal="0" offset="7" sl="335" sc="45" el="335" ec="45" bec="0" bev="0" fileid="4" />
                <SequencePoint vc="310167" uspid="179" ordinal="0" offset="8" sl="336" sc="13" el="336" ec="13" bec="0" bev="0" fileid="4" />
                <SequencePoint vc="310167" uspid="180" ordinal="0" offset="19" sl="337" sc="9" el="337" ec="9" bec="0" bev="0" fileid="4" />
                <SequencePoint vc="310167" uspid="181" ordinal="0" offset="20" sl="335" sc="40" el="335" ec="40" bec="0" bev="0" fileid="4" />
                <SequencePoint vc="319566" uspid="182" ordinal="0" offset="24" sl="335" sc="25" el="335" ec="25" bec="0" bev="0" fileid="4" />
                <SequencePoint vc="9399" uspid="183" ordinal="0" offset="37" sl="338" sc="9" el="338" ec="9" bec="0" bev="0" fileid="4" />
                <SequencePoint vc="9399" uspid="184" ordinal="0" offset="41" sl="339" sc="5" el="339" ec="5" bec="0" bev="0" fileid="4" />
              </SequencePoints>
              <BranchPoints />
            </Method>
            <Method visited="true" cyclomaticComplexity="0" nPathComplexity="0" sequenceCoverage="100.0" branchCoverage="0" crapScore="0" isConstructor="false" isStatic="false" isGetter="false" isSetter="false">
              <Summary numSequencePoints="10" visitedSequencePoints="10" numBranchPoints="0" visitedBranchPoints="0" sequenceCoverage="100.0" branchCoverage="0" maxCyclomaticComplexity="0" minCyclomaticComplexity="0" maxCrapScore="0" minCrapScore="0" visitedClasses="0" numClasses="0" visitedMethods="1" numMethods="1" />
              <MetadataToken>100663324</MetadataToken>
              <Name>System.Single DataManager::getAverageSatisfaction()</Name>
              <FileRef uid="4" />
              <SequencePoints>
                <SequencePoint vc="4707" uspid="185" ordinal="0" offset="0" sl="341" sc="43" el="341" ec="43" bec="0" bev="0" fileid="4" />
                <SequencePoint vc="4707" uspid="186" ordinal="0" offset="1" sl="342" sc="9" el="342" ec="9" bec="0" bev="0" fileid="4" />
                <SequencePoint vc="4707" uspid="187" ordinal="0" offset="3" sl="343" sc="14" el="343" ec="14" bec="0" bev="0" fileid="4" />
                <SequencePoint vc="155331" uspid="188" ordinal="0" offset="7" sl="343" sc="45" el="343" ec="45" bec="0" bev="0" fileid="4" />
                <SequencePoint vc="155331" uspid="189" ordinal="0" offset="8" sl="344" sc="13" el="344" ec="13" bec="0" bev="0" fileid="4" />
                <SequencePoint vc="155331" uspid="190" ordinal="0" offset="19" sl="345" sc="9" el="345" ec="9" bec="0" bev="0" fileid="4" />
                <SequencePoint vc="155331" uspid="191" ordinal="0" offset="20" sl="343" sc="40" el="343" ec="40" bec="0" bev="0" fileid="4" />
                <SequencePoint vc="160038" uspid="192" ordinal="0" offset="24" sl="343" sc="25" el="343" ec="25" bec="0" bev="0" fileid="4" />
                <SequencePoint vc="4707" uspid="193" ordinal="0" offset="37" sl="346" sc="9" el="346" ec="9" bec="0" bev="0" fileid="4" />
                <SequencePoint vc="4707" uspid="194" ordinal="0" offset="49" sl="348" sc="5" el="348" ec="5" bec="0" bev="0" fileid="4" />
              </SequencePoints>
              <BranchPoints />
            </Method>
            <Method visited="true" cyclomaticComplexity="0" nPathComplexity="0" sequenceCoverage="100.0" branchCoverage="0" crapScore="0" isConstructor="false" isStatic="false" isGetter="false" isSetter="false">
              <Summary numSequencePoints="16" visitedSequencePoints="16" numBranchPoints="0" visitedBranchPoints="0" sequenceCoverage="100.0" branchCoverage="0" maxCyclomaticComplexity="0" minCyclomaticComplexity="0" maxCrapScore="0" minCrapScore="0" visitedClasses="0" numClasses="0" visitedMethods="1" numMethods="1" />
              <MetadataToken>100663326</MetadataToken>
              <Name>System.Int32[] DataManager::getTotalIncreaseHistory()</Name>
              <FileRef uid="4" />
              <SequencePoints>
                <SequencePoint vc="4700" uspid="205" ordinal="0" offset="0" sl="359" sc="44" el="359" ec="44" bec="0" bev="0" fileid="4" />
                <SequencePoint vc="4700" uspid="206" ordinal="0" offset="1" sl="360" sc="9" el="360" ec="9" bec="0" bev="0" fileid="4" />
                <SequencePoint vc="4700" uspid="207" ordinal="0" offset="13" sl="361" sc="14" el="361" ec="14" bec="0" bev="0" fileid="4" />
                <SequencePoint vc="32900" uspid="208" ordinal="0" offset="17" sl="361" sc="45" el="361" ec="45" bec="0" bev="0" fileid="4" />
                <SequencePoint vc="32900" uspid="209" ordinal="0" offset="18" sl="362" sc="13" el="362" ec="13" bec="0" bev="0" fileid="4" />
                <SequencePoint vc="32900" uspid="210" ordinal="0" offset="22" sl="363" sc="18" el="363" ec="18" bec="0" bev="0" fileid="4" />
                <SequencePoint vc="1085700" uspid="211" ordinal="0" offset="26" sl="363" sc="49" el="363" ec="49" bec="0" bev="0" fileid="4" />
                <SequencePoint vc="1085700" uspid="212" ordinal="0" offset="27" sl="364" sc="17" el="364" ec="17" bec="0" bev="0" fileid="4" />
                <SequencePoint vc="1085700" uspid="213" ordinal="0" offset="51" sl="365" sc="13" el="365" ec="13" bec="0" bev="0" fileid="4" />
                <SequencePoint vc="1085700" uspid="214" ordinal="0" offset="52" sl="363" sc="44" el="363" ec="44" bec="0" bev="0" fileid="4" />
                <SequencePoint vc="1118600" uspid="215" ordinal="0" offset="56" sl="363" sc="29" el="363" ec="29" bec="0" bev="0" fileid="4" />
                <SequencePoint vc="32900" uspid="216" ordinal="0" offset="69" sl="366" sc="9" el="366" ec="9" bec="0" bev="0" fileid="4" />
                <SequencePoint vc="32900" uspid="217" ordinal="0" offset="70" sl="361" sc="40" el="361" ec="40" bec="0" bev="0" fileid="4" />
                <SequencePoint vc="37600" uspid="218" ordinal="0" offset="74" sl="361" sc="25" el="361" ec="25" bec="0" bev="0" fileid="4" />
                <SequencePoint vc="4700" uspid="219" ordinal="0" offset="89" sl="367" sc="9" el="367" ec="9" bec="0" bev="0" fileid="4" />
                <SequencePoint vc="4700" uspid="220" ordinal="0" offset="94" sl="368" sc="5" el="368" ec="5" bec="0" bev="0" fileid="4" />
              </SequencePoints>
              <BranchPoints />
            </Method>
            <Method visited="true" cyclomaticComplexity="0" nPathComplexity="0" sequenceCoverage="100.0" branchCoverage="0" crapScore="0" isConstructor="false" isStatic="false" isGetter="false" isSetter="false">
              <Summary numSequencePoints="16" visitedSequencePoints="16" numBranchPoints="0" visitedBranchPoints="0" sequenceCoverage="100.0" branchCoverage="0" maxCyclomaticComplexity="0" minCyclomaticComplexity="0" maxCrapScore="0" minCrapScore="0" visitedClasses="0" numClasses="0" visitedMethods="1" numMethods="1" />
              <MetadataToken>100663328</MetadataToken>
              <Name>System.Int32[] DataManager::getTotalDeathHistory()</Name>
              <FileRef uid="4" />
              <SequencePoints>
                <SequencePoint vc="4700" uspid="231" ordinal="0" offset="0" sl="379" sc="41" el="379" ec="41" bec="0" bev="0" fileid="4" />
                <SequencePoint vc="4700" uspid="232" ordinal="0" offset="1" sl="380" sc="9" el="380" ec="9" bec="0" bev="0" fileid="4" />
                <SequencePoint vc="4700" uspid="233" ordinal="0" offset="13" sl="381" sc="14" el="381" ec="14" bec="0" bev="0" fileid="4" />
                <SequencePoint vc="32900" uspid="234" ordinal="0" offset="17" sl="381" sc="45" el="381" ec="45" bec="0" bev="0" fileid="4" />
                <SequencePoint vc="32900" uspid="235" ordinal="0" offset="18" sl="382" sc="13" el="382" ec="13" bec="0" bev="0" fileid="4" />
                <SequencePoint vc="32900" uspid="236" ordinal="0" offset="22" sl="383" sc="18" el="383" ec="18" bec="0" bev="0" fileid="4" />
                <SequencePoint vc="1085700" uspid="237" ordinal="0" offset="26" sl="383" sc="49" el="383" ec="49" bec="0" bev="0" fileid="4" />
                <SequencePoint vc="1085700" uspid="238" ordinal="0" offset="27" sl="384" sc="17" el="384" ec="17" bec="0" bev="0" fileid="4" />
                <SequencePoint vc="1085700" uspid="239" ordinal="0" offset="51" sl="385" sc="13" el="385" ec="13" bec="0" bev="0" fileid="4" />
                <SequencePoint vc="1085700" uspid="240" ordinal="0" offset="52" sl="383" sc="44" el="383" ec="44" bec="0" bev="0" fileid="4" />
                <SequencePoint vc="1118600" uspid="241" ordinal="0" offset="56" sl="383" sc="29" el="383" ec="29" bec="0" bev="0" fileid="4" />
                <SequencePoint vc="32900" uspid="242" ordinal="0" offset="69" sl="386" sc="9" el="386" ec="9" bec="0" bev="0" fileid="4" />
                <SequencePoint vc="32900" uspid="243" ordinal="0" offset="70" sl="381" sc="40" el="381" ec="40" bec="0" bev="0" fileid="4" />
                <SequencePoint vc="37600" uspid="244" ordinal="0" offset="74" sl="381" sc="25" el="381" ec="25" bec="0" bev="0" fileid="4" />
                <SequencePoint vc="4700" uspid="245" ordinal="0" offset="89" sl="387" sc="9" el="387" ec="9" bec="0" bev="0" fileid="4" />
                <SequencePoint vc="4700" uspid="246" ordinal="0" offset="94" sl="388" sc="5" el="388" ec="5" bec="0" bev="0" fileid="4" />
              </SequencePoints>
              <BranchPoints />
            </Method>
            <Method visited="true" cyclomaticComplexity="0" nPathComplexity="0" sequenceCoverage="100.0" branchCoverage="0" crapScore="0" isConstructor="false" isStatic="false" isGetter="false" isSetter="false">
              <Summary numSequencePoints="3" visitedSequencePoints="3" numBranchPoints="0" visitedBranchPoints="0" sequenceCoverage="100.0" branchCoverage="0" maxCyclomaticComplexity="0" minCyclomaticComplexity="0" maxCrapScore="0" minCrapScore="0" visitedClasses="0" numClasses="0" visitedMethods="1" numMethods="1" />
              <MetadataToken>100663329</MetadataToken>
              <Name>System.DateTime DataManager::getCurrentDate()</Name>
              <FileRef uid="4" />
              <SequencePoints>
                <SequencePoint vc="9400" uspid="247" ordinal="0" offset="0" sl="390" sc="38" el="390" ec="38" bec="0" bev="0" fileid="4" />
                <SequencePoint vc="9400" uspid="248" ordinal="0" offset="1" sl="391" sc="9" el="391" ec="9" bec="0" bev="0" fileid="4" />
                <SequencePoint vc="9400" uspid="249" ordinal="0" offset="10" sl="392" sc="5" el="392" ec="5" bec="0" bev="0" fileid="4" />
              </SequencePoints>
              <BranchPoints />
            </Method>
            <Method visited="true" cyclomaticComplexity="0" nPathComplexity="0" sequenceCoverage="100.0" branchCoverage="0" crapScore="0" isConstructor="false" isStatic="false" isGetter="false" isSetter="false">
              <Summary numSequencePoints="3" visitedSequencePoints="3" numBranchPoints="0" visitedBranchPoints="0" sequenceCoverage="100.0" branchCoverage="0" maxCyclomaticComplexity="0" minCyclomaticComplexity="0" maxCrapScore="0" minCrapScore="0" visitedClasses="0" numClasses="0" visitedMethods="1" numMethods="1" />
              <MetadataToken>100663330</MetadataToken>
              <Name>System.Int32 DataManager::getDaysPassed()</Name>
              <FileRef uid="4" />
              <SequencePoints>
                <SequencePoint vc="2" uspid="250" ordinal="0" offset="0" sl="394" sc="32" el="394" ec="32" bec="0" bev="0" fileid="4" />
                <SequencePoint vc="2" uspid="251" ordinal="0" offset="1" sl="395" sc="9" el="395" ec="9" bec="0" bev="0" fileid="4" />
                <SequencePoint vc="2" uspid="252" ordinal="0" offset="30" sl="396" sc="5" el="396" ec="5" bec="0" bev="0" fileid="4" />
              </SequencePoints>
              <BranchPoints />
            </Method>
            <Method visited="true" cyclomaticComplexity="0" nPathComplexity="0" sequenceCoverage="100.0" branchCoverage="0" crapScore="0" isConstructor="true" isStatic="false" isGetter="false" isSetter="false">
              <Summary numSequencePoints="13" visitedSequencePoints="13" numBranchPoints="0" visitedBranchPoints="0" sequenceCoverage="100.0" branchCoverage="0" maxCyclomaticComplexity="0" minCyclomaticComplexity="0" maxCrapScore="0" minCrapScore="0" visitedClasses="0" numClasses="0" visitedMethods="1" numMethods="1" />
              <MetadataToken>100663308</MetadataToken>
              <Name>DataManager::DataManager()</Name>
              <FileRef uid="4" />
              <SequencePoints>
                <SequencePoint vc="2" uspid="317" ordinal="0" offset="0" sl="37" sc="5" el="37" ec="5" bec="0" bev="0" fileid="4" />
                <SequencePoint vc="2" uspid="318" ordinal="0" offset="8" sl="40" sc="5" el="40" ec="5" bec="0" bev="0" fileid="4" />
                <SequencePoint vc="2" uspid="319" ordinal="0" offset="15" sl="43" sc="5" el="43" ec="5" bec="0" bev="0" fileid="4" />
                <SequencePoint vc="2" uspid="320" ordinal="0" offset="23" sl="45" sc="5" el="45" ec="5" bec="0" bev="0" fileid="4" />
                <SequencePoint vc="2" uspid="321" ordinal="0" offset="30" sl="47" sc="5" el="47" ec="5" bec="0" bev="0" fileid="4" />
                <SequencePoint vc="2" uspid="322" ordinal="0" offset="37" sl="49" sc="5" el="49" ec="5" bec="0" bev="0" fileid="4" />
                <SequencePoint vc="2" uspid="323" ordinal="0" offset="45" sl="52" sc="5" el="52" ec="5" bec="0" bev="0" fileid="4" />
                <SequencePoint vc="2" uspid="324" ordinal="0" offset="52" sl="55" sc="5" el="55" ec="5" bec="0" bev="0" fileid="4" />
                <SequencePoint vc="2" uspid="325" ordinal="0" offset="60" sl="58" sc="5" el="58" ec="5" bec="0" bev="0" fileid="4" />
                <SequencePoint vc="2" uspid="326" ordinal="0" offset="68" sl="127" sc="5" el="127" ec="5" bec="0" bev="0" fileid="4" />
                <SequencePoint vc="2" uspid="327" ordinal="0" offset="75" sl="127" sc="26" el="127" ec="26" bec="0" bev="0" fileid="4" />
                <SequencePoint vc="2" uspid="328" ordinal="0" offset="76" sl="128" sc="9" el="128" ec="9" bec="0" bev="0" fileid="4" />
                <SequencePoint vc="2" uspid="329" ordinal="0" offset="83" sl="129" sc="5" el="129" ec="5" bec="0" bev="0" fileid="4" />
              </SequencePoints>
              <BranchPoints />
            </Method>
          </Methods>
        </Class>
        <Class>
          <Summary numSequencePoints="41" visitedSequencePoints="36" numBranchPoints="0" visitedBranchPoints="0" sequenceCoverage="87.80" branchCoverage="0.0" maxCyclomaticComplexity="0" minCyclomaticComplexity="0" maxCrapScore="0" minCrapScore="0" visitedClasses="1" numClasses="1" visitedMethods="3" numMethods="3" />
          <FullName>DataPaneController</FullName>
          <Methods>
            <Method visited="true" cyclomaticComplexity="0" nPathComplexity="0" sequenceCoverage="100.0" branchCoverage="0" crapScore="0" isConstructor="false" isStatic="false" isGetter="false" isSetter="false">
              <Summary numSequencePoints="10" visitedSequencePoints="10" numBranchPoints="0" visitedBranchPoints="0" sequenceCoverage="100.0" branchCoverage="0" maxCyclomaticComplexity="0" minCyclomaticComplexity="0" maxCrapScore="0" minCrapScore="0" visitedClasses="0" numClasses="0" visitedMethods="1" numMethods="1" />
              <MetadataToken>100663337</MetadataToken>
              <Name>System.Void DataPaneController::Start()</Name>
              <FileRef uid="5" />
              <SequencePoints>
                <SequencePoint vc="1" uspid="330" ordinal="0" offset="0" sl="47" sc="5" el="47" ec="5" bec="0" bev="0" fileid="5" />
                <SequencePoint vc="1" uspid="331" ordinal="0" offset="1" sl="48" sc="9" el="48" ec="9" bec="0" bev="0" fileid="5" />
                <SequencePoint vc="1" uspid="332" ordinal="0" offset="8" sl="49" sc="9" el="49" ec="9" bec="0" bev="0" fileid="5" />
                <SequencePoint vc="1" uspid="333" ordinal="0" offset="25" sl="50" sc="9" el="50" ec="9" bec="0" bev="0" fileid="5" />
                <SequencePoint vc="1" uspid="334" ordinal="0" offset="42" sl="51" sc="9" el="51" ec="9" bec="0" bev="0" fileid="5" />
                <SequencePoint vc="1" uspid="335" ordinal="0" offset="59" sl="52" sc="9" el="52" ec="9" bec="0" bev="0" fileid="5" />
                <SequencePoint vc="1" uspid="336" ordinal="0" offset="76" sl="53" sc="9" el="53" ec="9" bec="0" bev="0" fileid="5" />
                <SequencePoint vc="1" uspid="337" ordinal="0" offset="93" sl="54" sc="9" el="54" ec="9" bec="0" bev="0" fileid="5" />
                <SequencePoint vc="1" uspid="338" ordinal="0" offset="110" sl="55" sc="9" el="55" ec="9" bec="0" bev="0" fileid="5" />
                <SequencePoint vc="1" uspid="339" ordinal="0" offset="127" sl="56" sc="5" el="56" ec="5" bec="0" bev="0" fileid="5" />
              </SequencePoints>
              <BranchPoints />
            </Method>
            <Method visited="true" cyclomaticComplexity="0" nPathComplexity="0" sequenceCoverage="83.33" branchCoverage="0" crapScore="0" isConstructor="false" isStatic="false" isGetter="false" isSetter="false">
              <Summary numSequencePoints="30" visitedSequencePoints="25" numBranchPoints="0" visitedBranchPoints="0" sequenceCoverage="83.33" branchCoverage="0" maxCyclomaticComplexity="0" minCyclomaticComplexity="0" maxCrapScore="0" minCrapScore="0" visitedClasses="0" numClasses="0" visitedMethods="1" numMethods="1" />
              <MetadataToken>100663338</MetadataToken>
              <Name>System.Void DataPaneController::Update()</Name>
              <FileRef uid="5" />
              <SequencePoints>
                <SequencePoint vc="4700" uspid="340" ordinal="0" offset="0" sl="60" sc="5" el="60" ec="5" bec="0" bev="0" fileid="5" />
                <SequencePoint vc="4700" uspid="341" ordinal="0" offset="1" sl="61" sc="9" el="61" ec="9" bec="0" bev="0" fileid="5" />
                <SequencePoint vc="4700" uspid="342" ordinal="0" offset="3" sl="62" sc="9" el="62" ec="9" bec="0" bev="0" fileid="5" />
                <SequencePoint vc="4700" uspid="343" ordinal="0" offset="18" sl="63" sc="13" el="63" ec="13" bec="0" bev="0" fileid="5" />
                <SequencePoint vc="0" uspid="344" ordinal="0" offset="32" sl="65" sc="13" el="65" ec="13" bec="0" bev="0" fileid="5" />
                <SequencePoint vc="4700" uspid="345" ordinal="0" offset="50" sl="66" sc="9" el="66" ec="9" bec="0" bev="0" fileid="5" />
                <SequencePoint vc="4700" uspid="346" ordinal="0" offset="63" sl="68" sc="9" el="68" ec="9" bec="0" bev="0" fileid="5" />
                <SequencePoint vc="4700" uspid="347" ordinal="0" offset="65" sl="69" sc="9" el="69" ec="9" bec="0" bev="0" fileid="5" />
                <SequencePoint vc="4700" uspid="348" ordinal="0" offset="80" sl="70" sc="13" el="70" ec="13" bec="0" bev="0" fileid="5" />
                <SequencePoint vc="0" uspid="349" ordinal="0" offset="94" sl="72" sc="13" el="72" ec="13" bec="0" bev="0" fileid="5" />
                <SequencePoint vc="4700" uspid="350" ordinal="0" offset="112" sl="73" sc="9" el="73" ec="9" bec="0" bev="0" fileid="5" />
                <SequencePoint vc="4700" uspid="351" ordinal="0" offset="125" sl="76" sc="9" el="76" ec="9" bec="0" bev="0" fileid="5" />
                <SequencePoint vc="4700" uspid="352" ordinal="0" offset="131" sl="77" sc="9" el="77" ec="9" bec="0" bev="0" fileid="5" />
                <SequencePoint vc="4700" uspid="353" ordinal="0" offset="146" sl="78" sc="13" el="78" ec="13" bec="0" bev="0" fileid="5" />
                <SequencePoint vc="0" uspid="354" ordinal="0" offset="160" sl="80" sc="13" el="80" ec="13" bec="0" bev="0" fileid="5" />
                <SequencePoint vc="4700" uspid="355" ordinal="0" offset="179" sl="81" sc="9" el="81" ec="9" bec="0" bev="0" fileid="5" />
                <SequencePoint vc="4700" uspid="356" ordinal="0" offset="192" sl="83" sc="9" el="83" ec="9" bec="0" bev="0" fileid="5" />
                <SequencePoint vc="4700" uspid="357" ordinal="0" offset="237" sl="85" sc="9" el="85" ec="9" bec="0" bev="0" fileid="5" />
                <SequencePoint vc="4700" uspid="358" ordinal="0" offset="249" sl="86" sc="9" el="86" ec="9" bec="0" bev="0" fileid="5" />
                <SequencePoint vc="4700" uspid="359" ordinal="0" offset="264" sl="87" sc="13" el="87" ec="13" bec="0" bev="0" fileid="5" />
                <SequencePoint vc="0" uspid="360" ordinal="0" offset="278" sl="89" sc="13" el="89" ec="13" bec="0" bev="0" fileid="5" />
                <SequencePoint vc="4700" uspid="361" ordinal="0" offset="296" sl="90" sc="9" el="90" ec="9" bec="0" bev="0" fileid="5" />
                <SequencePoint vc="4700" uspid="362" ordinal="0" offset="309" sl="92" sc="9" el="92" ec="9" bec="0" bev="0" fileid="5" />
                <SequencePoint vc="4700" uspid="363" ordinal="0" offset="322" sl="93" sc="9" el="93" ec="9" bec="0" bev="0" fileid="5" />
                <SequencePoint vc="4700" uspid="364" ordinal="0" offset="337" sl="94" sc="13" el="94" ec="13" bec="0" bev="0" fileid="5" />
                <SequencePoint vc="0" uspid="365" ordinal="0" offset="352" sl="96" sc="13" el="96" ec="13" bec="0" bev="0" fileid="5" />
                <SequencePoint vc="4700" uspid="366" ordinal="0" offset="371" sl="97" sc="9" el="97" ec="9" bec="0" bev="0" fileid="5" />
                <SequencePoint vc="4700" uspid="367" ordinal="0" offset="385" sl="99" sc="9" el="99" ec="9" bec="0" bev="0" fileid="5" />
                <SequencePoint vc="4700" uspid="368" ordinal="0" offset="408" sl="100" sc="9" el="100" ec="9" bec="0" bev="0" fileid="5" />
                <SequencePoint vc="4700" uspid="369" ordinal="0" offset="431" sl="102" sc="5" el="102" ec="5" bec="0" bev="0" fileid="5" />
              </SequencePoints>
              <BranchPoints />
            </Method>
            <Method visited="true" cyclomaticComplexity="0" nPathComplexity="0" sequenceCoverage="100.0" branchCoverage="0" crapScore="0" isConstructor="true" isStatic="false" isGetter="false" isSetter="false">
              <Summary numSequencePoints="1" visitedSequencePoints="1" numBranchPoints="0" visitedBranchPoints="0" sequenceCoverage="100.0" branchCoverage="0" maxCyclomaticComplexity="0" minCyclomaticComplexity="0" maxCrapScore="0" minCrapScore="0" visitedClasses="0" numClasses="0" visitedMethods="1" numMethods="1" />
              <MetadataToken>100663341</MetadataToken>
              <Name>DataPaneController::DataPaneController()</Name>
              <FileRef uid="5" />
              <SequencePoints>
                <SequencePoint vc="2" uspid="376" ordinal="0" offset="0" sl="42" sc="5" el="42" ec="5" bec="0" bev="0" fileid="5" />
              </SequencePoints>
              <BranchPoints />
            </Method>
          </Methods>
        </Class>
        <Class>
          <Summary numSequencePoints="3" visitedSequencePoints="3" numBranchPoints="0" visitedBranchPoints="0" sequenceCoverage="100.0" branchCoverage="0.0" maxCyclomaticComplexity="0" minCyclomaticComplexity="0" maxCrapScore="0" minCrapScore="0" visitedClasses="1" numClasses="1" visitedMethods="1" numMethods="1" />
          <FullName>DateContent</FullName>
          <Methods>
            <Method visited="true" cyclomaticComplexity="0" nPathComplexity="0" sequenceCoverage="100.0" branchCoverage="0" crapScore="0" isConstructor="false" isStatic="false" isGetter="false" isSetter="false">
              <Summary numSequencePoints="3" visitedSequencePoints="3" numBranchPoints="0" visitedBranchPoints="0" sequenceCoverage="100.0" branchCoverage="0" maxCyclomaticComplexity="0" minCyclomaticComplexity="0" maxCrapScore="0" minCrapScore="0" visitedClasses="0" numClasses="0" visitedMethods="1" numMethods="1" />
              <MetadataToken>100663342</MetadataToken>
              <Name>System.Void DateContent::UpdateDate(System.Int32, System.Int32, System.Int32)</Name>
              <FileRef uid="6" />
              <SequencePoints>
                <SequencePoint vc="4700" uspid="377" ordinal="0" offset="0" sl="8" sc="58" el="8" ec="58" bec="0" bev="0" fileid="6" />
                <SequencePoint vc="4700" uspid="378" ordinal="0" offset="1" sl="9" sc="9" el="9" ec="9" bec="0" bev="0" fileid="6" />
                <SequencePoint vc="4700" uspid="379" ordinal="0" offset="75" sl="10" sc="5" el="10" ec="5" bec="0" bev="0" fileid="6" />
              </SequencePoints>
              <BranchPoints />
            </Method>
          </Methods>
        </Class>
        <Class>
          <Summary numSequencePoints="66" visitedSequencePoints="54" numBranchPoints="0" visitedBranchPoints="0" sequenceCoverage="81.82" branchCoverage="0.0" maxCyclomaticComplexity="0" minCyclomaticComplexity="0" maxCrapScore="0" minCrapScore="0" visitedClasses="1" numClasses="1" visitedMethods="4" numMethods="4" />
          <FullName>GameEndController</FullName>
          <Methods>
            <Method visited="true" cyclomaticComplexity="0" nPathComplexity="0" sequenceCoverage="100.0" branchCoverage="0" crapScore="0" isConstructor="false" isStatic="false" isGetter="false" isSetter="false">
              <Summary numSequencePoints="5" visitedSequencePoints="5" numBranchPoints="0" visitedBranchPoints="0" sequenceCoverage="100.0" branchCoverage="0" maxCyclomaticComplexity="0" minCyclomaticComplexity="0" maxCrapScore="0" minCrapScore="0" visitedClasses="0" numClasses="0" visitedMethods="1" numMethods="1" />
              <MetadataToken>100663344</MetadataToken>
              <Name>System.Void GameEndController::Start()</Name>
              <FileRef uid="7" />
              <SequencePoints>
                <SequencePoint vc="1" uspid="380" ordinal="0" offset="0" sl="31" sc="5" el="31" ec="5" bec="0" bev="0" fileid="7" />
                <SequencePoint vc="1" uspid="381" ordinal="0" offset="1" sl="32" sc="9" el="32" ec="9" bec="0" bev="0" fileid="7" />
                <SequencePoint vc="1" uspid="382" ordinal="0" offset="8" sl="33" sc="9" el="33" ec="9" bec="0" bev="0" fileid="7" />
                <SequencePoint vc="1" uspid="383" ordinal="0" offset="19" sl="34" sc="9" el="34" ec="9" bec="0" bev="0" fileid="7" />
                <SequencePoint vc="1" uspid="384" ordinal="0" offset="36" sl="35" sc="5" el="35" ec="5" bec="0" bev="0" fileid="7" />
              </SequencePoints>
              <BranchPoints />
            </Method>
            <Method visited="true" cyclomaticComplexity="0" nPathComplexity="0" sequenceCoverage="47.83" branchCoverage="0" crapScore="0" isConstructor="false" isStatic="false" isGetter="false" isSetter="false">
              <Summary numSequencePoints="23" visitedSequencePoints="11" numBranchPoints="0" visitedBranchPoints="0" sequenceCoverage="47.83" branchCoverage="0" maxCyclomaticComplexity="0" minCyclomaticComplexity="0" maxCrapScore="0" minCrapScore="0" visitedClasses="0" numClasses="0" visitedMethods="1" numMethods="1" />
              <MetadataToken>100663345</MetadataToken>
              <Name>System.Void GameEndController::showGameEndScene(System.Int32, System.Int32, System.Int32, System.Int32)</Name>
              <FileRef uid="7" />
              <SequencePoints>
                <SequencePoint vc="1" uspid="385" ordinal="0" offset="0" sl="37" sc="80" el="37" ec="80" bec="0" bev="0" fileid="7" />
                <SequencePoint vc="1" uspid="386" ordinal="0" offset="1" sl="38" sc="9" el="38" ec="9" bec="0" bev="0" fileid="7" />
                <SequencePoint vc="1" uspid="387" ordinal="0" offset="24" sl="39" sc="9" el="39" ec="9" bec="0" bev="0" fileid="7" />
                <SequencePoint vc="0" uspid="388" ordinal="0" offset="35" sl="39" sc="24" el="39" ec="24" bec="0" bev="0" fileid="7" />
                <SequencePoint vc="0" uspid="389" ordinal="0" offset="36" sl="40" sc="13" el="40" ec="13" bec="0" bev="0" fileid="7" />
                <SequencePoint vc="0" uspid="390" ordinal="0" offset="49" sl="41" sc="13" el="41" ec="13" bec="0" bev="0" fileid="7" />
                <SequencePoint vc="0" uspid="391" ordinal="0" offset="93" sl="43" sc="13" el="43" ec="13" bec="0" bev="0" fileid="7" />
                <SequencePoint vc="0" uspid="392" ordinal="0" offset="166" sl="45" sc="13" el="45" ec="13" bec="0" bev="0" fileid="7" />
                <SequencePoint vc="0" uspid="393" ordinal="0" offset="227" sl="47" sc="9" el="47" ec="9" bec="0" bev="0" fileid="7" />
                <SequencePoint vc="1" uspid="394" ordinal="0" offset="233" sl="47" sc="16" el="47" ec="16" bec="0" bev="0" fileid="7" />
                <SequencePoint vc="1" uspid="395" ordinal="0" offset="244" sl="47" sc="31" el="47" ec="31" bec="0" bev="0" fileid="7" />
                <SequencePoint vc="1" uspid="396" ordinal="0" offset="245" sl="48" sc="13" el="48" ec="13" bec="0" bev="0" fileid="7" />
                <SequencePoint vc="1" uspid="397" ordinal="0" offset="258" sl="49" sc="13" el="49" ec="13" bec="0" bev="0" fileid="7" />
                <SequencePoint vc="1" uspid="398" ordinal="0" offset="302" sl="51" sc="13" el="51" ec="13" bec="0" bev="0" fileid="7" />
                <SequencePoint vc="1" uspid="399" ordinal="0" offset="375" sl="53" sc="13" el="53" ec="13" bec="0" bev="0" fileid="7" />
                <SequencePoint vc="1" uspid="400" ordinal="0" offset="436" sl="55" sc="9" el="55" ec="9" bec="0" bev="0" fileid="7" />
                <SequencePoint vc="0" uspid="401" ordinal="0" offset="442" sl="55" sc="16" el="55" ec="16" bec="0" bev="0" fileid="7" />
                <SequencePoint vc="0" uspid="402" ordinal="0" offset="443" sl="56" sc="13" el="56" ec="13" bec="0" bev="0" fileid="7" />
                <SequencePoint vc="0" uspid="403" ordinal="0" offset="456" sl="57" sc="13" el="57" ec="13" bec="0" bev="0" fileid="7" />
                <SequencePoint vc="0" uspid="404" ordinal="0" offset="500" sl="59" sc="13" el="59" ec="13" bec="0" bev="0" fileid="7" />
                <SequencePoint vc="0" uspid="405" ordinal="0" offset="544" sl="61" sc="13" el="61" ec="13" bec="0" bev="0" fileid="7" />
                <SequencePoint vc="0" uspid="406" ordinal="0" offset="605" sl="63" sc="9" el="63" ec="9" bec="0" bev="0" fileid="7" />
                <SequencePoint vc="1" uspid="407" ordinal="0" offset="606" sl="67" sc="5" el="67" ec="5" bec="0" bev="0" fileid="7" />
              </SequencePoints>
              <BranchPoints />
            </Method>
            <Method visited="true" cyclomaticComplexity="0" nPathComplexity="0" sequenceCoverage="100.0" branchCoverage="0" crapScore="0" isConstructor="false" isStatic="false" isGetter="false" isSetter="false">
              <Summary numSequencePoints="35" visitedSequencePoints="35" numBranchPoints="0" visitedBranchPoints="0" sequenceCoverage="100.0" branchCoverage="0" maxCyclomaticComplexity="0" minCyclomaticComplexity="0" maxCrapScore="0" minCrapScore="0" visitedClasses="0" numClasses="0" visitedMethods="1" numMethods="1" />
              <MetadataToken>100663348</MetadataToken>
              <Name>System.Void GameEndController::makeMapping()</Name>
              <FileRef uid="7" />
              <SequencePoints>
                <SequencePoint vc="1" uspid="420" ordinal="0" offset="0" sl="88" sc="32" el="88" ec="32" bec="0" bev="0" fileid="7" />
                <SequencePoint vc="1" uspid="421" ordinal="0" offset="1" sl="89" sc="9" el="89" ec="9" bec="0" bev="0" fileid="7" />
                <SequencePoint vc="1" uspid="422" ordinal="0" offset="19" sl="90" sc="9" el="90" ec="9" bec="0" bev="0" fileid="7" />
                <SequencePoint vc="1" uspid="423" ordinal="0" offset="37" sl="91" sc="9" el="91" ec="9" bec="0" bev="0" fileid="7" />
                <SequencePoint vc="1" uspid="424" ordinal="0" offset="55" sl="92" sc="9" el="92" ec="9" bec="0" bev="0" fileid="7" />
                <SequencePoint vc="1" uspid="425" ordinal="0" offset="73" sl="93" sc="9" el="93" ec="9" bec="0" bev="0" fileid="7" />
                <SequencePoint vc="1" uspid="426" ordinal="0" offset="91" sl="94" sc="9" el="94" ec="9" bec="0" bev="0" fileid="7" />
                <SequencePoint vc="1" uspid="427" ordinal="0" offset="109" sl="95" sc="9" el="95" ec="9" bec="0" bev="0" fileid="7" />
                <SequencePoint vc="1" uspid="428" ordinal="0" offset="127" sl="96" sc="9" el="96" ec="9" bec="0" bev="0" fileid="7" />
                <SequencePoint vc="1" uspid="429" ordinal="0" offset="145" sl="97" sc="9" el="97" ec="9" bec="0" bev="0" fileid="7" />
                <SequencePoint vc="1" uspid="430" ordinal="0" offset="163" sl="98" sc="9" el="98" ec="9" bec="0" bev="0" fileid="7" />
                <SequencePoint vc="1" uspid="431" ordinal="0" offset="182" sl="99" sc="9" el="99" ec="9" bec="0" bev="0" fileid="7" />
                <SequencePoint vc="1" uspid="432" ordinal="0" offset="201" sl="100" sc="9" el="100" ec="9" bec="0" bev="0" fileid="7" />
                <SequencePoint vc="1" uspid="433" ordinal="0" offset="220" sl="101" sc="9" el="101" ec="9" bec="0" bev="0" fileid="7" />
                <SequencePoint vc="1" uspid="434" ordinal="0" offset="239" sl="102" sc="9" el="102" ec="9" bec="0" bev="0" fileid="7" />
                <SequencePoint vc="1" uspid="435" ordinal="0" offset="258" sl="103" sc="9" el="103" ec="9" bec="0" bev="0" fileid="7" />
                <SequencePoint vc="1" uspid="436" ordinal="0" offset="277" sl="104" sc="9" el="104" ec="9" bec="0" bev="0" fileid="7" />
                <SequencePoint vc="1" uspid="437" ordinal="0" offset="296" sl="105" sc="9" el="105" ec="9" bec="0" bev="0" fileid="7" />
                <SequencePoint vc="1" uspid="438" ordinal="0" offset="315" sl="106" sc="9" el="106" ec="9" bec="0" bev="0" fileid="7" />
                <SequencePoint vc="1" uspid="439" ordinal="0" offset="334" sl="107" sc="9" el="107" ec="9" bec="0" bev="0" fileid="7" />
                <SequencePoint vc="1" uspid="440" ordinal="0" offset="353" sl="108" sc="9" el="108" ec="9" bec="0" bev="0" fileid="7" />
                <SequencePoint vc="1" uspid="441" ordinal="0" offset="372" sl="109" sc="9" el="109" ec="9" bec="0" bev="0" fileid="7" />
                <SequencePoint vc="1" uspid="442" ordinal="0" offset="391" sl="110" sc="9" el="110" ec="9" bec="0" bev="0" fileid="7" />
                <SequencePoint vc="1" uspid="443" ordinal="0" offset="410" sl="111" sc="9" el="111" ec="9" bec="0" bev="0" fileid="7" />
                <SequencePoint vc="1" uspid="444" ordinal="0" offset="429" sl="112" sc="9" el="112" ec="9" bec="0" bev="0" fileid="7" />
                <SequencePoint vc="1" uspid="445" ordinal="0" offset="448" sl="113" sc="9" el="113" ec="9" bec="0" bev="0" fileid="7" />
                <SequencePoint vc="1" uspid="446" ordinal="0" offset="467" sl="114" sc="9" el="114" ec="9" bec="0" bev="0" fileid="7" />
                <SequencePoint vc="1" uspid="447" ordinal="0" offset="486" sl="115" sc="9" el="115" ec="9" bec="0" bev="0" fileid="7" />
                <SequencePoint vc="1" uspid="448" ordinal="0" offset="505" sl="116" sc="9" el="116" ec="9" bec="0" bev="0" fileid="7" />
                <SequencePoint vc="1" uspid="449" ordinal="0" offset="524" sl="117" sc="9" el="117" ec="9" bec="0" bev="0" fileid="7" />
                <SequencePoint vc="1" uspid="450" ordinal="0" offset="543" sl="118" sc="9" el="118" ec="9" bec="0" bev="0" fileid="7" />
                <SequencePoint vc="1" uspid="451" ordinal="0" offset="562" sl="119" sc="9" el="119" ec="9" bec="0" bev="0" fileid="7" />
                <SequencePoint vc="1" uspid="452" ordinal="0" offset="581" sl="120" sc="9" el="120" ec="9" bec="0" bev="0" fileid="7" />
                <SequencePoint vc="1" uspid="453" ordinal="0" offset="600" sl="121" sc="9" el="121" ec="9" bec="0" bev="0" fileid="7" />
                <SequencePoint vc="1" uspid="454" ordinal="0" offset="619" sl="122" sc="5" el="122" ec="5" bec="0" bev="0" fileid="7" />
              </SequencePoints>
              <BranchPoints />
            </Method>
            <Method visited="true" cyclomaticComplexity="0" nPathComplexity="0" sequenceCoverage="100.0" branchCoverage="0" crapScore="0" isConstructor="true" isStatic="false" isGetter="false" isSetter="false">
              <Summary numSequencePoints="3" visitedSequencePoints="3" numBranchPoints="0" visitedBranchPoints="0" sequenceCoverage="100.0" branchCoverage="0" maxCyclomaticComplexity="0" minCyclomaticComplexity="0" maxCrapScore="0" minCrapScore="0" visitedClasses="0" numClasses="0" visitedMethods="1" numMethods="1" />
              <MetadataToken>100663349</MetadataToken>
              <Name>GameEndController::GameEndController()</Name>
              <FileRef uid="7" />
              <SequencePoints>
                <SequencePoint vc="2" uspid="455" ordinal="0" offset="0" sl="13" sc="5" el="13" ec="5" bec="0" bev="0" fileid="7" />
                <SequencePoint vc="2" uspid="456" ordinal="0" offset="11" sl="15" sc="5" el="15" ec="5" bec="0" bev="0" fileid="7" />
                <SequencePoint vc="2" uspid="457" ordinal="0" offset="22" sl="23" sc="5" el="23" ec="5" bec="0" bev="0" fileid="7" />
              </SequencePoints>
              <BranchPoints />
            </Method>
          </Methods>
        </Class>
        <Class>
          <Summary numSequencePoints="203" visitedSequencePoints="203" numBranchPoints="0" visitedBranchPoints="0" sequenceCoverage="100.0" branchCoverage="0.0" maxCyclomaticComplexity="0" minCyclomaticComplexity="0" maxCrapScore="0" minCrapScore="0" visitedClasses="1" numClasses="1" visitedMethods="11" numMethods="11" />
          <FullName>InfoBlock</FullName>
          <Methods>
            <Method visited="true" cyclomaticComplexity="0" nPathComplexity="0" sequenceCoverage="100.0" branchCoverage="0" crapScore="0" isConstructor="false" isStatic="false" isGetter="false" isSetter="false">
              <Summary numSequencePoints="7" visitedSequencePoints="7" numBranchPoints="0" visitedBranchPoints="0" sequenceCoverage="100.0" branchCoverage="0" maxCyclomaticComplexity="0" minCyclomaticComplexity="0" maxCrapScore="0" minCrapScore="0" visitedClasses="0" numClasses="0" visitedMethods="1" numMethods="1" />
              <MetadataToken>100663360</MetadataToken>
              <Name>System.Void InfoBlock::init()</Name>
              <FileRef uid="9" />
              <SequencePoints>
                <SequencePoint vc="8" uspid="478" ordinal="0" offset="0" sl="25" sc="25" el="25" ec="25" bec="0" bev="0" fileid="9" />
                <SequencePoint vc="8" uspid="479" ordinal="0" offset="1" sl="26" sc="9" el="26" ec="9" bec="0" bev="0" fileid="9" />
                <SequencePoint vc="8" uspid="480" ordinal="0" offset="8" sl="27" sc="9" el="27" ec="9" bec="0" bev="0" fileid="9" />
                <SequencePoint vc="8" uspid="481" ordinal="0" offset="15" sl="28" sc="9" el="28" ec="9" bec="0" bev="0" fileid="9" />
                <SequencePoint vc="8" uspid="482" ordinal="0" offset="22" sl="29" sc="9" el="29" ec="9" bec="0" bev="0" fileid="9" />
                <SequencePoint vc="8" uspid="483" ordinal="0" offset="29" sl="30" sc="9" el="30" ec="9" bec="0" bev="0" fileid="9" />
                <SequencePoint vc="8" uspid="484" ordinal="0" offset="36" sl="31" sc="5" el="31" ec="5" bec="0" bev="0" fileid="9" />
              </SequencePoints>
              <BranchPoints />
            </Method>
            <Method visited="true" cyclomaticComplexity="0" nPathComplexity="0" sequenceCoverage="100.0" branchCoverage="0" crapScore="0" isConstructor="false" isStatic="false" isGetter="false" isSetter="false">
              <Summary numSequencePoints="3" visitedSequencePoints="3" numBranchPoints="0" visitedBranchPoints="0" sequenceCoverage="100.0" branchCoverage="0" maxCyclomaticComplexity="0" minCyclomaticComplexity="0" maxCrapScore="0" minCrapScore="0" visitedClasses="0" numClasses="0" visitedMethods="1" numMethods="1" />
              <MetadataToken>100663362</MetadataToken>
              <Name>System.Void InfoBlock::Start()</Name>
              <FileRef uid="9" />
              <SequencePoints>
                <SequencePoint vc="4" uspid="485" ordinal="0" offset="0" sl="39" sc="5" el="39" ec="5" bec="0" bev="0" fileid="9" />
                <SequencePoint vc="4" uspid="486" ordinal="0" offset="1" sl="40" sc="9" el="40" ec="9" bec="0" bev="0" fileid="9" />
                <SequencePoint vc="4" uspid="487" ordinal="0" offset="14" sl="42" sc="5" el="42" ec="5" bec="0" bev="0" fileid="9" />
              </SequencePoints>
              <BranchPoints />
            </Method>
            <Method visited="true" cyclomaticComplexity="0" nPathComplexity="0" sequenceCoverage="100.0" branchCoverage="0" crapScore="0" isConstructor="false" isStatic="false" isGetter="false" isSetter="false">
              <Summary numSequencePoints="35" visitedSequencePoints="35" numBranchPoints="0" visitedBranchPoints="0" sequenceCoverage="100.0" branchCoverage="0" maxCyclomaticComplexity="0" minCyclomaticComplexity="0" maxCrapScore="0" minCrapScore="0" visitedClasses="0" numClasses="0" visitedMethods="1" numMethods="1" />
              <MetadataToken>100663367</MetadataToken>
              <Name>System.Void InfoBlock::makeMapping()</Name>
              <FileRef uid="9" />
              <SequencePoints>
                <SequencePoint vc="8" uspid="505" ordinal="0" offset="0" sl="68" sc="32" el="68" ec="32" bec="0" bev="0" fileid="9" />
                <SequencePoint vc="8" uspid="506" ordinal="0" offset="1" sl="69" sc="9" el="69" ec="9" bec="0" bev="0" fileid="9" />
                <SequencePoint vc="8" uspid="507" ordinal="0" offset="19" sl="70" sc="9" el="70" ec="9" bec="0" bev="0" fileid="9" />
                <SequencePoint vc="8" uspid="508" ordinal="0" offset="37" sl="71" sc="9" el="71" ec="9" bec="0" bev="0" fileid="9" />
                <SequencePoint vc="8" uspid="509" ordinal="0" offset="55" sl="72" sc="9" el="72" ec="9" bec="0" bev="0" fileid="9" />
                <SequencePoint vc="8" uspid="510" ordinal="0" offset="73" sl="73" sc="9" el="73" ec="9" bec="0" bev="0" fileid="9" />
                <SequencePoint vc="8" uspid="511" ordinal="0" offset="91" sl="74" sc="9" el="74" ec="9" bec="0" bev="0" fileid="9" />
                <SequencePoint vc="8" uspid="512" ordinal="0" offset="109" sl="75" sc="9" el="75" ec="9" bec="0" bev="0" fileid="9" />
                <SequencePoint vc="8" uspid="513" ordinal="0" offset="127" sl="76" sc="9" el="76" ec="9" bec="0" bev="0" fileid="9" />
                <SequencePoint vc="8" uspid="514" ordinal="0" offset="145" sl="77" sc="9" el="77" ec="9" bec="0" bev="0" fileid="9" />
                <SequencePoint vc="8" uspid="515" ordinal="0" offset="163" sl="78" sc="9" el="78" ec="9" bec="0" bev="0" fileid="9" />
                <SequencePoint vc="8" uspid="516" ordinal="0" offset="182" sl="79" sc="9" el="79" ec="9" bec="0" bev="0" fileid="9" />
                <SequencePoint vc="8" uspid="517" ordinal="0" offset="201" sl="80" sc="9" el="80" ec="9" bec="0" bev="0" fileid="9" />
                <SequencePoint vc="8" uspid="518" ordinal="0" offset="220" sl="81" sc="9" el="81" ec="9" bec="0" bev="0" fileid="9" />
                <SequencePoint vc="8" uspid="519" ordinal="0" offset="239" sl="82" sc="9" el="82" ec="9" bec="0" bev="0" fileid="9" />
                <SequencePoint vc="8" uspid="520" ordinal="0" offset="258" sl="83" sc="9" el="83" ec="9" bec="0" bev="0" fileid="9" />
                <SequencePoint vc="8" uspid="521" ordinal="0" offset="277" sl="84" sc="9" el="84" ec="9" bec="0" bev="0" fileid="9" />
                <SequencePoint vc="8" uspid="522" ordinal="0" offset="296" sl="85" sc="9" el="85" ec="9" bec="0" bev="0" fileid="9" />
[...]
                <SequencePoint vc="0" uspid="1979" ordinal="0" offset="1937" sl="242" sc="21" el="242" ec="21" bec="0" bev="0" fileid="4" />
                <SequencePoint vc="0" uspid="1980" ordinal="0" offset="1961" sl="243" sc="17" el="243" ec="17" bec="0" bev="0" fileid="4" />
                <SequencePoint vc="0" uspid="1981" ordinal="0" offset="1964" sl="243" sc="24" el="243" ec="24" bec="0" bev="0" fileid="4" />
                <SequencePoint vc="0" uspid="1982" ordinal="0" offset="1965" sl="244" sc="21" el="244" ec="21" bec="0" bev="0" fileid="4" />
                <SequencePoint vc="0" uspid="1983" ordinal="0" offset="1989" sl="245" sc="17" el="245" ec="17" bec="0" bev="0" fileid="4" />
                <SequencePoint vc="0" uspid="1984" ordinal="0" offset="1990" sl="246" sc="13" el="246" ec="13" bec="0" bev="0" fileid="4" />
                <SequencePoint vc="0" uspid="1985" ordinal="0" offset="1991" sl="240" sc="44" el="240" ec="44" bec="0" bev="0" fileid="4" />
                <SequencePoint vc="0" uspid="1986" ordinal="0" offset="2007" sl="240" sc="29" el="240" ec="29" bec="0" bev="0" fileid="4" />
                <SequencePoint vc="0" uspid="1987" ordinal="0" offset="2035" sl="249" sc="18" el="249" ec="18" bec="0" bev="0" fileid="4" />
                <SequencePoint vc="0" uspid="1988" ordinal="0" offset="2044" sl="249" sc="49" el="249" ec="49" bec="0" bev="0" fileid="4" />
                <SequencePoint vc="0" uspid="1989" ordinal="0" offset="2045" sl="250" sc="17" el="250" ec="17" bec="0" bev="0" fileid="4" />
                <SequencePoint vc="0" uspid="1990" ordinal="0" offset="2082" sl="250" sc="57" el="250" ec="57" bec="0" bev="0" fileid="4" />
                <SequencePoint vc="0" uspid="1991" ordinal="0" offset="2083" sl="251" sc="21" el="251" ec="21" bec="0" bev="0" fileid="4" />
                <SequencePoint vc="0" uspid="1992" ordinal="0" offset="2107" sl="252" sc="17" el="252" ec="17" bec="0" bev="0" fileid="4" />
                <SequencePoint vc="0" uspid="1993" ordinal="0" offset="2110" sl="252" sc="24" el="252" ec="24" bec="0" bev="0" fileid="4" />
                <SequencePoint vc="0" uspid="1994" ordinal="0" offset="2111" sl="253" sc="21" el="253" ec="21" bec="0" bev="0" fileid="4" />
                <SequencePoint vc="0" uspid="1995" ordinal="0" offset="2135" sl="254" sc="17" el="254" ec="17" bec="0" bev="0" fileid="4" />
                <SequencePoint vc="0" uspid="1996" ordinal="0" offset="2136" sl="255" sc="13" el="255" ec="13" bec="0" bev="0" fileid="4" />
                <SequencePoint vc="0" uspid="1997" ordinal="0" offset="2137" sl="249" sc="44" el="249" ec="44" bec="0" bev="0" fileid="4" />
                <SequencePoint vc="0" uspid="1998" ordinal="0" offset="2153" sl="249" sc="29" el="249" ec="29" bec="0" bev="0" fileid="4" />
                <SequencePoint vc="0" uspid="1999" ordinal="0" offset="2181" sl="256" sc="9" el="256" ec="9" bec="0" bev="0" fileid="4" />
                <SequencePoint vc="1" uspid="2000" ordinal="0" offset="2182" sl="155" sc="9" el="155" ec="9" bec="0" bev="0" fileid="4" />
              </SequencePoints>
              <BranchPoints />
            </Method>
          </Methods>
        </Class>
        <Class>
          <Summary numSequencePoints="1" visitedSequencePoints="1" numBranchPoints="0" visitedBranchPoints="0" sequenceCoverage="100.0" branchCoverage="0.0" maxCyclomaticComplexity="0" minCyclomaticComplexity="0" maxCrapScore="0" minCrapScore="0" visitedClasses="1" numClasses="1" visitedMethods="1" numMethods="1" />
          <FullName>DataManager/&lt;&gt;c__DisplayClass46_0</FullName>
          <Methods>
            <Method visited="true" cyclomaticComplexity="0" nPathComplexity="0" sequenceCoverage="100.0" branchCoverage="0" crapScore="0" isConstructor="false" isStatic="false" isGetter="false" isSetter="false">
              <Summary numSequencePoints="1" visitedSequencePoints="1" numBranchPoints="0" visitedBranchPoints="0" sequenceCoverage="100.0" branchCoverage="0" maxCyclomaticComplexity="0" minCyclomaticComplexity="0" maxCrapScore="0" minCrapScore="0" visitedClasses="0" numClasses="0" visitedMethods="1" numMethods="1" />
              <MetadataToken>100663558</MetadataToken>
              <Name>System.Boolean DataManager/&lt;&gt;c__DisplayClass46_0::&lt;getMaxInfectionCity&gt;b__1(System.Int32)</Name>
              <FileRef uid="4" />
              <SequencePoints>
                <SequencePoint vc="4703" uspid="2001" ordinal="0" offset="0" sl="313" sc="50" el="313" ec="50" bec="0" bev="0" fileid="4" />
              </SequencePoints>
              <BranchPoints />
            </Method>
          </Methods>
        </Class>
        <Class>
          <Summary numSequencePoints="1" visitedSequencePoints="1" numBranchPoints="0" visitedBranchPoints="0" sequenceCoverage="100.0" branchCoverage="0.0" maxCyclomaticComplexity="0" minCyclomaticComplexity="0" maxCrapScore="0" minCrapScore="0" visitedClasses="1" numClasses="1" visitedMethods="1" numMethods="1" />
          <FullName>DataManager/&lt;&gt;c</FullName>
          <Methods>
            <Method visited="true" cyclomaticComplexity="0" nPathComplexity="0" sequenceCoverage="100.0" branchCoverage="0" crapScore="0" isConstructor="false" isStatic="false" isGetter="false" isSetter="false">
              <Summary numSequencePoints="1" visitedSequencePoints="1" numBranchPoints="0" visitedBranchPoints="0" sequenceCoverage="100.0" branchCoverage="0" maxCyclomaticComplexity="0" minCyclomaticComplexity="0" maxCrapScore="0" minCrapScore="0" visitedClasses="0" numClasses="0" visitedMethods="1" numMethods="1" />
              <MetadataToken>100663561</MetadataToken>
              <Name>System.Int32 DataManager/&lt;&gt;c::&lt;getMaxInfectionCity&gt;b__46_0(System.Int32)</Name>
              <FileRef uid="4" />
              <SequencePoints>
                <SequencePoint vc="155199" uspid="2002" ordinal="0" offset="0" sl="312" sc="60" el="312" ec="60" bec="0" bev="0" fileid="4" />
              </SequencePoints>
              <BranchPoints />
            </Method>
          </Methods>
        </Class>
        <Class>
          <Summary numSequencePoints="46" visitedSequencePoints="37" numBranchPoints="0" visitedBranchPoints="0" sequenceCoverage="80.43" branchCoverage="0.0" maxCyclomaticComplexity="0" minCyclomaticComplexity="0" maxCrapScore="0" minCrapScore="0" visitedClasses="1" numClasses="1" visitedMethods="1" numMethods="1" />
          <FullName>SocialMediaMessageController/&lt;updateMessage&gt;d__14</FullName>
          <Methods>
            <Method visited="true" cyclomaticComplexity="0" nPathComplexity="0" sequenceCoverage="80.43" branchCoverage="0" crapScore="0" isConstructor="false" isStatic="false" isGetter="false" isSetter="false">
              <Summary numSequencePoints="46" visitedSequencePoints="37" numBranchPoints="0" visitedBranchPoints="0" sequenceCoverage="80.43" branchCoverage="0" maxCyclomaticComplexity="0" minCyclomaticComplexity="0" maxCrapScore="0" minCrapScore="0" visitedClasses="0" numClasses="0" visitedMethods="1" numMethods="1" />
              <MetadataToken>100663588</MetadataToken>
              <Name>System.Boolean SocialMediaMessageController/&lt;updateMessage&gt;d__14::MoveNext()</Name>
              <FileRef uid="48" />
              <SequencePoints>
                <SequencePoint vc="1" uspid="2022" ordinal="0" offset="31" sl="145" sc="5" el="145" ec="5" bec="0" bev="0" fileid="48" />
                <SequencePoint vc="8" uspid="2023" ordinal="0" offset="37" sl="147" sc="9" el="147" ec="9" bec="0" bev="0" fileid="48" />
                <SequencePoint vc="8" uspid="2024" ordinal="0" offset="38" sl="148" sc="13" el="148" ec="13" bec="0" bev="0" fileid="48" />
                <SequencePoint vc="7" uspid="2025" ordinal="0" offset="71" sl="150" sc="13" el="150" ec="13" bec="0" bev="0" fileid="48" />
                <SequencePoint vc="7" uspid="2026" ordinal="0" offset="102" sl="151" sc="13" el="151" ec="13" bec="0" bev="0" fileid="48" />
                <SequencePoint vc="7" uspid="2027" ordinal="0" offset="130" sl="152" sc="13" el="152" ec="13" bec="0" bev="0" fileid="48" />
                <SequencePoint vc="7" uspid="2028" ordinal="0" offset="144" sl="154" sc="13" el="154" ec="13" bec="0" bev="0" fileid="48" />
                <SequencePoint vc="7" uspid="2029" ordinal="0" offset="171" sl="155" sc="13" el="155" ec="13" bec="0" bev="0" fileid="48" />
                <SequencePoint vc="4" uspid="2030" ordinal="0" offset="187" sl="155" sc="34" el="155" ec="34" bec="0" bev="0" fileid="48" />
                <SequencePoint vc="4" uspid="2031" ordinal="0" offset="188" sl="156" sc="17" el="156" ec="17" bec="0" bev="0" fileid="48" />
                <SequencePoint vc="4" uspid="2032" ordinal="0" offset="283" sl="157" sc="17" el="157" ec="17" bec="0" bev="0" fileid="48" />
                <SequencePoint vc="4" uspid="2033" ordinal="0" offset="316" sl="158" sc="17" el="158" ec="17" bec="0" bev="0" fileid="48" />
                <SequencePoint vc="4" uspid="2034" ordinal="0" offset="353" sl="160" sc="17" el="160" ec="17" bec="0" bev="0" fileid="48" />
                <SequencePoint vc="4" uspid="2035" ordinal="0" offset="376" sl="161" sc="17" el="161" ec="17" bec="0" bev="0" fileid="48" />
                <SequencePoint vc="4" uspid="2036" ordinal="0" offset="377" sl="163" sc="21" el="163" ec="21" bec="0" bev="0" fileid="48" />
                <SequencePoint vc="4" uspid="2037" ordinal="0" offset="404" sl="164" sc="21" el="164" ec="21" bec="0" bev="0" fileid="48" />
                <SequencePoint vc="4" uspid="2038" ordinal="0" offset="439" sl="179" sc="17" el="179" ec="17" bec="0" bev="0" fileid="48" />
                <SequencePoint vc="0" uspid="2039" ordinal="0" offset="452" sl="180" sc="22" el="180" ec="22" bec="0" bev="0" fileid="48" />
                <SequencePoint vc="0" uspid="2040" ordinal="0" offset="466" sl="181" sc="17" el="181" ec="17" bec="0" bev="0" fileid="48" />
                <SequencePoint vc="0" uspid="2041" ordinal="0" offset="467" sl="183" sc="21" el="183" ec="21" bec="0" bev="0" fileid="48" />
                <SequencePoint vc="0" uspid="2042" ordinal="0" offset="494" sl="184" sc="21" el="184" ec="21" bec="0" bev="0" fileid="48" />
                <SequencePoint vc="0" uspid="2043" ordinal="0" offset="529" sl="198" sc="17" el="198" ec="17" bec="0" bev="0" fileid="48" />
                <SequencePoint vc="0" uspid="2044" ordinal="0" offset="539" sl="200" sc="17" el="200" ec="17" bec="0" bev="0" fileid="48" />
                <SequencePoint vc="0" uspid="2045" ordinal="0" offset="540" sl="202" sc="21" el="202" ec="21" bec="0" bev="0" fileid="48" />
                <SequencePoint vc="0" uspid="2046" ordinal="0" offset="567" sl="203" sc="21" el="203" ec="21" bec="0" bev="0" fileid="48" />
                <SequencePoint vc="0" uspid="2047" ordinal="0" offset="602" sl="217" sc="17" el="217" ec="17" bec="0" bev="0" fileid="48" />
                <SequencePoint vc="4" uspid="2048" ordinal="0" offset="610" sl="218" sc="17" el="218" ec="17" bec="0" bev="0" fileid="48" />
                <SequencePoint vc="4" uspid="2049" ordinal="0" offset="660" sl="219" sc="17" el="219" ec="17" bec="0" bev="0" fileid="48" />
                <SequencePoint vc="4" uspid="2050" ordinal="0" offset="730" sl="220" sc="17" el="220" ec="17" bec="0" bev="0" fileid="48" />
                <SequencePoint vc="4" uspid="2051" ordinal="0" offset="763" sl="223" sc="17" el="223" ec="17" bec="0" bev="0" fileid="48" />
                <SequencePoint vc="4" uspid="2052" ordinal="0" offset="774" sl="224" sc="17" el="224" ec="17" bec="0" bev="0" fileid="48" />
                <SequencePoint vc="4" uspid="2053" ordinal="0" offset="804" sl="225" sc="17" el="225" ec="17" bec="0" bev="0" fileid="48" />
                <SequencePoint vc="4" uspid="2054" ordinal="0" offset="815" sl="226" sc="17" el="226" ec="17" bec="0" bev="0" fileid="48" />
                <SequencePoint vc="4" uspid="2055" ordinal="0" offset="845" sl="227" sc="17" el="227" ec="17" bec="0" bev="0" fileid="48" />
                <SequencePoint vc="4" uspid="2056" ordinal="0" offset="891" sl="228" sc="17" el="228" ec="17" bec="0" bev="0" fileid="48" />
                <SequencePoint vc="4" uspid="2057" ordinal="0" offset="937" sl="231" sc="13" el="231" ec="13" bec="0" bev="0" fileid="48" />
                <SequencePoint vc="3" uspid="2058" ordinal="0" offset="964" sl="231" sc="20" el="231" ec="20" bec="0" bev="0" fileid="48" />
                <SequencePoint vc="3" uspid="2059" ordinal="0" offset="965" sl="232" sc="17" el="232" ec="17" bec="0" bev="0" fileid="48" />
                <SequencePoint vc="3" uspid="2060" ordinal="0" offset="998" sl="233" sc="17" el="233" ec="17" bec="0" bev="0" fileid="48" />
                <SequencePoint vc="3" uspid="2061" ordinal="0" offset="1031" sl="234" sc="17" el="234" ec="17" bec="0" bev="0" fileid="48" />
                <SequencePoint vc="3" uspid="2062" ordinal="0" offset="1064" sl="235" sc="17" el="235" ec="17" bec="0" bev="0" fileid="48" />
                <SequencePoint vc="3" uspid="2063" ordinal="0" offset="1097" sl="237" sc="17" el="237" ec="17" bec="0" bev="0" fileid="48" />
                <SequencePoint vc="3" uspid="2064" ordinal="0" offset="1150" sl="240" sc="13" el="240" ec="13" bec="0" bev="0" fileid="48" />
                <SequencePoint vc="7" uspid="2065" ordinal="0" offset="1179" sl="242" sc="13" el="242" ec="13" bec="0" bev="0" fileid="48" />
                <SequencePoint vc="7" uspid="2066" ordinal="0" offset="1203" sl="244" sc="9" el="244" ec="9" bec="0" bev="0" fileid="48" />
                <SequencePoint vc="8" uspid="2067" ordinal="0" offset="1204" sl="146" sc="9" el="146" ec="9" bec="0" bev="0" fileid="48" />
              </SequencePoints>
              <BranchPoints />
            </Method>
          </Methods>
        </Class>
        <Class>
          <Summary numSequencePoints="33" visitedSequencePoints="24" numBranchPoints="0" visitedBranchPoints="0" sequenceCoverage="72.73" branchCoverage="0.0" maxCyclomaticComplexity="0" minCyclomaticComplexity="0" maxCrapScore="0" minCrapScore="0" visitedClasses="1" numClasses="1" visitedMethods="1" numMethods="1" />
          <FullName>SocialMediaMessageController/&lt;moveMessageHelper&gt;d__15</FullName>
          <Methods>
            <Method visited="true" cyclomaticComplexity="0" nPathComplexity="0" sequenceCoverage="72.73" branchCoverage="0" crapScore="0" isConstructor="false" isStatic="false" isGetter="false" isSetter="false">
              <Summary numSequencePoints="33" visitedSequencePoints="24" numBranchPoints="0" visitedBranchPoints="0" sequenceCoverage="72.73" branchCoverage="0" maxCyclomaticComplexity="0" minCyclomaticComplexity="0" maxCrapScore="0" minCrapScore="0" visitedClasses="0" numClasses="0" visitedMethods="1" numMethods="1" />
              <MetadataToken>100663594</MetadataToken>
              <Name>System.Boolean SocialMediaMessageController/&lt;moveMessageHelper&gt;d__15::MoveNext()</Name>
              <FileRef uid="48" />
              <SequencePoints>
                <SequencePoint vc="3" uspid="2068" ordinal="0" offset="31" sl="247" sc="133" el="247" ec="133" bec="0" bev="0" fileid="48" />
                <SequencePoint vc="3" uspid="2069" ordinal="0" offset="32" sl="248" sc="9" el="248" ec="9" bec="0" bev="0" fileid="48" />
                <SequencePoint vc="3" uspid="2070" ordinal="0" offset="54" sl="249" sc="9" el="249" ec="9" bec="0" bev="0" fileid="48" />
                <SequencePoint vc="3" uspid="2071" ordinal="0" offset="86" sl="250" sc="9" el="250" ec="9" bec="0" bev="0" fileid="48" />
                <SequencePoint vc="3" uspid="2072" ordinal="0" offset="108" sl="251" sc="9" el="251" ec="9" bec="0" bev="0" fileid="48" />
                <SequencePoint vc="3" uspid="2073" ordinal="0" offset="119" sl="252" sc="9" el="252" ec="9" bec="0" bev="0" fileid="48" />
                <SequencePoint vc="3" uspid="2074" ordinal="0" offset="179" sl="254" sc="9" el="254" ec="9" bec="0" bev="0" fileid="48" />
                <SequencePoint vc="3" uspid="2075" ordinal="0" offset="239" sl="255" sc="9" el="255" ec="9" bec="0" bev="0" fileid="48" />
                <SequencePoint vc="3" uspid="2076" ordinal="0" offset="299" sl="256" sc="9" el="256" ec="9" bec="0" bev="0" fileid="48" />
                <SequencePoint vc="3" uspid="2077" ordinal="0" offset="311" sl="257" sc="9" el="257" ec="9" bec="0" bev="0" fileid="48" />
                <SequencePoint vc="3" uspid="2078" ordinal="0" offset="344" sl="258" sc="17" el="258" ec="17" bec="0" bev="0" fileid="48" />
                <SequencePoint vc="3" uspid="2079" ordinal="0" offset="377" sl="259" sc="17" el="259" ec="17" bec="0" bev="0" fileid="48" />
                <SequencePoint vc="3" uspid="2080" ordinal="0" offset="414" sl="262" sc="17" el="262" ec="17" bec="0" bev="0" fileid="48" />
                <SequencePoint vc="3" uspid="2081" ordinal="0" offset="437" sl="263" sc="17" el="263" ec="17" bec="0" bev="0" fileid="48" />
                <SequencePoint vc="3" uspid="2082" ordinal="0" offset="438" sl="265" sc="21" el="265" ec="21" bec="0" bev="0" fileid="48" />
                <SequencePoint vc="3" uspid="2083" ordinal="0" offset="465" sl="266" sc="21" el="266" ec="21" bec="0" bev="0" fileid="48" />
                <SequencePoint vc="3" uspid="2084" ordinal="0" offset="500" sl="281" sc="17" el="281" ec="17" bec="0" bev="0" fileid="48" />
                <SequencePoint vc="0" uspid="2085" ordinal="0" offset="513" sl="282" sc="22" el="282" ec="22" bec="0" bev="0" fileid="48" />
                <SequencePoint vc="0" uspid="2086" ordinal="0" offset="527" sl="283" sc="17" el="283" ec="17" bec="0" bev="0" fileid="48" />
                <SequencePoint vc="0" uspid="2087" ordinal="0" offset="528" sl="285" sc="21" el="285" ec="21" bec="0" bev="0" fileid="48" />
                <SequencePoint vc="0" uspid="2088" ordinal="0" offset="555" sl="286" sc="21" el="286" ec="21" bec="0" bev="0" fileid="48" />
                <SequencePoint vc="0" uspid="2089" ordinal="0" offset="590" sl="300" sc="17" el="300" ec="17" bec="0" bev="0" fileid="48" />
                <SequencePoint vc="0" uspid="2090" ordinal="0" offset="600" sl="302" sc="17" el="302" ec="17" bec="0" bev="0" fileid="48" />
                <SequencePoint vc="0" uspid="2091" ordinal="0" offset="601" sl="304" sc="21" el="304" ec="21" bec="0" bev="0" fileid="48" />
                <SequencePoint vc="0" uspid="2092" ordinal="0" offset="628" sl="305" sc="21" el="305" ec="21" bec="0" bev="0" fileid="48" />
                <SequencePoint vc="0" uspid="2093" ordinal="0" offset="663" sl="319" sc="17" el="319" ec="17" bec="0" bev="0" fileid="48" />
                <SequencePoint vc="3" uspid="2094" ordinal="0" offset="671" sl="324" sc="17" el="324" ec="17" bec="0" bev="0" fileid="48" />
                <SequencePoint vc="3" uspid="2095" ordinal="0" offset="682" sl="325" sc="17" el="325" ec="17" bec="0" bev="0" fileid="48" />
                <SequencePoint vc="3" uspid="2096" ordinal="0" offset="712" sl="326" sc="17" el="326" ec="17" bec="0" bev="0" fileid="48" />
                <SequencePoint vc="3" uspid="2097" ordinal="0" offset="723" sl="327" sc="17" el="327" ec="17" bec="0" bev="0" fileid="48" />
                <SequencePoint vc="3" uspid="2098" ordinal="0" offset="753" sl="328" sc="17" el="328" ec="17" bec="0" bev="0" fileid="48" />
                <SequencePoint vc="3" uspid="2099" ordinal="0" offset="799" sl="329" sc="17" el="329" ec="17" bec="0" bev="0" fileid="48" />
                <SequencePoint vc="3" uspid="2100" ordinal="0" offset="845" sl="330" sc="5" el="330" ec="5" bec="0" bev="0" fileid="48" />
              </SequencePoints>
              <BranchPoints />
            </Method>
          </Methods>
        </Class>
      </Classes>
    </Module>
  </Modules>
</CoverageSession>